Done: 57% (4/7, 3 left) (jobs: 0)                                 Done: 18% (72/380, 308 left) (jobs: 0)                                      Hello, World!
State 0:
Lookahead token is now LID (0-4)
Reducing production list(NEWLINE) ->
State 3:
Shifting (LID) to state 4
State 4:
(1, 9, "::=")
Lookahead token is now COLONCOLONEQUAL (6-9)
Shifting (COLONCOLONEQUAL) to state 5
State 5:
"("
Lookahead token is now LPAREN (10-11)
Shifting (LPAREN) to state 11
State 11:
Lookahead token is now LID (11-15)
Reducing production list(NEWLINE) ->
State 12:
Shifting (LID) to state 13
State 13:
("DEBUG2:rs", 61)
Lookahead token is now QID (18-19)
Reducing production term -> LID
("DEBUG:lid", ("expr", (("", 1, 0, 11), ("", 1, 0, 15))))
["DEBUG:sterm/lid"]
["DEBUG:term/sterm"]
State 17:
Reducing production factor -> term
["DEBUG:termfactor"]
["DEBUG:factor"]
State 23:
Reducing production concatenation -> factor
["DEBUG:concat2"]
State 24:
Shifting (QID) to state 10
State 10:
Lookahead token is now LID (20-22)
Reducing production term -> QID
("DEBUG:quid", ("\"=\"", (("", 1, 0, 16), ("", 1, 0, 19))))
["DEBUG:sterm/quid"]
["DEBUG:term/sterm"]
State 17:
Reducing production factor -> term
["DEBUG:termfactor"]
["DEBUG:factor"]
State 25:
Reducing production concatenation -> concatenation factor
["DEBUG:concat1"]
State 24:
Shifting (LID) to state 13
State 13:
Lookahead token is now LID (23-27)
Reducing production term -> LID
("DEBUG:lid", ("ws", (("", 1, 0, 20), ("", 1, 0, 22))))
["DEBUG:sterm/lid"]
["DEBUG:term/sterm"]
State 17:
Reducing production factor -> term
["DEBUG:termfactor"]
["DEBUG:factor"]
State 25:
Reducing production concatenation -> concatenation factor
["DEBUG:concat1"]
State 24:
Shifting (LID) to state 13
State 13:
("DEBUG2:rs", 92)
("DEBUG2:rs", 110)
Lookahead token is now QID (31-32)
Reducing production term -> LID
("DEBUG:lid", ("term", (("", 1, 0, 23), ("", 1, 0, 27))))
["DEBUG:sterm/lid"]
["DEBUG:term/sterm"]
State 17:
Reducing production factor -> term
["DEBUG:termfactor"]
["DEBUG:factor"]
State 25:
Reducing production concatenation -> concatenation factor
["DEBUG:concat1"]
State 24:
Shifting (QID) to state 10
State 10:
Lookahead token is now RPAREN (32-33)
Reducing production term -> QID
("DEBUG:quid", ("\"\\n\"", (("", 1, 0, 28), ("", 1, 0, 32))))
["DEBUG:sterm/quid"]
["DEBUG:term/sterm"]
State 17:
Reducing production factor -> term
["DEBUG:termfactor"]
["DEBUG:factor"]
State 25:
Reducing production concatenation -> concatenation factor
["DEBUG:concat1"]
State 24:
Reducing production alternation -> concatenation
["DEBUG:alt"]
State 28:
Reducing production rhs -> alternation
["DEBUG:rhs"]
State 21:
Shifting (RPAREN) to state 22
State 22:
Lookahead token is now PLUS (33-34)
Reducing production term -> LPAREN list(NEWLINE) rhs RPAREN
["DEBUG:rhs"]
["DEBUG:cterm/group"]
["DEBUG:term/cterms"]
State 17:
Shifting (PLUS) to state 20
State 2hh3422222222221111111111n						0:
Lookahead token is now NEWLINE (34-35)
Reducing production factor -> term PLUS
["DEBUG:plus"]
["DEBUG:mod"]
["DEBUG:termfactor"]
["DEBUG:factormod"]
State 23:
Reducing production concatenation -> factor
["DEBUG:concat2"]
State 24:
Reducing production alternation -> concatenation
["DEBUG:alt"]
State 28:
Reducing production rhs -> alternation
["DEBUG:rhs"]
State 32:
Reducing production rule -> LID COLONCOLONEQUAL rhs
("DEBUG:rule", ("root", (("", 1, 0, 0), ("", 1, 0, 4))), 0)
State 38:
Shifting (NEWLINE) to state 39
State 39:
Lookahead token is now LID (35-39)
Reducing production nonempty_list(NEWLINE) -> NEWLINE
State 41:
Shifting (LID) to state 4
State 4:
(1, 44, "::=")
Lookahead token is now COLONCOLONEQUAL (41-44)
Shifting (COLONCOLONEQUAL) to state 5
State 5:
Lookahead token is now LID (45-49)
Shifting (LID) to state 13
State 13:
"("
Lookahead token is now LPAREN (50-51)
Reducing production term -> LID
("DEBUG:lid", ("term", (("", 1, 0, 45), ("", 1, 0, 49))))
["DEBUG:sterm/lid"]
["DEBUG:term/sterm"]
State 17:
Reducing production factor -> term
["DEBUG:termfactor"]
["DEBUG:factor"]
State 23:
Reducing production concatenation -> factor
["DEBUG:concat2"]
State 24:
Shifting (LPAREN) to state 11
State 11:
"["
"-"
"+"
"*"
"/"
"]"
Lookahead token is now REGEX (56-57)
Reducing production list(NEWLINE) ->
State 12:
Shifting (REGEX) to state 9
State 9:
Lookahead token is now LID (58-62)
Reducing production term -> REGEX
("DEBUG:class", ("\"TODO\"", (("", 1, 0, 51), ("", 1, 0, 57))))
["DEBUG:cterm/class"]
["DEBUG:term/cterms"]
State 17:
Reducing production factor -> term
["DEBUG:termfactor"]
["DEBUG:factor"]
State 23:
Reducing production concatenation -> factor
["DEBUG:concat2"]
State 24:
Shifting (LID) to state 13
State 13:
Lookahead token is now RPAREN (62-63)
Reducing production term -> LID
("DEBUG:lid", ("term", (("", 1, 0, 58), ("", 1, 0, 62))))
["DEBUG:sterm/lid"]
["DEBUG:term/sterm"]
State 17:
Reducing production factor -> term
["DEBUG:termfactor"]
["DEBUG:factor"]
State 25:
Reducing production concatenation -> concatenation factor
["DEBUG:concat1"]
State 24:
Reducing production alternation -> concatenation
["DEBUG:alt"]
State 28:
Reducing production rhs -> alternation
["DEBUG:rhs"]
State 21:
Shifting (RPAREN) to state 22
State 22:
Lookahead token is now STAR (63-64)
Reducing production term -> LPAREN list(NEWLINE) rhs RPAREN
["DEBUG:rhs"]
["DEBUG:cterm/group"]
["DEBUG:term/cterms"]
State 17:
Shifting (STAR) to state 18
State 18:
Lookahead token is now NEWLINE (64-65)
Reducing production factor -> term STAR
["DEBUG:star"]
["DEBUG:star"]
["DEBUG:termfactor"]
["DEBUG:factormod"]
State 25:
Reducing production concatenation -> concatenation factor
["DEBUG:concat1"]
State 24:
Reducing production alternation -> concatenation
["DEBUG:alt"]
State 28:
Reducing production rhs -> alternation
["DEBUG:rhs"]
State 32:
Reducing production rule -> LID COLONCOLONEQUAL rhs
("DEBUG:rule", ("expr", (("", 1, 0, 35), ("", 1, 0, 39))), 0)
State 38:
Shifting (NEWLINE) to state 39
State 39:
Lookahead token is now LID (65-69)
Reducing production nonempty_list(NEWLINE) -> NEWLINE
State 41:
Shifting (LID) to state 4
State 4:
(1, 74, "::=")
Lookahead token is now COLONCOLONEQUAL (71-74)
Shifting (COLONCOLONEQUAL) to state 5
State 5:
Lookahead token is now LID (75-80)
Shifting (LID) to state 13
State 13:
Lookahead token is now BAR (81-82)
Reducing production term -> LID
("DEBUG:lid", ("ident", (("", 1, 0, 75), ("", 1, 0, 80))))
["DEBUG:sterm/lid"]
["DEBUG:term/sterm"]
State 17:
Reducing production factor -> term
["DEBUG:termfactor"]
["DEBUG:factor"]
State 23:
Reducing production concatenation -> factor
["DEBUG:concat2"]
State 24:
Reducing production alternation -> concatenation
["DEBUG:alt"]
State 28:
Shifting (BAR) to state 29
State 29:
Lookahead token is now LID (83-86)
Reducing production list(NEWLINE) ->
State 30:
Shifting (LID) to state 13
State 13:
Lookahead token is now BAR (87-88)
Reducing production term -> LID
("DEBUG:lid", ("num", (("", 1, 0, 83), ("", 1, 0, 86))))
["DEBUG:sterm/lid"]
["DEBUG:term/sterm"]
State 17:
Reducing production factor -> term
["DEBUG:termfactor"]
["DEBUG:factor"]
State 23:
Reducing production concatenation -> factor
["DEBUG:concat2"]
State 31:
Reducing production alternation -> alternation BAR list(NEWLINE) concatenation
["DEBUG:alt"]
State 28:
Shifting (BAR) to state 29
State 29:
("DEBUG2:rs", 40)
Lookahead token is now QID (91-92)
Reducing production list(NEWLINE) ->
State 30:
Shifting (QID) to state 10
State 10:
Lookahead token is now LID (93-95)
Reducing production term -> QID
("DEBUG:quid", ("\"(\"", (("", 1, 0, 89), ("", 1, 0, 92))))
["DEBUG:sterm/quid"]
["DEBUG:term/sterm"]
State 17:
Reducing production factor -> term
["DEBUG:termfactor"]
["DEBUG:factor"]
State 23:
Reducing production concatenation -> factor
["DEBUG:concat2"]
State 31:
Shifting (LID) to state 13
State 13:
Lookahead token is now LID (96-100)
Reducing production term -> LID
("DEBUG:lid", ("ws", (("", 1, 0, 93), ("", 1, 0, 95))))
["DEBUG:sterm/lid"]
["DEBUG:term/sterm"]
State 17:
Reducing production factor -> term
["DEBUG:termfactor"]
["DEBUG:factor"]
State 25:
Reducing production concatenation -> concatenation factor
["DEBUG:concat1"]
State 31:
Shifting (LID) to state 13
State 13:
("DEBUG2:rs", 41)
Lookahead token is now QID (103-104)
Reducing production term -> LID
("DEBUG:lid", ("expr", (("", 1, 0, 96), ("", 1, 0, 100))))
["DEBUG:sterm/lid"]
["DEBUG:term/sterm"]
State 17:
Reducing production factor -> term
["DEBUG:termfactor"]
["DEBUG:factor"]
State 25:
Reducing production concatenation -> concatenation factor
["DEBUG:concat1"]
State 31:
Shifting (QID) to state 10
State 10:
Lookahead token is now LID (105-107)
Reducing production term -> QID
("DEBUG:quid", ("\")\"", (("", 1, 0, 101), ("", 1, 0, 104))))
["DEBUG:sterm/quid"]
["DEBUG:term/sterm"]
State 17:
Reducing production factor -> term
["DEBUG:termfactor"]
["DEBUG:factor"]
State 25:
Reducing production concatenation -> concatenation factor
["DEBUG:concat1"]
State 31:
Shifting (LID) to state 13
State 13:
Lookahead token is now NEWLINE (107-108)
Reducing production term -> LID
("DEBUG:lid", ("ws", (("", 1, 0, 105), ("", 1, 0, 107))))
["DEBUG:sterm/lid"]
["DEBUG:term/sterm"]
State 17:
Reducing production factor -> term
["DEBUG:termfactor"]
["DEBUG:factor"]
State 25:
Reducing production concatenation -> concatenation factor
["DEBUG:concat1"]
State 31:
Reducing production alternation -> alternation BAR list(NEWLINE) concatenation
["DEBUG:alt"]
State 28:
Reducing production rhs -> alternation
["DEBUG:rhs"]
State 32:
Reducing production rule -> LID COLONCOLONEQUAL rhs
("DEBUG:rule", ("term", (("", 1, 0, 65), ("", 1, 0, 69))), 0)
State 38:
Shifting (NEWLINE) to state 39
State 39:
Lookahead token is now LID (108-113)
Reducing production nonempty_list(NEWLINE) -> NEWLINE
State 41:
Shifting (LID) to state 4
State 4:
(1, 117, "::=")
Lookahead token is now COLONCOLONEQUAL (114-117)
Shifting (COLONCOLONEQUAL) to state 5
State 5:
"["
"a"
"-"
"z"
"]"
Lookahead token is now REGEX (122-123)
Shifting (REGEX) to state 9
State 9:
"["
"a"
"-"
"z"
"0"
"-"
"9"
"_"
"]"
Lookahead token is now REGEX (132-133)
Reducing production term -> REGEX
("DEBUG:class", ("\"TODO\"", (("", 1, 0, 118), ("", 1, 0, 123))))
["DEBUG:cterm/class"]
["DEBUG:term/cterms"]
State 17:
Reducing production factor -> term
["DEBUG:termfactor"]
["DEBUG:factor"]
State 23:
Reducing production concatenation -> factor
["DEBUG:concat2"]
State 24:
Shifting (REGEX) to state 9
State 9:
Lookahead token is now STAR (133-134)
Reducing production term -> REGEX
("DEBUG:class", ("\"TODO\"", (("", 1, 0, 124), ("", 1, 0, 133))))
["DEBUG:cterm/class"]
["DEBUG:term/cterms"]
State 17:
Shifting (STAR) to state 18
State 18:
Lookahead token is now LID (135-137)
Reducing production factor -> term STAR
["DEBUG:star"]
["DEBUG:star"]
["DEBUG:termfactor"]
["DEBUG:factormod"]
State 25:
Reducing production concatenation -> concatenation factor
["DEBUG:concat1"]
State 24:
Shifting (LID) to state 13
State 13:
Lookahead token is now NEWLINE (137-138)
Reducing production term -> LID
("DEBUG:lid", ("ws", (("", 1, 0, 135), ("", 1, 0, 137))))
["DEBUG:sterm/lid"]
["DEBUG:term/sterm"]
State 17:
Reducing production factor -> term
["DEBUG:termfactor"]
["DEBUG:factor"]
State 25:
Reducing production concatenation -> concatenation factor
["DEBUG:concat1"]
State 24:
Reducing production alternation -> concatenation
["DEBUG:alt"]
State 28:
Reducing production rhs -> alternation
["DEBUG:rhs"]
State 32:
Reducing production rule -> LID COLONCOLONEQUAL rhs
("DEBUG:rule", ("ident", (("", 1, 0, 108), ("", 1, 0, 113))), 0)
State 38:
Shifting (NEWLINE) to state 39
State 39:
Lookahead token is now LID (138-141)
Reducing production nonempty_list(NEWLINE) -> NEWLINE
State 41:
Shifting (LID) to state 4
State 4:
(1, 147, "::=")
Lookahead token is now COLONCOLONEQUAL (144-147)
Shifting (COLONCOLONEQUAL) to state 5
State 5:
"["
"0"
"-"
"9"
"]"
Lookahead token is now REGEX (152-153)
Shifting (REGEX) to state 9
State 9:
Lookahead token is now PLUS (153-154)
Reducing production term -> REGEX
("DEBUG:class", ("\"TODO\"", (("", 1, 0, 148), ("", 1, 0, 153))))
["DEBUG:cterm/class"]
["DEBUG:term/cterms"]
State 17:
Shifting (PLUS) to state 20
State 20:
Lookahead token is now LID (155-157)
Reducing production factor -> term PLUS
["DEBUG:plus"]
["DEBUG:mod"]
["DEBUG:termfactor"]
["DEBUG:factormod"]
State 23:
Reducing production concatenation -> factor
["DEBUG:concat2"]
State 24:
Shifting (LID) to state 13
State 13:
Lookahead token is now NEWLINE (157-158)
Reducing production term -> LID
("DEBUG:lid", ("ws", (("", 1, 0, 155), ("", 1, 0, 157))))
["DEBUG:sterm/lid"]
["DEBUG:term/sterm"]
State 17:
Reducing production factor -> term
["DEBUG:termfactor"]
["DEBUG:factor"]
State 25:
Reducing production concatenation -> concatenation factor
["DEBUG:concat1"]
State 24:
Reducing production alternation -> concatenation
["DEBUG:alt"]
State 28:
Reducing production rhs -> alternation
["DEBUG:rhs"]
State 32:
Reducing production rule -> LID COLONCOLONEQUAL rhs
("DEBUG:rule", ("num", (("", 1, 0, 138), ("", 1, 0, 141))), 0)
State 38:
Shifting (NEWLINE) to state 39
State 39:
Lookahead token is now LID (158-160)
Reducing production nonempty_list(NEWLINE) -> NEWLINE
State 41:
Shifting (LID) to state 4
State 4:
(1, 167, "::=")
Lookahead token is now COLONCOLONEQUAL (164-167)
Shifting (COLONCOLONEQUAL) to state 5
State 5:
"["
" "
"\\"
"t"
"\\"
"n"
"]"
Lookahead token is now REGEX (174-175)
Shifting (REGEX) to state 9
State 9:
Lookahead token is now STAR (175-176)
Reducing production term -> REGEX
("DEBUG:class", ("\"TODO\"", (("", 1, 0, 168), ("", 1, 0, 175))))
["DEBUG:cterm/class"]
["DEBUG:term/cterms"]
State 17:
Shifting (STAR) to state 18
State 18:
Lookahead token is now NEWLINE (176-177)
Reducing production factor -> term STAR
["DEBUG:star"]
["DEBUG:star"]
["DEBUG:termfactor"]
["DEBUG:factormod"]
State 23:
Reducing production concatenation -> factor
["DEBUG:concat2"]
State 24:
Reducing production alternation -> concatenation
["DEBUG:alt"]
State 28:
Reducing production rhs -> alternation
["DEBUG:rhs"]
State 32:
Reducing production rule -> LID COLONCOLONEQUAL rhs
("DEBUG:rule", ("ws", (("", 1, 0, 158), ("", 1, 0, 160))), 0)
State 38:
Shifting (NEWLINE) to state 39
State 39:
Lookahead token is now EOF (177-177)
Initiating error handling
Fatal error: exception Gbnf_parser.SentenceParser.MenhirBasics.Error
Raised at MenhirLib.Engine.Make.loop in file "lib/pack/menhirLib.ml", line 1724, characters 8-19
Called from Dune__exe__Main.grammar_from_channel in file "bin/main.ml", line 7, characters 12-49
Called from Dune__exe__Main.grammar_from_file in file "bin/main.ml", line 12, characters 10-33
Called from Dune__exe__Main in file "bin/main.ml", line 18, characters 10-36
