Done: 2% (9/366, 357 left) (jobs: 0)                                    Done: 18% (72/380, 308 left) (jobs: 0)                                      Hello, World!
State 0:
Lookahead token is now NEWLINE (0-22)
Shifting (NEWLINE) to state 1
State 1:
Lookahead token is now NEWLINE (22-50)
Shifting (NEWLINE) to state 1
State 1:
Lookahead token is now NEWLINE (50-75)
Shifting (NEWLINE) to state 1
State 1:
Lookahead token is now NEWLINE (75-102)
Shifting (NEWLINE) to state 1
State 1:
Lookahead token is now NEWLINE (102-120)
Shifting (NEWLINE) to state 1
State 1:
Lookahead token is now NEWLINE (120-140)
Shifting (NEWLINE) to state 1
State 1:
Lookahead token is now NEWLINE (140-172)
Shifting (NEWLINE) to state 1
State 1:
Lookahead token is now NEWLINE (172-195)
Shifting (NEWLINE) to state 1
State 1:
Lookahead token is now NEWLINE (195-231)
Shifting (NEWLINE) to state 1
State 1:
Lookahead token is now NEWLINE (231-262)
Shifting (NEWLINE) to state 1
State 1:
Lookahead token is now NEWLINE (262-290)
Shifting (NEWLINE) to state 1
State 1:
Lookahead token is now NEWLINE (290-323)
Shifting (NEWLINE) to state 1
State 1:
Lookahead token is now NEWLINE (323-367)
Shifting (NEWLINE) to state 1
State 1:
Lookahead token is now NEWLINE (367-409)
Shifting (NEWLINE) to state 1
State 1:
Lookahead token is now NEWLINE (409-445)
Shifting (NEWLINE) to state 1
State 1:
Lookahead token is now NEWLINE (445-485)
Shifting (NEWLINE) to state 1
State 1:
Lookahead token is now NEWLINE (485-523)
Shifting (NEWLINE) to state 1
State 1:
Lookahead token is now NEWLINE (523-564)
Shifting (NEWLINE) to state 1
State 1:
Lookahead token is now NEWLINE (564-588)
Shifting (NEWLINE) to state 1
State 1:
Lookahead token is now NEWLINE (588-625)
Shifting (NEWLINE) to state 1
State 1:
Lookahead token is now NEWLINE (625-653)
Shifting (NEWLINE) to state 1
State 1:
Lookahead token is now NEWLINE (653-685)
Shifting (NEWLINE) to state 1
State 1:
Lookahead token is now NEWLINE (685-687)
Shifting (NEWLINE) to state 1
State 1:
Lookahead token is now NEWLINE (687-698)
Shifting (NEWLINE) to state 1
State 1:
Lookahead token is now NEWLINE (698-700)
Shifting (NEWLINE) to state 1
State 1:
Lookahead token is now NEWLINE (700-943)
Shifting (NEWLINE) to state 1
State 1:
Lookahead token is now NEWLINE (943-945)
Shifting (NEWLINE) to state 1
State 1:
Lookahead token is now NEWLINE (945-946)
Shifting (NEWLINE) to state 1
State 1:
Lookahead token is now LID (946-950)
Reducing production list(NEWLINE) ->
State 2:
Reducing production list(NEWLINE) -> NEWLINE list(NEWLINE)
State 2:
Reducing production list(NEWLINE) -> NEWLINE list(NEWLINE)
State 2:
Reducing production list(NEWLINE) -> NEWLINE list(NEWLINE)
State 2:
Reducing production list(NEWLINE) -> NEWLINE list(NEWLINE)
State 2:
Reducing production list(NEWLINE) -> NEWLINE list(NEWLINE)
State 2:
Reducing production list(NEWLINE) -> NEWLINE list(NEWLINE)
State 2:
Reducing production list(NEWLINE) -> NEWLINE list(NEWLINE)
State 2:
Reducing production list(NEWLINE) -> NEWLINE list(NEWLINE)
State 2:
Reducing production list(NEWLINE) -> NEWLINE list(NEWLINE)
State 2:
Reducing production list(NEWLINE) -> NEWLINE list(NEWLINE)
State 2:
Reducing production list(NEWLINE) -> NEWLINE list(NEWLINE)
State 2:
Reducing production list(NEWLINE) -> NEWLINE list(NEWLINE)
State 2:
Reducing production list(NEWLINE) -> NEWLINE list(NEWLINE)
State 2:
Reducing production list(NEWLINE) -> NEWLINE list(NEWLINE)
State 2:
Reducing production list(NEWLINE) -> NEWLINE list(NEWLINE)
State 2:
Reducing production list(NEWLINE) -> NEWLINE list(NEWLINE)
State 2:
Reducing production list(NEWLINE) -> NEWLINE list(NEWLINE)
State 2:
Reducing production list(NEWLINE) -> NEWLINE list(NEWLINE)
State 2:
Reducing production list(NEWLINE) -> NEWLINE list(NEWLINE)
State 2:
Reducing production list(NEWLINE) -> NEWLINE list(NEWLINE)
State 2:
Reducing production list(NEWLINE) -> NEWLINE list(NEWLINE)
State 2:
Reducing production list(NEWLINE) -> NEWLINE list(NEWLINE)
State 2:
Reducing production list(NEWLINE) -> NEWLINE list(NEWLINE)
State 2:
Reducing production list(NEWLINE) -> NEWLINE list(NEWLINE)
State 2:
Reducing production list(NEWLINE) -> NEWLINE list(NEWLINE)
State 2:
Reducing production list(NEWLINE) -> NEWLINE list(NEWLINE)
State 2:
Reducing production list(NEWLINE) -> NEWLINE list(NEWLINE)
State 2:
Reducing production list(NEWLINE) -> NEWLINE list(NEWLINE)
State 3:
Shifting (LID) to state 4
State 4:
(1, 956, "::=")
Lookahead token is now COLONCOLONEQUAL (953-956)
Shifting (COLONCOLONEQUAL) to state 5
State 5:
Lookahead token is now LID (957-961)
Shifting (LID) to state 13
State 13:
("DEBUG2:rs", 32)
Lookahead token is now QID (964-965)
Reducing production term -> LID
("DEBUG:lid", ("init", (("", 1, 0, 957), ("", 1, 0, 961))))
["DEBUG:sterm/lid"]
["DEBUG:term/sterm"]
State 17:
Reducing production factor -> term
["DEBUG:termfactor"]
["DEBUG:factor"]
State 23:
Reducing production concatenation -> factor
["DEBUG:concat2"]
State 24:
Shifting (QID) to state 10
State 10:
"("
Lookahead token is now LPAREN (966-967)
Reducing production term -> QID
("DEBUG:quid", ("\" \"", (("", 1, 0, 962), ("", 1, 0, 965))))
["DEBUG:sterm/quid"]
["DEBUG:term/sterm"]
State 17:
Reducing production factor -> term
["DEBUG:termfactor"]
["DEBUG:factor"]
State 25:
Reducing production concatenation -> concatenation factor
["DEBUG:concat1"]
State 24:
Shifting (LPAREN) to state 11
State 11:
Lookahead token is now LID (967-974)
Reducing production list(NEWLINE) ->
State 12:
Shifting (LID) to state 13
State 13:
Lookahead token is now BAR (975-976)
Reducing production term -> LID
("DEBUG:lid", ("command", (("", 1, 0, 967), ("", 1, 0, 974))))
["DEBUG:sterm/lid"]
["DEBUG:term/sterm"]
State 17:
Reducing production factor -> term
["DEBUG:termfactor"]
["DEBUG:factor"]
State 23:
Reducing production concatenation -> factor
["DEBUG:concat2"]
State 24:
Reducing production alternation -> concatenation
["DEBUG:alt"]
State 28:
Shifting (BAR) to state 29
State 29:
Lookahead token is now LID (977-985)
Reducing production list(NEWLINE) ->
State 30:
Shifting (LID) to state 13
State 13:
Lookahead token is now RPAREN (985-986)
Reducing production term -> LID
("DEBUG:lid", ("question", (("", 1, 0, 977), ("", 1, 0, 985))))
["DEBUG:sterm/lid"]
["DEBUG:term/sterm"]
State 17:
Reducing production factor -> term
["DEBUG:termfactor"]
["DEBUG:factor"]
State 23:
Reducing production concatenation -> factor
["DEBUG:concat2"]
State 31:
Reducing production alternation -> alternation BAR list(NEWLINE) concatenation
["DEBUG:alt"]
State 28:
Reducing production rhs -> alternation
["DEBUG:rhs"]
State 21:
Shifting (RPAREN) to state 22
State 22:
("DEBUG2:rs", 46)
Lookahead token is now QID (989-990)
Reducing production term -> LPAREN list(NEWLINE) rhs RPAREN
["DEBUG:rhs"]
["DEBUG:cterm/group"]
["DEBUG:term/cterms"]
State 17:
Reducing production factor -> term
["DEBUG:termfactor"]
["DEBUG:factor"]
State 25:
Reducing production concatenation -> concatenation factor
["DEBUG:concat1"]
State 24:
Shifting (QID) to state 10
State 10:
Lookahead token is now NEWLINE (990-991)
Reducing production term -> QID
("DEBUG:quid", ("\".\"", (("", 1, 0, 987), ("", 1, 0, 990))))
["DEBUG:sterm/quid"]
["DEBUG:term/sterm"]
State 17:
Reducing production factor -> term
["DEBUG:termfactor"]
["DEBUG:factor"]
State 25:
Reducing production concatenation -> concatenation factor
["DEBUG:concat1"]
State 24:
Reducing production alternation -> concatenation
["DEBUG:alt"]
State 28:
Reducing production rhs -> alternation
["DEBUG:rhs"]
State 32:
Reducing production rule -> LID COLONCOLONEQUAL rhs
("DEBUG:rule", ("root", (("", 1, 0, 946), ("", 1, 0, 950))), 0)
State 38:
Shifting (NEWLINE) to state 39
State 39:
Lookahead token is now LID (991-997)
Reducing production nonempty_list(NEWLINE) -> NEWLINE
State 41:
Shifting (LID) to state 4
State 4:
(1, 1001, "::=")
Lookahead token is now COLONCOLONEQUAL (998-1001)
Shifting (COLONCOLONEQUAL) to state 5
State 5:
Lookahead token is now LID (1002-1006)
Shifting (LID) to state 13
State 13:
Lookahead token is now NEWLINE (1006-1007)
Reducing production term -> LID
("DEBUG:lid", ("init", (("", 1, 0, 1002), ("", 1, 0, 1006))))
["DEBUG:sterm/lid"]
["DEBUG:term/sterm"]
State 17:
Reducing production factor -> term
["DEBUG:termfactor"]
["DEBUG:factor"]
State 23:
Reducing production concatenation -> factor
["DEBUG:concat2"]
State 24:
Reducing production alternation -> concatenation
["DEBUG:alt"]
State 28:
Reducing production rhs -> alternation
["DEBUG:rhs"]
State 32:
Reducing production rule -> LID COLONCOLONEQUAL rhs
("DEBUG:rule", ("prompt", (("", 1, 0, 991), ("", 1, 0, 997))), 0)
State 38:
Shifting (NEWLINE) to state 39
State 39:
Lookahead token is now NEWLINE (1007-1008)
Shifting (NEWLINE) to state 39
State 39:
Lookahead token is now NEWLINE (1008-1043)
Shifting (NEWLINE) to state 39
State 39:
Lookahead token is now LID (1043-1047)
Reducing production nonempty_list(NEWLINE) -> NEWLINE
State 40:
Reducing production nonempty_list(NEWLINE) -> NEWLINE nonempty_list(NEWLINE)
State 40:
Reducing production nonempty_list(NEWLINE) -> NEWLINE nonempty_list(NEWLINE)
State 41:
Shifting (LID) to state 4
State 4:
(1, 1051, "::=")
Lookahead token is now COLONCOLONEQUAL (1048-1051)
Shifting (COLONCOLONEQUAL) to state 5
State 5:
("DEBUG2:rs", 32)
("DEBUG2:rs", 79)
("DEBUG2:rs", 107)
("DEBUG2:rs", 32)
("DEBUG2:rs", 87)
("DEBUG2:rs", 104)
("DEBUG2:rs", 105)
("DEBUG2:rs", 115)
("DEBUG2:rs", 112)
("DEBUG2:rs", 101)
("DEBUG2:rs", 114)
("DEBUG2:rs", 44)
("DEBUG2:rs", 32)
("DEBUG2:rs", 115)
("DEBUG2:rs", 116)
("DEBUG2:rs", 97)
("DEBUG2:rs", 114)
("DEBUG2:rs", 116)
("DEBUG2:rs", 32)
("DEBUG2:rs", 108)
("DEBUG2:rs", 105)
("DEBUG2:rs", 115)
("DEBUG2:rs", 116)
("DEBUG2:rs", 101)
("DEBUG2:rs", 110)
("DEBUG2:rs", 105)
("DEBUG2:rs", 110)
("DEBUG2:rs", 103)
("DEBUG2:rs", 32)
("DEBUG2:rs", 102)
("DEBUG2:rs", 111)
("DEBUG2:rs", 114)
("DEBUG2:rs", 32)
("DEBUG2:rs", 99)
("DEBUG2:rs", 111)
("DEBUG2:rs", 109)
("DEBUG2:rs", 109)
("DEBUG2:rs", 97)
("DEBUG2:rs", 110)
("DEBUG2:rs", 100)
("DEBUG2:rs", 115)
("DEBUG2:rs", 46)
Lookahead token is now QID (1095-1096)
Shifting (QID) to state 10
State 10:
Lookahead token is now NEWLINE (1096-1097)
Reducing production term -> QID
("DEBUG:quid", ("\" Ok Whisper, start listening for commands.\"", (("", 1, 0, 1052), ("", 1, 0, 1096))))
["DEBUG:sterm/quid"]
["DEBUG:term/sterm"]
State 17:
Reducing production factor -> term
["DEBUG:termfactor"]
["DEBUG:factor"]
State 23:
Reducing production concatenation -> factor
["DEBUG:concat2"]
State 24:
Reducing production alternation -> concatenation
["DEBUG:alt"]
State 28:
Reducing production rhs -> alternation
["DEBUG:rhs"]
State 32:
Reducing production rule -> LID COLONCOLONEQUAL rhs
("DEBUG:rule", ("init", (("", 1, 0, 1043), ("", 1, 0, 1047))), 0)
State 38:
Shifting (NEWLINE) to state 39
State 39:
Lookahead token is now NEWLINE (1097-1098)
Shifting (NEWLINE) to state 39
State 39:
Lookahead token is now LID (1098-1105)
Reducing production nonempty_list(NEWLINE) -> NEWLINE
State 40:
Reducing production nonempty_list(NEWLINE) -> NEWLINE nonempty_list(NEWLINE)
State 41:
Shifting (LID) to state 4
State 4:
(1, 1109, "::=")
Lookahead token is now COLONCOLONEQUAL (1106-1109)
Shifting (COLONCOLONEQUAL) to state 5
State 5:
("DEBUG2:rs", 84)
("DEBUG2:rs", 117)
("DEBUG2:rs", 114)
("DEBUG2:rs", 110)
("DEBUG2:rs", 32)
Lookahead token is now QID (1116-1117)
Shifting (QID) to state 10
State 10:
"("
Lookahead token is now LPAREN (1118-1119)
Reducing production term -> QID
("DEBUG:quid", ("\"Turn \"", (("", 1, 0, 1110), ("", 1, 0, 1117))))
["DEBUG:sterm/quid"]
["DEBUG:term/sterm"]
State 17:
Reducing production factor -> term
["DEBUG:termfactor"]
["DEBUG:factor"]
State 23:
Reducing production concatenation -> factor
["DEBUG:concat2"]
State 24:
Shifting (LPAREN) to state 11
State 11:
("DEBUG2:rs", 111)
("DEBUG2:rs", 110)
Lookahead token is now QID (1122-1123)
Reducing production list(NEWLINE) ->
State 12:
Shifting (QID) to state 10
State 10:
Lookahead token is now BAR (1124-1125)
Reducing production term -> QID
("DEBUG:quid", ("\"on\"", (("", 1, 0, 1119), ("", 1, 0, 1123))))
["DEBUG:sterm/quid"]
["DEBUG:term/sterm"]
State 17:
Reducing production factor -> term
["DEBUG:termfactor"]
["DEBUG:factor"]
State 23:
Reducing production concatenation -> factor
["DEBUG:concat2"]
State 24:
Reducing production alternation -> concatenation
["DEBUG:alt"]
State 28:
Shifting (BAR) to state 29
State 29:
("DEBUG2:rs", 111)
("DEBUG2:rs", 102)
("DEBUG2:rs", 102)
Lookahead token is now QID (1130-1131)
Reducing production list(NEWLINE) ->
State 30:
Shifting (QID) to state 10
State 10:
Lookahead token is now RPAREN (1131-1132)
Reducing production term -> QID
("DEBUG:quid", ("\"off\"", (("", 1, 0, 1126), ("", 1, 0, 1131))))
["DEBUG:sterm/quid"]
["DEBUG:term/sterm"]
State 17:
Reducing production factor -> term
["DEBUG:termfactor"]
["DEBUG:factor"]
State 23:
Reducing production concatenation -> factor
["DEBUG:concat2"]
State 31:
Reducing production alternation -> alternation BAR list(NEWLINE) concatenation
["DEBUG:alt"]
State 28:
Reducing production rhs -> alternation
["DEBUG:rhs"]
State 21:
Shifting (RPAREN) to state 22
State 22:
("DEBUG2:rs", 32)
Lookahead token is now QID (1135-1136)
Reducing production term -> LPAREN list(NEWLINE) rhs RPAREN
["DEBUG:rhs"]
["DEBUG:cterm/group"]
["DEBUG:term/cterms"]
State 17:
Reducing production factor -> term
["DEBUG:termfactor"]
["DEBUG:factor"]
State 25:
Reducing production concatenation -> concatenation factor
["DEBUG:concat1"]
State 24:
Shifting (QID) to state 10
State 10:
Lookahead token is now LID (1137-1143)
Reducing production term -> QID
("DEBUG:quid", ("\" \"", (("", 1, 0, 1133), ("", 1, 0, 1136))))
["DEBUG:sterm/quid"]
["DEBUG:term/sterm"]
State 17:
Reducing production factor -> term
["DEBUG:termfactor"]
["DEBUG:factor"]
State 25:
Reducing production concatenation -> concatenation factor
["DEBUG:concat1"]
State 24:
Shifting (LID) to state 13
State 13:
Lookahead token is now BAR (1144-1145)
Reducing production term -> LID
("DEBUG:lid", ("device", (("", 1, 0, 1137), ("", 1, 0, 1143))))
["DEBUG:sterm/lid"]
["DEBUG:term/sterm"]
State 17:
Reducing production factor -> term
["DEBUG:termfactor"]
["DEBUG:factor"]
State 25:
Reducing production concatenation -> concatenation factor
["DEBUG:concat1"]
State 24:
Reducing production alternation -> concatenation
["DEBUG:alt"]
State 28:
Shifting (BAR) to state 29
State 29:
("DEBUG2:rs", 83)
("DEBUG2:rs", 101)
("DEBUG2:rs", 116)
("DEBUG2:rs", 32)
Lookahead token is now QID (1151-1152)
Reducing production list(NEWLINE) ->
State 30:
Shifting (QID) to state 10
State 10:
Lookahead token is now LID (1153-1159)
Reducing production term -> QID
("DEBUG:quid", ("\"Set \"", (("", 1, 0, 1146), ("", 1, 0, 1152))))
["DEBUG:sterm/quid"]
["DEBUG:term/sterm"]
State 17:
Reducing production factor -> term
["DEBUG:termfactor"]
["DEBUG:factor"]
State 23:
Reducing production concatenation -> factor
["DEBUG:concat2"]
State 31:
Shifting (LID) to state 13
State 13:
("DEBUG2:rs", 32)
("DEBUG2:rs", 116)
("DEBUG2:rs", 111)
("DEBUG2:rs", 32)
Lookahead token is now QID (1165-1166)
Reducing production term -> LID
("DEBUG:lid", ("device", (("", 1, 0, 1153), ("", 1, 0, 1159))))
["DEBUG:sterm/lid"]
["DEBUG:term/sterm"]
State 17:
Reducing production factor -> term
["DEBUG:termfactor"]
["DEBUG:factor"]
State 25:
Reducing production concatenation -> concatenation factor
["DEBUG:concat1"]
State 31:
Shifting (QID) to state 10
State 10:
Lookahead token is now LID (1167-1172)
Reducing production term -> QID
("DEBUG:quid", ("\" to \"", (("", 1, 0, 1160), ("", 1, 0, 1166))))
["DEBUG:sterm/quid"]
["DEBUG:term/sterm"]
State 17:
Reducing production factor -> term
["DEBUG:termfactor"]
["DEBUG:factor"]
State 25:
Reducing production concatenation -> concatenation factor
["DEBUG:concat1"]
State 31:
Shifting (LID) to state 13
State 13:
Lookahead token is now BAR (1173-1174)
Reducing production term -> LID
("DEBUG:lid", ("value", (("", 1, 0, 1167), ("", 1, 0, 1172))))
["DEBUG:sterm/lid"]
["DEBUG:term/sterm"]
State 17:
Reducing production factor -> term
["DEBUG:termfactor"]
["DEBUG:factor"]
State 25:
Reducing production concatenation -> concatenation factor
["DEBUG:concat1"]
State 31:
Reducing production alternation -> alternation BAR list(NEWLINE) concatenation
["DEBUG:alt"]
State 28:
Shifting (BAR) to state 29
State 29:
Lookahead token is now NEWLINE (1174-1175)
Shifting (NEWLINE) to state 1
State 1:
("DEBUG2:rs", 73)
("DEBUG2:rs", 110)
("DEBUG2:rs", 99)
("DEBUG2:rs", 114)
("DEBUG2:rs", 101)
("DEBUG2:rs", 97)
("DEBUG2:rs", 115)
("DEBUG2:rs", 101)
("DEBUG2:rs", 32)
Lookahead token is now QID (1197-1198)
Reducing production list(NEWLINE) ->
State 2:
Reducing production list(NEWLINE) -> NEWLINE list(NEWLINE)
State 30:
Shifting (QID) to state 10
State 10:
Lookahead token is now LID (1199-1205)
Reducing production term -> QID
("DEBUG:quid", ("\"Increase \"", (("", 1, 0, 1187), ("", 1, 0, 1198))))
["DEBUG:sterm/quid"]
["DEBUG:term/sterm"]
State 17:
Reducing production factor -> term
["DEBUG:termfactor"]
["DEBUG:factor"]
State 23:
Reducing production concatenation -> factor
["DEBUG:concat2"]
State 31:
Shifting (LID) to state 13
State 13:
("DEBUG2:rs", 32)
("DEBUG2:rs", 98)
("DEBUG2:rs", 121)
("DEBUG2:rs", 32)
Lookahead token is now QID (1211-1212)
Reducing production term -> LID
("DEBUG:lid", ("device", (("", 1, 0, 1199), ("", 1, 0, 1205))))
["DEBUG:sterm/lid"]
["DEBUG:term/sterm"]
State 17:
Reducing production factor -> term
["DEBUG:termfactor"]
["DEBUG:factor"]
State 25:
Reducing production concatenation -> concatenation factor
["DEBUG:concat1"]
State 31:
Shifting (QID) to state 10
State 10:
Lookahead token is now LID (1213-1218)
Reducing production term -> QID
("DEBUG:quid", ("\" by \"", (("", 1, 0, 1206), ("", 1, 0, 1212))))
["DEBUG:sterm/quid"]
["DEBUG:term/sterm"]
State 17:
Reducing production factor -> term
["DEBUG:termfactor"]
["DEBUG:factor"]
State 25:
Reducing production concatenation -> concatenation factor
["DEBUG:concat1"]
State 31:
Shifting (LID) to state 13
State 13:
Lookahead token is now BAR (1219-1220)
Reducing production term -> LID
("DEBUG:lid", ("value", (("", 1, 0, 1213), ("", 1, 0, 1218))))
["DEBUG:sterm/lid"]
["DEBUG:term/sterm"]
State 17:
Reducing production factor -> term
["DEBUG:termfactor"]
["DEBUG:factor"]
State 25:
Reducing production concatenation -> concatenation factor
["DEBUG:concat1"]
State 31:
Reducing production alternation -> alternation BAR list(NEWLINE) concatenation
["DEBUG:alt"]
State 28:
Shifting (BAR) to state 29
State 29:
("DEBUG2:rs", 68)
("DEBUG2:rs", 101)
("DEBUG2:rs", 99)
("DEBUG2:rs", 114)
("DEBUG2:rs", 101)
("DEBUG2:rs", 97)
("DEBUG2:rs", 115)
("DEBUG2:rs", 101)
("DEBUG2:rs", 32)
Lookahead token is now QID (1231-1232)
Reducing production list(NEWLINE) ->
State 30:
Shifting (QID) to state 10
State 10:
Lookahead token is now LID (1233-1239)
Reducing production term -> QID
("DEBUG:quid", ("\"Decrease \"", (("", 1, 0, 1221), ("", 1, 0, 1232))))
["DEBUG:sterm/quid"]
["DEBUG:term/sterm"]
State 17:
Reducing production factor -> term
["DEBUG:termfactor"]
["DEBUG:factor"]
State 23:
Reducing production concatenation -> factor
["DEBUG:concat2"]
State 31:
Shifting (LID) to state 13
State 13:
("DEBUG2:rs", 32)
("DEBUG2:rs", 98)
("DEBUG2:rs", 121)
("DEBUG2:rs", 32)
Lookahead token is now QID (1245-1246)
Reducing production term -> LID
("DEBUG:lid", ("device", (("", 1, 0, 1233), ("", 1, 0, 1239))))
["DEBUG:sterm/lid"]
["DEBUG:term/sterm"]
State 17:
Reducing production factor -> term
["DEBUG:termfactor"]
["DEBUG:factor"]
State 25:
Reducing production concatenation -> concatenation factor
["DEBUG:concat1"]
State 31:
Shifting (QID) to state 10
State 10:
Lookahead token is now LID (1247-1252)
Reducing production term -> QID
("DEBUG:quid", ("\" by \"", (("", 1, 0, 1240), ("", 1, 0, 1246))))
["DEBUG:sterm/quid"]
["DEBUG:term/sterm"]
State 17:
Reducing production factor -> term
["DEBUG:termfactor"]
["DEBUG:factor"]
State 25:
Reducing production concatenation -> concatenation factor
["DEBUG:concat1"]
State 31:
Shifting (LID) to state 13
State 13:
Lookahead token is now BAR (1253-1254)
Reducing production term -> LID
("DEBUG:lid", ("value", (("", 1, 0, 1247), ("", 1, 0, 1252))))
["DEBUG:sterm/lid"]
["DEBUG:term/sterm"]
State 17:
Reducing production factor -> term
["DEBUG:termfactor"]
["DEBUG:factor"]
State 25:
Reducing production concatenation -> concatenation factor
["DEBUG:concat1"]
State 31:
Reducing production alternation -> alternation BAR list(NEWLINE) concatenation
["DEBUG:alt"]
State 28:
Shifting (BAR) to state 29
State 29:
Lookahead token is now NEWLINE (1254-1255)
Shifting (NEWLINE) to state 1
State 1:
("DEBUG2:rs", 80)
("DEBUG2:rs", 108)
("DEBUG2:rs", 97)
("DEBUG2:rs", 121)
("DEBUG2:rs", 32)
Lookahead token is now QID (1273-1274)
Reducing production list(NEWLINE) ->
State 2:
Reducing production list(NEWLINE) -> NEWLINE list(NEWLINE)
State 30:
Shifting (QID) to state 10
State 10:
Lookahead token is now LID (1275-1280)
Reducing production term -> QID
("DEBUG:quid", ("\"Play \"", (("", 1, 0, 1267), ("", 1, 0, 1274))))
["DEBUG:sterm/quid"]
["DEBUG:term/sterm"]
State 17:
Reducing production factor -> term
["DEBUG:termfactor"]
["DEBUG:factor"]
State 23:
Reducing production concatenation -> factor
["DEBUG:concat2"]
State 31:
Shifting (LID) to state 13
State 13:
Lookahead token is now BAR (1281-1282)
Reducing production term -> LID
("DEBUG:lid", ("media", (("", 1, 0, 1275), ("", 1, 0, 1280))))
["DEBUG:sterm/lid"]
["DEBUG:term/sterm"]
State 17:
Reducing production factor -> term
["DEBUG:termfactor"]
["DEBUG:factor"]
State 25:
Reducing production concatenation -> concatenation factor
["DEBUG:concat1"]
State 31:
Reducing production alternation -> alternation BAR list(NEWLINE) concatenation
["DEBUG:alt"]
State 28:
Shifting (BAR) to state 29
State 29:
("DEBUG2:rs", 83)
("DEBUG2:rs", 116)
("DEBUG2:rs", 111)
("DEBUG2:rs", 112)
("DEBUG2:rs", 32)
Lookahead token is now QID (1289-1290)
Reducing production list(NEWLINE) ->
State 30:
Shifting (QID) to state 10
State 10:
Lookahead token is now LID (1291-1296)
Reducing production term -> QID
("DEBUG:quid", ("\"Stop \"", (("", 1, 0, 1283), ("", 1, 0, 1290))))
["DEBUG:sterm/quid"]
["DEBUG:term/sterm"]
State 17:
Reducing production factor -> term
["DEBUG:termfactor"]
["DEBUG:factor"]
State 23:
Reducing production concatenation -> factor
["DEBUG:concat2"]
State 31:
Shifting (LID) to state 13
State 13:
Lookahead token is now BAR (1297-1298)
Reducing production term -> LID
("DEBUG:lid", ("media", (("", 1, 0, 1291), ("", 1, 0, 1296))))
["DEBUG:sterm/lid"]
["DEBUG:term/sterm"]
State 17:
Reducing production factor -> term
["DEBUG:termfactor"]
["DEBUG:factor"]
State 25:
Reducing production concatenation -> concatenation factor
["DEBUG:concat1"]
State 31:
Reducing production alternation -> alternation BAR list(NEWLINE) concatenation
["DEBUG:alt"]
State 28:
Shifting (BAR) to state 29
State 29:
("DEBUG2:rs", 83)
("DEBUG2:rs", 99)
("DEBUG2:rs", 104)
("DEBUG2:rs", 101)
("DEBUG2:rs", 100)
("DEBUG2:rs", 117)
("DEBUG2:rs", 108)
("DEBUG2:rs", 101)
("DEBUG2:rs", 32)
Lookahead token is now QID (1309-1310)
Reducing production list(NEWLINE) ->
State 30:
Shifting (QID) to state 10
State 10:
Lookahead token is now LID (1311-1315)
Reducing production term -> QID
("DEBUG:quid", ("\"Schedule \"", (("", 1, 0, 1299), ("", 1, 0, 1310))))
["DEBUG:sterm/quid"]
["DEBUG:term/sterm"]
State 17:
Reducing production factor -> term
["DEBUG:termfactor"]
["DEBUG:factor"]
State 23:
Reducing production concatenation -> factor
["DEBUG:concat2"]
State 31:
Shifting (LID) to state 13
State 13:
("DEBUG2:rs", 32)
("DEBUG2:rs", 97)
("DEBUG2:rs", 116)
("DEBUG2:rs", 32)
Lookahead token is now QID (1321-1322)
Reducing production term -> LID
("DEBUG:lid", ("task", (("", 1, 0, 1311), ("", 1, 0, 1315))))
["DEBUG:sterm/lid"]
["DEBUG:term/sterm"]
State 17:
Reducing production factor -> term
["DEBUG:termfactor"]
["DEBUG:factor"]
State 25:
Reducing production concatenation -> concatenation factor
["DEBUG:concat1"]
State 31:
Shifting (QID) to state 10
State 10:
Lookahead token is now LID (1323-1327)
Reducing production term -> QID
("DEBUG:quid", ("\" at \"", (("", 1, 0, 1316), ("", 1, 0, 1322))))
["DEBUG:sterm/quid"]
["DEBUG:term/sterm"]
State 17:
Reducing production factor -> term
["DEBUG:termfactor"]
["DEBUG:factor"]
State 25:
Reducing production concatenation -> concatenation factor
["DEBUG:concat1"]
State 31:
Shifting (LID) to state 13
State 13:
Lookahead token is now BAR (1328-1329)
Reducing production term -> LID
("DEBUG:lid", ("time", (("", 1, 0, 1323), ("", 1, 0, 1327))))
["DEBUG:sterm/lid"]
["DEBUG:term/sterm"]
State 17:
Reducing production factor -> term
["DEBUG:termfactor"]
["DEBUG:factor"]
State 25:
Reducing production concatenation -> concatenation factor
["DEBUG:concat1"]
State 31:
Reducing production alternation -> alternation BAR list(NEWLINE) concatenation
["DEBUG:alt"]
State 28:
Shifting (BAR) to state 29
State 29:
("DEBUG2:rs", 67)
("DEBUG2:rs", 97)
("DEBUG2:rs", 110)
("DEBUG2:rs", 99)
("DEBUG2:rs", 101)
("DEBUG2:rs", 108)
("DEBUG2:rs", 32)
Lookahead token is now QID (1338-1339)
Reducing production list(NEWLINE) ->
State 30:
Shifting (QID) to state 10
State 10:
Lookahead token is now LID (1340-1344)
Reducing production term -> QID
("DEBUG:quid", ("\"Cancel \"", (("", 1, 0, 1330), ("", 1, 0, 1339))))
["DEBUG:sterm/quid"]
["DEBUG:term/sterm"]
State 17:
Reducing production factor -> term
["DEBUG:termfactor"]
["DEBUG:factor"]
State 23:
Reducing production concatenation -> factor
["DEBUG:concat2"]
State 31:
Shifting (LID) to state 13
State 13:
Lookahead token is now BAR (1345-1346)
Reducing production term -> LID
("DEBUG:lid", ("task", (("", 1, 0, 1340), ("", 1, 0, 1344))))
["DEBUG:sterm/lid"]
["DEBUG:term/sterm"]
State 17:
Reducing production factor -> term
["DEBUG:termfactor"]
["DEBUG:factor"]
State 25:
Reducing production concatenation -> concatenation factor
["DEBUG:concat1"]
State 31:
Reducing production alternation -> alternation BAR list(NEWLINE) concatenation
["DEBUG:alt"]
State 28:
Shifting (BAR) to state 29
State 29:
Lookahead token is now NEWLINE (1346-1347)
Shifting (NEWLINE) to state 1
State 1:
("DEBUG2:rs", 82)
("DEBUG2:rs", 101)
("DEBUG2:rs", 109)
("DEBUG2:rs", 105)
("DEBUG2:rs", 110)
("DEBUG2:rs", 100)
("DEBUG2:rs", 32)
("DEBUG2:rs", 109)
("DEBUG2:rs", 101)
("DEBUG2:rs", 32)
("DEBUG2:rs", 116)
("DEBUG2:rs", 111)
("DEBUG2:rs", 32)
Lookahead token is now QID (1373-1374)
Reducing production list(NEWLINE) ->
State 2:
Reducing production list(NEWLINE) -> NEWLINE list(NEWLINE)
State 30:
Shifting (QID) to state 10
State 10:
Lookahead token is now LID (1375-1379)
Reducing production term -> QID
("DEBUG:quid", ("\"Remind me to \"", (("", 1, 0, 1359), ("", 1, 0, 1374))))
["DEBUG:sterm/quid"]
["DEBUG:term/sterm"]
State 17:
Reducing production factor -> term
["DEBUG:termfactor"]
["DEBUG:factor"]
State 23:
Reducing production concatenation -> factor
["DEBUG:concat2"]
State 31:
Shifting (LID) to state 13
State 13:
("DEBUG2:rs", 32)
("DEBUG2:rs", 97)
("DEBUG2:rs", 116)
("DEBUG2:rs", 32)
Lookahead token is now QID (1385-1386)
Reducing production term -> LID
("DEBUG:lid", ("task", (("", 1, 0, 1375), ("", 1, 0, 1379))))
["DEBUG:sterm/lid"]
["DEBUG:term/sterm"]
State 17:
Reducing production factor -> term
["DEBUG:termfactor"]
["DEBUG:factor"]
State 25:
Reducing production concatenation -> concatenation factor
["DEBUG:concat1"]
State 31:
Shifting (QID) to state 10
State 10:
Lookahead token is now LID (1387-1391)
Reducing production term -> QID
("DEBUG:quid", ("\" at \"", (("", 1, 0, 1380), ("", 1, 0, 1386))))
["DEBUG:sterm/quid"]
["DEBUG:term/sterm"]
State 17:
Reducing production factor -> term
["DEBUG:termfactor"]
["DEBUG:factor"]
State 25:
Reducing production concatenation -> concatenation factor
["DEBUG:concat1"]
State 31:
Shifting (LID) to state 13
State 13:
Lookahead token is now BAR (1392-1393)
Reducing production term -> LID
("DEBUG:lid", ("time", (("", 1, 0, 1387), ("", 1, 0, 1391))))
["DEBUG:sterm/lid"]
["DEBUG:term/sterm"]
State 17:
Reducing production factor -> term
["DEBUG:termfactor"]
["DEBUG:factor"]
State 25:
Reducing production concatenation -> concatenation factor
["DEBUG:concat1"]
State 31:
Reducing production alternation -> alternation BAR list(NEWLINE) concatenation
["DEBUG:alt"]
State 28:
Shifting (BAR) to state 29
State 29:
("DEBUG2:rs", 83)
("DEBUG2:rs", 104)
("DEBUG2:rs", 111)
("DEBUG2:rs", 119)
("DEBUG2:rs", 32)
("DEBUG2:rs", 109)
("DEBUG2:rs", 101)
("DEBUG2:rs", 32)
Lookahead token is now QID (1403-1404)
Reducing production list(NEWLINE) ->
State 30:
Shifting (QID) to state 10
State 10:
Lookahead token is now LID (1405-1411)
Reducing production term -> QID
("DEBUG:quid", ("\"Show me \"", (("", 1, 0, 1394), ("", 1, 0, 1404))))
["DEBUG:sterm/quid"]
["DEBUG:term/sterm"]
State 17:
Reducing production factor -> term
["DEBUG:termfactor"]
["DEBUG:factor"]
State 23:
Reducing production concatenation -> factor
["DEBUG:concat2"]
State 31:
Shifting (LID) to state 13
State 13:
Lookahead token is now BAR (1412-1413)
Reducing production term -> LID
("DEBUG:lid", ("device", (("", 1, 0, 1405), ("", 1, 0, 1411))))
["DEBUG:sterm/lid"]
["DEBUG:term/sterm"]
State 17:
Reducing production factor -> term
["DEBUG:termfactor"]
["DEBUG:factor"]
State 25:
Reducing production concatenation -> concatenation factor
["DEBUG:concat1"]
State 31:
Reducing production alternation -> alternation BAR list(NEWLINE) concatenation
["DEBUG:alt"]
State 28:
Shifting (BAR) to state 29
State 29:
("DEBUG2:rs", 72)
("DEBUG2:rs", 105)
("DEBUG2:rs", 100)
("DEBUG2:rs", 101)
("DEBUG2:rs", 32)
Lookahead token is now QID (1420-1421)
Reducing production list(NEWLINE) ->
State 30:
Shifting (QID) to state 10
State 10:
Lookahead token is now LID (1422-1428)
Reducing production term -> QID
("DEBUG:quid", ("\"Hide \"", (("", 1, 0, 1414), ("", 1, 0, 1421))))
["DEBUG:sterm/quid"]
["DEBUG:term/sterm"]
State 17:
Reducing production factor -> term
["DEBUG:termfactor"]
["DEBUG:factor"]
State 23:
Reducing production concatenation -> factor
["DEBUG:concat2"]
State 31:
Shifting (LID) to state 13
State 13:
Lookahead token is now NEWLINE (1428-1429)
Reducing production term -> LID
("DEBUG:lid", ("device", (("", 1, 0, 1422), ("", 1, 0, 1428))))
["DEBUG:sterm/lid"]
["DEBUG:term/sterm"]
State 17:
Reducing production factor -> term
["DEBUG:termfactor"]
["DEBUG:factor"]
State 25:
Reducing production concatenation -> concatenation factor
["DEBUG:concat1"]
State 31:
Reducing production alternation -> alternation BAR list(NEWLINE) concatenation
["DEBUG:alt"]
State 28:
Reducing production rhs -> alternation
["DEBUG:rhs"]
State 32:
Reducing production rule -> LID COLONCOLONEQUAL rhs
("DEBUG:rule", ("command", (("", 1, 0, 1098), ("", 1, 0, 1105))), 0)
State 38:
Shifting (NEWLINE) to state 39
State 39:
Lookahead token is now NEWLINE (1429-1430)
Shifting (NEWLINE) to state 39
State 39:
Lookahead token is now LID (1430-1438)
Reducing production nonempty_list(NEWLINE) -> NEWLINE
State 40:
Reducing production nonempty_list(NEWLINE) -> NEWLINE nonempty_list(NEWLINE)
State 41:
Shifting (LID) to state 4
State 4:
(1, 1442, "::=")
Lookahead token is now COLONCOLONEQUAL (1439-1442)
Shifting (COLONCOLONEQUAL) to state 5
State 5:
("DEBUG2:rs", 87)
("DEBUG2:rs", 104)
("DEBUG2:rs", 97)
("DEBUG2:rs", 116)
("DEBUG2:rs", 32)
("DEBUG2:rs", 105)
("DEBUG2:rs", 115)
("DEBUG2:rs", 32)
("DEBUG2:rs", 116)
("DEBUG2:rs", 104)
("DEBUG2:rs", 101)
("DEBUG2:rs", 32)
Lookahead token is now QID (1456-1457)
Shifting (QID) to state 10
State 10:
Lookahead token is now LID (1458-1464)
Reducing production term -> QID
("DEBUG:quid", ("\"What is the \"", (("", 1, 0, 1443), ("", 1, 0, 1457))))
["DEBUG:sterm/quid"]
["DEBUG:term/sterm"]
State 17:
Reducing production factor -> term
["DEBUG:termfactor"]
["DEBUG:factor"]
State 23:
Reducing production concatenation -> factor
["DEBUG:concat2"]
State 24:
Shifting (LID) to state 13
State 13:
("DEBUG2:rs", 32)
("DEBUG2:rs", 115)
("DEBUG2:rs", 116)
("DEBUG2:rs", 97)
("DEBUG2:rs", 116)
("DEBUG2:rs", 117)
("DEBUG2:rs", 115)
("DEBUG2:rs", 63)
Lookahead token is now QID (1474-1475)
Reducing production term -> LID
("DEBUG:lid", ("device", (("", 1, 0, 1458), ("", 1, 0, 1464))))
["DEBUG:sterm/lid"]
["DEBUG:term/sterm"]
State 17:
Reducing production factor -> term
["DEBUG:termfactor"]
["DEBUG:factor"]
State 25:
Reducing production concatenation -> concatenation factor
["DEBUG:concat1"]
State 24:
Shifting (QID) to state 10
State 10:
Lookahead token is now BAR (1476-1477)
Reducing production term -> QID
("DEBUG:quid", ("\" status?\"", (("", 1, 0, 1465), ("", 1, 0, 1475))))
["DEBUG:sterm/quid"]
["DEBUG:term/sterm"]
State 17:
Reducing production factor -> term
["DEBUG:termfactor"]
["DEBUG:factor"]
State 25:
Reducing production concatenation -> concatenation factor
["DEBUG:concat1"]
State 24:
Reducing production alternation -> concatenation
["DEBUG:alt"]
State 28:
Shifting (BAR) to state 29
State 29:
("DEBUG2:rs", 87)
("DEBUG2:rs", 104)
("DEBUG2:rs", 97)
("DEBUG2:rs", 116)
("DEBUG2:rs", 32)
("DEBUG2:rs", 105)
("DEBUG2:rs", 115)
("DEBUG2:rs", 32)
("DEBUG2:rs", 116)
("DEBUG2:rs", 104)
("DEBUG2:rs", 101)
("DEBUG2:rs", 32)
("DEBUG2:rs", 99)
("DEBUG2:rs", 117)
("DEBUG2:rs", 114)
("DEBUG2:rs", 114)
("DEBUG2:rs", 101)
("DEBUG2:rs", 110)
("DEBUG2:rs", 116)
("DEBUG2:rs", 32)
Lookahead token is now QID (1499-1500)
Reducing production list(NEWLINE) ->
State 30:
Shifting (QID) to state 10
State 10:
Lookahead token is now LID (1501-1507)
Reducing production term -> QID
("DEBUG:quid", ("\"What is the current \"", (("", 1, 0, 1478), ("", 1, 0, 1500))))
["DEBUG:sterm/quid"]
["DEBUG:term/sterm"]
State 17:
Reducing production factor -> term
["DEBUG:termfactor"]
["DEBUG:factor"]
State 23:
Reducing production concatenation -> factor
["DEBUG:concat2"]
State 31:
Shifting (LID) to state 13
State 13:
("DEBUG2:rs", 32)
("DEBUG2:rs", 118)
("DEBUG2:rs", 97)
("DEBUG2:rs", 108)
("DEBUG2:rs", 117)
("DEBUG2:rs", 101)
("DEBUG2:rs", 63)
Lookahead token is now QID (1516-1517)
Reducing production term -> LID
("DEBUG:lid", ("device", (("", 1, 0, 1501), ("", 1, 0, 1507))))
["DEBUG:sterm/lid"]
["DEBUG:term/sterm"]
State 17:
Reducing production factor -> term
["DEBUG:termfactor"]
["DEBUG:factor"]
State 25:
Reducing production concatenation -> concatenation factor
["DEBUG:concat1"]
State 31:
Shifting (QID) to state 10
State 10:
Lookahead token is now BAR (1518-1519)
Reducing production term -> QID
("DEBUG:quid", ("\" value?\"", (("", 1, 0, 1508), ("", 1, 0, 1517))))
["DEBUG:sterm/quid"]
["DEBUG:term/sterm"]
State 17:
Reducing production factor -> term
["DEBUG:termfactor"]
["DEBUG:factor"]
State 25:
Reducing production concatenation -> concatenation factor
["DEBUG:concat1"]
State 31:
Reducing production alternation -> alternation BAR list(NEWLINE) concatenation
["DEBUG:alt"]
State 28:
Shifting (BAR) to state 29
State 29:
Lookahead token is now NEWLINE (1519-1520)
Shifting (NEWLINE) to state 1
State 1:
("DEBUG2:rs", 87)
("DEBUG2:rs", 104)
("DEBUG2:rs", 97)
("DEBUG2:rs", 116)
("DEBUG2:rs", 32)
("DEBUG2:rs", 105)
("DEBUG2:rs", 115)
("DEBUG2:rs", 32)
("DEBUG2:rs", 116)
("DEBUG2:rs", 104)
("DEBUG2:rs", 101)
("DEBUG2:rs", 32)
Lookahead token is now QID (1546-1547)
Reducing production list(NEWLINE) ->
State 2:
Reducing production list(NEWLINE) -> NEWLINE list(NEWLINE)
State 30:
Shifting (QID) to state 10
State 10:
Lookahead token is now LID (1548-1554)
Reducing production term -> QID
("DEBUG:quid", ("\"What is the \"", (("", 1, 0, 1533), ("", 1, 0, 1547))))
["DEBUG:sterm/quid"]
["DEBUG:term/sterm"]
State 17:
Reducing production factor -> term
["DEBUG:termfactor"]
["DEBUG:factor"]
State 23:
Reducing production concatenation -> factor
["DEBUG:concat2"]
State 31:
Shifting (LID) to state 13
State 13:
("DEBUG2:rs", 32)
("DEBUG2:rs", 116)
("DEBUG2:rs", 101)
("DEBUG2:rs", 109)
("DEBUG2:rs", 112)
("DEBUG2:rs", 101)
("DEBUG2:rs", 114)
("DEBUG2:rs", 97)
("DEBUG2:rs", 116)
("DEBUG2:rs", 117)
("DEBUG2:rs", 114)
("DEBUG2:rs", 101)
("DEBUG2:rs", 63)
Lookahead token is now QID (1569-1570)
Reducing production term -> LID
("DEBUG:lid", ("device", (("", 1, 0, 1548), ("", 1, 0, 1554))))
["DEBUG:sterm/lid"]
["DEBUG:term/sterm"]
State 17:
Reducing production factor -> term
["DEBUG:termfactor"]
["DEBUG:factor"]
State 25:
Reducing production concatenation -> concatenation factor
["DEBUG:concat1"]
State 31:
Shifting (QID) to state 10
State 10:
Lookahead token is now BAR (1571-1572)
Reducing production term -> QID
("DEBUG:quid", ("\" temperature?\"", (("", 1, 0, 1555), ("", 1, 0, 1570))))
["DEBUG:sterm/quid"]
["DEBUG:term/sterm"]
State 17:
Reducing production factor -> term
["DEBUG:termfactor"]
["DEBUG:factor"]
State 25:
Reducing production concatenation -> concatenation factor
["DEBUG:concat1"]
State 31:
Reducing production alternation -> alternation BAR list(NEWLINE) concatenation
["DEBUG:alt"]
State 28:
Shifting (BAR) to state 29
State 29:
("DEBUG2:rs", 87)
("DEBUG2:rs", 104)
("DEBUG2:rs", 97)
("DEBUG2:rs", 116)
("DEBUG2:rs", 32)
("DEBUG2:rs", 105)
("DEBUG2:rs", 115)
("DEBUG2:rs", 32)
("DEBUG2:rs", 116)
("DEBUG2:rs", 104)
("DEBUG2:rs", 101)
("DEBUG2:rs", 32)
Lookahead token is now QID (1586-1587)
Reducing production list(NEWLINE) ->
State 30:
Shifting (QID) to state 10
State 10:
Lookahead token is now LID (1588-1594)
Reducing production term -> QID
("DEBUG:quid", ("\"What is the \"", (("", 1, 0, 1573), ("", 1, 0, 1587))))
["DEBUG:sterm/quid"]
["DEBUG:term/sterm"]
State 17:
Reducing production factor -> term
["DEBUG:termfactor"]
["DEBUG:factor"]
State 23:
Reducing production concatenation -> factor
["DEBUG:concat2"]
State 31:
Shifting (LID) to state 13
State 13:
("DEBUG2:rs", 32)
("DEBUG2:rs", 104)
("DEBUG2:rs", 117)
("DEBUG2:rs", 109)
("DEBUG2:rs", 105)
("DEBUG2:rs", 100)
("DEBUG2:rs", 105)
("DEBUG2:rs", 116)
("DEBUG2:rs", 121)
("DEBUG2:rs", 63)
Lookahead token is now QID (1606-1607)
Reducing production term -> LID
("DEBUG:lid", ("device", (("", 1, 0, 1588), ("", 1, 0, 1594))))
["DEBUG:sterm/lid"]
["DEBUG:term/sterm"]
State 17:
Reducing production factor -> term
["DEBUG:termfactor"]
["DEBUG:factor"]
State 25:
Reducing production concatenation -> concatenation factor
["DEBUG:concat1"]
State 31:
Shifting (QID) to state 10
State 10:
Lookahead token is now BAR (1608-1609)
Reducing production term -> QID
("DEBUG:quid", ("\" humidity?\"", (("", 1, 0, 1595), ("", 1, 0, 1607))))
["DEBUG:sterm/quid"]
["DEBUG:term/sterm"]
State 17:
Reducing production factor -> term
["DEBUG:termfactor"]
["DEBUG:factor"]
State 25:
Reducing production concatenation -> concatenation factor
["DEBUG:concat1"]
State 31:
Reducing production alternation -> alternation BAR list(NEWLINE) concatenation
["DEBUG:alt"]
State 28:
Shifting (BAR) to state 29
State 29:
Lookahead token is now NEWLINE (1609-1610)
Shifting (NEWLINE) to state 1
State 1:
("DEBUG2:rs", 87)
("DEBUG2:rs", 104)
("DEBUG2:rs", 97)
("DEBUG2:rs", 116)
("DEBUG2:rs", 32)
("DEBUG2:rs", 105)
("DEBUG2:rs", 115)
("DEBUG2:rs", 32)
("DEBUG2:rs", 116)
("DEBUG2:rs", 104)
("DEBUG2:rs", 101)
("DEBUG2:rs", 32)
Lookahead token is now QID (1636-1637)
Reducing production list(NEWLINE) ->
State 2:
Reducing production list(NEWLINE) -> NEWLINE list(NEWLINE)
State 30:
Shifting (QID) to state 10
State 10:
Lookahead token is now LID (1638-1644)
Reducing production term -> QID
("DEBUG:quid", ("\"What is the \"", (("", 1, 0, 1623), ("", 1, 0, 1637))))
["DEBUG:sterm/quid"]
["DEBUG:term/sterm"]
State 17:
Reducing production factor -> term
["DEBUG:termfactor"]
["DEBUG:factor"]
State 23:
Reducing production concatenation -> factor
["DEBUG:concat2"]
State 31:
Shifting (LID) to state 13
State 13:
("DEBUG2:rs", 32)
("DEBUG2:rs", 112)
("DEBUG2:rs", 111)
("DEBUG2:rs", 119)
("DEBUG2:rs", 101)
("DEBUG2:rs", 114)
("DEBUG2:rs", 32)
("DEBUG2:rs", 99)
("DEBUG2:rs", 111)
("DEBUG2:rs", 110)
("DEBUG2:rs", 115)
("DEBUG2:rs", 117)
("DEBUG2:rs", 109)
("DEBUG2:rs", 112)
("DEBUG2:rs", 116)
("DEBUG2:rs", 105)
("DEBUG2:rs", 111)
("DEBUG2:rs", 110)
("DEBUG2:rs", 63)
Lookahead token is now QID (1665-1666)
Reducing production term -> LID
("DEBUG:lid", ("device", (("", 1, 0, 1638), ("", 1, 0, 1644))))
["DEBUG:sterm/lid"]
["DEBUG:term/sterm"]
State 17:
Reducing production factor -> term
["DEBUG:termfactor"]
["DEBUG:factor"]
State 25:
Reducing production concatenation -> concatenation factor
["DEBUG:concat1"]
State 31:
Shifting (QID) to state 10
State 10:
Lookahead token is now BAR (1667-1668)
Reducing production term -> QID
("DEBUG:quid", ("\" power consumption?\"", (("", 1, 0, 1645), ("", 1, 0, 1666))))
["DEBUG:sterm/quid"]
["DEBUG:term/sterm"]
State 17:
Reducing production factor -> term
["DEBUG:termfactor"]
["DEBUG:factor"]
State 25:
Reducing production concatenation -> concatenation factor
["DEBUG:concat1"]
State 31:
Reducing production alternation -> alternation BAR list(NEWLINE) concatenation
["DEBUG:alt"]
State 28:
Shifting (BAR) to state 29
State 29:
("DEBUG2:rs", 87)
("DEBUG2:rs", 104)
("DEBUG2:rs", 97)
("DEBUG2:rs", 116)
("DEBUG2:rs", 32)
("DEBUG2:rs", 105)
("DEBUG2:rs", 115)
("DEBUG2:rs", 32)
("DEBUG2:rs", 116)
("DEBUG2:rs", 104)
("DEBUG2:rs", 101)
("DEBUG2:rs", 32)
Lookahead token is now QID (1682-1683)
Reducing production list(NEWLINE) ->
State 30:
Shifting (QID) to state 10
State 10:
Lookahead token is now LID (1684-1690)
Reducing production term -> QID
("DEBUG:quid", ("\"What is the \"", (("", 1, 0, 1669), ("", 1, 0, 1683))))
["DEBUG:sterm/quid"]
["DEBUG:term/sterm"]
State 17:
Reducing production factor -> term
["DEBUG:termfactor"]
["DEBUG:factor"]
State 23:
Reducing production concatenation -> factor
["DEBUG:concat2"]
State 31:
Shifting (LID) to state 13
State 13:
("DEBUG2:rs", 32)
("DEBUG2:rs", 98)
("DEBUG2:rs", 97)
("DEBUG2:rs", 116)
("DEBUG2:rs", 116)
("DEBUG2:rs", 101)
("DEBUG2:rs", 114)
("DEBUG2:rs", 121)
("DEBUG2:rs", 32)
("DEBUG2:rs", 108)
("DEBUG2:rs", 101)
("DEBUG2:rs", 118)
("DEBUG2:rs", 101)
("DEBUG2:rs", 108)
("DEBUG2:rs", 63)
Lookahead token is now QID (1707-1708)
Reducing production term -> LID
("DEBUG:lid", ("device", (("", 1, 0, 1684), ("", 1, 0, 1690))))
["DEBUG:sterm/lid"]
["DEBUG:term/sterm"]
State 17:
Reducing production factor -> term
["DEBUG:termfactor"]
["DEBUG:factor"]
State 25:
Reducing production concatenation -> concatenation factor
["DEBUG:concat1"]
State 31:
Shifting (QID) to state 10
State 10:
Lookahead token is now BAR (1709-1710)
Reducing production term -> QID
("DEBUG:quid", ("\" battery level?\"", (("", 1, 0, 1691), ("", 1, 0, 1708))))
["DEBUG:sterm/quid"]
["DEBUG:term/sterm"]
State 17:
Reducing production factor -> term
["DEBUG:termfactor"]
["DEBUG:factor"]
State 25:
Reducing production concatenation -> concatenation factor
["DEBUG:concat1"]
State 31:
Reducing production alternation -> alternation BAR list(NEWLINE) concatenation
["DEBUG:alt"]
State 28:
Shifting (BAR) to state 29
State 29:
Lookahead token is now NEWLINE (1710-1711)
Shifting (NEWLINE) to state 1
State 1:
("DEBUG2:rs", 87)
("DEBUG2:rs", 104)
("DEBUG2:rs", 97)
("DEBUG2:rs", 116)
("DEBUG2:rs", 32)
("DEBUG2:rs", 105)
("DEBUG2:rs", 115)
("DEBUG2:rs", 32)
("DEBUG2:rs", 116)
("DEBUG2:rs", 104)
("DEBUG2:rs", 101)
("DEBUG2:rs", 32)
("DEBUG2:rs", 119)
("DEBUG2:rs", 101)
("DEBUG2:rs", 97)
("DEBUG2:rs", 116)
("DEBUG2:rs", 104)
("DEBUG2:rs", 101)
("DEBUG2:rs", 114)
("DEBUG2:rs", 32)
("DEBUG2:rs", 108)
("DEBUG2:rs", 105)
("DEBUG2:rs", 107)
("DEBUG2:rs", 101)
("DEBUG2:rs", 32)
("DEBUG2:rs", 116)
("DEBUG2:rs", 111)
("DEBUG2:rs", 100)
("DEBUG2:rs", 97)
("DEBUG2:rs", 121)
("DEBUG2:rs", 63)
Lookahead token is now QID (1756-1757)
Reducing production list(NEWLINE) ->
State 2:
Reducing production list(NEWLINE) -> NEWLINE list(NEWLINE)
State 30:
Shifting (QID) to state 10
State 10:
Lookahead token is now BAR (1758-1759)
Reducing production term -> QID
("DEBUG:quid", ("\"What is the weather like today?\"", (("", 1, 0, 1724), ("", 1, 0, 1757))))
["DEBUG:sterm/quid"]
["DEBUG:term/sterm"]
State 17:
Reducing production factor -> term
["DEBUG:termfactor"]
["DEBUG:factor"]
State 23:
Reducing production concatenation -> factor
["DEBUG:concat2"]
State 31:
Reducing production alternation -> alternation BAR list(NEWLINE) concatenation
["DEBUG:alt"]
State 28:
Shifting (BAR) to state 29
State 29:
("DEBUG2:rs", 87)
("DEBUG2:rs", 104)
("DEBUG2:rs", 97)
("DEBUG2:rs", 116)
("DEBUG2:rs", 32)
("DEBUG2:rs", 105)
("DEBUG2:rs", 115)
("DEBUG2:rs", 32)
("DEBUG2:rs", 116)
("DEBUG2:rs", 104)
("DEBUG2:rs", 101)
("DEBUG2:rs", 32)
("DEBUG2:rs", 102)
("DEBUG2:rs", 111)
("DEBUG2:rs", 114)
("DEBUG2:rs", 101)
("DEBUG2:rs", 99)
("DEBUG2:rs", 97)
("DEBUG2:rs", 115)
("DEBUG2:rs", 116)
("DEBUG2:rs", 32)
("DEBUG2:rs", 102)
("DEBUG2:rs", 111)
("DEBUG2:rs", 114)
("DEBUG2:rs", 32)
("DEBUG2:rs", 116)
("DEBUG2:rs", 111)
("DEBUG2:rs", 109)
("DEBUG2:rs", 111)
("DEBUG2:rs", 114)
("DEBUG2:rs", 114)
("DEBUG2:rs", 111)
("DEBUG2:rs", 119)
("DEBUG2:rs", 63)
Lookahead token is now QID (1795-1796)
Reducing production list(NEWLINE) ->
State 30:
Shifting (QID) to state 10
State 10:
Lookahead token is now BAR (1797-1798)
Reducing production term -> QID
("DEBUG:quid", ("\"What is the forecast for tomorrow?\"", (("", 1, 0, 1760), ("", 1, 0, 1796))))
["DEBUG:sterm/quid"]
["DEBUG:term/sterm"]
State 17:
Reducing production factor -> term
["DEBUG:termfactor"]
["DEBUG:factor"]
State 23:
Reducing production concatenation -> factor
["DEBUG:concat2"]
State 31:
Reducing production alternation -> alternation BAR list(NEWLINE) concatenation
["DEBUG:alt"]
State 28:
Shifting (BAR) to state 29
State 29:
Lookahead token is now NEWLINE (1798-1799)
Shifting (NEWLINE) to state 1
State 1:
("DEBUG2:rs", 87)
("DEBUG2:rs", 104)
("DEBUG2:rs", 97)
("DEBUG2:rs", 116)
("DEBUG2:rs", 32)
("DEBUG2:rs", 105)
("DEBUG2:rs", 115)
("DEBUG2:rs", 32)
("DEBUG2:rs", 116)
("DEBUG2:rs", 104)
("DEBUG2:rs", 101)
("DEBUG2:rs", 32)
("DEBUG2:rs", 116)
("DEBUG2:rs", 105)
("DEBUG2:rs", 109)
("DEBUG2:rs", 101)
("DEBUG2:rs", 63)
Lookahead token is now QID (1830-1831)
Reducing production list(NEWLINE) ->
State 2:
Reducing production list(NEWLINE) -> NEWLINE list(NEWLINE)
State 30:
Shifting (QID) to state 10
State 10:
Lookahead token is now BAR (1832-1833)
Reducing production term -> QID
("DEBUG:quid", ("\"What is the time?\"", (("", 1, 0, 1812), ("", 1, 0, 1831))))
["DEBUG:sterm/quid"]
["DEBUG:term/sterm"]
State 17:
Reducing production factor -> term
["DEBUG:termfactor"]
["DEBUG:factor"]
State 23:
Reducing production concatenation -> factor
["DEBUG:concat2"]
State 31:
Reducing production alternation -> alternation BAR list(NEWLINE) concatenation
["DEBUG:alt"]
State 28:
Shifting (BAR) to state 29
State 29:
("DEBUG2:rs", 87)
("DEBUG2:rs", 104)
("DEBUG2:rs", 97)
("DEBUG2:rs", 116)
("DEBUG2:rs", 32)
("DEBUG2:rs", 105)
("DEBUG2:rs", 115)
("DEBUG2:rs", 32)
("DEBUG2:rs", 109)
("DEBUG2:rs", 121)
("DEBUG2:rs", 32)
("DEBUG2:rs", 115)
("DEBUG2:rs", 99)
("DEBUG2:rs", 104)
("DEBUG2:rs", 101)
("DEBUG2:rs", 100)
("DEBUG2:rs", 117)
("DEBUG2:rs", 108)
("DEBUG2:rs", 101)
("DEBUG2:rs", 32)
("DEBUG2:rs", 102)
("DEBUG2:rs", 111)
("DEBUG2:rs", 114)
("DEBUG2:rs", 32)
("DEBUG2:rs", 116)
("DEBUG2:rs", 111)
("DEBUG2:rs", 100)
("DEBUG2:rs", 97)
("DEBUG2:rs", 121)
("DEBUG2:rs", 63)
Lookahead token is now QID (1865-1866)
Reducing production list(NEWLINE) ->
State 30:
Shifting (QID) to state 10
State 10:
Lookahead token is now BAR (1867-1868)
Reducing production term -> QID
("DEBUG:quid", ("\"What is my schedule for today?\"", (("", 1, 0, 1834), ("", 1, 0, 1866))))
["DEBUG:sterm/quid"]
["DEBUG:term/sterm"]
State 17:
Reducing production factor -> term
["DEBUG:termfactor"]
["DEBUG:factor"]
State 23:
Reducing production concatenation -> factor
["DEBUG:concat2"]
State 31:
Reducing production alternation -> alternation BAR list(NEWLINE) concatenation
["DEBUG:alt"]
State 28:
Shifting (BAR) to state 29
State 29:
("DEBUG2:rs", 87)
("DEBUG2:rs", 104)
("DEBUG2:rs", 97)
("DEBUG2:rs", 116)
("DEBUG2:rs", 32)
("DEBUG2:rs", 116)
("DEBUG2:rs", 97)
("DEBUG2:rs", 115)
("DEBUG2:rs", 107)
("DEBUG2:rs", 115)
("DEBUG2:rs", 32)
("DEBUG2:rs", 100)
("DEBUG2:rs", 111)
("DEBUG2:rs", 32)
("DEBUG2:rs", 73)
("DEBUG2:rs", 32)
("DEBUG2:rs", 104)
("DEBUG2:rs", 97)
("DEBUG2:rs", 118)
("DEBUG2:rs", 101)
("DEBUG2:rs", 63)
Lookahead token is now QID (1891-1892)
Reducing production list(NEWLINE) ->
State 30:
Shifting (QID) to state 10
State 10:
Lookahead token is now BAR (1893-1894)
Reducing production term -> QID
("DEBUG:quid", ("\"What tasks do I have?\"", (("", 1, 0, 1869), ("", 1, 0, 1892))))
["DEBUG:sterm/quid"]
["DEBUG:term/sterm"]
State 17:
Reducing production factor -> term
["DEBUG:termfactor"]
["DEBUG:factor"]
State 23:
Reducing production concatenation -> factor
["DEBUG:concat2"]
State 31:
Reducing production alternation -> alternation BAR list(NEWLINE) concatenation
["DEBUG:alt"]
State 28:
Shifting (BAR) to state 29
State 29:
Lookahead token is now NEWLINE (1894-1895)
Shifting (NEWLINE) to state 1
State 1:
("DEBUG2:rs", 87)
("DEBUG2:rs", 104)
("DEBUG2:rs", 97)
("DEBUG2:rs", 116)
("DEBUG2:rs", 32)
("DEBUG2:rs", 114)
("DEBUG2:rs", 101)
("DEBUG2:rs", 109)
("DEBUG2:rs", 105)
("DEBUG2:rs", 110)
("DEBUG2:rs", 100)
("DEBUG2:rs", 101)
("DEBUG2:rs", 114)
("DEBUG2:rs", 115)
("DEBUG2:rs", 32)
("DEBUG2:rs", 100)
("DEBUG2:rs", 111)
("DEBUG2:rs", 32)
("DEBUG2:rs", 73)
("DEBUG2:rs", 32)
("DEBUG2:rs", 104)
("DEBUG2:rs", 97)
("DEBUG2:rs", 118)
("DEBUG2:rs", 101)
("DEBUG2:rs", 63)
Lookahead token is now QID (1934-1935)
Reducing production list(NEWLINE) ->
State 2:
Reducing production list(NEWLINE) -> NEWLINE list(NEWLINE)
State 30:
Shifting (QID) to state 10
State 10:
Lookahead token is now NEWLINE (1935-1936)
Reducing production term -> QID
("DEBUG:quid", ("\"What reminders do I have?\"", (("", 1, 0, 1908), ("", 1, 0, 1935))))
["DEBUG:sterm/quid"]
["DEBUG:term/sterm"]
State 17:
Reducing production factor -> term
["DEBUG:termfactor"]
["DEBUG:factor"]
State 23:
Reducing production concatenation -> factor
["DEBUG:concat2"]
State 31:
Reducing production alternation -> alternation BAR list(NEWLINE) concatenation
["DEBUG:alt"]
State 28:
Reducing production rhs -> alternation
["DEBUG:rhs"]
State 32:
Reducing production rule -> LID COLONCOLONEQUAL rhs
("DEBUG:rule", ("question", (("", 1, 0, 1430), ("", 1, 0, 1438))), 0)
State 38:
Shifting (NEWLINE) to state 39
State 39:
Lookahead token is now NEWLINE (1936-1937)
Shifting (NEWLINE) to state 39
State 39:
Lookahead token is now LID (1937-1943)
Reducing production nonempty_list(NEWLINE) -> NEWLINE
State 40:
Reducing production nonempty_list(NEWLINE) -> NEWLINE nonempty_list(NEWLINE)
State 41:
Shifting (LID) to state 4
State 4:
(1, 1947, "::=")
Lookahead token is now COLONCOLONEQUAL (1944-1947)
Shifting (COLONCOLONEQUAL) to state 5
State 5:
("DEBUG2:rs", 108)
("DEBUG2:rs", 105)
("DEBUG2:rs", 103)
("DEBUG2:rs", 104)
("DEBUG2:rs", 116)
("DEBUG2:rs", 115)
Lookahead token is now QID (1955-1956)
Shifting (QID) to state 10
State 10:
Lookahead token is now BAR (1957-1958)
Reducing production term -> QID
("DEBUG:quid", ("\"lights\"", (("", 1, 0, 1948), ("", 1, 0, 1956))))
["DEBUG:sterm/quid"]
["DEBUG:term/sterm"]
State 17:
Reducing production factor -> term
["DEBUG:termfactor"]
["DEBUG:factor"]
State 23:
Reducing production concatenation -> factor
["DEBUG:concat2"]
State 24:
Reducing production alternation -> concatenation
["DEBUG:alt"]
State 28:
Shifting (BAR) to state 29
State 29:
("DEBUG2:rs", 116)
("DEBUG2:rs", 104)
("DEBUG2:rs", 101)
("DEBUG2:rs", 114)
("DEBUG2:rs", 109)
("DEBUG2:rs", 111)
("DEBUG2:rs", 115)
("DEBUG2:rs", 116)
("DEBUG2:rs", 97)
("DEBUG2:rs", 116)
Lookahead token is now QID (1970-1971)
Reducing production list(NEWLINE) ->
State 30:
Shifting (QID) to state 10
State 10:
Lookahead token is now BAR (1972-1973)
Reducing production term -> QID
("DEBUG:quid", ("\"thermostat\"", (("", 1, 0, 1959), ("", 1, 0, 1971))))
["DEBUG:sterm/quid"]
["DEBUG:term/sterm"]
State 17:
Reducing production factor -> term
["DEBUG:termfactor"]
["DEBUG:factor"]
State 23:
Reducing production concatenation -> factor
["DEBUG:concat2"]
State 31:
Reducing production alternation -> alternation BAR list(NEWLINE) concatenation
["DEBUG:alt"]
State 28:
Shifting (BAR) to state 29
State 29:
("DEBUG2:rs", 115)
("DEBUG2:rs", 101)
("DEBUG2:rs", 99)
("DEBUG2:rs", 117)
("DEBUG2:rs", 114)
("DEBUG2:rs", 105)
("DEBUG2:rs", 116)
("DEBUG2:rs", 121)
("DEBUG2:rs", 32)
("DEBUG2:rs", 115)
("DEBUG2:rs", 121)
("DEBUG2:rs", 115)
("DEBUG2:rs", 116)
("DEBUG2:rs", 101)
("DEBUG2:rs", 109)
Lookahead token is now QID (1990-1991)
Reducing production list(NEWLINE) ->
State 30:
Shifting (QID) to state 10
State 10:
Lookahead token is now BAR (1992-1993)
Reducing production term -> QID
("DEBUG:quid", ("\"security system\"", (("", 1, 0, 1974), ("", 1, 0, 1991))))
["DEBUG:sterm/quid"]
["DEBUG:term/sterm"]
State 17:
Reducing production factor -> term
["DEBUG:termfactor"]
["DEBUG:factor"]
State 23:
Reducing production concatenation -> factor
["DEBUG:concat2"]
State 31:
Reducing production alternation -> alternation BAR list(NEWLINE) concatenation
["DEBUG:alt"]
State 28:
Shifting (BAR) to state 29
State 29:
("DEBUG2:rs", 100)
("DEBUG2:rs", 111)
("DEBUG2:rs", 111)
("DEBUG2:rs", 114)
("DEBUG2:rs", 32)
("DEBUG2:rs", 108)
("DEBUG2:rs", 111)
("DEBUG2:rs", 99)
("DEBUG2:rs", 107)
Lookahead token is now QID (2004-2005)
Reducing production list(NEWLINE) ->
State 30:
Shifting (QID) to state 10
State 10:
Lookahead token is now BAR (2006-2007)
Reducing production term -> QID
("DEBUG:quid", ("\"door lock\"", (("", 1, 0, 1994), ("", 1, 0, 2005))))
["DEBUG:sterm/quid"]
["DEBUG:term/sterm"]
State 17:
Reducing production factor -> term
["DEBUG:termfactor"]
["DEBUG:factor"]
State 23:
Reducing production concatenation -> factor
["DEBUG:concat2"]
State 31:
Reducing production alternation -> alternation BAR list(NEWLINE) concatenation
["DEBUG:alt"]
State 28:
Shifting (BAR) to state 29
State 29:
("DEBUG2:rs", 99)
("DEBUG2:rs", 97)
("DEBUG2:rs", 109)
("DEBUG2:rs", 101)
("DEBUG2:rs", 114)
("DEBUG2:rs", 97)
Lookahead token is now QID (2015-2016)
Reducing production list(NEWLINE) ->
State 30:
Shifting (QID) to state 10
State 10:
Lookahead token is now BAR (2017-2018)
Reducing production term -> QID
("DEBUG:quid", ("\"camera\"", (("", 1, 0, 2008), ("", 1, 0, 2016))))
["DEBUG:sterm/quid"]
["DEBUG:term/sterm"]
State 17:
Reducing production factor -> term
["DEBUG:termfactor"]
["DEBUG:factor"]
State 23:
Reducing production concatenation -> factor
["DEBUG:concat2"]
State 31:
Reducing production alternation -> alternation BAR list(NEWLINE) concatenation
["DEBUG:alt"]
State 28:
Shifting (BAR) to state 29
State 29:
("DEBUG2:rs", 115)
("DEBUG2:rs", 112)
("DEBUG2:rs", 101)
("DEBUG2:rs", 97)
("DEBUG2:rs", 107)
("DEBUG2:rs", 101)
("DEBUG2:rs", 114)
Lookahead token is now QID (2027-2028)
Reducing production list(NEWLINE) ->
State 30:
Shifting (QID) to state 10
State 10:
Lookahead token is now BAR (2029-2030)
Reducing production term -> QID
("DEBUG:quid", ("\"speaker\"", (("", 1, 0, 2019), ("", 1, 0, 2028))))
["DEBUG:sterm/quid"]
["DEBUG:term/sterm"]
State 17:
Reducing production factor -> term
["DEBUG:termfactor"]
["DEBUG:factor"]
State 23:
Reducing production concatenation -> factor
["DEBUG:concat2"]
State 31:
Reducing production alternation -> alternation BAR list(NEWLINE) concatenation
["DEBUG:alt"]
State 28:
Shifting (BAR) to state 29
State 29:
("DEBUG2:rs", 84)
("DEBUG2:rs", 86)
Lookahead token is now QID (2034-2035)
Reducing production list(NEWLINE) ->
State 30:
Shifting (QID) to state 10
State 10:
Lookahead token is now BAR (2036-2037)
Reducing production term -> QID
("DEBUG:quid", ("\"TV\"", (("", 1, 0, 2031), ("", 1, 0, 2035))))
["DEBUG:sterm/quid"]
["DEBUG:term/sterm"]
State 17:
Reducing production factor -> term
["DEBUG:termfactor"]
["DEBUG:factor"]
State 23:
Reducing production concatenation -> factor
["DEBUG:concat2"]
State 31:
Reducing production alternation -> alternation BAR list(NEWLINE) concatenation
["DEBUG:alt"]
State 28:
Shifting (BAR) to state 29
State 29:
Lookahead token is now NEWLINE (2037-2038)
Shifting (NEWLINE) to state 1
State 1:
("DEBUG2:rs", 109)
("DEBUG2:rs", 117)
("DEBUG2:rs", 115)
("DEBUG2:rs", 105)
("DEBUG2:rs", 99)
("DEBUG2:rs", 32)
("DEBUG2:rs", 112)
("DEBUG2:rs", 108)
("DEBUG2:rs", 97)
("DEBUG2:rs", 121)
("DEBUG2:rs", 101)
("DEBUG2:rs", 114)
Lookahead token is now QID (2062-2063)
Reducing production list(NEWLINE) ->
State 2:
Reducing production list(NEWLINE) -> NEWLINE list(NEWLINE)
State 30:
Shifting (QID) to state 10
State 10:
Lookahead token is now BAR (2064-2065)
Reducing production term -> QID
("DEBUG:quid", ("\"music player\"", (("", 1, 0, 2049), ("", 1, 0, 2063))))
["DEBUG:sterm/quid"]
["DEBUG:term/sterm"]
State 17:
Reducing production factor -> term
["DEBUG:termfactor"]
["DEBUG:factor"]
State 23:
Reducing production concatenation -> factor
["DEBUG:concat2"]
State 31:
Reducing production alternation -> alternation BAR list(NEWLINE) concatenation
["DEBUG:alt"]
State 28:
Shifting (BAR) to state 29
State 29:
("DEBUG2:rs", 99)
("DEBUG2:rs", 111)
("DEBUG2:rs", 102)
("DEBUG2:rs", 102)
("DEBUG2:rs", 101)
("DEBUG2:rs", 101)
("DEBUG2:rs", 32)
("DEBUG2:rs", 109)
("DEBUG2:rs", 97)
("DEBUG2:rs", 99)
("DEBUG2:rs", 104)
("DEBUG2:rs", 105)
("DEBUG2:rs", 110)
("DEBUG2:rs", 101)
Lookahead token is now QID (2081-2082)
Reducing production list(NEWLINE) ->
State 30:
Shifting (QID) to state 10
State 10:
Lookahead token is now BAR (2083-2084)
Reducing production term -> QID
("DEBUG:quid", ("\"coffee machine\"", (("", 1, 0, 2066), ("", 1, 0, 2082))))
["DEBUG:sterm/quid"]
["DEBUG:term/sterm"]
State 17:
Reducing production factor -> term
["DEBUG:termfactor"]
["DEBUG:factor"]
State 23:
Reducing production concatenation -> factor
["DEBUG:concat2"]
State 31:
Reducing production alternation -> alternation BAR list(NEWLINE) concatenation
["DEBUG:alt"]
State 28:
Shifting (BAR) to state 29
State 29:
("DEBUG2:rs", 111)
("DEBUG2:rs", 118)
("DEBUG2:rs", 101)
("DEBUG2:rs", 110)
Lookahead token is now QID (2090-2091)
Reducing production list(NEWLINE) ->
State 30:
Shifting (QID) to state 10
State 10:
Lookahead token is now BAR (2092-2093)
Reducing production term -> QID
("DEBUG:quid", ("\"oven\"", (("", 1, 0, 2085), ("", 1, 0, 2091))))
["DEBUG:sterm/quid"]
["DEBUG:term/sterm"]
State 17:
Reducing production factor -> term
["DEBUG:termfactor"]
["DEBUG:factor"]
State 23:
Reducing production concatenation -> factor
["DEBUG:concat2"]
State 31:
Reducing production alternation -> alternation BAR list(NEWLINE) concatenation
["DEBUG:alt"]
State 28:
Shifting (BAR) to state 29
State 29:
("DEBUG2:rs", 114)
("DEBUG2:rs", 101)
("DEBUG2:rs", 102)
("DEBUG2:rs", 114)
("DEBUG2:rs", 105)
("DEBUG2:rs", 103)
("DEBUG2:rs", 101)
("DEBUG2:rs", 114)
("DEBUG2:rs", 97)
("DEBUG2:rs", 116)
("DEBUG2:rs", 111)
("DEBUG2:rs", 114)
Lookahead token is now QID (2107-2108)
Reducing production list(NEWLINE) ->
State 30:
Shifting (QID) to state 10
State 10:
Lookahead token is now BAR (2109-2110)
Reducing production term -> QID
("DEBUG:quid", ("\"refrigerator\"", (("", 1, 0, 2094), ("", 1, 0, 2108))))
["DEBUG:sterm/quid"]
["DEBUG:term/sterm"]
State 17:
Reducing production factor -> term
["DEBUG:termfactor"]
["DEBUG:factor"]
State 23:
Reducing production concatenation -> factor
["DEBUG:concat2"]
State 31:
Reducing production alternation -> alternation BAR list(NEWLINE) concatenation
["DEBUG:alt"]
State 28:
Shifting (BAR) to state 29
State 29:
("DEBUG2:rs", 119)
("DEBUG2:rs", 97)
("DEBUG2:rs", 115)
("DEBUG2:rs", 104)
("DEBUG2:rs", 105)
("DEBUG2:rs", 110)
("DEBUG2:rs", 103)
("DEBUG2:rs", 32)
("DEBUG2:rs", 109)
("DEBUG2:rs", 97)
("DEBUG2:rs", 99)
("DEBUG2:rs", 104)
("DEBUG2:rs", 105)
("DEBUG2:rs", 110)
("DEBUG2:rs", 101)
Lookahead token is now QID (2127-2128)
Reducing production list(NEWLINE) ->
State 30:
Shifting (QID) to state 10
State 10:
Lookahead token is now BAR (2129-2130)
Reducing production term -> QID
("DEBUG:quid", ("\"washing machine\"", (("", 1, 0, 2111), ("", 1, 0, 2128))))
["DEBUG:sterm/quid"]
["DEBUG:term/sterm"]
State 17:
Reducing production factor -> term
["DEBUG:termfactor"]
["DEBUG:factor"]
State 23:
Reducing production concatenation -> factor
["DEBUG:concat2"]
State 31:
Reducing production alternation -> alternation BAR list(NEWLINE) concatenation
["DEBUG:alt"]
State 28:
Shifting (BAR) to state 29
State 29:
Lookahead token is now NEWLINE (2130-2131)
Shifting (NEWLINE) to state 1
State 1:
("DEBUG2:rs", 118)
("DEBUG2:rs", 97)
("DEBUG2:rs", 99)
("DEBUG2:rs", 117)
("DEBUG2:rs", 117)
("DEBUG2:rs", 109)
("DEBUG2:rs", 32)
("DEBUG2:rs", 99)
("DEBUG2:rs", 108)
("DEBUG2:rs", 101)
("DEBUG2:rs", 97)
("DEBUG2:rs", 110)
("DEBUG2:rs", 101)
("DEBUG2:rs", 114)
Lookahead token is now QID (2157-2158)
Reducing production list(NEWLINE) ->
State 2:
Reducing production list(NEWLINE) -> NEWLINE list(NEWLINE)
State 30:
Shifting (QID) to state 10
State 10:
Lookahead token is now NEWLINE (2158-2159)
Reducing production term -> QID
("DEBUG:quid", ("\"vacuum cleaner\"", (("", 1, 0, 2142), ("", 1, 0, 2158))))
["DEBUG:sterm/quid"]
["DEBUG:term/sterm"]
State 17:
Reducing production factor -> term
["DEBUG:termfactor"]
["DEBUG:factor"]
State 23:
Reducing production concatenation -> factor
["DEBUG:concat2"]
State 31:
Reducing production alternation -> alternation BAR list(NEWLINE) concatenation
["DEBUG:alt"]
State 28:
Reducing production rhs -> alternation
["DEBUG:rhs"]
State 32:
Reducing production rule -> LID COLONCOLONEQUAL rhs
("DEBUG:rule", ("device", (("", 1, 0, 1937), ("", 1, 0, 1943))), 0)
State 38:
Shifting (NEWLINE) to state 39
State 39:
Lookahead token is now NEWLINE (2159-2160)
Shifting (NEWLINE) to state 39
State 39:
Lookahead token is now LID (2160-2165)
Reducing production nonempty_list(NEWLINE) -> NEWLINE
State 40:
Reducing production nonempty_list(NEWLINE) -> NEWLINE nonempty_list(NEWLINE)
State 41:
Shifting (LID) to state 4
State 4:
(1, 2169, "::=")
Lookahead token is now COLONCOLONEQUAL (2166-2169)
Shifting (COLONCOLONEQUAL) to state 5
State 5:
"["
"0"
"-"
"9"
"]"
Lookahead token is now REGEX (2174-2175)
Shifting (REGEX) to state 9
State 9:
Lookahead token is now PLUS (2175-2176)
Reducing production term -> REGEX
("DEBUG:class", ("\"TODO\"", (("", 1, 0, 2170), ("", 1, 0, 2175))))
["DEBUG:cterm/class"]
["DEBUG:term/cterms"]
State 17:
Shifting (PLUS) to state 20
State 20:
Lookahead token is now NEWLINE (2176-2177)
Reducing production factor -> term PLUS
["DEBUG:plus"]
["DEBUG:mod"]
["DEBUG:termfactor"]
["DEBUG:factormod"]
State 23:
Reducing production concatenation -> factor
["DEBUG:concat2"]
State 24:
Reducing production alternation -> concatenation
["DEBUG:alt"]
State 28:
Reducing production rhs -> alternation
["DEBUG:rhs"]
State 32:
Reducing production rule -> LID COLONCOLONEQUAL rhs
("DEBUG:rule", ("value", (("", 1, 0, 2160), ("", 1, 0, 2165))), 0)
State 38:
Shifting (NEWLINE) to state 39
State 39:
Lookahead token is now NEWLINE (2177-2178)
Shifting (NEWLINE) to state 39
State 39:
Lookahead token is now LID (2178-2183)
Reducing production nonempty_list(NEWLINE) -> NEWLINE
State 40:
Reducing production nonempty_list(NEWLINE) -> NEWLINE nonempty_list(NEWLINE)
State 41:
Shifting (LID) to state 4
State 4:
(1, 2187, "::=")
Lookahead token is now COLONCOLONEQUAL (2184-2187)
Shifting (COLONCOLONEQUAL) to state 5
State 5:
("DEBUG2:rs", 109)
("DEBUG2:rs", 117)
("DEBUG2:rs", 115)
("DEBUG2:rs", 105)
("DEBUG2:rs", 99)
Lookahead token is now QID (2194-2195)
Shifting (QID) to state 10
State 10:
Lookahead token is now BAR (2196-2197)
Reducing production term -> QID
("DEBUG:quid", ("\"music\"", (("", 1, 0, 2188), ("", 1, 0, 2195))))
["DEBUG:sterm/quid"]
["DEBUG:term/sterm"]
State 17:
Reducing production factor -> term
["DEBUG:termfactor"]
["DEBUG:factor"]
State 23:
Reducing production concatenation -> factor
["DEBUG:concat2"]
State 24:
Reducing production alternation -> concatenation
["DEBUG:alt"]
State 28:
Shifting (BAR) to state 29
State 29:
("DEBUG2:rs", 114)
("DEBUG2:rs", 97)
("DEBUG2:rs", 100)
("DEBUG2:rs", 105)
("DEBUG2:rs", 111)
Lookahead token is now QID (2204-2205)
Reducing production list(NEWLINE) ->
State 30:
Shifting (QID) to state 10
State 10:
Lookahead token is now BAR (2206-2207)
Reducing production term -> QID
("DEBUG:quid", ("\"radio\"", (("", 1, 0, 2198), ("", 1, 0, 2205))))
["DEBUG:sterm/quid"]
["DEBUG:term/sterm"]
State 17:
Reducing production factor -> term
["DEBUG:termfactor"]
["DEBUG:factor"]
State 23:
Reducing production concatenation -> factor
["DEBUG:concat2"]
State 31:
Reducing production alternation -> alternation BAR list(NEWLINE) concatenation
["DEBUG:alt"]
State 28:
Shifting (BAR) to state 29
State 29:
("DEBUG2:rs", 112)
("DEBUG2:rs", 111)
("DEBUG2:rs", 100)
("DEBUG2:rs", 99)
("DEBUG2:rs", 97)
("DEBUG2:rs", 115)
("DEBUG2:rs", 116)
Lookahead token is now QID (2216-2217)
Reducing production list(NEWLINE) ->
State 30:
Shifting (QID) to state 10
State 10:
Lookahead token is now BAR (2218-2219)
Reducing production term -> QID
("DEBUG:quid", ("\"podcast\"", (("", 1, 0, 2208), ("", 1, 0, 2217))))
["DEBUG:sterm/quid"]
["DEBUG:term/sterm"]
State 17:
Reducing production factor -> term
["DEBUG:termfactor"]
["DEBUG:factor"]
State 23:
Reducing production concatenation -> factor
["DEBUG:concat2"]
State 31:
Reducing production alternation -> alternation BAR list(NEWLINE) concatenation
["DEBUG:alt"]
State 28:
Shifting (BAR) to state 29
State 29:
("DEBUG2:rs", 97)
("DEBUG2:rs", 117)
("DEBUG2:rs", 100)
("DEBUG2:rs", 105)
("DEBUG2:rs", 111)
("DEBUG2:rs", 98)
("DEBUG2:rs", 111)
("DEBUG2:rs", 111)
("DEBUG2:rs", 107)
Lookahead token is now QID (2230-2231)
Reducing production list(NEWLINE) ->
State 30:
Shifting (QID) to state 10
State 10:
Lookahead token is now BAR (2232-2233)
Reducing production term -> QID
("DEBUG:quid", ("\"audiobook\"", (("", 1, 0, 2220), ("", 1, 0, 2231))))
["DEBUG:sterm/quid"]
["DEBUG:term/sterm"]
State 17:
Reducing production factor -> term
["DEBUG:termfactor"]
["DEBUG:factor"]
State 23:
Reducing production concatenation -> factor
["DEBUG:concat2"]
State 31:
Reducing production alternation -> alternation BAR list(NEWLINE) concatenation
["DEBUG:alt"]
State 28:
Shifting (BAR) to state 29
State 29:
("DEBUG2:rs", 84)
("DEBUG2:rs", 86)
("DEBUG2:rs", 32)
("DEBUG2:rs", 115)
("DEBUG2:rs", 104)
("DEBUG2:rs", 111)
("DEBUG2:rs", 119)
Lookahead token is now QID (2242-2243)
Reducing production list(NEWLINE) ->
State 30:
Shifting (QID) to state 10
State 10:
Lookahead token is now BAR (2244-2245)
Reducing production term -> QID
("DEBUG:quid", ("\"TV show\"", (("", 1, 0, 2234), ("", 1, 0, 2243))))
["DEBUG:sterm/quid"]
["DEBUG:term/sterm"]
State 17:
Reducing production factor -> term
["DEBUG:termfactor"]
["DEBUG:factor"]
State 23:
Reducing production concatenation -> factor
["DEBUG:concat2"]
State 31:
Reducing production alternation -> alternation BAR list(NEWLINE) concatenation
["DEBUG:alt"]
State 28:
Shifting (BAR) to state 29
State 29:
("DEBUG2:rs", 109)
("DEBUG2:rs", 111)
("DEBUG2:rs", 118)
("DEBUG2:rs", 105)
("DEBUG2:rs", 101)
Lookahead token is now QID (2252-2253)
Reducing production list(NEWLINE) ->
State 30:
Shifting (QID) to state 10
State 10:
Lookahead token is now NEWLINE (2253-2254)
Reducing production term -> QID
("DEBUG:quid", ("\"movie\"", (("", 1, 0, 2246), ("", 1, 0, 2253))))
["DEBUG:sterm/quid"]
["DEBUG:term/sterm"]
State 17:
Reducing production factor -> term
["DEBUG:termfactor"]
["DEBUG:factor"]
State 23:
Reducing production concatenation -> factor
["DEBUG:concat2"]
State 31:
Reducing production alternation -> alternation BAR list(NEWLINE) concatenation
["DEBUG:alt"]
State 28:
Reducing production rhs -> alternation
["DEBUG:rhs"]
State 32:
Reducing production rule -> LID COLONCOLONEQUAL rhs
("DEBUG:rule", ("media", (("", 1, 0, 2178), ("", 1, 0, 2183))), 0)
State 38:
Shifting (NEWLINE) to state 39
State 39:
Lookahead token is now NEWLINE (2254-2255)
Shifting (NEWLINE) to state 39
State 39:
Lookahead token is now LID (2255-2259)
Reducing production nonempty_list(NEWLINE) -> NEWLINE
State 40:
Reducing production nonempty_list(NEWLINE) -> NEWLINE nonempty_list(NEWLINE)
State 41:
Shifting (LID) to state 4
State 4:
(1, 2263, "::=")
Lookahead token is now COLONCOLONEQUAL (2260-2263)
Shifting (COLONCOLONEQUAL) to state 5
State 5:
"["
"a"
"-"
"z"
"A"
"-"
"Z"
"]"
Lookahead token is now REGEX (2271-2272)
Shifting (REGEX) to state 9
State 9:
Lookahead token is now PLUS (2272-2273)
Reducing production term -> REGEX
("DEBUG:class", ("\"TODO\"", (("", 1, 0, 2264), ("", 1, 0, 2272))))
["DEBUG:cterm/class"]
["DEBUG:term/cterms"]
State 17:
Shifting (PLUS) to state 20
State 20:
"("
Lookahead token is now LPAREN (2274-2275)
Reducing production factor -> term PLUS
["DEBUG:plus"]
["DEBUG:mod"]
["DEBUG:termfactor"]
["DEBUG:factormod"]
State 23:
Reducing production concatenation -> factor
["DEBUG:concat2"]
State 24:
Shifting (LPAREN) to state 11
State 11:
("DEBUG2:rs", 32)
Lookahead token is now QID (2277-2278)
Reducing production list(NEWLINE) ->
State 12:
Shifting (QID) to state 10
State 10:
"["
"a"
"-"
"z"
"A"
"-"
"Z"
"]"
Lookahead token is now REGEX (2286-2287)
Reducing production term -> QID
("DEBUG:quid", ("\" \"", (("", 1, 0, 2275), ("", 1, 0, 2278))))
["DEBUG:sterm/quid"]
["DEBUG:term/sterm"]
State 17:
Reducing production factor -> term
["DEBUG:termfactor"]
["DEBUG:factor"]
State 23:
Reducing production concatenation -> factor
["DEBUG:concat2"]
State 24:
Shifting (REGEX) to state 9
State 9:
Lookahead token is now PLUS (2287-2288)
Reducing production term -> REGEX
("DEBUG:class", ("\"TODO\"", (("", 1, 0, 2279), ("", 1, 0, 2287))))
["DEBUG:cterm/class"]
["DEBUG:term/cterms"]
State 17:
Shifting (PLUS) to state 20
State 20:
Lookahead token is now RPAREN (2288-2289)
Reducing production factor -> term PLUS
["DEBUG:plus"]
["DEBUG:mod"]
["DEBUG:termfactor"]
["DEBUG:factormod"]
State 25:
Reducing production concatenation -> concatenation factor
["DEBUG:concat1"]
State 24:
Reducing production alternation -> concatenation
["DEBUG:alt"]
State 28:
Reducing production rhs -> alternation
["DEBUG:rhs"]
State 21:
Shifting (RPAREN) to state 22
State 22:
Lookahead token is now QUESTION (2289-2290)
Reducing production term -> LPAREN list(NEWLINE) rhs RPAREN
["DEBUG:rhs"]
["DEBUG:cterm/group"]
["DEBUG:term/cterms"]
State 17:
Shifting (QUESTION) to state 19
State 19:
Lookahead token is now NEWLINE (2290-2291)
Reducing production factor -> term QUESTION
["DEBUG:quest"]
["DEBUG:quest"]
["DEBUG:termfactor"]
["DEBUG:factormod"]
State 25:
Reducing production concatenation -> concatenation factor
["DEBUG:concat1"]
State 24:
Reducing production alternation -> concatenation
["DEBUG:alt"]
State 28:
Reducing production rhs -> alternation
["DEBUG:rhs"]
State 32:
Reducing production rule -> LID COLONCOLONEQUAL rhs
("DEBUG:rule", ("task", (("", 1, 0, 2255), ("", 1, 0, 2259))), 0)
State 38:
Shifting (NEWLINE) to state 39
State 39:
Lookahead token is now NEWLINE (2291-2292)
Shifting (NEWLINE) to state 39
State 39:
Lookahead token is now LID (2292-2296)
Reducing production nonempty_list(NEWLINE) -> NEWLINE
State 40:
Reducing production nonempty_list(NEWLINE) -> NEWLINE nonempty_list(NEWLINE)
State 41:
Shifting (LID) to state 4
State 4:
(1, 2300, "::=")
Lookahead token is now COLONCOLONEQUAL (2297-2300)
Shifting (COLONCOLONEQUAL) to state 5
State 5:
"["
"0"
"-"
"9"
"]"
Lookahead token is now REGEX (2305-2306)
Shifting (REGEX) to state 9
State 9:
"["
"0"
"-"
"9"
"]"
Lookahead token is now REGEX (2311-2312)
Reducing production term -> REGEX
("DEBUG:class", ("\"TODO\"", (("", 1, 0, 2301), ("", 1, 0, 2306))))
["DEBUG:cterm/class"]
["DEBUG:term/cterms"]
State 17:
Reducing production factor -> term
["DEBUG:termfactor"]
["DEBUG:factor"]
State 23:
Reducing production concatenation -> factor
["DEBUG:concat2"]
State 24:
Shifting (REGEX) to state 9
State 9:
Lookahead token is now QUESTION (2312-2313)
Reducing production term -> REGEX
("DEBUG:class", ("\"TODO\"", (("", 1, 0, 2307), ("", 1, 0, 2312))))
["DEBUG:cterm/class"]
["DEBUG:term/cterms"]
State 17:
Shifting (QUESTION) to state 19
State 19:
"("
Lookahead token is now LPAREN (2314-2315)
Reducing production factor -> term QUESTION
["DEBUG:quest"]
["DEBUG:quest"]
["DEBUG:termfactor"]
["DEBUG:factormod"]
State 25:
Reducing production concatenation -> concatenation factor
["DEBUG:concat1"]
State 24:
Shifting (LPAREN) to state 11
State 11:
("DEBUG2:rs", 97)
("DEBUG2:rs", 109)
Lookahead token is now QID (2318-2319)
Reducing production list(NEWLINE) ->
State 12:
Shifting (QID) to state 10
State 10:
Lookahead token is now BAR (2320-2321)
Reducing production term -> QID
("DEBUG:quid", ("\"am\"", (("", 1, 0, 2315), ("", 1, 0, 2319))))
["DEBUG:sterm/quid"]
["DEBUG:term/sterm"]
State 17:
Reducing production factor -> term
["DEBUG:termfactor"]
["DEBUG:factor"]
State 23:
Reducing production concatenation -> factor
["DEBUG:concat2"]
State 24:
Reducing production alternation -> concatenation
["DEBUG:alt"]
State 28:
Shifting (BAR) to state 29
State 29:
("DEBUG2:rs", 112)
("DEBUG2:rs", 109)
Lookahead token is now QID (2325-2326)
Reducing production list(NEWLINE) ->
State 30:
Shifting (QID) to state 10
State 10:
Lookahead token is now RPAREN (2326-2327)
Reducing production term -> QID
("DEBUG:quid", ("\"pm\"", (("", 1, 0, 2322), ("", 1, 0, 2326))))
["DEBUG:sterm/quid"]
["DEBUG:term/sterm"]
State 17:
Reducing production factor -> term
["DEBUG:termfactor"]
["DEBUG:factor"]
State 23:
Reducing production concatenation -> factor
["DEBUG:concat2"]
State 31:
Reducing production alternation -> alternation BAR list(NEWLINE) concatenation
["DEBUG:alt"]
State 28:
Reducing production rhs -> alternation
["DEBUG:rhs"]
State 21:
Shifting (RPAREN) to state 22
State 22:
Lookahead token is now QUESTION (2327-2328)
Reducing production term -> LPAREN list(NEWLINE) rhs RPAREN
["DEBUG:rhs"]
["DEBUG:cterm/group"]
["DEBUG:term/cterms"]
State 17:
Shifting (QUESTION) to state 19
State 19:
Lookahead token is now NEWLINE (2328-2329)
Reducing production factor -> term QUESTION
["DEBUG:quest"]
["DEBUG:quest"]
["DEBUG:termfactor"]
["DEBUG:factormod"]
State 25:
Reducing production concatenation -> concatenation factor
["DEBUG:concat1"]
State 24:
Reducing production alternation -> concatenation
["DEBUG:alt"]
State 28:
Reducing production rhs -> alternation
["DEBUG:rhs"]
State 32:
Reducing production rule -> LID COLONCOLONEQUAL rhs
("DEBUG:rule", ("time", (("", 1, 0, 2292), ("", 1, 0, 2296))), 0)
State 38:
Shifting (NEWLINE) to state 39
State 39:
Lookahead token is now EOF (2329-2329)
Initiating error handling
Fatal error: exception Gbnf_parser.SentenceParser.MenhirBasics.Error
Raised at MenhirLib.Engine.Make.loop in file "lib/pack/menhirLib.ml", line 1724, characters 8-19
Called from Dune__exe__Main.grammar_from_channel in file "bin/main.ml", line 7, characters 12-49
Called from Dune__exe__Main.grammar_from_file in file "bin/main.ml", line 12, characters 10-33
Called from Dune__exe__Main in file "bin/main.ml", line 18, characters 10-36
