Done: 18% (71/378, 307 left) (jobs: 0)                                      Done: 18% (72/380, 308 left) (jobs: 0)                                      Hello, World!
State 0:
Lookahead token is now NEWLINE (0-8)
Shifting (NEWLINE) to state 1
State 1:
Lookahead token is now NEWLINE (8-18)
Shifting (NEWLINE) to state 1
State 1:
Lookahead token is now NEWLINE (18-27)
Shifting (NEWLINE) to state 1
State 1:
Lookahead token is now NEWLINE (27-29)
Shifting (NEWLINE) to state 1
State 1:
Lookahead token is now NEWLINE (29-40)
Shifting (NEWLINE) to state 1
State 1:
Lookahead token is now NEWLINE (40-42)
Shifting (NEWLINE) to state 1
State 1:
Lookahead token is now NEWLINE (42-182)
Shifting (NEWLINE) to state 1
State 1:
Lookahead token is now NEWLINE (182-184)
Shifting (NEWLINE) to state 1
State 1:
Lookahead token is now NEWLINE (184-185)
Shifting (NEWLINE) to state 1
State 1:
Lookahead token is now LID (185-189)
Reducing production nonempty_list(NEWLINE) -> NEWLINE
State 2:
Reducing production nonempty_list(NEWLINE) -> NEWLINE nonempty_list(NEWLINE)
State 2:
Reducing production nonempty_list(NEWLINE) -> NEWLINE nonempty_list(NEWLINE)
State 2:
Reducing production nonempty_list(NEWLINE) -> NEWLINE nonempty_list(NEWLINE)
State 2:
Reducing production nonempty_list(NEWLINE) -> NEWLINE nonempty_list(NEWLINE)
State 2:
Reducing production nonempty_list(NEWLINE) -> NEWLINE nonempty_list(NEWLINE)
State 2:
Reducing production nonempty_list(NEWLINE) -> NEWLINE nonempty_list(NEWLINE)
State 2:
Reducing production nonempty_list(NEWLINE) -> NEWLINE nonempty_list(NEWLINE)
State 2:
Reducing production nonempty_list(NEWLINE) -> NEWLINE nonempty_list(NEWLINE)
State 42:
Shifting (LID) to state 3
State 3:
(1, 195, "::=")
Lookahead token is now COLONCOLONEQUAL (192-195)
Shifting (COLONCOLONEQUAL) to state 4
State 4:
Lookahead token is now LID (196-200)
Shifting (LID) to state 14
State 14:
Lookahead token is now LID (201-206)
Reducing production term -> LID
("DEBUG:lid", ("init", (("", 1, 0, 196), ("", 1, 0, 200))))
("DEBUG:sterm/lid", ("init", (("", 1, 0, 196), ("", 1, 0, 200))))
("DEBUG:term/sterm", (("init", (("", 1, 0, 196), ("", 1, 0, 200)))))
State 18:
Reducing production factor -> term
("DEBUG:termfactor", Tag2 ((("init", (("", 1, 0, 196), ("", 1, 0, 200))))))
State 24:
Reducing production concatenation -> factor
("DEBUG:concat2", Tag2 (Tag2 (Tag2 ((("init", (("", 1, 0, 196), ("", 1, 0, 200))))))))
State 25:
Shifting (LID) to state 14
State 14:
("DEBUG2:rs", 46)
Lookahead token is now QID (209-210)
Reducing production term -> LID
("DEBUG:lid", ("color", (("", 1, 0, 201), ("", 1, 0, 206))))
("DEBUG:sterm/lid", ("color", (("", 1, 0, 201), ("", 1, 0, 206))))
("DEBUG:term/sterm", (("color", (("", 1, 0, 201), ("", 1, 0, 206)))))
State 18:
Reducing production factor -> term
("DEBUG:termfactor", Tag2 ((("color", (("", 1, 0, 201), ("", 1, 0, 206))))))
State 26:
Reducing production concatenation -> concatenation factor
("DEBUG:concat1", Tag2 (Tag2 (Tag2 (Tag2 ((("init", (("", 1, 0, 196), ("", 1, 0, 200)))))))))
State 25:
Shifting (QID) to state 9
State 9:
Lookahead token is now NEWLINE (210-211)
Reducing production term -> QID
("DEBUG:quid", ("\".\"", (("", 1, 0, 207), ("", 1, 0, 210))))
("DEBUG:sterm/quid", ("\".\"", (("", 1, 0, 207), ("", 1, 0, 210))))
("DEBUG:term/sterm", (("\".\"", (("", 1, 0, 207), ("", 1, 0, 210)))))
State 18:
Reducing production factor -> term
("DEBUG:termfactor", Tag2 ((("\".\"", (("", 1, 0, 207), ("", 1, 0, 210))))))
State 26:
Reducing production concatenation -> concatenation factor
("DEBUG:concat1", Tag2 (Tag2 (Tag2 (Tag2 (Tag2 ((("init", (("", 1, 0, 196), ("", 1, 0, 200))))))))))
State 25:
Reducing production alternation -> concatenation
("DEBUG:alt", Tag2 (Tag2 (Tag2 (Tag2 (Tag2 (Tag2 ((("init", (("", 1, 0, 196), ("", 1, 0, 200)))))))))))
State 29:
Reducing production rhs -> alternation
("DEBUG:rhs", Tag2 (Tag2 (Tag2 (Tag2 (Tag2 (Tag2 (Tag2 ((("init", (("", 1, 0, 196), ("", 1, 0, 200))))))))))))
State 33:
Reducing production rule -> LID COLONCOLONEQUAL rhs
("DEBUG:rule", ("root", (("", 1, 0, 185), ("", 1, 0, 189))), Tag2 (Tag2 (Tag2 (Tag2 (Tag2 (Tag2 (Tag2 (Tag2 ((("init", (("", 1, 0, 196), ("", 1, 0, 200)))))))))))))
State 43:
Reducing production rules -> nonempty_list(NEWLINE) rule
["DEBUG:OLDRULE"; 0; 0; 0; 0; 0; 0; 0; 0; 0]
State 34:
Shifting (NEWLINE) to state 35
State 35:
Lookahead token is now LID (211-217)
Reducing production nonempty_list(NEWLINE) -> NEWLINE
State 37:
Shifting (LID) to state 3
State 3:
(1, 221, "::=")
Lookahead token is now COLONCOLONEQUAL (218-221)
Shifting (COLONCOLONEQUAL) to state 4
State 4:
Lookahead token is now LID (222-226)
Shifting (LID) to state 14
State 14:
("DEBUG2:rs", 46)
Lookahead token is now QID (229-230)
Reducing production term -> LID
("DEBUG:lid", ("init", (("", 1, 0, 222), ("", 1, 0, 226))))
("DEBUG:sterm/lid", ("init", (("", 1, 0, 222), ("", 1, 0, 226))))
("DEBUG:term/sterm", (("init", (("", 1, 0, 222), ("", 1, 0, 226)))))
State 18:
Reducing production factor -> term
("DEBUG:termfactor", Tag2 ((("init", (("", 1, 0, 222), ("", 1, 0, 226))))))
State 24:
Reducing production concatenation -> factor
("DEBUG:concat2", Tag2 (Tag2 (Tag2 ((("init", (("", 1, 0, 222), ("", 1, 0, 226))))))))
State 25:
Shifting (QID) to state 9
State 9:
Lookahead token is now NEWLINE (230-231)
Reducing production term -> QID
("DEBUG:quid", ("\".\"", (("", 1, 0, 227), ("", 1, 0, 230))))
("DEBUG:sterm/quid", ("\".\"", (("", 1, 0, 227), ("", 1, 0, 230))))
("DEBUG:term/sterm", (("\".\"", (("", 1, 0, 227), ("", 1, 0, 230)))))
State 18:
Reducing production factor -> term
("DEBUG:termfactor", Tag2 ((("\".\"", (("", 1, 0, 227), ("", 1, 0, 230))))))
State 26:
Reducing production concatenation -> concatenation factor
("DEBUG:concat1", Tag2 (Tag2 (Tag2 (Tag2 ((("init", (("", 1, 0, 222), ("", 1, 0, 226)))))))))
State 25:
Reducing production alternation -> concatenation
("DEBUG:alt", Tag2 (Tag2 (Tag2 (Tag2 (Tag2 ((("init", (("", 1, 0, 222), ("", 1, 0, 226))))))))))
State 29:
Reducing production rhs -> alternation
("DEBUG:rhs", Tag2 (Tag2 (Tag2 (Tag2 (Tag2 (Tag2 ((("init", (("", 1, 0, 222), ("", 1, 0, 226)))))))))))
State 33:
Reducing production rule -> LID COLONCOLONEQUAL rhs
("DEBUG:rule", ("prompt", (("", 1, 0, 211), ("", 1, 0, 217))), Tag2 (Tag2 (Tag2 (Tag2 (Tag2 (Tag2 (Tag2 ((("init", (("", 1, 0, 222), ("", 1, 0, 226))))))))))))
State 38:
Reducing production rules -> rules nonempty_list(NEWLINE) rule
("DEBUG:OLDRULE1", ("prompt", [(("", 1, 0, 211), ("", 1, 0, 217))], 0))
State 34:
Shifting (NEWLINE) to state 35
State 35:
Lookahead token is now NEWLINE (231-232)
Shifting (NEWLINE) to state 35
State 35:
Lookahead token is now NEWLINE (232-267)
Shifting (NEWLINE) to state 35
State 35:
Lookahead token is now LID (267-271)
Reducing production nonempty_list(NEWLINE) -> NEWLINE
State 2:
Reducing production nonempty_list(NEWLINE) -> NEWLINE nonempty_list(NEWLINE)
State 2:
Reducing production nonempty_list(NEWLINE) -> NEWLINE nonempty_list(NEWLINE)
State 37:
Shifting (LID) to state 3
State 3:
(1, 275, "::=")
Lookahead token is now COLONCOLONEQUAL (272-275)
Shifting (COLONCOLONEQUAL) to state 4
State 4:
("DEBUG2:rs", 32)
("DEBUG2:rs", 114)
("DEBUG2:rs", 101)
("DEBUG2:rs", 100)
("DEBUG2:rs", 44)
("DEBUG2:rs", 32)
("DEBUG2:rs", 103)
("DEBUG2:rs", 114)
("DEBUG2:rs", 101)
("DEBUG2:rs", 101)
("DEBUG2:rs", 110)
("DEBUG2:rs", 44)
("DEBUG2:rs", 32)
("DEBUG2:rs", 98)
("DEBUG2:rs", 108)
("DEBUG2:rs", 117)
("DEBUG2:rs", 101)
Lookahead token is now QID (294-295)
Shifting (QID) to state 9
State 9:
Lookahead token is now NEWLINE (295-296)
Reducing production term -> QID
("DEBUG:quid", ("\" red, green, blue\"", (("", 1, 0, 276), ("", 1, 0, 295))))
("DEBUG:sterm/quid", ("\" red, green, blue\"", (("", 1, 0, 276), ("", 1, 0, 295))))
("DEBUG:term/sterm", (("\" red, green, blue\"", (("", 1, 0, 276), ("", 1, 0, 295)))))
State 18:
Reducing production factor -> term
("DEBUG:termfactor", Tag2 ((("\" red, green, blue\"", (("", 1, 0, 276), ("", 1, 0, 295))))))
State 24:
Reducing production concatenation -> factor
("DEBUG:concat2", Tag2 (Tag2 (Tag2 ((("\" red, green, blue\"", (("", 1, 0, 276), ("", 1, 0, 295))))))))
State 25:
Reducing production alternation -> concatenation
("DEBUG:alt", Tag2 (Tag2 (Tag2 (Tag2 ((("\" red, green, blue\"", (("", 1, 0, 276), ("", 1, 0, 295)))))))))
State 29:
Reducing production rhs -> alternation
("DEBUG:rhs", Tag2 (Tag2 (Tag2 (Tag2 (Tag2 ((("\" red, green, blue\"", (("", 1, 0, 276), ("", 1, 0, 295))))))))))
State 33:
Reducing production rule -> LID COLONCOLONEQUAL rhs
("DEBUG:rule", ("init", (("", 1, 0, 267), ("", 1, 0, 271))), Tag2 (Tag2 (Tag2 (Tag2 (Tag2 (Tag2 ((("\" red, green, blue\"", (("", 1, 0, 276), ("", 1, 0, 295)))))))))))
State 38:
Reducing production rules -> rules nonempty_list(NEWLINE) rule
("DEBUG:OLDRULE1", ("init", [(("", 1, 0, 267), ("", 1, 0, 271))], 0))
State 34:
Shifting (NEWLINE) to state 35
State 35:
Lookahead token is now NEWLINE (296-297)
Shifting (NEWLINE) to state 35
State 35:
Lookahead token is now LID (297-302)
Reducing production nonempty_list(NEWLINE) -> NEWLINE
State 2:
Reducing production nonempty_list(NEWLINE) -> NEWLINE nonempty_list(NEWLINE)
State 37:
Shifting (LID) to state 3
State 3:
(1, 306, "::=")
Lookahead token is now COLONCOLONEQUAL (303-306)
Shifting (COLONCOLONEQUAL) to state 4
State 4:
("DEBUG2:rs", 44)
("DEBUG2:rs", 32)
Lookahead token is now QID (310-311)
Shifting (QID) to state 9
State 9:
"("
Lookahead token is now LPAREN (312-313)
Reducing production term -> QID
("DEBUG:quid", ("\", \"", (("", 1, 0, 307), ("", 1, 0, 311))))
("DEBUG:sterm/quid", ("\", \"", (("", 1, 0, 307), ("", 1, 0, 311))))
("DEBUG:term/sterm", (("\", \"", (("", 1, 0, 307), ("", 1, 0, 311)))))
State 18:
Reducing production factor -> term
("DEBUG:termfactor", Tag2 ((("\", \"", (("", 1, 0, 307), ("", 1, 0, 311))))))
State 24:
Reducing production concatenation -> factor
("DEBUG:concat2", Tag2 (Tag2 (Tag2 ((("\", \"", (("", 1, 0, 307), ("", 1, 0, 311))))))))
State 25:
Shifting (LPAREN) to state 10
State 10:
("DEBUG2:rs", 114)
("DEBUG2:rs", 101)
("DEBUG2:rs", 100)
Lookahead token is now QID (317-318)
Reducing production list(NEWLINE) ->
State 13:
Shifting (QID) to state 9
State 9:
Lookahead token is now BAR (319-320)
Reducing production term -> QID
("DEBUG:quid", ("\"red\"", (("", 1, 0, 313), ("", 1, 0, 318))))
("DEBUG:sterm/quid", ("\"red\"", (("", 1, 0, 313), ("", 1, 0, 318))))
("DEBUG:term/sterm", (("\"red\"", (("", 1, 0, 313), ("", 1, 0, 318)))))
State 18:
Reducing production factor -> term
("DEBUG:termfactor", Tag2 ((("\"red\"", (("", 1, 0, 313), ("", 1, 0, 318))))))
State 24:
Reducing production concatenation -> factor
("DEBUG:concat2", Tag2 (Tag2 (Tag2 ((("\"red\"", (("", 1, 0, 313), ("", 1, 0, 318))))))))
State 25:
Reducing production alternation -> concatenation
("DEBUG:alt", Tag2 (Tag2 (Tag2 (Tag2 ((("\"red\"", (("", 1, 0, 313), ("", 1, 0, 318)))))))))
State 29:
Shifting (BAR) to state 30
State 30:
("DEBUG2:rs", 103)
("DEBUG2:rs", 114)
("DEBUG2:rs", 101)
("DEBUG2:rs", 101)
("DEBUG2:rs", 110)
Lookahead token is now QID (327-328)
Reducing production list(NEWLINE) ->
State 31:
Shifting (QID) to state 9
State 9:
Lookahead token is now BAR (329-330)
Reducing production term -> QID
("DEBUG:quid", ("\"green\"", (("", 1, 0, 321), ("", 1, 0, 328))))
("DEBUG:sterm/quid", ("\"green\"", (("", 1, 0, 321), ("", 1, 0, 328))))
("DEBUG:term/sterm", (("\"green\"", (("", 1, 0, 321), ("", 1, 0, 328)))))
State 18:
Reducing production factor -> term
("DEBUG:termfactor", Tag2 ((("\"green\"", (("", 1, 0, 321), ("", 1, 0, 328))))))
State 24:
Reducing production concatenation -> factor
("DEBUG:concat2", Tag2 (Tag2 (Tag2 ((("\"green\"", (("", 1, 0, 321), ("", 1, 0, 328))))))))
State 32:
Reducing production alternation -> alternation BAR list(NEWLINE) concatenation
State 29:
Shifting (BAR) to state 30
State 30:
("DEBUG2:rs", 98)
("DEBUG2:rs", 108)
("DEBUG2:rs", 117)
("DEBUG2:rs", 101)
Lookahead token is now QID (336-337)
Reducing production list(NEWLINE) ->
State 31:
Shifting (QID) to state 9
State 9:
Lookahead token is now RPAREN (337-338)
Reducing production term -> QID
("DEBUG:quid", ("\"blue\"", (("", 1, 0, 331), ("", 1, 0, 337))))
("DEBUG:sterm/quid", ("\"blue\"", (("", 1, 0, 331), ("", 1, 0, 337))))
("DEBUG:term/sterm", (("\"blue\"", (("", 1, 0, 331), ("", 1, 0, 337)))))
State 18:
Reducing production factor -> term
("DEBUG:termfactor", Tag2 ((("\"blue\"", (("", 1, 0, 331), ("", 1, 0, 337))))))
State 24:
Reducing production concatenation -> factor
("DEBUG:concat2", Tag2 (Tag2 (Tag2 ((("\"blue\"", (("", 1, 0, 331), ("", 1, 0, 337))))))))
State 32:
Reducing production alternation -> alternation BAR list(NEWLINE) concatenation
State 29:
Reducing production rhs -> alternation
("DEBUG:rhs", Tag2 (Tag2 (Tag2 (Tag2 (Tag2 (Tag2 (Tag2 ((("\"red\"", (("", 1, 0, 313), ("", 1, 0, 318))))))))))))
State 22:
Shifting (RPAREN) to state 23
State 23:
Lookahead token is now NEWLINE (338-339)
Reducing production term -> LPAREN list(NEWLINE) rhs RPAREN
("DEBUG:rhs", Tag2 (Tag2 (Tag2 (Tag2 (Tag2 (Tag2 (Tag2 (Tag2 ((("\"red\"", (("", 1, 0, 313), ("", 1, 0, 318)))))))))))))
("DEBUG:cterm/group", Tag2 (Tag2 (Tag2 (Tag2 (Tag2 (Tag2 (Tag2 (Tag2 (Tag2 ((("\"red\"", (("", 1, 0, 313), ("", 1, 0, 318))))))))))))))
("DEBUG:term/cterms", Tag2 (Tag2 (Tag2 (Tag2 (Tag2 (Tag2 (Tag2 (Tag2 (Tag2 (Tag2 ((("\"red\"", (("", 1, 0, 313), ("", 1, 0, 318)))))))))))))))
State 18:
Reducing production factor -> term
("DEBUG:termfactor", Tag2 (Tag2 (Tag2 (Tag2 (Tag2 (Tag2 (Tag2 (Tag2 (Tag2 (Tag2 (Tag2 ((("\"red\"", (("", 1, 0, 313), ("", 1, 0, 318))))))))))))))))
State 26:
Reducing production concatenation -> concatenation factor
("DEBUG:concat1", Tag2 (Tag2 (Tag2 (Tag2 ((("\", \"", (("", 1, 0, 307), ("", 1, 0, 311)))))))))
State 25:
Reducing production alternation -> concatenation
("DEBUG:alt", Tag2 (Tag2 (Tag2 (Tag2 (Tag2 ((("\", \"", (("", 1, 0, 307), ("", 1, 0, 311))))))))))
State 29:
Reducing production rhs -> alternation
("DEBUG:rhs", Tag2 (Tag2 (Tag2 (Tag2 (Tag2 (Tag2 ((("\", \"", (("", 1, 0, 307), ("", 1, 0, 311)))))))))))
State 33:
Reducing production rule -> LID COLONCOLONEQUAL rhs
("DEBUG:rule", ("color", (("", 1, 0, 297), ("", 1, 0, 302))), Tag2 (Tag2 (Tag2 (Tag2 (Tag2 (Tag2 (Tag2 ((("\", \"", (("", 1, 0, 307), ("", 1, 0, 311))))))))))))
State 38:
Reducing production rules -> rules nonempty_list(NEWLINE) rule
("DEBUG:OLDRULE1", ("color", [(("", 1, 0, 297), ("", 1, 0, 302))], 0))
State 34:
Shifting (NEWLINE) to state 35
State 35:
Lookahead token is now EOF (339-339)
Reducing production list(NEWLINE) ->
State 12:
Reducing production list(NEWLINE) -> NEWLINE list(NEWLINE)
State 39:
Shifting (EOF) to state 40
State 40:
Reducing production postlude -> list(NEWLINE) EOF
"DEBUG:DONE"
State 36:
Reducing production grammar -> rules postlude
("DEBUG:grammar", Tag4 (("color", [(("", 1, 0, 297), ("", 1, 0, 302))], 0)), 0)
State 44:
Accepting
[""]
0
