Done: 2% (9/366, 357 left) (jobs: 0)                                    Done: 18% (72/380, 308 left) (jobs: 0)                                      Hello, World!
State 0:
Lookahead token is now LID (0-4)
Reducing production list(NEWLINE) ->
State 3:
Shifting (LID) to state 4
State 4:
(1, 8, "::=")
Lookahead token is now COLONCOLONEQUAL (5-8)
Shifting (COLONCOLONEQUAL) to state 5
State 5:
("DEBUG2:rs", 91)
Lookahead token is now QID (11-12)
Shifting (QID) to state 10
State 10:
Lookahead token is now LID (12-19)
Reducing production term -> QID
("DEBUG:quid", ("\"[\"", (("", 1, 0, 9), ("", 1, 0, 12))))
["DEBUG:sterm/quid"]
["DEBUG:term/sterm"]
State 17:
Reducing production factor -> term
["DEBUG:termfactor"]
["DEBUG:factor"]
State 23:
Reducing production concatenation -> factor
["DEBUG:concat2"]
State 24:
Shifting (LID) to state 13
State 13:
("DEBUG2:rs", 93)
Lookahead token is now QID (21-22)
Reducing production term -> LID
("DEBUG:lid", ("command", (("", 1, 0, 12), ("", 1, 0, 19))))
["DEBUG:sterm/lid"]
["DEBUG:term/sterm"]
State 17:
Reducing production factor -> term
["DEBUG:termfactor"]
["DEBUG:factor"]
State 25:
Reducing production concatenation -> concatenation factor
["DEBUG:concat1"]
State 24:
Shifting (QID) to state 10
State 10:
Lookahead token is now LID (23-34)
Reducing production term -> QID
("DEBUG:quid", ("\"]\"", (("", 1, 0, 19), ("", 1, 0, 22))))
["DEBUG:sterm/quid"]
["DEBUG:term/sterm"]
State 17:
Reducing production factor -> term
["DEBUG:termfactor"]
["DEBUG:factor"]
State 25:
Reducing production concatenation -> concatenation factor
["DEBUG:concat1"]
State 24:
Shifting (LID) to state 13
State 13:
Lookahead token is now NEWLINE (34-35)
Reducing production term -> LID
("DEBUG:lid", ("description", (("", 1, 0, 23), ("", 1, 0, 34))))
["DEBUG:sterm/lid"]
["DEBUG:term/sterm"]
State 17:
Reducing production factor -> term
["DEBUG:termfactor"]
["DEBUG:factor"]
State 25:
Reducing production concatenation -> concatenation factor
["DEBUG:concat1"]
State 24:
Reducing production alternation -> concatenation
["DEBUG:alt"]
State 28:
Reducing production rhs -> alternation
["DEBUG:rhs"]
State 32:
Reducing production rule -> LID COLONCOLONEQUAL rhs
("DEBUG:rule", ("root", (("", 1, 0, 0), ("", 1, 0, 4))), 0)
State 38:
Shifting (NEWLINE) to state 39
State 39:
Lookahead token is now NEWLINE (35-36)
Shifting (NEWLINE) to state 39
State 39:
Lookahead token is now LID (36-43)
Reducing production nonempty_list(NEWLINE) -> NEWLINE
State 40:
Reducing production nonempty_list(NEWLINE) -> NEWLINE nonempty_list(NEWLINE)
State 41:
Shifting (LID) to state 4
State 4:
(1, 47, "::=")
Lookahead token is now COLONCOLONEQUAL (44-47)
Shifting (COLONCOLONEQUAL) to state 5
State 5:
"["
"a"
"-"
"z"
"]"
Lookahead token is now REGEX (52-53)
Shifting (REGEX) to state 9
State 9:
Lookahead token is now PLUS (53-54)
Reducing production term -> REGEX
("DEBUG:class", ("\"TODO\"", (("", 1, 0, 48), ("", 1, 0, 53))))
["DEBUG:cterm/class"]
["DEBUG:term/cterms"]
State 17:
Shifting (PLUS) to state 20
State 20:
Lookahead token is now NEWLINE (54-55)
Reducing production factor -> term PLUS
["DEBUG:plus"]
["DEBUG:mod"]
["DEBUG:termfactor"]
["DEBUG:factormod"]
State 23:
Reducing production concatenation -> factor
["DEBUG:concat2"]
State 24:
Reducing production alternation -> concatenation
["DEBUG:alt"]
State 28:
Reducing production rhs -> alternation
["DEBUG:rhs"]
State 32:
Reducing production rule -> LID COLONCOLONEQUAL rhs
("DEBUG:rule", ("command", (("", 1, 0, 36), ("", 1, 0, 43))), 0)
State 38:
Shifting (NEWLINE) to state 39
State 39:
Lookahead token is now LID (55-66)
Reducing production nonempty_list(NEWLINE) -> NEWLINE
State 41:
Shifting (LID) to state 4
State 4:
(1, 70, "::=")
Lookahead token is now COLONCOLONEQUAL (67-70)
Shifting (COLONCOLONEQUAL) to state 5
State 5:
"["
"^"
"\\"
"n"
"]"
Lookahead token is now REGEX (75-76)
Shifting (REGEX) to state 9
State 9:
Lookahead token is now STAR (76-77)
Reducing production term -> REGEX
("DEBUG:class", ("\"TODO\"", (("", 1, 0, 71), ("", 1, 0, 76))))
["DEBUG:cterm/class"]
["DEBUG:term/cterms"]
State 17:
Shifting (STAR) to state 18
State 18:
Lookahead token is now NEWLINE (77-78)
Reducing production factor -> term STAR
["DEBUG:star"]
["DEBUG:star"]
["DEBUG:termfactor"]
["DEBUG:factormod"]
State 23:
Reducing production concatenation -> factor
["DEBUG:concat2"]
State 24:
Reducing production alternation -> concatenation
["DEBUG:alt"]
State 28:
Reducing production rhs -> alternation
["DEBUG:rhs"]
State 32:
Reducing production rule -> LID COLONCOLONEQUAL rhs
("DEBUG:rule", ("description", (("", 1, 0, 55), ("", 1, 0, 66))), 0)
State 38:
Shifting (NEWLINE) to state 39
State 39:
Lookahead token is now EOF (78-78)
Initiating error handling
Fatal error: exception Gbnf_parser.SentenceParser.MenhirBasics.Error
Raised at MenhirLib.Engine.Make.loop in file "lib/pack/menhirLib.ml", line 1724, characters 8-19
Called from Dune__exe__Main.grammar_from_channel in file "bin/main.ml", line 7, characters 12-49
Called from Dune__exe__Main.grammar_from_file in file "bin/main.ml", line 12, characters 10-33
Called from Dune__exe__Main in file "bin/main.ml", line 18, characters 10-36
