Done: 100% (2/2, 0 left) (jobs: 0)                                  Done: 18% (72/380, 308 left) (jobs: 0)                                      Done: 18% (72/380, 308 left) (jobs: 0)                                      Hello, World!
State 0:
Lookahead token is now LID (0-4)
Shifting (LID) to state 3
State 3:
(1, 8, "::=")
Lookahead token is now COLONCOLONEQUAL (5-8)
Shifting (COLONCOLONEQUAL) to state 4
State 4:
Lookahead token is now LID (9-14)
Shifting (LID) to state 14
State 14:
Lookahead token is now NEWLINE (14-15)
Reducing production term -> LID
("DEBUG:lid", ("Story", (("", 1, 0, 9), ("", 1, 0, 14))))
("DEBUG:sterm/lid", ("Story", (("", 1, 0, 9), ("", 1, 0, 14))))
("DEBUG:term/sterm", (("Story", (("", 1, 0, 9), ("", 1, 0, 14)))))
State 18:
Reducing production factor -> term
("DEBUG:termfactor", Tag2 ((("Story", (("", 1, 0, 9), ("", 1, 0, 14))))))
State 24:
Reducing production concatenation -> factor
("DEBUG:concat2", Tag2 (Tag2 (Tag2 ((("Story", (("", 1, 0, 9), ("", 1, 0, 14))))))))
State 25:
Reducing production alternation -> concatenation
("DEBUG:alt", Tag2 (Tag2 (Tag2 (Tag2 ((("Story", (("", 1, 0, 9), ("", 1, 0, 14)))))))))
State 29:
Reducing production rhs -> alternation
("DEBUG:rhs", Tag2 (Tag2 (Tag2 (Tag2 (Tag2 ((("Story", (("", 1, 0, 9), ("", 1, 0, 14))))))))))
State 33:
Reducing production rule -> LID COLONCOLONEQUAL rhs
("DEBUG:rule", ("root", (("", 1, 0, 0), ("", 1, 0, 4))), Tag2 (Tag2 (Tag2 (Tag2 (Tag2 (Tag2 ((("Story", (("", 1, 0, 9), ("", 1, 0, 14)))))))))))
State 41:
Reducing production rules -> rule
("DEBUG:OLDRULE", ("root", [(("", 1, 0, 0), ("", 1, 0, 4))], 0))
State 34:
Shifting (NEWLINE) to state 35
State 35:
Lookahead token is now LID (15-20)
Reducing production nonempty_list(NEWLINE) -> NEWLINE
State 37:
Shifting (LID) to state 3
State 3:
(1, 24, "::=")
Lookahead token is now COLONCOLONEQUAL (21-24)
Shifting (COLONCOLONEQUAL) to state 4
State 4:
("DEBUG2:rs", 123)
Lookahead token is now QID (27-28)
Shifting (QID) to state 9
State 9:
Lookahead token is now LID (31-33)
Reducing production term -> QID
("DEBUG:quid", ("\"{\"", (("", 1, 0, 25), ("", 1, 0, 28))))
("DEBUG:sterm/quid", ("\"{\"", (("", 1, 0, 25), ("", 1, 0, 28))))
("DEBUG:term/sterm", (("\"{\"", (("", 1, 0, 25), ("", 1, 0, 28)))))
State 18:
Reducing production factor -> term
("DEBUG:termfactor", Tag2 ((("\"{\"", (("", 1, 0, 25), ("", 1, 0, 28))))))
State 24:
Reducing production concatenation -> factor
("DEBUG:concat2", Tag2 (Tag2 (Tag2 ((("\"{\"", (("", 1, 0, 25), ("", 1, 0, 28))))))))
State 25:
Shifting (LID) to state 14
State 14:
("DEBUG:rs", "\\\"")
("DEBUG2:rs", 115)
("DEBUG2:rs", 117)
("DEBUG2:rs", 109)
("DEBUG2:rs", 109)
("DEBUG2:rs", 97)
("DEBUG2:rs", 114)
("DEBUG2:rs", 121)
("DEBUG:rs", "\\\"")
("DEBUG2:rs", 58)
Lookahead token is now QID (49-50)
Reducing production term -> LID
("DEBUG:lid", ("ws", (("", 1, 0, 31), ("", 1, 0, 33))))
("DEBUG:sterm/lid", ("ws", (("", 1, 0, 31), ("", 1, 0, 33))))
("DEBUG:term/sterm", (("ws", (("", 1, 0, 31), ("", 1, 0, 33)))))
State 18:
Reducing production factor -> term
("DEBUG:termfactor", Tag2 ((("ws", (("", 1, 0, 31), ("", 1, 0, 33))))))
State 26:
Reducing production concatenation -> concatenation factor
("DEBUG:concat1", Tag2 (Tag2 (Tag2 (Tag2 ((("\"{\"", (("", 1, 0, 25), ("", 1, 0, 28)))))))))
State 25:
Shifting (QID) to state 9
State 9:
Lookahead token is now LID (53-55)
Reducing production term -> QID
("DEBUG:quid", ("\"\\\"summary\\\":\"", (("", 1, 0, 36), ("", 1, 0, 50))))
("DEBUG:sterm/quid", ("\"\\\"summary\\\":\"", (("", 1, 0, 36), ("", 1, 0, 50))))
("DEBUG:term/sterm", (("\"\\\"summary\\\":\"", (("", 1, 0, 36), ("", 1, 0, 50)))))
State 18:
Reducing production factor -> term
("DEBUG:termfactor", Tag2 ((("\"\\\"summary\\\":\"", (("", 1, 0, 36), ("", 1, 0, 50))))))
State 26:
Reducing production concatenation -> concatenation factor
("DEBUG:concat1", Tag2 (Tag2 (Tag2 (Tag2 (Tag2 ((("\"{\"", (("", 1, 0, 25), ("", 1, 0, 28))))))))))
State 25:
Shifting (LID) to state 14
State 14:
Lookahead token is now LID (58-64)
Reducing production term -> LID
("DEBUG:lid", ("ws", (("", 1, 0, 53), ("", 1, 0, 55))))
("DEBUG:sterm/lid", ("ws", (("", 1, 0, 53), ("", 1, 0, 55))))
("DEBUG:term/sterm", (("ws", (("", 1, 0, 53), ("", 1, 0, 55)))))
State 18:
Reducing production factor -> term
("DEBUG:termfactor", Tag2 ((("ws", (("", 1, 0, 53), ("", 1, 0, 55))))))
State 26:
Reducing production concatenation -> concatenation factor
("DEBUG:concat1", Tag2 (Tag2 (Tag2 (Tag2 (Tag2 (Tag2 ((("\"{\"", (("", 1, 0, 25), ("", 1, 0, 28)))))))))))
State 25:
Shifting (LID) to state 14
State 14:
("DEBUG2:rs", 44)
Lookahead token is now QID (69-70)
Reducing production term -> LID
("DEBUG:lid", ("string", (("", 1, 0, 58), ("", 1, 0, 64))))
("DEBUG:sterm/lid", ("string", (("", 1, 0, 58), ("", 1, 0, 64))))
("DEBUG:term/sterm", (("string", (("", 1, 0, 58), ("", 1, 0, 64)))))
State 18:
Reducing production factor -> term
("DEBUG:termfactor", Tag2 ((("string", (("", 1, 0, 58), ("", 1, 0, 64))))))
State 26:
Reducing production concatenation -> concatenation factor
("DEBUG:concat1", Tag2 (Tag2 (Tag2 (Tag2 (Tag2 (Tag2 (Tag2 ((("\"{\"", (("", 1, 0, 25), ("", 1, 0, 28))))))))))))
State 25:
Shifting (QID) to state 9
State 9:
Lookahead token is now LID (73-75)
Reducing production term -> QID
("DEBUG:quid", ("\",\"", (("", 1, 0, 67), ("", 1, 0, 70))))
("DEBUG:sterm/quid", ("\",\"", (("", 1, 0, 67), ("", 1, 0, 70))))
("DEBUG:term/sterm", (("\",\"", (("", 1, 0, 67), ("", 1, 0, 70)))))
State 18:
Reducing production factor -> term
("DEBUG:termfactor", Tag2 ((("\",\"", (("", 1, 0, 67), ("", 1, 0, 70))))))
State 26:
Reducing production concatenation -> concatenation factor
("DEBUG:concat1", Tag2 (Tag2 (Tag2 (Tag2 (Tag2 (Tag2 (Tag2 (Tag2 ((("\"{\"", (("", 1, 0, 25), ("", 1, 0, 28)))))))))))))
State 25:
Shifting (LID) to state 14
State 14:
("DEBUG:rs", "\\\"")
("DEBUG2:rs", 115)
("DEBUG2:rs", 99)
("DEBUG2:rs", 101)
("DEBUG2:rs", 110)
("DEBUG2:rs", 101)
("DEBUG2:rs", 68)
("DEBUG2:rs", 101)
("DEBUG2:rs", 115)
("DEBUG2:rs", 99)
("DEBUG2:rs", 114)
("DEBUG2:rs", 105)
("DEBUG2:rs", 112)
("DEBUG2:rs", 116)
("DEBUG2:rs", 105)
("DEBUG2:rs", 111)
("DEBUG2:rs", 110)
("DEBUG:rs", "\\\"")
("DEBUG2:rs", 58)
Lookahead token is now QID (100-101)
Reducing production term -> LID
("DEBUG:lid", ("ws", (("", 1, 0, 73), ("", 1, 0, 75))))
("DEBUG:sterm/lid", ("ws", (("", 1, 0, 73), ("", 1, 0, 75))))
("DEBUG:term/sterm", (("ws", (("", 1, 0, 73), ("", 1, 0, 75)))))
State 18:
Reducing production factor -> term
("DEBUG:termfactor", Tag2 ((("ws", (("", 1, 0, 73), ("", 1, 0, 75))))))
State 26:
Reducing production concatenation -> concatenation factor
("DEBUG:concat1", Tag2 (Tag2 (Tag2 (Tag2 (Tag2 (Tag2 (Tag2 (Tag2 (Tag2 ((("\"{\"", (("", 1, 0, 25), ("", 1, 0, 28))))))))))))))
State 25:
Shifting (QID) to state 9
State 9:
Lookahead token is now LID (104-106)
Reducing production term -> QID
("DEBUG:quid", ("\"\\\"sceneDescription\\\":\"", (("", 1, 0, 78), ("", 1, 0, 101))))
("DEBUG:sterm/quid", ("\"\\\"sceneDescription\\\":\"", (("", 1, 0, 78), ("", 1, 0, 101))))
("DEBUG:term/sterm", (("\"\\\"sceneDescription\\\":\"", (("", 1, 0, 78), ("", 1, 0, 101)))))
State 18:
Reducing production factor -> term
("DEBUG:termfactor", Tag2 ((("\"\\\"sceneDescription\\\":\"", (("", 1, 0, 78), ("", 1, 0, 101))))))
State 26:
Reducing production concatenation -> concatenation factor
("DEBUG:concat1", Tag2 (Tag2 (Tag2 (Tag2 (Tag2 (Tag2 (Tag2 (Tag2 (Tag2 (Tag2 ((("\"{\"", (("", 1, 0, 25), ("", 1, 0, 28)))))))))))))))
State 25:
Shifting (LID) to state 14
State 14:
Lookahead token is now LID (109-115)
Reducing production term -> LID
("DEBUG:lid", ("ws", (("", 1, 0, 104), ("", 1, 0, 106))))
("DEBUG:sterm/lid", ("ws", (("", 1, 0, 104), ("", 1, 0, 106))))
("DEBUG:term/sterm", (("ws", (("", 1, 0, 104), ("", 1, 0, 106)))))
State 18:
Reducing production factor -> term
("DEBUG:termfactor", Tag2 ((("ws", (("", 1, 0, 104), ("", 1, 0, 106))))))
State 26:
Reducing production concatenation -> concatenation factor
("DEBUG:concat1", Tag2 (Tag2 (Tag2 (Tag2 (Tag2 (Tag2 (Tag2 (Tag2 (Tag2 (Tag2 (Tag2 ((("\"{\"", (("", 1, 0, 25), ("", 1, 0, 28))))))))))))))))
State 25:
Shifting (LID) to state 14
State 14:
("DEBUG2:rs", 44)
Lookahead token is now QID (120-121)
Reducing production term -> LID
("DEBUG:lid", ("string", (("", 1, 0, 109), ("", 1, 0, 115))))
("DEBUG:sterm/lid", ("string", (("", 1, 0, 109), ("", 1, 0, 115))))
("DEBUG:term/sterm", (("string", (("", 1, 0, 109), ("", 1, 0, 115)))))
State 18:
Reducing production factor -> term
("DEBUG:termfactor", Tag2 ((("string", (("", 1, 0, 109), ("", 1, 0, 115))))))
State 26:
Reducing production concatenation -> concatenation factor
("DEBUG:concat1", Tag2 (Tag2 (Tag2 (Tag2 (Tag2 (Tag2 (Tag2 (Tag2 (Tag2 (Tag2 (Tag2 (Tag2 ((("\"{\"", (("", 1, 0, 25), ("", 1, 0, 28)))))))))))))))))
State 25:
Shifting (QID) to state 9
State 9:
Lookahead token is now LID (124-126)
Reducing production term -> QID
("DEBUG:quid", ("\",\"", (("", 1, 0, 118), ("", 1, 0, 121))))
("DEBUG:sterm/quid", ("\",\"", (("", 1, 0, 118), ("", 1, 0, 121))))
("DEBUG:term/sterm", (("\",\"", (("", 1, 0, 118), ("", 1, 0, 121)))))
State 18:
Reducing production factor -> term
("DEBUG:termfactor", Tag2 ((("\",\"", (("", 1, 0, 118), ("", 1, 0, 121))))))
State 26:
Reducing production concatenation -> concatenation factor
("DEBUG:concat1", Tag2 (Tag2 (Tag2 (Tag2 (Tag2 (Tag2 (Tag2 (Tag2 (Tag2 (Tag2 (Tag2 (Tag2 (Tag2 ((("\"{\"", (("", 1, 0, 25), ("", 1, 0, 28))))))))))))))))))
State 25:
Shifting (LID) to state 14
State 14:
("DEBUG:rs", "\\\"")
("DEBUG2:rs", 105)
("DEBUG2:rs", 109)
("DEBUG2:rs", 97)
("DEBUG2:rs", 103)
("DEBUG2:rs", 101)
("DEBUG2:rs", 68)
("DEBUG2:rs", 101)
("DEBUG2:rs", 115)
("DEBUG2:rs", 99)
("DEBUG2:rs", 114)
("DEBUG2:rs", 105)
("DEBUG2:rs", 112)
("DEBUG2:rs", 116)
("DEBUG2:rs", 105)
("DEBUG2:rs", 111)
("DEBUG2:rs", 110)
("DEBUG:rs", "\\\"")
("DEBUG2:rs", 58)
Lookahead token is now QID (151-152)
Reducing production term -> LID
("DEBUG:lid", ("ws", (("", 1, 0, 124), ("", 1, 0, 126))))
("DEBUG:sterm/lid", ("ws", (("", 1, 0, 124), ("", 1, 0, 126))))
("DEBUG:term/sterm", (("ws", (("", 1, 0, 124), ("", 1, 0, 126)))))
State 18:
Reducing production factor -> term
("DEBUG:termfactor", Tag2 ((("ws", (("", 1, 0, 124), ("", 1, 0, 126))))))
State 26:
Reducing production concatenation -> concatenation factor
("DEBUG:concat1", Tag2 (Tag2 (Tag2 (Tag2 (Tag2 (Tag2 (Tag2 (Tag2 (Tag2 (Tag2 (Tag2 (Tag2 (Tag2 (Tag2 ((("\"{\"", (("", 1, 0, 25), ("", 1, 0, 28)))))))))))))))))))
State 25:
Shifting (QID) to state 9
State 9:
Lookahead token is now LID (155-157)
Reducing production term -> QID
("DEBUG:quid", ("\"\\\"imageDescription\\\":\"", (("", 1, 0, 129), ("", 1, 0, 152))))
("DEBUG:sterm/quid", ("\"\\\"imageDescription\\\":\"", (("", 1, 0, 129), ("", 1, 0, 152))))
("DEBUG:term/sterm", (("\"\\\"imageDescription\\\":\"", (("", 1, 0, 129), ("", 1, 0, 152)))))
State 18:
Reducing production factor -> term
("DEBUG:termfactor", Tag2 ((("\"\\\"imageDescription\\\":\"", (("", 1, 0, 129), ("", 1, 0, 152))))))
State 26:
Reducing production concatenation -> concatenation factor
("DEBUG:concat1", Tag2 (Tag2 (Tag2 (Tag2 (Tag2 (Tag2 (Tag2 (Tag2 (Tag2 (Tag2 (Tag2 (Tag2 (Tag2 (Tag2 (Tag2 ((("\"{\"", (("", 1, 0, 25), ("", 1, 0, 28))))))))))))))))))))
State 25:
Shifting (LID) to state 14
State 14:
Lookahead token is now LID (160-166)
Reducing production term -> LID
("DEBUG:lid", ("ws", (("", 1, 0, 155), ("", 1, 0, 157))))
("DEBUG:sterm/lid", ("ws", (("", 1, 0, 155), ("", 1, 0, 157))))
("DEBUG:term/sterm", (("ws", (("", 1, 0, 155), ("", 1, 0, 157)))))
State 18:
Reducing production factor -> term
("DEBUG:termfactor", Tag2 ((("ws", (("", 1, 0, 155), ("", 1, 0, 157))))))
State 26:
Reducing production concatenation -> concatenation factor
("DEBUG:concat1", Tag2 (Tag2 (Tag2 (Tag2 (Tag2 (Tag2 (Tag2 (Tag2 (Tag2 (Tag2 (Tag2 (Tag2 (Tag2 (Tag2 (Tag2 (Tag2 ((("\"{\"", (("", 1, 0, 25), ("", 1, 0, 28)))))))))))))))))))))
State 25:
Shifting (LID) to state 14
State 14:
("DEBUG2:rs", 44)
Lookahead token is now QID (171-172)
Reducing production term -> LID
("DEBUG:lid", ("string", (("", 1, 0, 160), ("", 1, 0, 166))))
("DEBUG:sterm/lid", ("string", (("", 1, 0, 160), ("", 1, 0, 166))))
("DEBUG:term/sterm", (("string", (("", 1, 0, 160), ("", 1, 0, 166)))))
State 18:
Reducing production factor -> term
("DEBUG:termfactor", Tag2 ((("string", (("", 1, 0, 160), ("", 1, 0, 166))))))
State 26:
Reducing production concatenation -> concatenation factor
("DEBUG:concat1", Tag2 (Tag2 (Tag2 (Tag2 (Tag2 (Tag2 (Tag2 (Tag2 (Tag2 (Tag2 (Tag2 (Tag2 (Tag2 (Tag2 (Tag2 (Tag2 (Tag2 ((("\"{\"", (("", 1, 0, 25), ("", 1, 0, 28))))))))))))))))))))))
State 25:
Shifting (QID) to state 9
State 9:
Lookahead token is now LID (175-177)
Reducing production term -> QID
("DEBUG:quid", ("\",\"", (("", 1, 0, 169), ("", 1, 0, 172))))
("DEBUG:sterm/quid", ("\",\"", (("", 1, 0, 169), ("", 1, 0, 172))))
("DEBUG:term/sterm", (("\",\"", (("", 1, 0, 169), ("", 1, 0, 172)))))
State 18:
Reducing production factor -> term
("DEBUG:termfactor", Tag2 ((("\",\"", (("", 1, 0, 169), ("", 1, 0, 172))))))
State 26:
Reducing production concatenation -> concatenation factor
("DEBUG:concat1", Tag2 (Tag2 (Tag2 (Tag2 (Tag2 (Tag2 (Tag2 (Tag2 (Tag2 (Tag2 (Tag2 (Tag2 (Tag2 (Tag2 (Tag2 (Tag2 (Tag2 (Tag2 ((("\"{\"", (("", 1, 0, 25), ("", 1, 0, 28)))))))))))))))))))))))
State 25:
Shifting (LID) to state 14
State 14:
("DEBUG:rs", "\\\"")
("DEBUG2:rs", 111)
("DEBUG2:rs", 112)
("DEBUG2:rs", 116)
("DEBUG2:rs", 105)
("DEBUG2:rs", 111)
("DEBUG2:rs", 110)
("DEBUG2:rs", 115)
("DEBUG:rs", "\\\"")
("DEBUG2:rs", 58)
Lookahead token is now QID (193-194)
Reducing production term -> LID
("DEBUG:lid", ("ws", (("", 1, 0, 175), ("", 1, 0, 177))))
("DEBUG:sterm/lid", ("ws", (("", 1, 0, 175), ("", 1, 0, 177))))
("DEBUG:term/sterm", (("ws", (("", 1, 0, 175), ("", 1, 0, 177)))))
State 18:
Reducing production factor -> term
("DEBUG:termfactor", Tag2 ((("ws", (("", 1, 0, 175), ("", 1, 0, 177))))))
State 26:
Reducing production concatenation -> concatenation factor
("DEBUG:concat1", Tag2 (Tag2 (Tag2 (Tag2 (Tag2 (Tag2 (Tag2 (Tag2 (Tag2 (Tag2 (Tag2 (Tag2 (Tag2 (Tag2 (Tag2 (Tag2 (Tag2 (Tag2 (Tag2 ((("\"{\"", (("", 1, 0, 25), ("", 1, 0, 28))))))))))))))))))))))))
State 25:
Shifting (QID) to state 9
State 9:
Lookahead token is now LID (197-199)
Reducing production term -> QID
("DEBUG:quid", ("\"\\\"options\\\":\"", (("", 1, 0, 180), ("", 1, 0, 194))))
("DEBUG:sterm/quid", ("\"\\\"options\\\":\"", (("", 1, 0, 180), ("", 1, 0, 194))))
("DEBUG:term/sterm", (("\"\\\"options\\\":\"", (("", 1, 0, 180), ("", 1, 0, 194)))))
State 18:
Reducing production factor -> term
("DEBUG:termfactor", Tag2 ((("\"\\\"options\\\":\"", (("", 1, 0, 180), ("", 1, 0, 194))))))
State 26:
Reducing production concatenation -> concatenation factor
("DEBUG:concat1", Tag2 (Tag2 (Tag2 (Tag2 (Tag2 (Tag2 (Tag2 (Tag2 (Tag2 (Tag2 (Tag2 (Tag2 (Tag2 (Tag2 (Tag2 (Tag2 (Tag2 (Tag2 (Tag2 (Tag2 ((("\"{\"", (("", 1, 0, 25), ("", 1, 0, 28)))))))))))))))))))))))))
State 25:
Shifting (LID) to state 14
State 14:
Lookahead token is now LID (202-212)
Reducing production term -> LID
("DEBUG:lid", ("ws", (("", 1, 0, 197), ("", 1, 0, 199))))
("DEBUG:sterm/lid", ("ws", (("", 1, 0, 197), ("", 1, 0, 199))))
("DEBUG:term/sterm", (("ws", (("", 1, 0, 197), ("", 1, 0, 199)))))
State 18:
Reducing production factor -> term
("DEBUG:termfactor", Tag2 ((("ws", (("", 1, 0, 197), ("", 1, 0, 199))))))
State 26:
Reducing production concatenation -> concatenation factor
("DEBUG:concat1", Tag2 (Tag2 (Tag2 (Tag2 (Tag2 (Tag2 (Tag2 (Tag2 (Tag2 (Tag2 (Tag2 (Tag2 (Tag2 (Tag2 (Tag2 (Tag2 (Tag2 (Tag2 (Tag2 (Tag2 (Tag2 ((("\"{\"", (("", 1, 0, 25), ("", 1, 0, 28))))))))))))))))))))))))))
State 25:
Shifting (LID) to state 14
State 14:
("DEBUG2:rs", 125)
Lookahead token is now QID (217-218)
Reducing production term -> LID
("DEBUG:lid", ("stringlist", (("", 1, 0, 202), ("", 1, 0, 212))))
("DEBUG:sterm/lid", ("stringlist", (("", 1, 0, 202), ("", 1, 0, 212))))
("DEBUG:term/sterm", (("stringlist", (("", 1, 0, 202), ("", 1, 0, 212)))))
State 18:
Reducing production factor -> term
("DEBUG:termfactor", Tag2 ((("stringlist", (("", 1, 0, 202), ("", 1, 0, 212))))))
State 26:
Reducing production concatenation -> concatenation factor
("DEBUG:concat1", Tag2 (Tag2 (Tag2 (Tag2 (Tag2 (Tag2 (Tag2 (Tag2 (Tag2 (Tag2 (Tag2 (Tag2 (Tag2 (Tag2 (Tag2 (Tag2 (Tag2 (Tag2 (Tag2 (Tag2 (Tag2 (Tag2 ((("\"{\"", (("", 1, 0, 25), ("", 1, 0, 28)))))))))))))))))))))))))))
State 25:
Shifting (QID) to state 9
State 9:
Lookahead token is now NEWLINE (218-219)
Reducing production term -> QID
("DEBUG:quid", ("\"}\"", (("", 1, 0, 215), ("", 1, 0, 218))))
("DEBUG:sterm/quid", ("\"}\"", (("", 1, 0, 215), ("", 1, 0, 218))))
("DEBUG:term/sterm", (("\"}\"", (("", 1, 0, 215), ("", 1, 0, 218)))))
State 18:
Reducing production factor -> term
("DEBUG:termfactor", Tag2 ((("\"}\"", (("", 1, 0, 215), ("", 1, 0, 218))))))
State 26:
Reducing production concatenation -> concatenation factor
("DEBUG:concat1", Tag2 (Tag2 (Tag2 (Tag2 (Tag2 (Tag2 (Tag2 (Tag2 (Tag2 (Tag2 (Tag2 (Tag2 (Tag2 (Tag2 (Tag2 (Tag2 (Tag2 (Tag2 (Tag2 (Tag2 (Tag2 (Tag2 (Tag2 ((("\"{\"", (("", 1, 0, 25), ("", 1, 0, 28))))))))))))))))))))))))))))
State 25:
Reducing production alternation -> concatenation
("DEBUG:alt", Tag2 (Tag2 (Tag2 (Tag2 (Tag2 (Tag2 (Tag2 (Tag2 (Tag2 (Tag2 (Tag2 (Tag2 (Tag2 (Tag2 (Tag2 (Tag2 (Tag2 (Tag2 (Tag2 (Tag2 (Tag2 (Tag2 (Tag2 (Tag2 ((("\"{\"", (("", 1, 0, 25), ("", 1, 0, 28)))))))))))))))))))))))))))))
State 29:
Reducing production rhs -> alternation
("DEBUG:rhs", Tag2 (Tag2 (Tag2 (Tag2 (Tag2 (Tag2 (Tag2 (Tag2 (Tag2 (Tag2 (Tag2 (Tag2 (Tag2 (Tag2 (Tag2 (Tag2 (Tag2 (Tag2 (Tag2 (Tag2 (Tag2 (Tag2 (Tag2 (Tag2 (Tag2 ((("\"{\"", (("", 1, 0, 25), ("", 1, 0, 28))))))))))))))))))))))))))))))
State 33:
Reducing production rule -> LID COLONCOLONEQUAL rhs
("DEBUG:rule", ("Story", (("", 1, 0, 15), ("", 1, 0, 20))), Tag2 (Tag2 (Tag2 (Tag2 (Tag2 (Tag2 (Tag2 (Tag2 (Tag2 (Tag2 (Tag2 (Tag2 (Tag2 (Tag2 (Tag2 (Tag2 (Tag2 (Tag2 (Tag2 (Tag2 (Tag2 (Tag2 (Tag2 (Tag2 (Tag2 (Tag2 ((("\"{\"", (("", 1, 0, 25), ("", 1, 0, 28)))))))))))))))))))))))))))))))
State 38:
Reducing production rules -> rules nonempty_list(NEWLINE) rule
("DEBUG:OLDRULE1", ("Story", [(("", 1, 0, 15), ("", 1, 0, 20))], 0))
State 34:
Shifting (NEWLINE) to state 35
State 35:
Lookahead token is now LID (219-225)
Reducing production nonempty_list(NEWLINE) -> NEWLINE
State 37:
Shifting (LID) to state 3
State 3:
(1, 229, "::=")
Lookahead token is now COLONCOLONEQUAL (226-229)
Shifting (COLONCOLONEQUAL) to state 4
State 4:
("DEBUG:rs", "\\\"")
Lookahead token is now QID (233-234)
Shifting (QID) to state 9
State 9:
"("
Lookahead token is now LPAREN (235-236)
Reducing production term -> QID
("DEBUG:quid", ("\"\\\"\"", (("", 1, 0, 230), ("", 1, 0, 234))))
("DEBUG:sterm/quid", ("\"\\\"\"", (("", 1, 0, 230), ("", 1, 0, 234))))
("DEBUG:term/sterm", (("\"\\\"\"", (("", 1, 0, 230), ("", 1, 0, 234)))))
State 18:
Reducing production factor -> term
("DEBUG:termfactor", Tag2 ((("\"\\\"\"", (("", 1, 0, 230), ("", 1, 0, 234))))))
State 24:
Reducing production concatenation -> factor
("DEBUG:concat2", Tag2 (Tag2 (Tag2 ((("\"\\\"\"", (("", 1, 0, 230), ("", 1, 0, 234))))))))
State 25:
Shifting (LPAREN) to state 10
State 10:
Lookahead token is now LID (236-244)
Reducing production list(NEWLINE) ->
State 13:
Shifting (LID) to state 14
State 14:
Lookahead token is now RPAREN (244-245)
Reducing production term -> LID
("DEBUG:lid", ("jsonchar", (("", 1, 0, 236), ("", 1, 0, 244))))
("DEBUG:sterm/lid", ("jsonchar", (("", 1, 0, 236), ("", 1, 0, 244))))
("DEBUG:term/sterm", (("jsonchar", (("", 1, 0, 236), ("", 1, 0, 244)))))
State 18:
Reducing production factor -> term
("DEBUG:termfactor", Tag2 ((("jsonchar", (("", 1, 0, 236), ("", 1, 0, 244))))))
State 24:
Reducing production concatenation -> factor
("DEBUG:concat2", Tag2 (Tag2 (Tag2 ((("jsonchar", (("", 1, 0, 236), ("", 1, 0, 244))))))))
State 25:
Reducing production alternation -> concatenation
("DEBUG:alt", Tag2 (Tag2 (Tag2 (Tag2 ((("jsonchar", (("", 1, 0, 236), ("", 1, 0, 244)))))))))
State 29:
Reducing production rhs -> alternation
("DEBUG:rhs", Tag2 (Tag2 (Tag2 (Tag2 (Tag2 ((("jsonchar", (("", 1, 0, 236), ("", 1, 0, 244))))))))))
State 22:
Shifting (RPAREN) to state 23
State 23:
Lookahead token is now STAR (245-246)
Reducing production term -> LPAREN list(NEWLINE) rhs RPAREN
("DEBUG:rhs", Tag2 (Tag2 (Tag2 (Tag2 (Tag2 (Tag2 ((("jsonchar", (("", 1, 0, 236), ("", 1, 0, 244)))))))))))
("DEBUG:cterm/group", Tag2 (Tag2 (Tag2 (Tag2 (Tag2 (Tag2 (Tag2 ((("jsonchar", (("", 1, 0, 236), ("", 1, 0, 244))))))))))))
("DEBUG:term/cterms", Tag2 (Tag2 (Tag2 (Tag2 (Tag2 (Tag2 (Tag2 (Tag2 ((("jsonchar", (("", 1, 0, 236), ("", 1, 0, 244)))))))))))))
State 18:
Shifting (STAR) to state 19
State 19:
("DEBUG:rs", "\\\"")
Lookahead token is now QID (250-251)
Reducing production factor -> term STAR
["DEBUG:star"]
("DEBUG:termfactor", Tag2 (Tag2 (Tag2 (Tag2 (Tag2 (Tag2 (Tag2 (Tag2 (Tag2 ((("jsonchar", (("", 1, 0, 236), ("", 1, 0, 244))))))))))))))
State 26:
Reducing production concatenation -> concatenation factor
("DEBUG:concat1", Tag2 (Tag2 (Tag2 (Tag2 ((("\"\\\"\"", (("", 1, 0, 230), ("", 1, 0, 234)))))))))
State 25:
Shifting (QID) to state 9
State 9:
Lookahead token is now NEWLINE (251-252)
Reducing production term -> QID
("DEBUG:quid", ("\"\\\"\"", (("", 1, 0, 247), ("", 1, 0, 251))))
("DEBUG:sterm/quid", ("\"\\\"\"", (("", 1, 0, 247), ("", 1, 0, 251))))
("DEBUG:term/sterm", (("\"\\\"\"", (("", 1, 0, 247), ("", 1, 0, 251)))))
State 18:
Reducing production factor -> term
("DEBUG:termfactor", Tag2 ((("\"\\\"\"", (("", 1, 0, 247), ("", 1, 0, 251))))))
State 26:
Reducing production concatenation -> concatenation factor
("DEBUG:concat1", Tag2 (Tag2 (Tag2 (Tag2 (Tag2 ((("\"\\\"\"", (("", 1, 0, 230), ("", 1, 0, 234))))))))))
State 25:
Reducing production alternation -> concatenation
("DEBUG:alt", Tag2 (Tag2 (Tag2 (Tag2 (Tag2 (Tag2 ((("\"\\\"\"", (("", 1, 0, 230), ("", 1, 0, 234)))))))))))
State 29:
Reducing production rhs -> alternation
("DEBUG:rhs", Tag2 (Tag2 (Tag2 (Tag2 (Tag2 (Tag2 (Tag2 ((("\"\\\"\"", (("", 1, 0, 230), ("", 1, 0, 234))))))))))))
State 33:
Reducing production rule -> LID COLONCOLONEQUAL rhs
("DEBUG:rule", ("string", (("", 1, 0, 219), ("", 1, 0, 225))), Tag2 (Tag2 (Tag2 (Tag2 (Tag2 (Tag2 (Tag2 (Tag2 ((("\"\\\"\"", (("", 1, 0, 230), ("", 1, 0, 234)))))))))))))
State 38:
Reducing production rules -> rules nonempty_list(NEWLINE) rule
("DEBUG:OLDRULE1", ("string", [(("", 1, 0, 219), ("", 1, 0, 225))], 0))
State 34:
Shifting (NEWLINE) to state 35
State 35:
Lookahead token is now LID (252-260)
Reducing production nonempty_list(NEWLINE) -> NEWLINE
State 37:
Shifting (LID) to state 3
State 3:
(1, 264, "::=")
Lookahead token is now COLONCOLONEQUAL (261-264)
Shifting (COLONCOLONEQUAL) to state 4
State 4:
"["
"^"
"\\"
"\\"
"\\"
"\""
"\\"
"n"
"]"
Lookahead token is now REGEX (273-274)
Shifting (REGEX) to state 8
State 8:
Lookahead token is now BAR (275-276)
Reducing production term -> REGEX
("DEBUG:class", ("\"TODO\"", (("", 1, 0, 265), ("", 1, 0, 274))))
("DEBUG:cterm/class", (("\"TODO\"", (("", 1, 0, 265), ("", 1, 0, 274)))))
("DEBUG:term/cterms", Tag2 ((("\"TODO\"", (("", 1, 0, 265), ("", 1, 0, 274))))))
State 18:
Reducing production factor -> term
("DEBUG:termfactor", Tag2 (Tag2 ((("\"TODO\"", (("", 1, 0, 265), ("", 1, 0, 274)))))))
State 24:
Reducing production concatenation -> factor
("DEBUG:concat2", Tag2 (Tag2 (Tag2 (Tag2 ((("\"TODO\"", (("", 1, 0, 265), ("", 1, 0, 274)))))))))
State 25:
Reducing production alternation -> concatenation
("DEBUG:alt", Tag2 (Tag2 (Tag2 (Tag2 (Tag2 ((("\"TODO\"", (("", 1, 0, 265), ("", 1, 0, 274))))))))))
State 29:
Shifting (BAR) to state 30
State 30:
("DEBUG:rs", "\\\\")
("DEBUG:rs", "\\\"")
Lookahead token is now QID (282-283)
Reducing production list(NEWLINE) ->
State 31:
Shifting (QID) to state 9
State 9:
Lookahead token is now BAR (284-285)
Reducing production term -> QID
("DEBUG:quid", ("\"\\\\\\\"\"", (("", 1, 0, 277), ("", 1, 0, 283))))
("DEBUG:sterm/quid", ("\"\\\\\\\"\"", (("", 1, 0, 277), ("", 1, 0, 283))))
("DEBUG:term/sterm", (("\"\\\\\\\"\"", (("", 1, 0, 277), ("", 1, 0, 283)))))
State 18:
Reducing production factor -> term
("DEBUG:termfactor", Tag2 ((("\"\\\\\\\"\"", (("", 1, 0, 277), ("", 1, 0, 283))))))
State 24:
Reducing production concatenation -> factor
("DEBUG:concat2", Tag2 (Tag2 (Tag2 ((("\"\\\\\\\"\"", (("", 1, 0, 277), ("", 1, 0, 283))))))))
State 32:
Reducing production alternation -> alternation BAR list(NEWLINE) concatenation
State 29:
Shifting (BAR) to state 30
State 30:
("DEBUG:rs", "\\\\")
("DEBUG:rs", "\\\\")
Lookahead token is now QID (291-292)
Reducing production list(NEWLINE) ->
State 31:
Shifting (QID) to state 9
State 9:
Lookahead token is now BAR (293-294)
Reducing production term -> QID
("DEBUG:quid", ("\"\\\\\\\\\"", (("", 1, 0, 286), ("", 1, 0, 292))))
("DEBUG:sterm/quid", ("\"\\\\\\\\\"", (("", 1, 0, 286), ("", 1, 0, 292))))
("DEBUG:term/sterm", (("\"\\\\\\\\\"", (("", 1, 0, 286), ("", 1, 0, 292)))))
State 18:
Reducing production factor -> term
("DEBUG:termfactor", Tag2 ((("\"\\\\\\\\\"", (("", 1, 0, 286), ("", 1, 0, 292))))))
State 24:
Reducing production concatenation -> factor
("DEBUG:concat2", Tag2 (Tag2 (Tag2 ((("\"\\\\\\\\\"", (("", 1, 0, 286), ("", 1, 0, 292))))))))
State 32:
Reducing production alternation -> alternation BAR list(NEWLINE) concatenation
State 29:
Shifting (BAR) to state 30
State 30:
("DEBUG:rs", "\\\\")
("DEBUG2:rs", 110)
Lookahead token is now QID (299-300)
Reducing production list(NEWLINE) ->
State 31:
Shifting (QID) to state 9
State 9:
Lookahead token is now NEWLINE (300-301)
Reducing production term -> QID
("DEBUG:quid", ("\"\\\\n\"", (("", 1, 0, 295), ("", 1, 0, 300))))
("DEBUG:sterm/quid", ("\"\\\\n\"", (("", 1, 0, 295), ("", 1, 0, 300))))
("DEBUG:term/sterm", (("\"\\\\n\"", (("", 1, 0, 295), ("", 1, 0, 300)))))
State 18:
Reducing production factor -> term
("DEBUG:termfactor", Tag2 ((("\"\\\\n\"", (("", 1, 0, 295), ("", 1, 0, 300))))))
State 24:
Reducing production concatenation -> factor
("DEBUG:concat2", Tag2 (Tag2 (Tag2 ((("\"\\\\n\"", (("", 1, 0, 295), ("", 1, 0, 300))))))))
State 32:
Reducing production alternation -> alternation BAR list(NEWLINE) concatenation
State 29:
Reducing production rhs -> alternation
("DEBUG:rhs", Tag2 (Tag2 (Tag2 (Tag2 (Tag2 (Tag2 (Tag2 (Tag2 (Tag2 ((("\"TODO\"", (("", 1, 0, 265), ("", 1, 0, 274))))))))))))))
State 33:
Reducing production rule -> LID COLONCOLONEQUAL rhs
("DEBUG:rule", ("jsonchar", (("", 1, 0, 252), ("", 1, 0, 260))), Tag2 (Tag2 (Tag2 (Tag2 (Tag2 (Tag2 (Tag2 (Tag2 (Tag2 (Tag2 ((("\"TODO\"", (("", 1, 0, 265), ("", 1, 0, 274)))))))))))))))
State 38:
Reducing production rules -> rules nonempty_list(NEWLINE) rule
("DEBUG:OLDRULE1", ("jsonchar", [(("", 1, 0, 252), ("", 1, 0, 260))], 0))
State 34:
Shifting (NEWLINE) to state 35
State 35:
Lookahead token is now LID (301-304)
Reducing production nonempty_list(NEWLINE) -> NEWLINE
State 37:
Shifting (LID) to state 3
State 3:
(1, 308, "::=")
Lookahead token is now COLONCOLONEQUAL (305-308)
Shifting (COLONCOLONEQUAL) to state 4
State 4:
"["
"0"
"-"
"9"
"a"
"-"
"f"
"A"
"-"
"F"
"]"
Lookahead token is now REGEX (319-320)
Shifting (REGEX) to state 8
State 8:
Lookahead token is now NEWLINE (320-321)
Reducing production term -> REGEX
("DEBUG:class", ("\"TODO\"", (("", 1, 0, 309), ("", 1, 0, 320))))
("DEBUG:cterm/class", (("\"TODO\"", (("", 1, 0, 309), ("", 1, 0, 320)))))
("DEBUG:term/cterms", Tag2 ((("\"TODO\"", (("", 1, 0, 309), ("", 1, 0, 320))))))
State 18:
Reducing production factor -> term
("DEBUG:termfactor", Tag2 (Tag2 ((("\"TODO\"", (("", 1, 0, 309), ("", 1, 0, 320)))))))
State 24:
Reducing production concatenation -> factor
("DEBUG:concat2", Tag2 (Tag2 (Tag2 (Tag2 ((("\"TODO\"", (("", 1, 0, 309), ("", 1, 0, 320)))))))))
State 25:
Reducing production alternation -> concatenation
("DEBUG:alt", Tag2 (Tag2 (Tag2 (Tag2 (Tag2 ((("\"TODO\"", (("", 1, 0, 309), ("", 1, 0, 320))))))))))
State 29:
Reducing production rhs -> alternation
("DEBUG:rhs", Tag2 (Tag2 (Tag2 (Tag2 (Tag2 (Tag2 ((("\"TODO\"", (("", 1, 0, 309), ("", 1, 0, 320)))))))))))
State 33:
Reducing production rule -> LID COLONCOLONEQUAL rhs
("DEBUG:rule", ("hex", (("", 1, 0, 301), ("", 1, 0, 304))), Tag2 (Tag2 (Tag2 (Tag2 (Tag2 (Tag2 (Tag2 ((("\"TODO\"", (("", 1, 0, 309), ("", 1, 0, 320))))))))))))
State 38:
Reducing production rules -> rules nonempty_list(NEWLINE) rule
("DEBUG:OLDRULE1", ("hex", [(("", 1, 0, 301), ("", 1, 0, 304))], 0))
State 34:
Shifting (NEWLINE) to state 35
State 35:
Lookahead token is now LID (321-323)
Reducing production nonempty_list(NEWLINE) -> NEWLINE
State 37:
Shifting (LID) to state 3
State 3:
(1, 327, "::=")
Lookahead token is now COLONCOLONEQUAL (324-327)
Shifting (COLONCOLONEQUAL) to state 4
State 4:
"["
" "
"\\"
"t"
"\\"
"n"
"]"
Lookahead token is now REGEX (334-335)
Shifting (REGEX) to state 8
State 8:
Lookahead token is now STAR (335-336)
Reducing production term -> REGEX
("DEBUG:class", ("\"TODO\"", (("", 1, 0, 328), ("", 1, 0, 335))))
("DEBUG:cterm/class", (("\"TODO\"", (("", 1, 0, 328), ("", 1, 0, 335)))))
("DEBUG:term/cterms", Tag2 ((("\"TODO\"", (("", 1, 0, 328), ("", 1, 0, 335))))))
State 18:
Shifting (STAR) to state 19
State 19:
Lookahead token is now NEWLINE (336-337)
Reducing production factor -> term STAR
["DEBUG:star"]
("DEBUG:termfactor", Tag2 (Tag2 ((("\"TODO\"", (("", 1, 0, 328), ("", 1, 0, 335)))))))
State 24:
Reducing production concatenation -> factor
("DEBUG:concat2", Tag2 (Tag2 (Tag2 (Tag2 ((("\"TODO\"", (("", 1, 0, 328), ("", 1, 0, 335)))))))))
State 25:
Reducing production alternation -> concatenation
("DEBUG:alt", Tag2 (Tag2 (Tag2 (Tag2 (Tag2 ((("\"TODO\"", (("", 1, 0, 328), ("", 1, 0, 335))))))))))
State 29:
Reducing production rhs -> alternation
("DEBUG:rhs", Tag2 (Tag2 (Tag2 (Tag2 (Tag2 (Tag2 ((("\"TODO\"", (("", 1, 0, 328), ("", 1, 0, 335)))))))))))
State 33:
Reducing production rule -> LID COLONCOLONEQUAL rhs
("DEBUG:rule", ("ws", (("", 1, 0, 321), ("", 1, 0, 323))), Tag2 (Tag2 (Tag2 (Tag2 (Tag2 (Tag2 (Tag2 ((("\"TODO\"", (("", 1, 0, 328), ("", 1, 0, 335))))))))))))
State 38:
Reducing production rules -> rules nonempty_list(NEWLINE) rule
("DEBUG:OLDRULE1", ("ws", [(("", 1, 0, 321), ("", 1, 0, 323))], 0))
State 34:
Shifting (NEWLINE) to state 35
State 35:
Lookahead token is now LID (337-347)
Reducing production nonempty_list(NEWLINE) -> NEWLINE
State 37:
Shifting (LID) to state 3
State 3:
(1, 351, "::=")
Lookahead token is now COLONCOLONEQUAL (348-351)
Shifting (COLONCOLONEQUAL) to state 4
State 4:
("DEBUG2:rs", 91)
Lookahead token is now QID (354-355)
Shifting (QID) to state 9
State 9:
Lookahead token is now LID (356-358)
Reducing production term -> QID
("DEBUG:quid", ("\"[\"", (("", 1, 0, 352), ("", 1, 0, 355))))
("DEBUG:sterm/quid", ("\"[\"", (("", 1, 0, 352), ("", 1, 0, 355))))
("DEBUG:term/sterm", (("\"[\"", (("", 1, 0, 352), ("", 1, 0, 355)))))
State 18:
Reducing production factor -> term
("DEBUG:termfactor", Tag2 ((("\"[\"", (("", 1, 0, 352), ("", 1, 0, 355))))))
State 24:
Reducing production concatenation -> factor
("DEBUG:concat2", Tag2 (Tag2 (Tag2 ((("\"[\"", (("", 1, 0, 352), ("", 1, 0, 355))))))))
State 25:
Shifting (LID) to state 14
State 14:
Lookahead token is now LID (359-365)
Reducing production term -> LID
("DEBUG:lid", ("ws", (("", 1, 0, 356), ("", 1, 0, 358))))
("DEBUG:sterm/lid", ("ws", (("", 1, 0, 356), ("", 1, 0, 358))))
("DEBUG:term/sterm", (("ws", (("", 1, 0, 356), ("", 1, 0, 358)))))
State 18:
Reducing production factor -> term
("DEBUG:termfactor", Tag2 ((("ws", (("", 1, 0, 356), ("", 1, 0, 358))))))
State 26:
Reducing production concatenation -> concatenation factor
("DEBUG:concat1", Tag2 (Tag2 (Tag2 (Tag2 ((("\"[\"", (("", 1, 0, 352), ("", 1, 0, 355)))))))))
State 25:
Shifting (LID) to state 14
State 14:
("DEBUG2:rs", 44)
Lookahead token is now QID (368-369)
Reducing production term -> LID
("DEBUG:lid", ("string", (("", 1, 0, 359), ("", 1, 0, 365))))
("DEBUG:sterm/lid", ("string", (("", 1, 0, 359), ("", 1, 0, 365))))
("DEBUG:term/sterm", (("string", (("", 1, 0, 359), ("", 1, 0, 365)))))
State 18:
Reducing production factor -> term
("DEBUG:termfactor", Tag2 ((("string", (("", 1, 0, 359), ("", 1, 0, 365))))))
State 26:
Reducing production concatenation -> concatenation factor
("DEBUG:concat1", Tag2 (Tag2 (Tag2 (Tag2 (Tag2 ((("\"[\"", (("", 1, 0, 352), ("", 1, 0, 355))))))))))
State 25:
Shifting (QID) to state 9
State 9:
Lookahead token is now LID (370-372)
Reducing production term -> QID
("DEBUG:quid", ("\",\"", (("", 1, 0, 366), ("", 1, 0, 369))))
("DEBUG:sterm/quid", ("\",\"", (("", 1, 0, 366), ("", 1, 0, 369))))
("DEBUG:term/sterm", (("\",\"", (("", 1, 0, 366), ("", 1, 0, 369)))))
State 18:
Reducing production factor -> term
("DEBUG:termfactor", Tag2 ((("\",\"", (("", 1, 0, 366), ("", 1, 0, 369))))))
State 26:
Reducing production concatenation -> concatenation factor
("DEBUG:concat1", Tag2 (Tag2 (Tag2 (Tag2 (Tag2 (Tag2 ((("\"[\"", (("", 1, 0, 352), ("", 1, 0, 355)))))))))))
State 25:
Shifting (LID) to state 14
State 14:
Lookahead token is now LID (373-379)
Reducing production term -> LID
("DEBUG:lid", ("ws", (("", 1, 0, 370), ("", 1, 0, 372))))
("DEBUG:sterm/lid", ("ws", (("", 1, 0, 370), ("", 1, 0, 372))))
("DEBUG:term/sterm", (("ws", (("", 1, 0, 370), ("", 1, 0, 372)))))
State 18:
Reducing production factor -> term
("DEBUG:termfactor", Tag2 ((("ws", (("", 1, 0, 370), ("", 1, 0, 372))))))
State 26:
Reducing production concatenation -> concatenation factor
("DEBUG:concat1", Tag2 (Tag2 (Tag2 (Tag2 (Tag2 (Tag2 (Tag2 ((("\"[\"", (("", 1, 0, 352), ("", 1, 0, 355))))))))))))
State 25:
Shifting (LID) to state 14
State 14:
("DEBUG2:rs", 44)
Lookahead token is now QID (382-383)
Reducing production term -> LID
("DEBUG:lid", ("string", (("", 1, 0, 373), ("", 1, 0, 379))))
("DEBUG:sterm/lid", ("string", (("", 1, 0, 373), ("", 1, 0, 379))))
("DEBUG:term/sterm", (("string", (("", 1, 0, 373), ("", 1, 0, 379)))))
State 18:
Reducing production factor -> term
("DEBUG:termfactor", Tag2 ((("string", (("", 1, 0, 373), ("", 1, 0, 379))))))
State 26:
Reducing production concatenation -> concatenation factor
("DEBUG:concat1", Tag2 (Tag2 (Tag2 (Tag2 (Tag2 (Tag2 (Tag2 (Tag2 ((("\"[\"", (("", 1, 0, 352), ("", 1, 0, 355)))))))))))))
State 25:
Shifting (QID) to state 9
State 9:
Lookahead token is now LID (384-386)
Reducing production term -> QID
("DEBUG:quid", ("\",\"", (("", 1, 0, 380), ("", 1, 0, 383))))
("DEBUG:sterm/quid", ("\",\"", (("", 1, 0, 380), ("", 1, 0, 383))))
("DEBUG:term/sterm", (("\",\"", (("", 1, 0, 380), ("", 1, 0, 383)))))
State 18:
Reducing production factor -> term
("DEBUG:termfactor", Tag2 ((("\",\"", (("", 1, 0, 380), ("", 1, 0, 383))))))
State 26:
Reducing production concatenation -> concatenation factor
("DEBUG:concat1", Tag2 (Tag2 (Tag2 (Tag2 (Tag2 (Tag2 (Tag2 (Tag2 (Tag2 ((("\"[\"", (("", 1, 0, 352), ("", 1, 0, 355))))))))))))))
State 25:
Shifting (LID) to state 14
State 14:
Lookahead token is now LID (387-393)
Reducing production term -> LID
("DEBUG:lid", ("ws", (("", 1, 0, 384), ("", 1, 0, 386))))
("DEBUG:sterm/lid", ("ws", (("", 1, 0, 384), ("", 1, 0, 386))))
("DEBUG:term/sterm", (("ws", (("", 1, 0, 384), ("", 1, 0, 386)))))
State 18:
Reducing production factor -> term
("DEBUG:termfactor", Tag2 ((("ws", (("", 1, 0, 384), ("", 1, 0, 386))))))
State 26:
Reducing production concatenation -> concatenation factor
("DEBUG:concat1", Tag2 (Tag2 (Tag2 (Tag2 (Tag2 (Tag2 (Tag2 (Tag2 (Tag2 (Tag2 ((("\"[\"", (("", 1, 0, 352), ("", 1, 0, 355)))))))))))))))
State 25:
Shifting (LID) to state 14
State 14:
Lookahead token is now LID (394-396)
Reducing production term -> LID
("DEBUG:lid", ("string", (("", 1, 0, 387), ("", 1, 0, 393))))
("DEBUG:sterm/lid", ("string", (("", 1, 0, 387), ("", 1, 0, 393))))
("DEBUG:term/sterm", (("string", (("", 1, 0, 387), ("", 1, 0, 393)))))
State 18:
Reducing production factor -> term
("DEBUG:termfactor", Tag2 ((("string", (("", 1, 0, 387), ("", 1, 0, 393))))))
State 26:
Reducing production concatenation -> concatenation factor
("DEBUG:concat1", Tag2 (Tag2 (Tag2 (Tag2 (Tag2 (Tag2 (Tag2 (Tag2 (Tag2 (Tag2 (Tag2 ((("\"[\"", (("", 1, 0, 352), ("", 1, 0, 355))))))))))))))))
State 25:
Shifting (LID) to state 14
State 14:
("DEBUG2:rs", 93)
Lookahead token is now QID (399-400)
Reducing production term -> LID
("DEBUG:lid", ("ws", (("", 1, 0, 394), ("", 1, 0, 396))))
("DEBUG:sterm/lid", ("ws", (("", 1, 0, 394), ("", 1, 0, 396))))
("DEBUG:term/sterm", (("ws", (("", 1, 0, 394), ("", 1, 0, 396)))))
State 18:
Reducing production factor -> term
("DEBUG:termfactor", Tag2 ((("ws", (("", 1, 0, 394), ("", 1, 0, 396))))))
State 26:
Reducing production concatenation -> concatenation factor
("DEBUG:concat1", Tag2 (Tag2 (Tag2 (Tag2 (Tag2 (Tag2 (Tag2 (Tag2 (Tag2 (Tag2 (Tag2 (Tag2 ((("\"[\"", (("", 1, 0, 352), ("", 1, 0, 355)))))))))))))))))
State 25:
Shifting (QID) to state 9
State 9:
Lookahead token is now NEWLINE (400-401)
Reducing production term -> QID
("DEBUG:quid", ("\"]\"", (("", 1, 0, 397), ("", 1, 0, 400))))
("DEBUG:sterm/quid", ("\"]\"", (("", 1, 0, 397), ("", 1, 0, 400))))
("DEBUG:term/sterm", (("\"]\"", (("", 1, 0, 397), ("", 1, 0, 400)))))
State 18:
Reducing production factor -> term
("DEBUG:termfactor", Tag2 ((("\"]\"", (("", 1, 0, 397), ("", 1, 0, 400))))))
State 26:
Reducing production concatenation -> concatenation factor
("DEBUG:concat1", Tag2 (Tag2 (Tag2 (Tag2 (Tag2 (Tag2 (Tag2 (Tag2 (Tag2 (Tag2 (Tag2 (Tag2 (Tag2 ((("\"[\"", (("", 1, 0, 352), ("", 1, 0, 355))))))))))))))))))
State 25:
Reducing production alternation -> concatenation
("DEBUG:alt", Tag2 (Tag2 (Tag2 (Tag2 (Tag2 (Tag2 (Tag2 (Tag2 (Tag2 (Tag2 (Tag2 (Tag2 (Tag2 (Tag2 ((("\"[\"", (("", 1, 0, 352), ("", 1, 0, 355)))))))))))))))))))
State 29:
Reducing production rhs -> alternation
("DEBUG:rhs", Tag2 (Tag2 (Tag2 (Tag2 (Tag2 (Tag2 (Tag2 (Tag2 (Tag2 (Tag2 (Tag2 (Tag2 (Tag2 (Tag2 (Tag2 ((("\"[\"", (("", 1, 0, 352), ("", 1, 0, 355))))))))))))))))))))
State 33:
Reducing production rule -> LID COLONCOLONEQUAL rhs
("DEBUG:rule", ("stringlist", (("", 1, 0, 337), ("", 1, 0, 347))), Tag2 (Tag2 (Tag2 (Tag2 (Tag2 (Tag2 (Tag2 (Tag2 (Tag2 (Tag2 (Tag2 (Tag2 (Tag2 (Tag2 (Tag2 (Tag2 ((("\"[\"", (("", 1, 0, 352), ("", 1, 0, 355)))))))))))))))))))))
State 38:
Reducing production rules -> rules nonempty_list(NEWLINE) rule
("DEBUG:OLDRULE1", ("stringlist", [(("", 1, 0, 337), ("", 1, 0, 347))], 0))
State 34:
Shifting (NEWLINE) to state 35
State 35:
Lookahead token is now EOF (401-401)
Reducing production list(NEWLINE) ->
State 12:
Reducing production list(NEWLINE) -> NEWLINE list(NEWLINE)
State 39:
Shifting (EOF) to state 40
State 40:
Reducing production postlude -> list(NEWLINE) EOF
"DEBUG:DONE"
State 36:
Reducing production grammar -> rules postlude
("DEBUG:grammar", 0, 0)
State 44:
Accepting
[""]
0
