Done: 90% (284/315, 31 left) (jobs: 0)                                      Hello, World!
State 0:
Lookahead token is now LID (0-4)
Reducing production list(NEWLINE) ->
State 3:
Shifting (LID) to state 4
State 4:
DEBUG
(1, 8, "::=")
Lookahead token is now COLONCOLONEQUAL (5-8)
Shifting (COLONCOLONEQUAL) to state 5
State 5:
Lookahead token is now LID (9-12)
Shifting (LID) to state 13
State 13:
Lookahead token is now NEWLINE (12-13)
Reducing production term -> LID
State 17:
Reducing production factor -> term
State 23:
Reducing production concatenation -> factor
State 24:
Reducing production alternation -> concatenation
State 28:
Reducing production rhs -> alternation
State 32:
Reducing production old_rule -> LID COLONCOLONEQUAL rhs
["DEBUG:branches1"]
State 38:
Shifting (NEWLINE) to state 39
State 39:
Lookahead token is now NEWLINE (13-14)
Shifting (NEWLINE) to state 39
State 39:
Lookahead token is now LID (14-16)
Reducing production nonempty_list(NEWLINE) -> NEWLINE
State 40:
Reducing production nonempty_list(NEWLINE) -> NEWLINE nonempty_list(NEWLINE)
State 41:
Shifting (LID) to state 4
State 4:
DEBUG
(1, 20, "::=")
Lookahead token is now COLONCOLONEQUAL (17-20)
Shifting (COLONCOLONEQUAL) to state 5
State 5:
"["
" "
"\\"
"t"
"\\"
"n"
"]"
Lookahead token is now REGEX (27-28)
Shifting (REGEX) to state 9
State 9:
Lookahead token is now PLUS (28-29)
Reducing production term -> REGEX
State 17:
Shifting (PLUS) to state 20
State 20:
Lookahead token is now NEWLINE (29-30)
Reducing production factor -> term PLUS
State 23:
Reducing production concatenation -> factor
State 24:
Reducing production alternation -> concatenation
State 28:
Reducing production rhs -> alternation
State 32:
Reducing production old_rule -> LID COLONCOLONEQUAL rhs
["DEBUG:branches1"]
State 38:
Shifting (NEWLINE) to state 39
State 39:
Lookahead token is now LID (30-31)
Reducing production nonempty_list(NEWLINE) -> NEWLINE
State 41:
Shifting (LID) to state 4
State 4:
DEBUG
(1, 35, "::=")
Lookahead token is now COLONCOLONEQUAL (32-35)
Shifting (COLONCOLONEQUAL) to state 5
State 5:
"["
" "
"\\"
"t"
"\\"
"n"
"]"
Lookahead token is now REGEX (42-43)
Shifting (REGEX) to state 9
State 9:
Lookahead token is now STAR (43-44)
Reducing production term -> REGEX
State 17:
Shifting (STAR) to state 18
State 18:
Lookahead token is now NEWLINE (44-45)
Reducing production factor -> term STAR
State 23:
Reducing production concatenation -> factor
State 24:
Reducing production alternation -> concatenation
State 28:
Reducing production rhs -> alternation
State 32:
Reducing production old_rule -> LID COLONCOLONEQUAL rhs
["DEBUG:branches1"]
State 38:
Shifting (NEWLINE) to state 39
State 39:
Lookahead token is now NEWLINE (45-46)
Shifting (NEWLINE) to state 39
State 39:
Lookahead token is now NEWLINE (46-62)
Shifting (NEWLINE) to state 39
State 39:
Lookahead token is now NEWLINE (62-63)
Shifting (NEWLINE) to state 39
State 39:
Lookahead token is now LID (63-66)
Reducing production nonempty_list(NEWLINE) -> NEWLINE
State 40:
Reducing production nonempty_list(NEWLINE) -> NEWLINE nonempty_list(NEWLINE)
State 40:
Reducing production nonempty_list(NEWLINE) -> NEWLINE nonempty_list(NEWLINE)
State 40:
Reducing production nonempty_list(NEWLINE) -> NEWLINE nonempty_list(NEWLINE)
State 41:
Shifting (LID) to state 4
State 4:
DEBUG
(1, 70, "::=")
Lookahead token is now COLONCOLONEQUAL (67-70)
Shifting (COLONCOLONEQUAL) to state 5
State 5:
Lookahead token is now LID (71-83)
Shifting (LID) to state 13
State 13:
Lookahead token is now NEWLINE (83-84)
Reducing production term -> LID
State 17:
Reducing production factor -> term
State 23:
Reducing production concatenation -> factor
State 24:
Reducing production alternation -> concatenation
State 28:
Reducing production rhs -> alternation
State 32:
Reducing production old_rule -> LID COLONCOLONEQUAL rhs
["DEBUG:branches1"]
State 38:
Shifting (NEWLINE) to state 39
State 39:
Lookahead token is now NEWLINE (84-85)
Shifting (NEWLINE) to state 39
State 39:
Lookahead token is now LID (85-97)
Reducing production nonempty_list(NEWLINE) -> NEWLINE
State 40:
Reducing production nonempty_list(NEWLINE) -> NEWLINE nonempty_list(NEWLINE)
State 41:
Shifting (LID) to state 4
State 4:
DEBUG
(1, 101, "::=")
Lookahead token is now COLONCOLONEQUAL (98-101)
Shifting (COLONCOLONEQUAL) to state 5
State 5:
Lookahead token is now LID (102-111)
Shifting (LID) to state 13
State 13:
"("
Lookahead token is now LPAREN (112-113)
Reducing production term -> LID
State 17:
Reducing production factor -> term
State 23:
Reducing production concatenation -> factor
State 24:
Shifting (LPAREN) to state 11
State 11:
Lookahead token is now LID (113-114)
Reducing production list(NEWLINE) ->
State 12:
Shifting (LID) to state 13
State 13:
Lookahead token is now QID (117-118)
Reducing production term -> LID
State 17:
Reducing production factor -> term
State 23:
Reducing production concatenation -> factor
State 24:
Shifting (QID) to state 10
State 10:
Lookahead token is now LID (119-121)
Reducing production term -> QID
State 17:
Reducing production factor -> term
State 25:
Reducing production concatenation -> concatenation factor
State 24:
Shifting (LID) to state 13
State 13:
Lookahead token is now LID (122-131)
Reducing production term -> LID
State 17:
Reducing production factor -> term
State 25:
Reducing production concatenation -> concatenation factor
State 24:
Shifting (LID) to state 13
State 13:
Lookahead token is now RPAREN (131-132)
Reducing production term -> LID
State 17:
Reducing production factor -> term
State 25:
Reducing production concatenation -> concatenation factor
State 24:
Reducing production alternation -> concatenation
State 28:
Reducing production rhs -> alternation
State 21:
Shifting (RPAREN) to state 22
State 22:
Lookahead token is now STAR (132-133)
Reducing production term -> LPAREN list(NEWLINE) rhs RPAREN
State 17:
Shifting (STAR) to state 18
State 18:
Lookahead token is now NEWLINE (133-134)
Reducing production factor -> term STAR
State 25:
Reducing production concatenation -> concatenation factor
State 24:
Reducing production alternation -> concatenation
State 28:
Reducing production rhs -> alternation
State 32:
Reducing production old_rule -> LID COLONCOLONEQUAL rhs
["DEBUG:branches1"]
State 38:
Shifting (NEWLINE) to state 39
State 39:
Lookahead token is now NEWLINE (134-135)
Shifting (NEWLINE) to state 39
State 39:
Lookahead token is now LID (135-144)
Reducing production nonempty_list(NEWLINE) -> NEWLINE
State 40:
Reducing production nonempty_list(NEWLINE) -> NEWLINE nonempty_list(NEWLINE)
State 41:
Shifting (LID) to state 4
State 4:
DEBUG
(1, 148, "::=")
Lookahead token is now COLONCOLONEQUAL (145-148)
Shifting (COLONCOLONEQUAL) to state 5
State 5:
Lookahead token is now LID (149-157)
Shifting (LID) to state 13
State 13:
"("
Lookahead token is now LPAREN (158-159)
Reducing production term -> LID
State 17:
Reducing production factor -> term
State 23:
Reducing production concatenation -> factor
State 24:
Shifting (LPAREN) to state 11
State 11:
Lookahead token is now LID (159-160)
Reducing production list(NEWLINE) ->
State 12:
Shifting (LID) to state 13
State 13:
Lookahead token is now QID (163-164)
Reducing production term -> LID
State 17:
Reducing production factor -> term
State 23:
Reducing production concatenation -> factor
State 24:
Shifting (QID) to state 10
State 10:
Lookahead token is now LID (165-167)
Reducing production term -> QID
State 17:
Reducing production factor -> term
State 25:
Reducing production concatenation -> concatenation factor
State 24:
Shifting (LID) to state 13
State 13:
Lookahead token is now LID (168-176)
Reducing production term -> LID
State 17:
Reducing production factor -> term
State 25:
Reducing production concatenation -> concatenation factor
State 24:
Shifting (LID) to state 13
State 13:
Lookahead token is now RPAREN (176-177)
Reducing production term -> LID
State 17:
Reducing production factor -> term
State 25:
Reducing production concatenation -> concatenation factor
State 24:
Reducing production alternation -> concatenation
State 28:
Reducing production rhs -> alternation
State 21:
Shifting (RPAREN) to state 22
State 22:
Lookahead token is now STAR (177-178)
Reducing production term -> LPAREN list(NEWLINE) rhs RPAREN
State 17:
Shifting (STAR) to state 18
State 18:
Lookahead token is now NEWLINE (178-179)
Reducing production factor -> term STAR
State 25:
Reducing production concatenation -> concatenation factor
State 24:
Reducing production alternation -> concatenation
State 28:
Reducing production rhs -> alternation
State 32:
Reducing production old_rule -> LID COLONCOLONEQUAL rhs
["DEBUG:branches1"]
State 38:
Shifting (NEWLINE) to state 39
State 39:
Lookahead token is now NEWLINE (179-180)
Shifting (NEWLINE) to state 39
State 39:
Lookahead token is now LID (180-188)
Reducing production nonempty_list(NEWLINE) -> NEWLINE
State 40:
Reducing production nonempty_list(NEWLINE) -> NEWLINE nonempty_list(NEWLINE)
State 41:
Shifting (LID) to state 4
State 4:
DEBUG
(1, 192, "::=")
Lookahead token is now COLONCOLONEQUAL (189-192)
Shifting (COLONCOLONEQUAL) to state 5
State 5:
Lookahead token is now LID (193-203)
Shifting (LID) to state 13
State 13:
"("
Lookahead token is now LPAREN (204-205)
Reducing production term -> LID
State 17:
Reducing production factor -> term
State 23:
Reducing production concatenation -> factor
State 24:
Shifting (LPAREN) to state 11
State 11:
Lookahead token is now LID (205-206)
Reducing production list(NEWLINE) ->
State 12:
Shifting (LID) to state 13
State 13:
Lookahead token is now QID (210-211)
Reducing production term -> LID
State 17:
Reducing production factor -> term
State 23:
Reducing production concatenation -> factor
State 24:
Shifting (QID) to state 10
State 10:
Lookahead token is now LID (212-213)
Reducing production term -> QID
State 17:
Reducing production factor -> term
State 25:
Reducing production concatenation -> concatenation factor
State 24:
Shifting (LID) to state 13
State 13:
Lookahead token is now LID (214-224)
Reducing production term -> LID
State 17:
Reducing production factor -> term
State 25:
Reducing production concatenation -> concatenation factor
State 24:
Shifting (LID) to state 13
State 13:
Lookahead token is now RPAREN (224-225)
Reducing production term -> LID
State 17:
Reducing production factor -> term
State 25:
Reducing production concatenation -> concatenation factor
State 24:
Reducing production alternation -> concatenation
State 28:
Reducing production rhs -> alternation
State 21:
Shifting (RPAREN) to state 22
State 22:
Lookahead token is now STAR (225-226)
Reducing production term -> LPAREN list(NEWLINE) rhs RPAREN
State 17:
Shifting (STAR) to state 18
State 18:
Lookahead token is now NEWLINE (226-227)
Reducing production factor -> term STAR
State 25:
Reducing production concatenation -> concatenation factor
State 24:
Reducing production alternation -> concatenation
State 28:
Reducing production rhs -> alternation
State 32:
Reducing production old_rule -> LID COLONCOLONEQUAL rhs
["DEBUG:branches1"]
State 38:
Shifting (NEWLINE) to state 39
State 39:
Lookahead token is now NEWLINE (227-228)
Shifting (NEWLINE) to state 39
State 39:
Lookahead token is now LID (228-238)
Reducing production nonempty_list(NEWLINE) -> NEWLINE
State 40:
Reducing production nonempty_list(NEWLINE) -> NEWLINE nonempty_list(NEWLINE)
State 41:
Shifting (LID) to state 4
State 4:
DEBUG
(1, 242, "::=")
Lookahead token is now COLONCOLONEQUAL (239-242)
Shifting (COLONCOLONEQUAL) to state 5
State 5:
Lookahead token is now LID (243-252)
Shifting (LID) to state 13
State 13:
"("
Lookahead token is now LPAREN (253-254)
Reducing production term -> LID
State 17:
Reducing production factor -> term
State 23:
Reducing production concatenation -> factor
State 24:
Shifting (LPAREN) to state 11
State 11:
Lookahead token is now LID (254-256)
Reducing production list(NEWLINE) ->
State 12:
Shifting (LID) to state 13
State 13:
Lookahead token is now LID (257-266)
Reducing production term -> LID
State 17:
Reducing production factor -> term
State 23:
Reducing production concatenation -> factor
State 24:
Shifting (LID) to state 13
State 13:
Lookahead token is now LID (267-269)
Reducing production term -> LID
State 17:
Reducing production factor -> term
State 25:
Reducing production concatenation -> concatenation factor
State 24:
Shifting (LID) to state 13
State 13:
Lookahead token is now LID (270-279)
Reducing production term -> LID
State 17:
Reducing production factor -> term
State 25:
Reducing production concatenation -> concatenation factor
State 24:
Shifting (LID) to state 13
State 13:
Lookahead token is now RPAREN (279-280)
Reducing production term -> LID
State 17:
Reducing production factor -> term
State 25:
Reducing production concatenation -> concatenation factor
State 24:
Reducing production alternation -> concatenation
State 28:
Reducing production rhs -> alternation
State 21:
Shifting (RPAREN) to state 22
State 22:
Lookahead token is now STAR (280-281)
Reducing production term -> LPAREN list(NEWLINE) rhs RPAREN
State 17:
Shifting (STAR) to state 18
State 18:
Lookahead token is now NEWLINE (281-282)
Reducing production factor -> term STAR
State 25:
Reducing production concatenation -> concatenation factor
State 24:
Reducing production alternation -> concatenation
State 28:
Reducing production rhs -> alternation
State 32:
Reducing production old_rule -> LID COLONCOLONEQUAL rhs
["DEBUG:branches1"]
State 38:
Shifting (NEWLINE) to state 39
State 39:
Lookahead token is now NEWLINE (282-283)
Shifting (NEWLINE) to state 39
State 39:
Lookahead token is now LID (283-292)
Reducing production nonempty_list(NEWLINE) -> NEWLINE
State 40:
Reducing production nonempty_list(NEWLINE) -> NEWLINE nonempty_list(NEWLINE)
State 41:
Shifting (LID) to state 4
State 4:
DEBUG
(1, 296, "::=")
Lookahead token is now COLONCOLONEQUAL (293-296)
Shifting (COLONCOLONEQUAL) to state 5
State 5:
Lookahead token is now LID (297-305)
Shifting (LID) to state 13
State 13:
Lookahead token is now STAR (305-306)
Reducing production term -> LID
State 17:
Shifting (STAR) to state 18
State 18:
Lookahead token is now LID (307-323)
Reducing production factor -> term STAR
State 23:
Reducing production concatenation -> factor
State 24:
Shifting (LID) to state 13
State 13:
Lookahead token is now NEWLINE (323-324)
Reducing production term -> LID
State 17:
Reducing production factor -> term
State 25:
Reducing production concatenation -> concatenation factor
State 24:
Reducing production alternation -> concatenation
State 28:
Reducing production rhs -> alternation
State 32:
Reducing production old_rule -> LID COLONCOLONEQUAL rhs
["DEBUG:branches1"]
State 38:
Shifting (NEWLINE) to state 39
State 39:
Lookahead token is now NEWLINE (324-325)
Shifting (NEWLINE) to state 39
State 39:
Lookahead token is now LID (325-341)
Reducing production nonempty_list(NEWLINE) -> NEWLINE
State 40:
Reducing production nonempty_list(NEWLINE) -> NEWLINE nonempty_list(NEWLINE)
State 41:
Shifting (LID) to state 4
State 4:
DEBUG
(1, 345, "::=")
Lookahead token is now COLONCOLONEQUAL (342-345)
Shifting (COLONCOLONEQUAL) to state 5
State 5:
Lookahead token is now LID (346-357)
Shifting (LID) to state 13
State 13:
"("
Lookahead token is now LPAREN (358-359)
Reducing production term -> LID
State 17:
Reducing production factor -> term
State 23:
Reducing production concatenation -> factor
State 24:
Shifting (LPAREN) to state 11
State 11:
Lookahead token is now LID (359-360)
Reducing production list(NEWLINE) ->
State 12:
Shifting (LID) to state 13
State 13:
Lookahead token is now QID (363-364)
Reducing production term -> LID
State 17:
Reducing production factor -> term
State 23:
Reducing production concatenation -> factor
State 24:
Shifting (QID) to state 10
State 10:
Lookahead token is now LID (365-366)
Reducing production term -> QID
State 17:
Reducing production factor -> term
State 25:
Reducing production concatenation -> concatenation factor
State 24:
Shifting (LID) to state 13
State 13:
Lookahead token is now LID (367-370)
Reducing production term -> LID
State 17:
Reducing production factor -> term
State 25:
Reducing production concatenation -> concatenation factor
State 24:
Shifting (LID) to state 13
State 13:
Lookahead token is now LID (371-372)
Reducing production term -> LID
State 17:
Reducing production factor -> term
State 25:
Reducing production concatenation -> concatenation factor
State 24:
Shifting (LID) to state 13
State 13:
Lookahead token is now QID (375-376)
Reducing production term -> LID
State 17:
Reducing production factor -> term
State 25:
Reducing production concatenation -> concatenation factor
State 24:
Shifting (QID) to state 10
State 10:
Lookahead token is now LID (377-378)
Reducing production term -> QID
State 17:
Reducing production factor -> term
State 25:
Reducing production concatenation -> concatenation factor
State 24:
Shifting (LID) to state 13
State 13:
Lookahead token is now RPAREN (378-379)
Reducing production term -> LID
State 17:
Reducing production factor -> term
State 25:
Reducing production concatenation -> concatenation factor
State 24:
Reducing production alternation -> concatenation
State 28:
Reducing production rhs -> alternation
State 21:
Shifting (RPAREN) to state 22
State 22:
Lookahead token is now STAR (379-380)
Reducing production term -> LPAREN list(NEWLINE) rhs RPAREN
State 17:
Shifting (STAR) to state 18
State 18:
Lookahead token is now NEWLINE (380-381)
Reducing production factor -> term STAR
State 25:
Reducing production concatenation -> concatenation factor
State 24:
Reducing production alternation -> concatenation
State 28:
Reducing production rhs -> alternation
State 32:
Reducing production old_rule -> LID COLONCOLONEQUAL rhs
["DEBUG:branches1"]
State 38:
Shifting (NEWLINE) to state 39
State 39:
Lookahead token is now NEWLINE (381-382)
Shifting (NEWLINE) to state 39
State 39:
Lookahead token is now LID (382-393)
Reducing production nonempty_list(NEWLINE) -> NEWLINE
State 40:
Reducing production nonempty_list(NEWLINE) -> NEWLINE nonempty_list(NEWLINE)
State 41:
Shifting (LID) to state 4
State 4:
DEBUG
(1, 397, "::=")
Lookahead token is now COLONCOLONEQUAL (394-397)
Shifting (COLONCOLONEQUAL) to state 5
State 5:
Lookahead token is now LID (398-402)
Shifting (LID) to state 13
State 13:
Lookahead token is now BAR (403-404)
Reducing production term -> LID
State 17:
Reducing production factor -> term
State 23:
Reducing production concatenation -> factor
State 24:
Reducing production alternation -> concatenation
State 28:
Shifting (BAR) to state 29
State 29:
Lookahead token is now NEWLINE (404-405)
Shifting (NEWLINE) to state 1
State 1:
Lookahead token is now LID (409-416)
Reducing production list(NEWLINE) ->
State 2:
Reducing production list(NEWLINE) -> NEWLINE list(NEWLINE)
State 30:
Shifting (LID) to state 13
State 13:
Lookahead token is now BAR (417-418)
Reducing production term -> LID
State 17:
Reducing production factor -> term
State 23:
Reducing production concatenation -> factor
State 31:
Reducing production alternation -> alternation BAR list(NEWLINE) concatenation
State 28:
Shifting (BAR) to state 29
State 29:
Lookahead token is now NEWLINE (418-419)
Shifting (NEWLINE) to state 1
State 1:
Lookahead token is now LID (423-428)
Reducing production list(NEWLINE) ->
State 2:
Reducing production list(NEWLINE) -> NEWLINE list(NEWLINE)
State 30:
Shifting (LID) to state 13
State 13:
Lookahead token is now BAR (429-430)
Reducing production term -> LID
State 17:
Reducing production factor -> term
State 23:
Reducing production concatenation -> factor
State 31:
Reducing production alternation -> alternation BAR list(NEWLINE) concatenation
State 28:
Shifting (BAR) to state 29
State 29:
Lookahead token is now NEWLINE (430-431)
Shifting (NEWLINE) to state 1
State 1:
Lookahead token is now LID (435-441)
Reducing production list(NEWLINE) ->
State 2:
Reducing production list(NEWLINE) -> NEWLINE list(NEWLINE)
State 30:
Shifting (LID) to state 13
State 13:
Lookahead token is now BAR (442-443)
Reducing production term -> LID
State 17:
Reducing production factor -> term
State 23:
Reducing production concatenation -> factor
State 31:
Reducing production alternation -> alternation BAR list(NEWLINE) concatenation
State 28:
Shifting (BAR) to state 29
State 29:
Lookahead token is now NEWLINE (443-444)
Shifting (NEWLINE) to state 1
State 1:
Lookahead token is now LID (448-456)
Reducing production list(NEWLINE) ->
State 2:
Reducing production list(NEWLINE) -> NEWLINE list(NEWLINE)
State 30:
Shifting (LID) to state 13
State 13:
Lookahead token is now BAR (457-458)
Reducing production term -> LID
State 17:
Reducing production factor -> term
State 23:
Reducing production concatenation -> factor
State 31:
Reducing production alternation -> alternation BAR list(NEWLINE) concatenation
State 28:
Shifting (BAR) to state 29
State 29:
Lookahead token is now NEWLINE (458-459)
Shifting (NEWLINE) to state 1
State 1:
Lookahead token is now QID (466-467)
Reducing production list(NEWLINE) ->
State 2:
Reducing production list(NEWLINE) -> NEWLINE list(NEWLINE)
State 30:
Shifting (QID) to state 10
State 10:
Lookahead token is now BAR (468-469)
Reducing production term -> QID
State 17:
Reducing production factor -> term
State 23:
Reducing production concatenation -> factor
State 31:
Reducing production alternation -> alternation BAR list(NEWLINE) concatenation
State 28:
Shifting (BAR) to state 29
State 29:
Lookahead token is now NEWLINE (469-470)
Shifting (NEWLINE) to state 1
State 1:
Lookahead token is now QID (477-478)
Reducing production list(NEWLINE) ->
State 2:
Reducing production list(NEWLINE) -> NEWLINE list(NEWLINE)
State 30:
Shifting (QID) to state 10
State 10:
Lookahead token is now BAR (479-480)
Reducing production term -> QID
State 17:
Reducing production factor -> term
State 23:
Reducing production concatenation -> factor
State 31:
Reducing production alternation -> alternation BAR list(NEWLINE) concatenation
State 28:
Shifting (BAR) to state 29
State 29:
Lookahead token is now NEWLINE (480-481)
Shifting (NEWLINE) to state 1
State 1:
Lookahead token is now QID (487-488)
Reducing production list(NEWLINE) ->
State 2:
Reducing production list(NEWLINE) -> NEWLINE list(NEWLINE)
State 30:
Shifting (QID) to state 10
State 10:
Lookahead token is now BAR (489-490)
Reducing production term -> QID
State 17:
Reducing production factor -> term
State 23:
Reducing production concatenation -> factor
State 31:
Reducing production alternation -> alternation BAR list(NEWLINE) concatenation
State 28:
Shifting (BAR) to state 29
State 29:
Lookahead token is now NEWLINE (490-491)
Shifting (NEWLINE) to state 1
State 1:
Lookahead token is now LID (495-506)
Reducing production list(NEWLINE) ->
State 2:
Reducing production list(NEWLINE) -> NEWLINE list(NEWLINE)
State 30:
Shifting (LID) to state 13
State 13:
Lookahead token is now BAR (507-508)
Reducing production term -> LID
State 17:
Reducing production factor -> term
State 23:
Reducing production concatenation -> factor
State 31:
Reducing production alternation -> alternation BAR list(NEWLINE) concatenation
State 28:
Shifting (BAR) to state 29
State 29:
Lookahead token is now NEWLINE (508-509)
Shifting (NEWLINE) to state 1
State 1:
Lookahead token is now LID (513-528)
Reducing production list(NEWLINE) ->
State 2:
Reducing production list(NEWLINE) -> NEWLINE list(NEWLINE)
State 30:
Shifting (LID) to state 13
State 13:
Lookahead token is now BAR (529-530)
Reducing production term -> LID
State 17:
Reducing production factor -> term
State 23:
Reducing production concatenation -> factor
State 31:
Reducing production alternation -> alternation BAR list(NEWLINE) concatenation
State 28:
Shifting (BAR) to state 29
State 29:
Lookahead token is now NEWLINE (530-531)
Shifting (NEWLINE) to state 1
State 1:
Lookahead token is now LID (535-552)
Reducing production list(NEWLINE) ->
State 2:
Reducing production list(NEWLINE) -> NEWLINE list(NEWLINE)
State 30:
Shifting (LID) to state 13
State 13:
Lookahead token is now BAR (553-554)
Reducing production term -> LID
State 17:
Reducing production factor -> term
State 23:
Reducing production concatenation -> factor
State 31:
Reducing production alternation -> alternation BAR list(NEWLINE) concatenation
State 28:
Shifting (BAR) to state 29
State 29:
Lookahead token is now NEWLINE (554-555)
Shifting (NEWLINE) to state 1
State 1:
Lookahead token is now LID (559-567)
Reducing production list(NEWLINE) ->
State 2:
Reducing production list(NEWLINE) -> NEWLINE list(NEWLINE)
State 30:
Shifting (LID) to state 13
State 13:
Lookahead token is now BAR (568-569)
Reducing production term -> LID
State 17:
Reducing production factor -> term
State 23:
Reducing production concatenation -> factor
State 31:
Reducing production alternation -> alternation BAR list(NEWLINE) concatenation
State 28:
Shifting (BAR) to state 29
State 29:
Lookahead token is now NEWLINE (569-570)
Shifting (NEWLINE) to state 1
State 1:
Lookahead token is now LID (574-581)
Reducing production list(NEWLINE) ->
State 2:
Reducing production list(NEWLINE) -> NEWLINE list(NEWLINE)
State 30:
Shifting (LID) to state 13
State 13:
Lookahead token is now BAR (582-583)
Reducing production term -> LID
State 17:
Reducing production factor -> term
State 23:
Reducing production concatenation -> factor
State 31:
Reducing production alternation -> alternation BAR list(NEWLINE) concatenation
State 28:
Shifting (BAR) to state 29
State 29:
Lookahead token is now NEWLINE (583-584)
Shifting (NEWLINE) to state 1
State 1:
Lookahead token is now LID (588-594)
Reducing production list(NEWLINE) ->
State 2:
Reducing production list(NEWLINE) -> NEWLINE list(NEWLINE)
State 30:
Shifting (LID) to state 13
State 13:
Lookahead token is now BAR (595-596)
Reducing production term -> LID
State 17:
Reducing production factor -> term
State 23:
Reducing production concatenation -> factor
State 31:
Reducing production alternation -> alternation BAR list(NEWLINE) concatenation
State 28:
Shifting (BAR) to state 29
State 29:
Lookahead token is now NEWLINE (596-597)
Shifting (NEWLINE) to state 1
State 1:
Lookahead token is now LID (601-609)
Reducing production list(NEWLINE) ->
State 2:
Reducing production list(NEWLINE) -> NEWLINE list(NEWLINE)
State 30:
Shifting (LID) to state 13
State 13:
Lookahead token is now BAR (610-611)
Reducing production term -> LID
State 17:
Reducing production factor -> term
State 23:
Reducing production concatenation -> factor
State 31:
Reducing production alternation -> alternation BAR list(NEWLINE) concatenation
State 28:
Shifting (BAR) to state 29
State 29:
Lookahead token is now NEWLINE (611-612)
Shifting (NEWLINE) to state 1
State 1:
Lookahead token is now LID (616-624)
Reducing production list(NEWLINE) ->
State 2:
Reducing production list(NEWLINE) -> NEWLINE list(NEWLINE)
State 30:
Shifting (LID) to state 13
State 13:
Lookahead token is now BAR (625-626)
Reducing production term -> LID
State 17:
Reducing production factor -> term
State 23:
Reducing production concatenation -> factor
State 31:
Reducing production alternation -> alternation BAR list(NEWLINE) concatenation
State 28:
Shifting (BAR) to state 29
State 29:
Lookahead token is now NEWLINE (626-627)
Shifting (NEWLINE) to state 1
State 1:
Lookahead token is now LID (631-641)
Reducing production list(NEWLINE) ->
State 2:
Reducing production list(NEWLINE) -> NEWLINE list(NEWLINE)
State 30:
Shifting (LID) to state 13
State 13:
Lookahead token is now BAR (642-643)
Reducing production term -> LID
State 17:
Reducing production factor -> term
State 23:
Reducing production concatenation -> factor
State 31:
Reducing production alternation -> alternation BAR list(NEWLINE) concatenation
State 28:
Shifting (BAR) to state 29
State 29:
Lookahead token is now NEWLINE (643-644)
Shifting (NEWLINE) to state 1
State 1:
Lookahead token is now LID (648-651)
Reducing production list(NEWLINE) ->
State 2:
Reducing production list(NEWLINE) -> NEWLINE list(NEWLINE)
State 30:
Shifting (LID) to state 13
State 13:
Lookahead token is now NEWLINE (651-652)
Reducing production term -> LID
State 17:
Reducing production factor -> term
State 23:
Reducing production concatenation -> factor
State 31:
Reducing production alternation -> alternation BAR list(NEWLINE) concatenation
State 28:
Reducing production rhs -> alternation
State 32:
Reducing production old_rule -> LID COLONCOLONEQUAL rhs
["DEBUG:branches1"]
State 38:
Shifting (NEWLINE) to state 39
State 39:
Lookahead token is now NEWLINE (652-653)
Shifting (NEWLINE) to state 39
State 39:
Lookahead token is now LID (653-668)
Reducing production nonempty_list(NEWLINE) -> NEWLINE
State 40:
Reducing production nonempty_list(NEWLINE) -> NEWLINE nonempty_list(NEWLINE)
State 41:
Shifting (LID) to state 4
State 4:
DEBUG
(1, 672, "::=")
Lookahead token is now COLONCOLONEQUAL (669-672)
Shifting (COLONCOLONEQUAL) to state 5
State 5:
Lookahead token is now LID (673-684)
Shifting (LID) to state 13
State 13:
Lookahead token is now QID (687-688)
Reducing production term -> LID
State 17:
Reducing production factor -> term
State 23:
Reducing production concatenation -> factor
State 24:
Shifting (QID) to state 10
State 10:
Lookahead token is now LID (689-690)
Reducing production term -> QID
State 17:
Reducing production factor -> term
State 25:
Reducing production concatenation -> concatenation factor
State 24:
Shifting (LID) to state 13
State 13:
Lookahead token is now LID (691-694)
Reducing production term -> LID
State 17:
Reducing production factor -> term
State 25:
Reducing production concatenation -> concatenation factor
State 24:
Shifting (LID) to state 13
State 13:
Lookahead token is now LID (695-696)
Reducing production term -> LID
State 17:
Reducing production factor -> term
State 25:
Reducing production concatenation -> concatenation factor
State 24:
Shifting (LID) to state 13
State 13:
Lookahead token is now QID (699-700)
Reducing production term -> LID
State 17:
Reducing production factor -> term
State 25:
Reducing production concatenation -> concatenation factor
State 24:
Shifting (QID) to state 10
State 10:
Lookahead token is now NEWLINE (700-701)
Reducing production term -> QID
State 17:
Reducing production factor -> term
State 25:
Reducing production concatenation -> concatenation factor
State 24:
Reducing production alternation -> concatenation
State 28:
Reducing production rhs -> alternation
State 32:
Reducing production old_rule -> LID COLONCOLONEQUAL rhs
["DEBUG:branches1"]
State 38:
Shifting (NEWLINE) to state 39
State 39:
Lookahead token is now LID (701-718)
Reducing production nonempty_list(NEWLINE) -> NEWLINE
State 41:
Shifting (LID) to state 4
State 4:
DEBUG
(1, 722, "::=")
Lookahead token is now COLONCOLONEQUAL (719-722)
Shifting (COLONCOLONEQUAL) to state 5
State 5:
Lookahead token is now QID (725-726)
Shifting (QID) to state 10
State 10:
Lookahead token is now LID (727-728)
Reducing production term -> QID
State 17:
Reducing production factor -> term
State 23:
Reducing production concatenation -> factor
State 24:
Shifting (LID) to state 13
State 13:
Lookahead token is now LID (729-732)
Reducing production term -> LID
State 17:
Reducing production factor -> term
State 25:
Reducing production concatenation -> concatenation factor
State 24:
Shifting (LID) to state 13
State 13:
Lookahead token is now LID (733-734)
Reducing production term -> LID
State 17:
Reducing production factor -> term
State 25:
Reducing production concatenation -> concatenation factor
State 24:
Shifting (LID) to state 13
State 13:
Lookahead token is now QID (737-738)
Reducing production term -> LID
State 17:
Reducing production factor -> term
State 25:
Reducing production concatenation -> concatenation factor
State 24:
Shifting (QID) to state 10
State 10:
Lookahead token is now NEWLINE (738-739)
Reducing production term -> QID
State 17:
Reducing production factor -> term
State 25:
Reducing production concatenation -> concatenation factor
State 24:
Reducing production alternation -> concatenation
State 28:
Reducing production rhs -> alternation
State 32:
Reducing production old_rule -> LID COLONCOLONEQUAL rhs
["DEBUG:branches1"]
State 38:
Shifting (NEWLINE) to state 39
State 39:
Lookahead token is now LID (739-747)
Reducing production nonempty_list(NEWLINE) -> NEWLINE
State 41:
Shifting (LID) to state 4
State 4:
DEBUG
(1, 751, "::=")
Lookahead token is now COLONCOLONEQUAL (748-751)
Shifting (COLONCOLONEQUAL) to state 5
State 5:
Lookahead token is now QID (754-755)
Shifting (QID) to state 10
State 10:
Lookahead token is now LID (756-759)
Reducing production term -> QID
State 17:
Reducing production factor -> term
State 23:
Reducing production concatenation -> factor
State 24:
Shifting (LID) to state 13
State 13:
"("
Lookahead token is now LPAREN (760-761)
Reducing production term -> LID
State 17:
Reducing production factor -> term
State 25:
Reducing production concatenation -> concatenation factor
State 24:
Shifting (LPAREN) to state 11
State 11:
Lookahead token is now QID (763-764)
Reducing production list(NEWLINE) ->
State 12:
Shifting (QID) to state 10
State 10:
Lookahead token is now LID (765-767)
Reducing production term -> QID
State 17:
Reducing production factor -> term
State 23:
Reducing production concatenation -> factor
State 24:
Shifting (LID) to state 13
State 13:
Lookahead token is now LID (768-771)
Reducing production term -> LID
State 17:
Reducing production factor -> term
State 25:
Reducing production concatenation -> concatenation factor
State 24:
Shifting (LID) to state 13
State 13:
Lookahead token is now RPAREN (771-772)
Reducing production term -> LID
State 17:
Reducing production factor -> term
State 25:
Reducing production concatenation -> concatenation factor
State 24:
Reducing production alternation -> concatenation
State 28:
Reducing production rhs -> alternation
State 21:
Shifting (RPAREN) to state 22
State 22:
Lookahead token is now STAR (772-773)
Reducing production term -> LPAREN list(NEWLINE) rhs RPAREN
State 17:
Shifting (STAR) to state 18
State 18:
Lookahead token is now QID (776-777)
Reducing production factor -> term STAR
State 25:
Reducing production concatenation -> concatenation factor
State 24:
Shifting (QID) to state 10
State 10:
Lookahead token is now NEWLINE (777-778)
Reducing production term -> QID
State 17:
Reducing production factor -> term
State 25:
Reducing production concatenation -> concatenation factor
State 24:
Reducing production alternation -> concatenation
State 28:
Reducing production rhs -> alternation
State 32:
Reducing production old_rule -> LID COLONCOLONEQUAL rhs
["DEBUG:branches1"]
State 38:
Shifting (NEWLINE) to state 39
State 39:
Lookahead token is now LID (778-785)
Reducing production nonempty_list(NEWLINE) -> NEWLINE
State 41:
Shifting (LID) to state 4
State 4:
DEBUG
(1, 789, "::=")
Lookahead token is now COLONCOLONEQUAL (786-789)
Shifting (COLONCOLONEQUAL) to state 5
State 5:
Lookahead token is now QID (794-795)
Shifting (QID) to state 10
State 10:
Lookahead token is now LID (796-798)
Reducing production term -> QID
State 17:
Reducing production factor -> term
State 23:
Reducing production concatenation -> factor
State 24:
Shifting (LID) to state 13
State 13:
Lookahead token is now LID (799-802)
Reducing production term -> LID
State 17:
Reducing production factor -> term
State 25:
Reducing production concatenation -> concatenation factor
State 24:
Shifting (LID) to state 13
State 13:
Lookahead token is now LID (803-804)
Reducing production term -> LID
State 17:
Reducing production factor -> term
State 25:
Reducing production concatenation -> concatenation factor
State 24:
Shifting (LID) to state 13
State 13:
"("
Lookahead token is now LPAREN (805-806)
Reducing production term -> LID
State 17:
Reducing production factor -> term
State 25:
Reducing production concatenation -> concatenation factor
State 24:
Shifting (LPAREN) to state 11
State 11:
Lookahead token is now QID (808-809)
Reducing production list(NEWLINE) ->
State 12:
Shifting (QID) to state 10
State 10:
Lookahead token is now LID (810-812)
Reducing production term -> QID
State 17:
Reducing production factor -> term
State 23:
Reducing production concatenation -> factor
State 24:
Shifting (LID) to state 13
State 13:
Lookahead token is now LID (813-816)
Reducing production term -> LID
State 17:
Reducing production factor -> term
State 25:
Reducing production concatenation -> concatenation factor
State 24:
Shifting (LID) to state 13
State 13:
Lookahead token is now RPAREN (816-817)
Reducing production term -> LID
State 17:
Reducing production factor -> term
State 25:
Reducing production concatenation -> concatenation factor
State 24:
Reducing production alternation -> concatenation
State 28:
Reducing production rhs -> alternation
State 21:
Shifting (RPAREN) to state 22
State 22:
Lookahead token is now QUESTION (817-818)
Reducing production term -> LPAREN list(NEWLINE) rhs RPAREN
State 17:
Shifting (QUESTION) to state 19
State 19:
Lookahead token is now LID (819-821)
Reducing production factor -> term QUESTION
State 25:
Reducing production concatenation -> concatenation factor
State 24:
Shifting (LID) to state 13
State 13:
Lookahead token is now QID (824-825)
Reducing production term -> LID
State 17:
Reducing production factor -> term
State 25:
Reducing production concatenation -> concatenation factor
State 24:
Shifting (QID) to state 10
State 10:
Lookahead token is now LID (826-828)
Reducing production term -> QID
State 17:
Reducing production factor -> term
State 25:
Reducing production concatenation -> concatenation factor
State 24:
Shifting (LID) to state 13
State 13:
Lookahead token is now LID (829-832)
Reducing production term -> LID
State 17:
Reducing production factor -> term
State 25:
Reducing production concatenation -> concatenation factor
State 24:
Shifting (LID) to state 13
State 13:
Lookahead token is now LID (833-835)
Reducing production term -> LID
State 17:
Reducing production factor -> term
State 25:
Reducing production concatenation -> concatenation factor
State 24:
Shifting (LID) to state 13
State 13:
Lookahead token is now QID (839-840)
Reducing production term -> LID
State 17:
Reducing production factor -> term
State 25:
Reducing production concatenation -> concatenation factor
State 24:
Shifting (QID) to state 10
State 10:
Lookahead token is now LID (841-843)
Reducing production term -> QID
State 17:
Reducing production factor -> term
State 25:
Reducing production concatenation -> concatenation factor
State 24:
Shifting (LID) to state 13
State 13:
Lookahead token is now LID (844-847)
Reducing production term -> LID
State 17:
Reducing production factor -> term
State 25:
Reducing production concatenation -> concatenation factor
State 24:
Shifting (LID) to state 13
State 13:
Lookahead token is now NEWLINE (847-848)
Reducing production term -> LID
State 17:
Reducing production factor -> term
State 25:
Reducing production concatenation -> concatenation factor
State 24:
Reducing production alternation -> concatenation
State 28:
Reducing production rhs -> alternation
State 32:
Reducing production old_rule -> LID COLONCOLONEQUAL rhs
["DEBUG:branches1"]
State 38:
Shifting (NEWLINE) to state 39
State 39:
Lookahead token is now LID (848-854)
Reducing production nonempty_list(NEWLINE) -> NEWLINE
State 41:
Shifting (LID) to state 4
State 4:
DEBUG
(1, 858, "::=")
Lookahead token is now COLONCOLONEQUAL (855-858)
Shifting (COLONCOLONEQUAL) to state 5
State 5:
Lookahead token is now QID (862-863)
Shifting (QID) to state 10
State 10:
Lookahead token is now LID (864-866)
Reducing production term -> QID
State 17:
Reducing production factor -> term
State 23:
Reducing production concatenation -> factor
State 24:
Shifting (LID) to state 13
State 13:
Lookahead token is now LID (867-870)
Reducing production term -> LID
State 17:
Reducing production factor -> term
State 25:
Reducing production concatenation -> concatenation factor
State 24:
Shifting (LID) to state 13
State 13:
Lookahead token is now LID (871-873)
Reducing production term -> LID
State 17:
Reducing production factor -> term
State 25:
Reducing production concatenation -> concatenation factor
State 24:
Shifting (LID) to state 13
State 13:
Lookahead token is now QID (879-880)
Reducing production term -> LID
State 17:
Reducing production factor -> term
State 25:
Reducing production concatenation -> concatenation factor
State 24:
Shifting (QID) to state 10
State 10:
Lookahead token is now LID (881-883)
Reducing production term -> QID
State 17:
Reducing production factor -> term
State 25:
Reducing production concatenation -> concatenation factor
State 24:
Shifting (LID) to state 13
State 13:
Lookahead token is now LID (884-887)
Reducing production term -> LID
State 17:
Reducing production factor -> term
State 25:
Reducing production concatenation -> concatenation factor
State 24:
Shifting (LID) to state 13
State 13:
Lookahead token is now LID (888-890)
Reducing production term -> LID
State 17:
Reducing production factor -> term
State 25:
Reducing production concatenation -> concatenation factor
State 24:
Shifting (LID) to state 13
State 13:
Lookahead token is now QID (896-897)
Reducing production term -> LID
State 17:
Reducing production factor -> term
State 25:
Reducing production concatenation -> concatenation factor
State 24:
Shifting (QID) to state 10
State 10:
Lookahead token is now LID (898-900)
Reducing production term -> QID
State 17:
Reducing production factor -> term
State 25:
Reducing production concatenation -> concatenation factor
State 24:
Shifting (LID) to state 13
State 13:
Lookahead token is now LID (901-904)
Reducing production term -> LID
State 17:
Reducing production factor -> term
State 25:
Reducing production concatenation -> concatenation factor
State 24:
Shifting (LID) to state 13
State 13:
Lookahead token is now NEWLINE (904-905)
Reducing production term -> LID
State 17:
Reducing production factor -> term
State 25:
Reducing production concatenation -> concatenation factor
State 24:
Reducing production alternation -> concatenation
State 28:
Reducing production rhs -> alternation
State 32:
Reducing production old_rule -> LID COLONCOLONEQUAL rhs
["DEBUG:branches1"]
State 38:
Shifting (NEWLINE) to state 39
State 39:
Lookahead token is now LID (905-913)
Reducing production nonempty_list(NEWLINE) -> NEWLINE
State 41:
Shifting (LID) to state 4
State 4:
DEBUG
(1, 917, "::=")
Lookahead token is now COLONCOLONEQUAL (914-917)
Shifting (COLONCOLONEQUAL) to state 5
State 5:
Lookahead token is now QID (923-924)
Shifting (QID) to state 10
State 10:
Lookahead token is now LID (925-927)
Reducing production term -> QID
State 17:
Reducing production factor -> term
State 23:
Reducing production concatenation -> factor
State 24:
Shifting (LID) to state 13
State 13:
Lookahead token is now LID (928-931)
Reducing production term -> LID
State 17:
Reducing production factor -> term
State 25:
Reducing production concatenation -> concatenation factor
State 24:
Shifting (LID) to state 13
State 13:
"("
Lookahead token is now LPAREN (932-933)
Reducing production term -> LID
State 17:
Reducing production factor -> term
State 25:
Reducing production concatenation -> concatenation factor
State 24:
Shifting (LPAREN) to state 11
State 11:
Lookahead token is now LID (933-935)
Reducing production list(NEWLINE) ->
State 12:
Shifting (LID) to state 13
State 13:
Lookahead token is now QID (938-939)
Reducing production term -> LID
State 17:
Reducing production factor -> term
State 23:
Reducing production concatenation -> factor
State 24:
Shifting (QID) to state 10
State 10:
Lookahead token is now LID (940-942)
Reducing production term -> QID
State 17:
Reducing production factor -> term
State 25:
Reducing production concatenation -> concatenation factor
State 24:
Shifting (LID) to state 13
State 13:
Lookahead token is now LID (943-946)
Reducing production term -> LID
State 17:
Reducing production factor -> term
State 25:
Reducing production concatenation -> concatenation factor
State 24:
Shifting (LID) to state 13
State 13:
Lookahead token is now LID (947-949)
Reducing production term -> LID
State 17:
Reducing production factor -> term
State 25:
Reducing production concatenation -> concatenation factor
State 24:
Shifting (LID) to state 13
State 13:
Lookahead token is now QID (953-954)
Reducing production term -> LID
State 17:
Reducing production factor -> term
State 25:
Reducing production concatenation -> concatenation factor
State 24:
Shifting (QID) to state 10
State 10:
Lookahead token is now LID (955-957)
Reducing production term -> QID
State 17:
Reducing production factor -> term
State 25:
Reducing production concatenation -> concatenation factor
State 24:
Shifting (LID) to state 13
State 13:
Lookahead token is now LID (958-961)
Reducing production term -> LID
State 17:
Reducing production factor -> term
State 25:
Reducing production concatenation -> concatenation factor
State 24:
Shifting (LID) to state 13
State 13:
Lookahead token is now RPAREN (961-962)
Reducing production term -> LID
State 17:
Reducing production factor -> term
State 25:
Reducing production concatenation -> concatenation factor
State 24:
Reducing production alternation -> concatenation
State 28:
Reducing production rhs -> alternation
State 21:
Shifting (RPAREN) to state 22
State 22:
Lookahead token is now PLUS (962-963)
Reducing production term -> LPAREN list(NEWLINE) rhs RPAREN
State 17:
Shifting (PLUS) to state 20
State 20:
Lookahead token is now LID (964-966)
Reducing production factor -> term PLUS
State 25:
Reducing production concatenation -> concatenation factor
State 24:
Shifting (LID) to state 13
State 13:
Lookahead token is now QID (971-972)
Reducing production term -> LID
State 17:
Reducing production factor -> term
State 25:
Reducing production concatenation -> concatenation factor
State 24:
Shifting (QID) to state 10
State 10:
Lookahead token is now NEWLINE (972-973)
Reducing production term -> QID
State 17:
Reducing production factor -> term
State 25:
Reducing production concatenation -> concatenation factor
State 24:
Reducing production alternation -> concatenation
State 28:
Reducing production rhs -> alternation
State 32:
Reducing production old_rule -> LID COLONCOLONEQUAL rhs
["DEBUG:branches1"]
State 38:
Shifting (NEWLINE) to state 39
State 39:
Lookahead token is now LID (973-981)
Reducing production nonempty_list(NEWLINE) -> NEWLINE
State 41:
Shifting (LID) to state 4
State 4:
DEBUG
(1, 985, "::=")
Lookahead token is now COLONCOLONEQUAL (982-985)
Shifting (COLONCOLONEQUAL) to state 5
State 5:
Lookahead token is now QID (991-992)
Shifting (QID) to state 10
State 10:
Lookahead token is now LID (993-995)
Reducing production term -> QID
State 17:
Reducing production factor -> term
State 23:
Reducing production concatenation -> factor
State 24:
Shifting (LID) to state 13
State 13:
Lookahead token is now LID (996-999)
Reducing production term -> LID
State 17:
Reducing production factor -> term
State 25:
Reducing production concatenation -> concatenation factor
State 24:
Shifting (LID) to state 13
State 13:
Lookahead token is now LID (1000-1002)
Reducing production term -> LID
State 17:
Reducing production factor -> term
State 25:
Reducing production concatenation -> concatenation factor
State 24:
Shifting (LID) to state 13
State 13:
Lookahead token is now QID (1007-1008)
Reducing production term -> LID
State 17:
Reducing production factor -> term
State 25:
Reducing production concatenation -> concatenation factor
State 24:
Shifting (QID) to state 10
State 10:
Lookahead token is now NEWLINE (1008-1009)
Reducing production term -> QID
State 17:
Reducing production factor -> term
State 25:
Reducing production concatenation -> concatenation factor
State 24:
Reducing production alternation -> concatenation
State 28:
Reducing production rhs -> alternation
State 32:
Reducing production old_rule -> LID COLONCOLONEQUAL rhs
["DEBUG:branches1"]
State 38:
Shifting (NEWLINE) to state 39
State 39:
Lookahead token is now LID (1009-1019)
Reducing production nonempty_list(NEWLINE) -> NEWLINE
State 41:
Shifting (LID) to state 4
State 4:
DEBUG
(1, 1023, "::=")
Lookahead token is now COLONCOLONEQUAL (1020-1023)
Shifting (COLONCOLONEQUAL) to state 5
State 5:
Lookahead token is now QID (1029-1030)
Shifting (QID) to state 10
State 10:
Lookahead token is now LID (1031-1033)
Reducing production term -> QID
State 17:
Reducing production factor -> term
State 23:
Reducing production concatenation -> factor
State 24:
Shifting (LID) to state 13
State 13:
Lookahead token is now LID (1034-1047)
Reducing production term -> LID
State 17:
Reducing production factor -> term
State 25:
Reducing production concatenation -> concatenation factor
State 24:
Shifting (LID) to state 13
State 13:
Lookahead token is now LID (1048-1050)
Reducing production term -> LID
State 17:
Reducing production factor -> term
State 25:
Reducing production concatenation -> concatenation factor
State 24:
Shifting (LID) to state 13
State 13:
Lookahead token is now QID (1053-1054)
Reducing production term -> LID
State 17:
Reducing production factor -> term
State 25:
Reducing production concatenation -> concatenation factor
State 24:
Shifting (QID) to state 10
State 10:
Lookahead token is now LID (1055-1057)
Reducing production term -> QID
State 17:
Reducing production factor -> term
State 25:
Reducing production concatenation -> concatenation factor
State 24:
Shifting (LID) to state 13
State 13:
Lookahead token is now LID (1058-1061)
Reducing production term -> LID
State 17:
Reducing production factor -> term
State 25:
Reducing production concatenation -> concatenation factor
State 24:
Shifting (LID) to state 13
State 13:
Lookahead token is now LID (1062-1064)
Reducing production term -> LID
State 17:
Reducing production factor -> term
State 25:
Reducing production concatenation -> concatenation factor
State 24:
Shifting (LID) to state 13
State 13:
Lookahead token is now QID (1068-1069)
Reducing production term -> LID
State 17:
Reducing production factor -> term
State 25:
Reducing production concatenation -> concatenation factor
State 24:
Shifting (QID) to state 10
State 10:
Lookahead token is now LID (1070-1072)
Reducing production term -> QID
State 17:
Reducing production factor -> term
State 25:
Reducing production concatenation -> concatenation factor
State 24:
Shifting (LID) to state 13
State 13:
Lookahead token is now LID (1073-1076)
Reducing production term -> LID
State 17:
Reducing production factor -> term
State 25:
Reducing production concatenation -> concatenation factor
State 24:
Shifting (LID) to state 13
State 13:
Lookahead token is now NEWLINE (1076-1077)
Reducing production term -> LID
State 17:
Reducing production factor -> term
State 25:
Reducing production concatenation -> concatenation factor
State 24:
Reducing production alternation -> concatenation
State 28:
Reducing production rhs -> alternation
State 32:
Reducing production old_rule -> LID COLONCOLONEQUAL rhs
["DEBUG:branches1"]
State 38:
Shifting (NEWLINE) to state 39
State 39:
Lookahead token is now LID (1077-1080)
Reducing production nonempty_list(NEWLINE) -> NEWLINE
State 41:
Shifting (LID) to state 4
State 4:
DEBUG
(1, 1084, "::=")
Lookahead token is now COLONCOLONEQUAL (1081-1084)
Shifting (COLONCOLONEQUAL) to state 5
State 5:
Lookahead token is now QID (1089-1090)
Shifting (QID) to state 10
State 10:
Lookahead token is now LID (1091-1093)
Reducing production term -> QID
State 17:
Reducing production factor -> term
State 23:
Reducing production concatenation -> factor
State 24:
Shifting (LID) to state 13
State 13:
Lookahead token is now LID (1094-1097)
Reducing production term -> LID
State 17:
Reducing production factor -> term
State 25:
Reducing production concatenation -> concatenation factor
State 24:
Shifting (LID) to state 13
State 13:
"("
Lookahead token is now LPAREN (1098-1099)
Reducing production term -> LID
State 17:
Reducing production factor -> term
State 25:
Reducing production concatenation -> concatenation factor
State 24:
Shifting (LPAREN) to state 11
State 11:
Lookahead token is now LID (1099-1100)
Reducing production list(NEWLINE) ->
State 12:
Shifting (LID) to state 13
State 13:
Lookahead token is now QID (1103-1104)
Reducing production term -> LID
State 17:
Reducing production factor -> term
State 23:
Reducing production concatenation -> factor
State 24:
Shifting (QID) to state 10
State 10:
Lookahead token is now LID (1105-1107)
Reducing production term -> QID
State 17:
Reducing production factor -> term
State 25:
Reducing production concatenation -> concatenation factor
State 24:
Shifting (LID) to state 13
State 13:
Lookahead token is now LID (1108-1111)
Reducing production term -> LID
State 17:
Reducing production factor -> term
State 25:
Reducing production concatenation -> concatenation factor
State 24:
Shifting (LID) to state 13
State 13:
Lookahead token is now RPAREN (1111-1112)
Reducing production term -> LID
State 17:
Reducing production factor -> term
State 25:
Reducing production concatenation -> concatenation factor
State 24:
Reducing production alternation -> concatenation
State 28:
Reducing production rhs -> alternation
State 21:
Shifting (RPAREN) to state 22
State 22:
Lookahead token is now QUESTION (1112-1113)
Reducing production term -> LPAREN list(NEWLINE) rhs RPAREN
State 17:
Shifting (QUESTION) to state 19
State 19:
Lookahead token is now LID (1114-1116)
Reducing production factor -> term QUESTION
State 25:
Reducing production concatenation -> concatenation factor
State 24:
Shifting (LID) to state 13
State 13:
Lookahead token is now QID (1120-1121)
Reducing production term -> LID
State 17:
Reducing production factor -> term
State 25:
Reducing production concatenation -> concatenation factor
State 24:
Shifting (QID) to state 10
State 10:
Lookahead token is now LID (1122-1124)
Reducing production term -> QID
State 17:
Reducing production factor -> term
State 25:
Reducing production concatenation -> concatenation factor
State 24:
Shifting (LID) to state 13
State 13:
Lookahead token is now LID (1125-1128)
Reducing production term -> LID
State 17:
Reducing production factor -> term
State 25:
Reducing production concatenation -> concatenation factor
State 24:
Shifting (LID) to state 13
State 13:
Lookahead token is now NEWLINE (1128-1129)
Reducing production term -> LID
State 17:
Reducing production factor -> term
State 25:
Reducing production concatenation -> concatenation factor
State 24:
Reducing production alternation -> concatenation
State 28:
Reducing production rhs -> alternation
State 32:
Reducing production old_rule -> LID COLONCOLONEQUAL rhs
["DEBUG:branches1"]
State 38:
Shifting (NEWLINE) to state 39
State 39:
Lookahead token is now NEWLINE (1129-1130)
Shifting (NEWLINE) to state 39
State 39:
Lookahead token is now LID (1130-1143)
Reducing production nonempty_list(NEWLINE) -> NEWLINE
State 40:
Reducing production nonempty_list(NEWLINE) -> NEWLINE nonempty_list(NEWLINE)
State 41:
Shifting (LID) to state 4
State 4:
DEBUG
(1, 1147, "::=")
Lookahead token is now COLONCOLONEQUAL (1144-1147)
Shifting (COLONCOLONEQUAL) to state 5
State 5:
"["
"A"
"-"
"Z"
"]"
Lookahead token is now REGEX (1152-1153)
Shifting (REGEX) to state 9
State 9:
"["
"A"
"-"
"Z"
"a"
"-"
"z"
"0"
"-"
"9"
"_"
"]"
Lookahead token is now REGEX (1164-1165)
Reducing production term -> REGEX
State 17:
Reducing production factor -> term
State 23:
Reducing production concatenation -> factor
State 24:
Shifting (REGEX) to state 9
State 9:
Lookahead token is now STAR (1165-1166)
Reducing production term -> REGEX
State 17:
Shifting (STAR) to state 18
State 18:
Lookahead token is now NEWLINE (1166-1167)
Reducing production factor -> term STAR
State 25:
Reducing production concatenation -> concatenation factor
State 24:
Reducing production alternation -> concatenation
State 28:
Reducing production rhs -> alternation
State 32:
Reducing production old_rule -> LID COLONCOLONEQUAL rhs
["DEBUG:branches1"]
State 38:
Shifting (NEWLINE) to state 39
State 39:
Lookahead token is now LID (1167-1178)
Reducing production nonempty_list(NEWLINE) -> NEWLINE
State 41:
Shifting (LID) to state 4
State 4:
DEBUG
(1, 1182, "::=")
Lookahead token is now COLONCOLONEQUAL (1179-1182)
Shifting (COLONCOLONEQUAL) to state 5
State 5:
"["
"A"
"-"
"Z"
"]"
Lookahead token is now REGEX (1187-1188)
Shifting (REGEX) to state 9
State 9:
"["
"A"
"-"
"Z"
"a"
"-"
"z"
"0"
"-"
"9"
"_"
"]"
Lookahead token is now REGEX (1199-1200)
Reducing production term -> REGEX
State 17:
Reducing production factor -> term
State 23:
Reducing production concatenation -> factor
State 24:
Shifting (REGEX) to state 9
State 9:
Lookahead token is now STAR (1200-1201)
Reducing production term -> REGEX
State 17:
Shifting (STAR) to state 18
State 18:
Lookahead token is now NEWLINE (1201-1202)
Reducing production factor -> term STAR
State 25:
Reducing production concatenation -> concatenation factor
State 24:
Reducing production alternation -> concatenation
State 28:
Reducing production rhs -> alternation
State 32:
Reducing production old_rule -> LID COLONCOLONEQUAL rhs
["DEBUG:branches1"]
State 38:
Shifting (NEWLINE) to state 39
State 39:
Lookahead token is now LID (1202-1210)
Reducing production nonempty_list(NEWLINE) -> NEWLINE
State 41:
Shifting (LID) to state 4
State 4:
DEBUG
(1, 1214, "::=")
Lookahead token is now COLONCOLONEQUAL (1211-1214)
Shifting (COLONCOLONEQUAL) to state 5
State 5:
"["
"a"
"-"
"z"
"]"
Lookahead token is now REGEX (1219-1220)
Shifting (REGEX) to state 9
State 9:
"["
"A"
"-"
"Z"
"a"
"-"
"z"
"0"
"-"
"9"
"_"
"]"
Lookahead token is now REGEX (1231-1232)
Reducing production term -> REGEX
State 17:
Reducing production factor -> term
State 23:
Reducing production concatenation -> factor
State 24:
Shifting (REGEX) to state 9
State 9:
Lookahead token is now STAR (1232-1233)
Reducing production term -> REGEX
State 17:
Shifting (STAR) to state 18
State 18:
Lookahead token is now NEWLINE (1233-1234)
Reducing production factor -> term STAR
State 25:
Reducing production concatenation -> concatenation factor
State 24:
Reducing production alternation -> concatenation
State 28:
Reducing production rhs -> alternation
State 32:
Reducing production old_rule -> LID COLONCOLONEQUAL rhs
["DEBUG:branches1"]
State 38:
Shifting (NEWLINE) to state 39
State 39:
Lookahead token is now LID (1234-1238)
Reducing production nonempty_list(NEWLINE) -> NEWLINE
State 41:
Shifting (LID) to state 4
State 4:
DEBUG
(1, 1242, "::=")
Lookahead token is now COLONCOLONEQUAL (1239-1242)
Shifting (COLONCOLONEQUAL) to state 5
State 5:
Lookahead token is now QID (1248-1249)
Shifting (QID) to state 10
State 10:
Lookahead token is now BAR (1250-1251)
Reducing production term -> QID
State 17:
Reducing production factor -> term
State 23:
Reducing production concatenation -> factor
State 24:
Reducing production alternation -> concatenation
State 28:
Shifting (BAR) to state 29
State 29:
Lookahead token is now QID (1258-1259)
Reducing production list(NEWLINE) ->
State 30:
Shifting (QID) to state 10
State 10:
Lookahead token is now NEWLINE (1259-1260)
Reducing production term -> QID
State 17:
Reducing production factor -> term
State 23:
Reducing production concatenation -> factor
State 31:
Reducing production alternation -> alternation BAR list(NEWLINE) concatenation
State 28:
Reducing production rhs -> alternation
State 32:
Reducing production old_rule -> LID COLONCOLONEQUAL rhs
["DEBUG:branches1"]
State 38:
Shifting (NEWLINE) to state 39
State 39:
Lookahead token is now LID (1260-1267)
Reducing production nonempty_list(NEWLINE) -> NEWLINE
State 41:
Shifting (LID) to state 4
State 4:
DEBUG
(1, 1271, "::=")
Lookahead token is now COLONCOLONEQUAL (1268-1271)
Shifting (COLONCOLONEQUAL) to state 5
State 5:
"["
"0"
"-"
"9"
"]"
Lookahead token is now REGEX (1276-1277)
Shifting (REGEX) to state 9
State 9:
Lookahead token is now PLUS (1277-1278)
Reducing production term -> REGEX
State 17:
Shifting (PLUS) to state 20
State 20:
Lookahead token is now NEWLINE (1278-1279)
Reducing production factor -> term PLUS
State 23:
Reducing production concatenation -> factor
State 24:
Reducing production alternation -> concatenation
State 28:
Reducing production rhs -> alternation
State 32:
Reducing production old_rule -> LID COLONCOLONEQUAL rhs
["DEBUG:branches1"]
State 38:
Shifting (NEWLINE) to state 39
State 39:
Lookahead token is now LID (1279-1284)
Reducing production nonempty_list(NEWLINE) -> NEWLINE
State 41:
Shifting (LID) to state 4
State 4:
DEBUG
(1, 1288, "::=")
Lookahead token is now COLONCOLONEQUAL (1285-1288)
Shifting (COLONCOLONEQUAL) to state 5
State 5:
"["
"0"
"-"
"9"
"]"
Lookahead token is now REGEX (1293-1294)
Shifting (REGEX) to state 9
State 9:
Lookahead token is now STAR (1294-1295)
Reducing production term -> REGEX
State 17:
Shifting (STAR) to state 18
State 18:
Lookahead token is now QID (1298-1299)
Reducing production factor -> term STAR
State 23:
Reducing production concatenation -> factor
State 24:
Shifting (QID) to state 10
State 10:
"["
"0"
"-"
"9"
"]"
Lookahead token is now REGEX (1304-1305)
Reducing production term -> QID
State 17:
Reducing production factor -> term
State 25:
Reducing production concatenation -> concatenation factor
State 24:
Shifting (REGEX) to state 9
State 9:
Lookahead token is now PLUS (1305-1306)
Reducing production term -> REGEX
State 17:
Shifting (PLUS) to state 20
State 20:
Lookahead token is now NEWLINE (1306-1307)
Reducing production factor -> term PLUS
State 25:
Reducing production concatenation -> concatenation factor
State 24:
Reducing production alternation -> concatenation
State 28:
Reducing production rhs -> alternation
State 32:
Reducing production old_rule -> LID COLONCOLONEQUAL rhs
["DEBUG:branches1"]
State 38:
Shifting (NEWLINE) to state 39
State 39:
Lookahead token is now LID (1307-1313)
Reducing production nonempty_list(NEWLINE) -> NEWLINE
State 41:
Shifting (LID) to state 4
State 4:
DEBUG
(1, 1317, "::=")
Lookahead token is now COLONCOLONEQUAL (1314-1317)
Shifting (COLONCOLONEQUAL) to state 5
State 5:
Lookahead token is now QID (1321-1322)
Shifting (QID) to state 10
State 10:
"["
"^"
"\""
"]"
Lookahead token is now REGEX (1326-1327)
Reducing production term -> QID
State 17:
Reducing production factor -> term
State 23:
Reducing production concatenation -> factor
State 24:
Shifting (REGEX) to state 9
State 9:
Lookahead token is now STAR (1327-1328)
Reducing production term -> REGEX
State 17:
Shifting (STAR) to state 18
State 18:
Lookahead token is now QID (1332-1333)
Reducing production factor -> term STAR
State 25:
Reducing production concatenation -> concatenation factor
State 24:
Shifting (QID) to state 10
State 10:
Lookahead token is now NEWLINE (1333-1334)
Reducing production term -> QID
State 17:
Reducing production factor -> term
State 25:
Reducing production concatenation -> concatenation factor
State 24:
Reducing production alternation -> concatenation
State 28:
Reducing production rhs -> alternation
State 32:
Reducing production old_rule -> LID COLONCOLONEQUAL rhs
["DEBUG:branches1"]
State 38:
Shifting (NEWLINE) to state 39
State 39:
Lookahead token is now NEWLINE (1334-1335)
Shifting (NEWLINE) to state 39
State 39:
Lookahead token is now LID (1335-1343)
Reducing production nonempty_list(NEWLINE) -> NEWLINE
State 40:
Reducing production nonempty_list(NEWLINE) -> NEWLINE nonempty_list(NEWLINE)
State 41:
Shifting (LID) to state 4
State 4:
DEBUG
(1, 1347, "::=")
Lookahead token is now COLONCOLONEQUAL (1344-1347)
Shifting (COLONCOLONEQUAL) to state 5
State 5:
Lookahead token is now QID (1350-1351)
Shifting (QID) to state 10
State 10:
Lookahead token is now BAR (1352-1353)
Reducing production term -> QID
State 17:
Reducing production factor -> term
State 23:
Reducing production concatenation -> factor
State 24:
Reducing production alternation -> concatenation
State 28:
Shifting (BAR) to state 29
State 29:
Lookahead token is now QID (1356-1357)
Reducing production list(NEWLINE) ->
State 30:
Shifting (QID) to state 10
State 10:
Lookahead token is now NEWLINE (1357-1358)
Reducing production term -> QID
State 17:
Reducing production factor -> term
State 23:
Reducing production concatenation -> factor
State 31:
Reducing production alternation -> alternation BAR list(NEWLINE) concatenation
State 28:
Reducing production rhs -> alternation
State 32:
Reducing production old_rule -> LID COLONCOLONEQUAL rhs
["DEBUG:branches1"]
State 38:
Shifting (NEWLINE) to state 39
State 39:
Lookahead token is now LID (1358-1371)
Reducing production nonempty_list(NEWLINE) -> NEWLINE
State 41:
Shifting (LID) to state 4
State 4:
DEBUG
(1, 1375, "::=")
Lookahead token is now COLONCOLONEQUAL (1372-1375)
Shifting (COLONCOLONEQUAL) to state 5
State 5:
Lookahead token is now QID (1378-1379)
Shifting (QID) to state 10
State 10:
Lookahead token is now BAR (1380-1381)
Reducing production term -> QID
State 17:
Reducing production factor -> term
State 23:
Reducing production concatenation -> factor
State 24:
Reducing production alternation -> concatenation
State 28:
Shifting (BAR) to state 29
State 29:
Lookahead token is now QID (1384-1385)
Reducing production list(NEWLINE) ->
State 30:
Shifting (QID) to state 10
State 10:
Lookahead token is now BAR (1386-1387)
Reducing production term -> QID
State 17:
Reducing production factor -> term
State 23:
Reducing production concatenation -> factor
State 31:
Reducing production alternation -> alternation BAR list(NEWLINE) concatenation
State 28:
Shifting (BAR) to state 29
State 29:
Lookahead token is now QID (1390-1391)
Reducing production list(NEWLINE) ->
State 30:
Shifting (QID) to state 10
State 10:
Lookahead token is now BAR (1392-1393)
Reducing production term -> QID
State 17:
Reducing production factor -> term
State 23:
Reducing production concatenation -> factor
State 31:
Reducing production alternation -> alternation BAR list(NEWLINE) concatenation
State 28:
Shifting (BAR) to state 29
State 29:
Lookahead token is now QID (1396-1397)
Reducing production list(NEWLINE) ->
State 30:
Shifting (QID) to state 10
State 10:
Lookahead token is now BAR (1398-1399)
Reducing production term -> QID
State 17:
Reducing production factor -> term
State 23:
Reducing production concatenation -> factor
State 31:
Reducing production alternation -> alternation BAR list(NEWLINE) concatenation
State 28:
Shifting (BAR) to state 29
State 29:
Lookahead token is now QID (1402-1403)
Reducing production list(NEWLINE) ->
State 30:
Shifting (QID) to state 10
State 10:
Lookahead token is now BAR (1404-1405)
Reducing production term -> QID
State 17:
Reducing production factor -> term
State 23:
Reducing production concatenation -> factor
State 31:
Reducing production alternation -> alternation BAR list(NEWLINE) concatenation
State 28:
Shifting (BAR) to state 29
State 29:
Lookahead token is now QID (1408-1409)
Reducing production list(NEWLINE) ->
State 30:
Shifting (QID) to state 10
State 10:
Lookahead token is now BAR (1410-1411)
Reducing production term -> QID
State 17:
Reducing production factor -> term
State 23:
Reducing production concatenation -> factor
State 31:
Reducing production alternation -> alternation BAR list(NEWLINE) concatenation
State 28:
Shifting (BAR) to state 29
State 29:
Lookahead token is now QID (1415-1416)
Reducing production list(NEWLINE) ->
State 30:
Shifting (QID) to state 10
State 10:
Lookahead token is now BAR (1417-1418)
Reducing production term -> QID
State 17:
Reducing production factor -> term
State 23:
Reducing production concatenation -> factor
State 31:
Reducing production alternation -> alternation BAR list(NEWLINE) concatenation
State 28:
Shifting (BAR) to state 29
State 29:
Lookahead token is now QID (1422-1423)
Reducing production list(NEWLINE) ->
State 30:
Shifting (QID) to state 10
State 10:
Lookahead token is now BAR (1424-1425)
Reducing production term -> QID
State 17:
Reducing production factor -> term
State 23:
Reducing production concatenation -> factor
State 31:
Reducing production alternation -> alternation BAR list(NEWLINE) concatenation
State 28:
Shifting (BAR) to state 29
State 29:
Lookahead token is now QID (1429-1430)
Reducing production list(NEWLINE) ->
State 30:
Shifting (QID) to state 10
State 10:
Lookahead token is now BAR (1431-1432)
Reducing production term -> QID
State 17:
Reducing production factor -> term
State 23:
Reducing production concatenation -> factor
State 31:
Reducing production alternation -> alternation BAR list(NEWLINE) concatenation
State 28:
Shifting (BAR) to state 29
State 29:
Lookahead token is now QID (1436-1437)
Reducing production list(NEWLINE) ->
State 30:
Shifting (QID) to state 10
State 10:
Lookahead token is now NEWLINE (1437-1438)
Reducing production term -> QID
State 17:
Reducing production factor -> term
State 23:
Reducing production concatenation -> factor
State 31:
Reducing production alternation -> alternation BAR list(NEWLINE) concatenation
State 28:
Reducing production rhs -> alternation
State 32:
Reducing production old_rule -> LID COLONCOLONEQUAL rhs
["DEBUG:branches1"]
State 38:
Shifting (NEWLINE) to state 39
State 39:
Lookahead token is now LID (1438-1453)
Reducing production nonempty_list(NEWLINE) -> NEWLINE
State 41:
Shifting (LID) to state 4
State 4:
DEBUG
(1, 1457, "::=")
Lookahead token is now COLONCOLONEQUAL (1454-1457)
Shifting (COLONCOLONEQUAL) to state 5
State 5:
Lookahead token is now QID (1461-1462)
Shifting (QID) to state 10
State 10:
Lookahead token is now BAR (1463-1464)
Reducing production term -> QID
State 17:
Reducing production factor -> term
State 23:
Reducing production concatenation -> factor
State 24:
Reducing production alternation -> concatenation
State 28:
Shifting (BAR) to state 29
State 29:
Lookahead token is now QID (1468-1469)
Reducing production list(NEWLINE) ->
State 30:
Shifting (QID) to state 10
State 10:
Lookahead token is now BAR (1470-1471)
Reducing production term -> QID
State 17:
Reducing production factor -> term
State 23:
Reducing production concatenation -> factor
State 31:
Reducing production alternation -> alternation BAR list(NEWLINE) concatenation
State 28:
Shifting (BAR) to state 29
State 29:
Lookahead token is now QID (1475-1476)
Reducing production list(NEWLINE) ->
State 30:
Shifting (QID) to state 10
State 10:
Lookahead token is now BAR (1477-1478)
Reducing production term -> QID
State 17:
Reducing production factor -> term
State 23:
Reducing production concatenation -> factor
State 31:
Reducing production alternation -> alternation BAR list(NEWLINE) concatenation
State 28:
Shifting (BAR) to state 29
State 29:
Lookahead token is now QID (1482-1483)
Reducing production list(NEWLINE) ->
State 30:
Shifting (QID) to state 10
State 10:
Lookahead token is now BAR (1484-1485)
Reducing production term -> QID
State 17:
Reducing production factor -> term
State 23:
Reducing production concatenation -> factor
State 31:
Reducing production alternation -> alternation BAR list(NEWLINE) concatenation
State 28:
Shifting (BAR) to state 29
State 29:
Lookahead token is now QID (1489-1490)
Reducing production list(NEWLINE) ->
State 30:
Shifting (QID) to state 10
State 10:
Lookahead token is now BAR (1491-1492)
Reducing production term -> QID
State 17:
Reducing production factor -> term
State 23:
Reducing production concatenation -> factor
State 31:
Reducing production alternation -> alternation BAR list(NEWLINE) concatenation
State 28:
Shifting (BAR) to state 29
State 29:
Lookahead token is now QID (1496-1497)
Reducing production list(NEWLINE) ->
State 30:
Shifting (QID) to state 10
State 10:
Lookahead token is now BAR (1498-1499)
Reducing production term -> QID
State 17:
Reducing production factor -> term
State 23:
Reducing production concatenation -> factor
State 31:
Reducing production alternation -> alternation BAR list(NEWLINE) concatenation
State 28:
Shifting (BAR) to state 29
State 29:
Lookahead token is now QID (1504-1505)
Reducing production list(NEWLINE) ->
State 30:
Shifting (QID) to state 10
State 10:
Lookahead token is now BAR (1506-1507)
Reducing production term -> QID
State 17:
Reducing production factor -> term
State 23:
Reducing production concatenation -> factor
State 31:
Reducing production alternation -> alternation BAR list(NEWLINE) concatenation
State 28:
Shifting (BAR) to state 29
State 29:
Lookahead token is now QID (1512-1513)
Reducing production list(NEWLINE) ->
State 30:
Shifting (QID) to state 10
State 10:
Lookahead token is now BAR (1514-1515)
Reducing production term -> QID
State 17:
Reducing production factor -> term
State 23:
Reducing production concatenation -> factor
State 31:
Reducing production alternation -> alternation BAR list(NEWLINE) concatenation
State 28:
Shifting (BAR) to state 29
State 29:
Lookahead token is now QID (1520-1521)
Reducing production list(NEWLINE) ->
State 30:
Shifting (QID) to state 10
State 10:
Lookahead token is now BAR (1522-1523)
Reducing production term -> QID
State 17:
Reducing production factor -> term
State 23:
Reducing production concatenation -> factor
State 31:
Reducing production alternation -> alternation BAR list(NEWLINE) concatenation
State 28:
Shifting (BAR) to state 29
State 29:
Lookahead token is now QID (1528-1529)
Reducing production list(NEWLINE) ->
State 30:
Shifting (QID) to state 10
State 10:
Lookahead token is now NEWLINE (1529-1530)
Reducing production term -> QID
State 17:
Reducing production factor -> term
State 23:
Reducing production concatenation -> factor
State 31:
Reducing production alternation -> alternation BAR list(NEWLINE) concatenation
State 28:
Reducing production rhs -> alternation
State 32:
Reducing production old_rule -> LID COLONCOLONEQUAL rhs
["DEBUG:branches1"]
State 38:
Shifting (NEWLINE) to state 39
State 39:
Lookahead token is now LID (1530-1546)
Reducing production nonempty_list(NEWLINE) -> NEWLINE
State 41:
Shifting (LID) to state 4
State 4:
DEBUG
(1, 1550, "::=")
Lookahead token is now COLONCOLONEQUAL (1547-1550)
Shifting (COLONCOLONEQUAL) to state 5
State 5:
Lookahead token is now QID (1555-1556)
Shifting (QID) to state 10
State 10:
Lookahead token is now BAR (1557-1558)
Reducing production term -> QID
State 17:
Reducing production factor -> term
State 23:
Reducing production concatenation -> factor
State 24:
Reducing production alternation -> concatenation
State 28:
Shifting (BAR) to state 29
State 29:
Lookahead token is now QID (1561-1562)
Reducing production list(NEWLINE) ->
State 30:
Shifting (QID) to state 10
State 10:
Lookahead token is now NEWLINE (1562-1563)
Reducing production term -> QID
State 17:
Reducing production factor -> term
State 23:
Reducing production concatenation -> factor
State 31:
Reducing production alternation -> alternation BAR list(NEWLINE) concatenation
State 28:
Reducing production rhs -> alternation
State 32:
Reducing production old_rule -> LID COLONCOLONEQUAL rhs
["DEBUG:branches1"]
State 38:
Shifting (NEWLINE) to state 39
State 39:
Lookahead token is now LID (1563-1572)
Reducing production nonempty_list(NEWLINE) -> NEWLINE
State 41:
Shifting (LID) to state 4
State 4:
DEBUG
(1, 1576, "::=")
Lookahead token is now COLONCOLONEQUAL (1573-1576)
Shifting (COLONCOLONEQUAL) to state 5
State 5:
Lookahead token is now LID (1577-1590)
Shifting (LID) to state 13
State 13:
Lookahead token is now BAR (1591-1592)
Reducing production term -> LID
State 17:
Reducing production factor -> term
State 23:
Reducing production concatenation -> factor
State 24:
Reducing production alternation -> concatenation
State 28:
Shifting (BAR) to state 29
State 29:
Lookahead token is now LID (1593-1608)
Reducing production list(NEWLINE) ->
State 30:
Shifting (LID) to state 13
State 13:
Lookahead token is now BAR (1609-1610)
Reducing production term -> LID
State 17:
Reducing production factor -> term
State 23:
Reducing production concatenation -> factor
State 31:
Reducing production alternation -> alternation BAR list(NEWLINE) concatenation
State 28:
Shifting (BAR) to state 29
State 29:
Lookahead token is now LID (1611-1627)
Reducing production list(NEWLINE) ->
State 30:
Shifting (LID) to state 13
State 13:
Lookahead token is now NEWLINE (1627-1628)
Reducing production term -> LID
State 17:
Reducing production factor -> term
State 23:
Reducing production concatenation -> factor
State 31:
Reducing production alternation -> alternation BAR list(NEWLINE) concatenation
State 28:
Reducing production rhs -> alternation
State 32:
Reducing production old_rule -> LID COLONCOLONEQUAL rhs
["DEBUG:branches1"]
State 38:
Shifting (NEWLINE) to state 39
State 39:
Lookahead token is now NEWLINE (1628-1629)
Shifting (NEWLINE) to state 39
State 39:
Lookahead token is now NEWLINE (1629-1642)
Shifting (NEWLINE) to state 39
State 39:
Lookahead token is now NEWLINE (1642-1643)
Shifting (NEWLINE) to state 39
State 39:
Lookahead token is now LID (1643-1646)
Reducing production nonempty_list(NEWLINE) -> NEWLINE
State 40:
Reducing production nonempty_list(NEWLINE) -> NEWLINE nonempty_list(NEWLINE)
State 40:
Reducing production nonempty_list(NEWLINE) -> NEWLINE nonempty_list(NEWLINE)
State 40:
Reducing production nonempty_list(NEWLINE) -> NEWLINE nonempty_list(NEWLINE)
State 41:
Shifting (LID) to state 4
State 4:
DEBUG
(1, 1650, "::=")
Lookahead token is now COLONCOLONEQUAL (1647-1650)
Shifting (COLONCOLONEQUAL) to state 5
State 5:
Lookahead token is now LID (1651-1670)
Shifting (LID) to state 13
State 13:
Lookahead token is now NEWLINE (1670-1671)
Reducing production term -> LID
State 17:
Reducing production factor -> term
State 23:
Reducing production concatenation -> factor
State 24:
Reducing production alternation -> concatenation
State 28:
Reducing production rhs -> alternation
State 32:
Reducing production old_rule -> LID COLONCOLONEQUAL rhs
["DEBUG:branches1"]
State 38:
Shifting (NEWLINE) to state 39
State 39:
Lookahead token is now NEWLINE (1671-1672)
Shifting (NEWLINE) to state 39
State 39:
Lookahead token is now LID (1672-1691)
Reducing production nonempty_list(NEWLINE) -> NEWLINE
State 40:
Reducing production nonempty_list(NEWLINE) -> NEWLINE nonempty_list(NEWLINE)
State 41:
Shifting (LID) to state 4
State 4:
DEBUG
(1, 1695, "::=")
Lookahead token is now COLONCOLONEQUAL (1692-1695)
Shifting (COLONCOLONEQUAL) to state 5
State 5:
Lookahead token is now LID (1696-1705)
Shifting (LID) to state 13
State 13:
"("
Lookahead token is now LPAREN (1706-1707)
Reducing production term -> LID
State 17:
Reducing production factor -> term
State 23:
Reducing production concatenation -> factor
State 24:
Shifting (LPAREN) to state 11
State 11:
Lookahead token is now LID (1707-1708)
Reducing production list(NEWLINE) ->
State 12:
Shifting (LID) to state 13
State 13:
Lookahead token is now QID (1711-1712)
Reducing production term -> LID
State 17:
Reducing production factor -> term
State 23:
Reducing production concatenation -> factor
State 24:
Shifting (QID) to state 10
State 10:
Lookahead token is now LID (1713-1715)
Reducing production term -> QID
State 17:
Reducing production factor -> term
State 25:
Reducing production concatenation -> concatenation factor
State 24:
Shifting (LID) to state 13
State 13:
Lookahead token is now LID (1716-1719)
Reducing production term -> LID
State 17:
Reducing production factor -> term
State 25:
Reducing production concatenation -> concatenation factor
State 24:
Shifting (LID) to state 13
State 13:
Lookahead token is now RPAREN (1719-1720)
Reducing production term -> LID
State 17:
Reducing production factor -> term
State 25:
Reducing production concatenation -> concatenation factor
State 24:
Reducing production alternation -> concatenation
State 28:
Reducing production rhs -> alternation
State 21:
Shifting (RPAREN) to state 22
State 22:
Lookahead token is now STAR (1720-1721)
Reducing production term -> LPAREN list(NEWLINE) rhs RPAREN
State 17:
Shifting (STAR) to state 18
State 18:
Lookahead token is now NEWLINE (1721-1722)
Reducing production factor -> term STAR
State 25:
Reducing production concatenation -> concatenation factor
State 24:
Reducing production alternation -> concatenation
State 28:
Reducing production rhs -> alternation
State 32:
Reducing production old_rule -> LID COLONCOLONEQUAL rhs
["DEBUG:branches1"]
State 38:
Shifting (NEWLINE) to state 39
State 39:
Lookahead token is now NEWLINE (1722-1723)
Shifting (NEWLINE) to state 39
State 39:
Lookahead token is now LID (1723-1732)
Reducing production nonempty_list(NEWLINE) -> NEWLINE
State 40:
Reducing production nonempty_list(NEWLINE) -> NEWLINE nonempty_list(NEWLINE)
State 41:
Shifting (LID) to state 4
State 4:
DEBUG
(1, 1736, "::=")
Lookahead token is now COLONCOLONEQUAL (1733-1736)
Shifting (COLONCOLONEQUAL) to state 5
State 5:
Lookahead token is now LID (1737-1745)
Shifting (LID) to state 13
State 13:
"("
Lookahead token is now LPAREN (1746-1747)
Reducing production term -> LID
State 17:
Reducing production factor -> term
State 23:
Reducing production concatenation -> factor
State 24:
Shifting (LPAREN) to state 11
State 11:
Lookahead token is now LID (1747-1748)
Reducing production list(NEWLINE) ->
State 12:
Shifting (LID) to state 13
State 13:
Lookahead token is now QID (1751-1752)
Reducing production term -> LID
State 17:
Reducing production factor -> term
State 23:
Reducing production concatenation -> factor
State 24:
Shifting (QID) to state 10
State 10:
Lookahead token is now LID (1753-1755)
Reducing production term -> QID
State 17:
Reducing production factor -> term
State 25:
Reducing production concatenation -> concatenation factor
State 24:
Shifting (LID) to state 13
State 13:
Lookahead token is now LID (1756-1764)
Reducing production term -> LID
State 17:
Reducing production factor -> term
State 25:
Reducing production concatenation -> concatenation factor
State 24:
Shifting (LID) to state 13
State 13:
Lookahead token is now RPAREN (1764-1765)
Reducing production term -> LID
State 17:
Reducing production factor -> term
State 25:
Reducing production concatenation -> concatenation factor
State 24:
Reducing production alternation -> concatenation
State 28:
Reducing production rhs -> alternation
State 21:
Shifting (RPAREN) to state 22
State 22:
Lookahead token is now STAR (1765-1766)
Reducing production term -> LPAREN list(NEWLINE) rhs RPAREN
State 17:
Shifting (STAR) to state 18
State 18:
Lookahead token is now NEWLINE (1766-1767)
Reducing production factor -> term STAR
State 25:
Reducing production concatenation -> concatenation factor
State 24:
Reducing production alternation -> concatenation
State 28:
Reducing production rhs -> alternation
State 32:
Reducing production old_rule -> LID COLONCOLONEQUAL rhs
["DEBUG:branches1"]
State 38:
Shifting (NEWLINE) to state 39
State 39:
Lookahead token is now NEWLINE (1767-1768)
Shifting (NEWLINE) to state 39
State 39:
Lookahead token is now LID (1768-1776)
Reducing production nonempty_list(NEWLINE) -> NEWLINE
State 40:
Reducing production nonempty_list(NEWLINE) -> NEWLINE nonempty_list(NEWLINE)
State 41:
Shifting (LID) to state 4
State 4:
DEBUG
(1, 1780, "::=")
Lookahead token is now COLONCOLONEQUAL (1777-1780)
Shifting (COLONCOLONEQUAL) to state 5
State 5:
Lookahead token is now LID (1781-1792)
Shifting (LID) to state 13
State 13:
"("
Lookahead token is now LPAREN (1793-1794)
Reducing production term -> LID
State 17:
Reducing production factor -> term
State 23:
Reducing production concatenation -> factor
State 24:
Shifting (LPAREN) to state 11
State 11:
Lookahead token is now LID (1794-1795)
Reducing production list(NEWLINE) ->
State 12:
Shifting (LID) to state 13
State 13:
Lookahead token is now QID (1799-1800)
Reducing production term -> LID
State 17:
Reducing production factor -> term
State 23:
Reducing production concatenation -> factor
State 24:
Shifting (QID) to state 10
State 10:
Lookahead token is now LID (1801-1802)
Reducing production term -> QID
State 17:
Reducing production factor -> term
State 25:
Reducing production concatenation -> concatenation factor
State 24:
Shifting (LID) to state 13
State 13:
Lookahead token is now LID (1803-1814)
Reducing production term -> LID
State 17:
Reducing production factor -> term
State 25:
Reducing production concatenation -> concatenation factor
State 24:
Shifting (LID) to state 13
State 13:
Lookahead token is now RPAREN (1814-1815)
Reducing production term -> LID
State 17:
Reducing production factor -> term
State 25:
Reducing production concatenation -> concatenation factor
State 24:
Reducing production alternation -> concatenation
State 28:
Reducing production rhs -> alternation
State 21:
Shifting (RPAREN) to state 22
State 22:
Lookahead token is now STAR (1815-1816)
Reducing production term -> LPAREN list(NEWLINE) rhs RPAREN
State 17:
Shifting (STAR) to state 18
State 18:
Lookahead token is now NEWLINE (1816-1817)
Reducing production factor -> term STAR
State 25:
Reducing production concatenation -> concatenation factor
State 24:
Reducing production alternation -> concatenation
State 28:
Reducing production rhs -> alternation
State 32:
Reducing production old_rule -> LID COLONCOLONEQUAL rhs
["DEBUG:branches1"]
State 38:
Shifting (NEWLINE) to state 39
State 39:
Lookahead token is now NEWLINE (1817-1818)
Shifting (NEWLINE) to state 39
State 39:
Lookahead token is now LID (1818-1829)
Reducing production nonempty_list(NEWLINE) -> NEWLINE
State 40:
Reducing production nonempty_list(NEWLINE) -> NEWLINE nonempty_list(NEWLINE)
State 41:
Shifting (LID) to state 4
State 4:
DEBUG
(1, 1833, "::=")
Lookahead token is now COLONCOLONEQUAL (1830-1833)
Shifting (COLONCOLONEQUAL) to state 5
State 5:
Lookahead token is now NEWLINE (1833-1834)
Initiating error handling
Fatal error: exception Gbnf_parser.SentenceParser.MenhirBasics.Error
