Done: 90% (284/315, 31 left) (jobs: 0)                                      Hello, World!
State 0:
Lookahead token is now LID (0-4)
Reducing production list(NEWLINE) ->
State 3:
Shifting (LID) to state 4
State 4:
(1, 8, "::=")
Lookahead token is now COLONCOLONEQUAL (5-8)
Shifting (COLONCOLONEQUAL) to state 5
State 5:
Lookahead token is now LID (9-17)
Shifting (LID) to state 13
State 13:
Lookahead token is now NEWLINE (17-18)
Reducing production term -> LID
State 17:
Reducing production factor -> term
State 23:
Reducing production concatenation -> factor
State 24:
Reducing production alternation -> concatenation
State 28:
Reducing production rhs -> alternation
State 32:
Reducing production old_rule -> LID COLONCOLONEQUAL rhs
["DEBUG:branches1"]
State 38:
Shifting (NEWLINE) to state 39
State 39:
Lookahead token is now LID (18-26)
Reducing production nonempty_list(NEWLINE) -> NEWLINE
State 41:
Shifting (LID) to state 4
State 4:
(1, 30, "::=")
Lookahead token is now COLONCOLONEQUAL (27-30)
Shifting (COLONCOLONEQUAL) to state 5
State 5:
Lookahead token is now LID (31-42)
Shifting (LID) to state 13
State 13:
Lookahead token is now BAR (43-44)
Reducing production term -> LID
State 17:
Reducing production factor -> term
State 23:
Reducing production concatenation -> factor
State 24:
Reducing production alternation -> concatenation
State 28:
Shifting (BAR) to state 29
State 29:
Lookahead token is now LID (45-60)
Reducing production list(NEWLINE) ->
State 30:
Shifting (LID) to state 13
State 13:
Lookahead token is now BAR (61-62)
Reducing production term -> LID
State 17:
Reducing production factor -> term
State 23:
Reducing production concatenation -> factor
State 31:
Reducing production alternation -> alternation BAR list(NEWLINE) concatenation
State 28:
Shifting (BAR) to state 29
State 29:
Lookahead token is now LID (63-79)
Reducing production list(NEWLINE) ->
State 30:
Shifting (LID) to state 13
State 13:
Lookahead token is now BAR (80-81)
Reducing production term -> LID
State 17:
Reducing production factor -> term
State 23:
Reducing production concatenation -> factor
State 31:
Reducing production alternation -> alternation BAR list(NEWLINE) concatenation
State 28:
Shifting (BAR) to state 29
State 29:
Lookahead token is now LID (82-99)
Reducing production list(NEWLINE) ->
State 30:
Shifting (LID) to state 13
State 13:
Lookahead token is now BAR (100-101)
Reducing production term -> LID
State 17:
Reducing production factor -> term
State 23:
Reducing production concatenation -> factor
State 31:
Reducing production alternation -> alternation BAR list(NEWLINE) concatenation
State 28:
Shifting (BAR) to state 29
State 29:
Lookahead token is now LID (102-120)
Reducing production list(NEWLINE) ->
State 30:
Shifting (LID) to state 13
State 13:
Lookahead token is now BAR (121-122)
Reducing production term -> LID
State 17:
Reducing production factor -> term
State 23:
Reducing production concatenation -> factor
State 31:
Reducing production alternation -> alternation BAR list(NEWLINE) concatenation
State 28:
Shifting (BAR) to state 29
State 29:
Lookahead token is now LID (123-145)
Reducing production list(NEWLINE) ->
State 30:
Shifting (LID) to state 13
State 13:
Lookahead token is now BAR (146-147)
Reducing production term -> LID
State 17:
Reducing production factor -> term
State 23:
Reducing production concatenation -> factor
State 31:
Reducing production alternation -> alternation BAR list(NEWLINE) concatenation
State 28:
Shifting (BAR) to state 29
State 29:
Lookahead token is now LID (148-168)
Reducing production list(NEWLINE) ->
State 30:
Shifting (LID) to state 13
State 13:
Lookahead token is now BAR (169-170)
Reducing production term -> LID
State 17:
Reducing production factor -> term
State 23:
Reducing production concatenation -> factor
State 31:
Reducing production alternation -> alternation BAR list(NEWLINE) concatenation
State 28:
Shifting (BAR) to state 29
State 29:
Lookahead token is now LID (171-191)
Reducing production list(NEWLINE) ->
State 30:
Shifting (LID) to state 13
State 13:
Lookahead token is now NEWLINE (191-192)
Reducing production term -> LID
State 17:
Reducing production factor -> term
State 23:
Reducing production concatenation -> factor
State 31:
Reducing production alternation -> alternation BAR list(NEWLINE) concatenation
State 28:
Reducing production rhs -> alternation
State 32:
Reducing production old_rule -> LID COLONCOLONEQUAL rhs
["DEBUG:branches1"]
State 38:
Shifting (NEWLINE) to state 39
State 39:
Lookahead token is now LID (192-203)
Reducing production nonempty_list(NEWLINE) -> NEWLINE
State 41:
Shifting (LID) to state 4
State 4:
(1, 207, "::=")
Lookahead token is now COLONCOLONEQUAL (204-207)
Shifting (COLONCOLONEQUAL) to state 5
State 5:
("DEBUG2:rs", 123)
Lookahead token is now QID (210-211)
Shifting (QID) to state 10
State 10:
Lookahead token is now LID (214-216)
Reducing production term -> QID
State 17:
Reducing production factor -> term
State 23:
Reducing production concatenation -> factor
State 24:
Shifting (LID) to state 13
State 13:
("DEBUG:rs", "\\\"")
("DEBUG2:rs", 102)
("DEBUG2:rs", 117)
("DEBUG2:rs", 110)
("DEBUG2:rs", 99)
("DEBUG2:rs", 116)
("DEBUG2:rs", 105)
("DEBUG2:rs", 111)
("DEBUG2:rs", 110)
("DEBUG:rs", "\\\"")
("DEBUG2:rs", 58)
Lookahead token is now QID (233-234)
Reducing production term -> LID
State 17:
Reducing production factor -> term
State 25:
Reducing production concatenation -> concatenation factor
State 24:
Shifting (QID) to state 10
State 10:
Lookahead token is now LID (237-239)
Reducing production term -> QID
State 17:
Reducing production factor -> term
State 25:
Reducing production concatenation -> concatenation factor
State 24:
Shifting (LID) to state 13
State 13:
("DEBUG:rs", "\\\"")
("DEBUG2:rs", 115)
("DEBUG2:rs", 101)
("DEBUG2:rs", 110)
("DEBUG2:rs", 100)
("DEBUG2:rs", 95)
("DEBUG2:rs", 109)
("DEBUG2:rs", 101)
("DEBUG2:rs", 115)
("DEBUG2:rs", 115)
("DEBUG2:rs", 97)
("DEBUG2:rs", 103)
("DEBUG2:rs", 101)
("DEBUG:rs", "\\\"")
("DEBUG2:rs", 44)
Lookahead token is now QID (260-261)
Reducing production term -> LID
State 17:
Reducing production factor -> term
State 25:
Reducing production concatenation -> concatenation factor
State 24:
Shifting (QID) to state 10
State 10:
Lookahead token is now LID (264-266)
Reducing production term -> QID
State 17:
Reducing production factor -> term
State 25:
Reducing production concatenation -> concatenation factor
State 24:
Shifting (LID) to state 13
State 13:
("DEBUG:rs", "\\\"")
("DEBUG2:rs", 112)
("DEBUG2:rs", 97)
("DEBUG2:rs", 114)
("DEBUG2:rs", 97)
("DEBUG2:rs", 109)
("DEBUG2:rs", 115)
("DEBUG:rs", "\\\"")
("DEBUG2:rs", 58)
Lookahead token is now QID (281-282)
Reducing production term -> LID
State 17:
Reducing production factor -> term
State 25:
Reducing production concatenation -> concatenation factor
State 24:
Shifting (QID) to state 10
State 10:
Lookahead token is now LID (285-287)
Reducing production term -> QID
State 17:
Reducing production factor -> term
State 25:
Reducing production concatenation -> concatenation factor
State 24:
Shifting (LID) to state 13
State 13:
Lookahead token is now LID (290-307)
Reducing production term -> LID
State 17:
Reducing production factor -> term
State 25:
Reducing production concatenation -> concatenation factor
State 24:
Shifting (LID) to state 13
State 13:
("DEBUG2:rs", 125)
Lookahead token is now QID (312-313)
Reducing production term -> LID
State 17:
Reducing production factor -> term
State 25:
Reducing production concatenation -> concatenation factor
State 24:
Shifting (QID) to state 10
State 10:
Lookahead token is now NEWLINE (313-314)
Reducing production term -> QID
State 17:
Reducing production factor -> term
State 25:
Reducing production concatenation -> concatenation factor
State 24:
Reducing production alternation -> concatenation
State 28:
Reducing production rhs -> alternation
State 32:
Reducing production old_rule -> LID COLONCOLONEQUAL rhs
["DEBUG:branches1"]
State 38:
Shifting (NEWLINE) to state 39
State 39:
Lookahead token is now LID (314-329)
Reducing production nonempty_list(NEWLINE) -> NEWLINE
State 41:
Shifting (LID) to state 4
State 4:
(1, 333, "::=")
Lookahead token is now COLONCOLONEQUAL (330-333)
Shifting (COLONCOLONEQUAL) to state 5
State 5:
("DEBUG2:rs", 123)
Lookahead token is now QID (336-337)
Shifting (QID) to state 10
State 10:
Lookahead token is now LID (340-342)
Reducing production term -> QID
State 17:
Reducing production factor -> term
State 23:
Reducing production concatenation -> factor
State 24:
Shifting (LID) to state 13
State 13:
("DEBUG:rs", "\\\"")
("DEBUG2:rs", 102)
("DEBUG2:rs", 117)
("DEBUG2:rs", 110)
("DEBUG2:rs", 99)
("DEBUG2:rs", 116)
("DEBUG2:rs", 105)
("DEBUG2:rs", 111)
("DEBUG2:rs", 110)
("DEBUG:rs", "\\\"")
("DEBUG2:rs", 58)
Lookahead token is now QID (359-360)
Reducing production term -> LID
State 17:
Reducing production factor -> term
State 25:
Reducing production concatenation -> concatenation factor
State 24:
Shifting (QID) to state 10
State 10:
Lookahead token is now LID (363-365)
Reducing production term -> QID
State 17:
Reducing production factor -> term
State 25:
Reducing production concatenation -> concatenation factor
State 24:
Shifting (LID) to state 13
State 13:
("DEBUG:rs", "\\\"")
("DEBUG2:rs", 112)
("DEBUG2:rs", 97)
("DEBUG2:rs", 117)
("DEBUG2:rs", 115)
("DEBUG2:rs", 101)
("DEBUG2:rs", 95)
("DEBUG2:rs", 104)
("DEBUG2:rs", 101)
("DEBUG2:rs", 97)
("DEBUG2:rs", 114)
("DEBUG2:rs", 116)
("DEBUG2:rs", 98)
("DEBUG2:rs", 101)
("DEBUG2:rs", 97)
("DEBUG2:rs", 116)
("DEBUG2:rs", 115)
("DEBUG:rs", "\\\"")
("DEBUG2:rs", 44)
Lookahead token is now QID (390-391)
Reducing production term -> LID
State 17:
Reducing production factor -> term
State 25:
Reducing production concatenation -> concatenation factor
State 24:
Shifting (QID) to state 10
State 10:
Lookahead token is now LID (394-396)
Reducing production term -> QID
State 17:
Reducing production factor -> term
State 25:
Reducing production concatenation -> concatenation factor
State 24:
Shifting (LID) to state 13
State 13:
("DEBUG:rs", "\\\"")
("DEBUG2:rs", 112)
("DEBUG2:rs", 97)
("DEBUG2:rs", 114)
("DEBUG2:rs", 97)
("DEBUG2:rs", 109)
("DEBUG2:rs", 115)
("DEBUG:rs", "\\\"")
("DEBUG2:rs", 58)
Lookahead token is now QID (411-412)
Reducing production term -> LID
State 17:
Reducing production factor -> term
State 25:
Reducing production concatenation -> concatenation factor
State 24:
Shifting (QID) to state 10
State 10:
Lookahead token is now LID (415-417)
Reducing production term -> QID
State 17:
Reducing production factor -> term
State 25:
Reducing production concatenation -> concatenation factor
State 24:
Shifting (LID) to state 13
State 13:
Lookahead token is now LID (420-441)
Reducing production term -> LID
State 17:
Reducing production factor -> term
State 25:
Reducing production concatenation -> concatenation factor
State 24:
Shifting (LID) to state 13
State 13:
("DEBUG2:rs", 125)
Lookahead token is now QID (446-447)
Reducing production term -> LID
State 17:
Reducing production factor -> term
State 25:
Reducing production concatenation -> concatenation factor
State 24:
Shifting (QID) to state 10
State 10:
Lookahead token is now NEWLINE (447-448)
Reducing production term -> QID
State 17:
Reducing production factor -> term
State 25:
Reducing production concatenation -> concatenation factor
State 24:
Reducing production alternation -> concatenation
State 28:
Reducing production rhs -> alternation
State 32:
Reducing production old_rule -> LID COLONCOLONEQUAL rhs
["DEBUG:branches1"]
State 38:
Shifting (NEWLINE) to state 39
State 39:
Lookahead token is now LID (448-464)
Reducing production nonempty_list(NEWLINE) -> NEWLINE
State 41:
Shifting (LID) to state 4
State 4:
(1, 468, "::=")
Lookahead token is now COLONCOLONEQUAL (465-468)
Shifting (COLONCOLONEQUAL) to state 5
State 5:
("DEBUG2:rs", 123)
Lookahead token is now QID (471-472)
Shifting (QID) to state 10
State 10:
Lookahead token is now LID (475-477)
Reducing production term -> QID
State 17:
Reducing production factor -> term
State 23:
Reducing production concatenation -> factor
State 24:
Shifting (LID) to state 13
State 13:
("DEBUG:rs", "\\\"")
("DEBUG2:rs", 102)
("DEBUG2:rs", 117)
("DEBUG2:rs", 110)
("DEBUG2:rs", 99)
("DEBUG2:rs", 116)
("DEBUG2:rs", 105)
("DEBUG2:rs", 111)
("DEBUG2:rs", 110)
("DEBUG:rs", "\\\"")
("DEBUG2:rs", 58)
Lookahead token is now QID (494-495)
Reducing production term -> LID
State 17:
Reducing production factor -> term
State 25:
Reducing production concatenation -> concatenation factor
State 24:
Shifting (QID) to state 10
State 10:
Lookahead token is now LID (498-500)
Reducing production term -> QID
State 17:
Reducing production factor -> term
State 25:
Reducing production concatenation -> concatenation factor
State 24:
Shifting (LID) to state 13
State 13:
("DEBUG:rs", "\\\"")
("DEBUG2:rs", 99)
("DEBUG2:rs", 111)
("DEBUG2:rs", 114)
("DEBUG2:rs", 101)
("DEBUG2:rs", 95)
("DEBUG2:rs", 109)
("DEBUG2:rs", 101)
("DEBUG2:rs", 109)
("DEBUG2:rs", 111)
("DEBUG2:rs", 114)
("DEBUG2:rs", 121)
("DEBUG2:rs", 95)
("DEBUG2:rs", 97)
("DEBUG2:rs", 112)
("DEBUG2:rs", 112)
("DEBUG2:rs", 101)
("DEBUG2:rs", 110)
("DEBUG2:rs", 100)
("DEBUG:rs", "\\\"")
("DEBUG2:rs", 44)
Lookahead token is now QID (527-528)
Reducing production term -> LID
State 17:
Reducing production factor -> term
State 25:
Reducing production concatenation -> concatenation factor
State 24:
Shifting (QID) to state 10
State 10:
Lookahead token is now LID (531-533)
Reducing production term -> QID
State 17:
Reducing production factor -> term
State 25:
Reducing production concatenation -> concatenation factor
State 24:
Shifting (LID) to state 13
State 13:
("DEBUG:rs", "\\\"")
("DEBUG2:rs", 112)
("DEBUG2:rs", 97)
("DEBUG2:rs", 114)
("DEBUG2:rs", 97)
("DEBUG2:rs", 109)
("DEBUG2:rs", 115)
("DEBUG:rs", "\\\"")
("DEBUG2:rs", 58)
Lookahead token is now QID (548-549)
Reducing production term -> LID
State 17:
Reducing production factor -> term
State 25:
Reducing production concatenation -> concatenation factor
State 24:
Shifting (QID) to state 10
State 10:
Lookahead token is now LID (552-554)
Reducing production term -> QID
State 17:
Reducing production factor -> term
State 25:
Reducing production concatenation -> concatenation factor
State 24:
Shifting (LID) to state 13
State 13:
Lookahead token is now LID (557-579)
Reducing production term -> LID
State 17:
Reducing production factor -> term
State 25:
Reducing production concatenation -> concatenation factor
State 24:
Shifting (LID) to state 13
State 13:
("DEBUG2:rs", 125)
Lookahead token is now QID (584-585)
Reducing production term -> LID
State 17:
Reducing production factor -> term
State 25:
Reducing production concatenation -> concatenation factor
State 24:
Shifting (QID) to state 10
State 10:
Lookahead token is now NEWLINE (585-586)
Reducing production term -> QID
State 17:
Reducing production factor -> term
State 25:
Reducing production concatenation -> concatenation factor
State 24:
Reducing production alternation -> concatenation
State 28:
Reducing production rhs -> alternation
State 32:
Reducing production old_rule -> LID COLONCOLONEQUAL rhs
["DEBUG:branches1"]
State 38:
Shifting (NEWLINE) to state 39
State 39:
Lookahead token is now LID (586-603)
Reducing production nonempty_list(NEWLINE) -> NEWLINE
State 41:
Shifting (LID) to state 4
State 4:
(1, 607, "::=")
Lookahead token is now COLONCOLONEQUAL (604-607)
Shifting (COLONCOLONEQUAL) to state 5
State 5:
("DEBUG2:rs", 123)
Lookahead token is now QID (610-611)
Shifting (QID) to state 10
State 10:
Lookahead token is now LID (614-616)
Reducing production term -> QID
State 17:
Reducing production factor -> term
State 23:
Reducing production concatenation -> factor
State 24:
Shifting (LID) to state 13
State 13:
("DEBUG:rs", "\\\"")
("DEBUG2:rs", 102)
("DEBUG2:rs", 117)
("DEBUG2:rs", 110)
("DEBUG2:rs", 99)
("DEBUG2:rs", 116)
("DEBUG2:rs", 105)
("DEBUG2:rs", 111)
("DEBUG2:rs", 110)
("DEBUG:rs", "\\\"")
("DEBUG2:rs", 58)
Lookahead token is now QID (633-634)
Reducing production term -> LID
State 17:
Reducing production factor -> term
State 25:
Reducing production concatenation -> concatenation factor
State 24:
Shifting (QID) to state 10
State 10:
Lookahead token is now LID (637-639)
Reducing production term -> QID
State 17:
Reducing production factor -> term
State 25:
Reducing production concatenation -> concatenation factor
State 24:
Shifting (LID) to state 13
State 13:
("DEBUG:rs", "\\\"")
("DEBUG2:rs", 99)
("DEBUG2:rs", 111)
("DEBUG2:rs", 114)
("DEBUG2:rs", 101)
("DEBUG2:rs", 95)
("DEBUG2:rs", 109)
("DEBUG2:rs", 101)
("DEBUG2:rs", 109)
("DEBUG2:rs", 111)
("DEBUG2:rs", 114)
("DEBUG2:rs", 121)
("DEBUG2:rs", 95)
("DEBUG2:rs", 114)
("DEBUG2:rs", 101)
("DEBUG2:rs", 112)
("DEBUG2:rs", 108)
("DEBUG2:rs", 97)
("DEBUG2:rs", 99)
("DEBUG2:rs", 101)
("DEBUG:rs", "\\\"")
("DEBUG2:rs", 44)
Lookahead token is now QID (667-668)
Reducing production term -> LID
State 17:
Reducing production factor -> term
State 25:
Reducing production concatenation -> concatenation factor
State 24:
Shifting (QID) to state 10
State 10:
Lookahead token is now LID (671-673)
Reducing production term -> QID
State 17:
Reducing production factor -> term
State 25:
Reducing production concatenation -> concatenation factor
State 24:
Shifting (LID) to state 13
State 13:
("DEBUG:rs", "\\\"")
("DEBUG2:rs", 112)
("DEBUG2:rs", 97)
("DEBUG2:rs", 114)
("DEBUG2:rs", 97)
("DEBUG2:rs", 109)
("DEBUG2:rs", 115)
("DEBUG:rs", "\\\"")
("DEBUG2:rs", 58)
Lookahead token is now QID (688-689)
Reducing production term -> LID
State 17:
Reducing production factor -> term
State 25:
Reducing production concatenation -> concatenation factor
State 24:
Shifting (QID) to state 10
State 10:
Lookahead token is now LID (692-694)
Reducing production term -> QID
State 17:
Reducing production factor -> term
State 25:
Reducing production concatenation -> concatenation factor
State 24:
Shifting (LID) to state 13
State 13:
Lookahead token is now LID (697-720)
Reducing production term -> LID
State 17:
Reducing production factor -> term
State 25:
Reducing production concatenation -> concatenation factor
State 24:
Shifting (LID) to state 13
State 13:
("DEBUG2:rs", 125)
Lookahead token is now QID (725-726)
Reducing production term -> LID
State 17:
Reducing production factor -> term
State 25:
Reducing production concatenation -> concatenation factor
State 24:
Shifting (QID) to state 10
State 10:
Lookahead token is now NEWLINE (726-727)
Reducing production term -> QID
State 17:
Reducing production factor -> term
State 25:
Reducing production concatenation -> concatenation factor
State 24:
Reducing production alternation -> concatenation
State 28:
Reducing production rhs -> alternation
State 32:
Reducing production old_rule -> LID COLONCOLONEQUAL rhs
["DEBUG:branches1"]
State 38:
Shifting (NEWLINE) to state 39
State 39:
Lookahead token is now LID (727-745)
Reducing production nonempty_list(NEWLINE) -> NEWLINE
State 41:
Shifting (LID) to state 4
State 4:
(1, 750, "::=")
Lookahead token is now COLONCOLONEQUAL (747-750)
Shifting (COLONCOLONEQUAL) to state 5
State 5:
("DEBUG2:rs", 123)
Lookahead token is now QID (753-754)
Shifting (QID) to state 10
State 10:
Lookahead token is now LID (757-759)
Reducing production term -> QID
State 17:
Reducing production factor -> term
State 23:
Reducing production concatenation -> factor
State 24:
Shifting (LID) to state 13
State 13:
("DEBUG:rs", "\\\"")
("DEBUG2:rs", 102)
("DEBUG2:rs", 117)
("DEBUG2:rs", 110)
("DEBUG2:rs", 99)
("DEBUG2:rs", 116)
("DEBUG2:rs", 105)
("DEBUG2:rs", 111)
("DEBUG2:rs", 110)
("DEBUG:rs", "\\\"")
("DEBUG2:rs", 58)
Lookahead token is now QID (776-777)
Reducing production term -> LID
State 17:
Reducing production factor -> term
State 25:
Reducing production concatenation -> concatenation factor
State 24:
Shifting (QID) to state 10
State 10:
Lookahead token is now LID (780-782)
Reducing production term -> QID
State 17:
Reducing production factor -> term
State 25:
Reducing production concatenation -> concatenation factor
State 24:
Shifting (LID) to state 13
State 13:
("DEBUG:rs", "\\\"")
("DEBUG2:rs", 99)
("DEBUG2:rs", 111)
("DEBUG2:rs", 110)
("DEBUG2:rs", 118)
("DEBUG2:rs", 101)
("DEBUG2:rs", 114)
("DEBUG2:rs", 115)
("DEBUG2:rs", 97)
("DEBUG2:rs", 116)
("DEBUG2:rs", 105)
("DEBUG2:rs", 111)
("DEBUG2:rs", 110)
("DEBUG2:rs", 95)
("DEBUG2:rs", 115)
("DEBUG2:rs", 101)
("DEBUG2:rs", 97)
("DEBUG2:rs", 114)
("DEBUG2:rs", 99)
("DEBUG2:rs", 104)
("DEBUG:rs", "\\\"")
("DEBUG2:rs", 44)
Lookahead token is now QID (810-811)
Reducing production term -> LID
State 17:
Reducing production factor -> term
State 25:
Reducing production concatenation -> concatenation factor
State 24:
Shifting (QID) to state 10
State 10:
Lookahead token is now LID (814-816)
Reducing production term -> QID
State 17:
Reducing production factor -> term
State 25:
Reducing production concatenation -> concatenation factor
State 24:
Shifting (LID) to state 13
State 13:
("DEBUG:rs", "\\\"")
("DEBUG2:rs", 112)
("DEBUG2:rs", 97)
("DEBUG2:rs", 114)
("DEBUG2:rs", 97)
("DEBUG2:rs", 109)
("DEBUG2:rs", 115)
("DEBUG:rs", "\\\"")
("DEBUG2:rs", 58)
Lookahead token is now QID (831-832)
Reducing production term -> LID
State 17:
Reducing production factor -> term
State 25:
Reducing production concatenation -> concatenation factor
State 24:
Shifting (QID) to state 10
State 10:
Lookahead token is now LID (835-837)
Reducing production term -> QID
State 17:
Reducing production factor -> term
State 25:
Reducing production concatenation -> concatenation factor
State 24:
Shifting (LID) to state 13
State 13:
Lookahead token is now LID (840-864)
Reducing production term -> LID
State 17:
Reducing production factor -> term
State 25:
Reducing production concatenation -> concatenation factor
State 24:
Shifting (LID) to state 13
State 13:
("DEBUG2:rs", 125)
Lookahead token is now QID (869-870)
Reducing production term -> LID
State 17:
Reducing production factor -> term
State 25:
Reducing production concatenation -> concatenation factor
State 24:
Shifting (QID) to state 10
State 10:
Lookahead token is now NEWLINE (870-871)
Reducing production term -> QID
State 17:
Reducing production factor -> term
State 25:
Reducing production concatenation -> concatenation factor
State 24:
Reducing production alternation -> concatenation
State 28:
Reducing production rhs -> alternation
State 32:
Reducing production old_rule -> LID COLONCOLONEQUAL rhs
["DEBUG:branches1"]
State 38:
Shifting (NEWLINE) to state 39
State 39:
Lookahead token is now LID (871-893)
Reducing production nonempty_list(NEWLINE) -> NEWLINE
State 41:
Shifting (LID) to state 4
State 4:
(1, 898, "::=")
Lookahead token is now COLONCOLONEQUAL (895-898)
Shifting (COLONCOLONEQUAL) to state 5
State 5:
("DEBUG2:rs", 123)
Lookahead token is now QID (901-902)
Shifting (QID) to state 10
State 10:
Lookahead token is now LID (905-907)
Reducing production term -> QID
State 17:
Reducing production factor -> term
State 23:
Reducing production concatenation -> factor
State 24:
Shifting (LID) to state 13
State 13:
("DEBUG:rs", "\\\"")
("DEBUG2:rs", 102)
("DEBUG2:rs", 117)
("DEBUG2:rs", 110)
("DEBUG2:rs", 99)
("DEBUG2:rs", 116)
("DEBUG2:rs", 105)
("DEBUG2:rs", 111)
("DEBUG2:rs", 110)
("DEBUG:rs", "\\\"")
("DEBUG2:rs", 58)
Lookahead token is now QID (924-925)
Reducing production term -> LID
State 17:
Reducing production factor -> term
State 25:
Reducing production concatenation -> concatenation factor
State 24:
Shifting (QID) to state 10
State 10:
Lookahead token is now LID (928-930)
Reducing production term -> QID
State 17:
Reducing production factor -> term
State 25:
Reducing production concatenation -> concatenation factor
State 24:
Shifting (LID) to state 13
State 13:
("DEBUG:rs", "\\\"")
("DEBUG2:rs", 99)
("DEBUG2:rs", 111)
("DEBUG2:rs", 110)
("DEBUG2:rs", 118)
("DEBUG2:rs", 101)
("DEBUG2:rs", 114)
("DEBUG2:rs", 115)
("DEBUG2:rs", 97)
("DEBUG2:rs", 116)
("DEBUG2:rs", 105)
("DEBUG2:rs", 111)
("DEBUG2:rs", 110)
("DEBUG2:rs", 95)
("DEBUG2:rs", 115)
("DEBUG2:rs", 101)
("DEBUG2:rs", 97)
("DEBUG2:rs", 114)
("DEBUG2:rs", 99)
("DEBUG2:rs", 104)
("DEBUG2:rs", 95)
("DEBUG2:rs", 100)
("DEBUG2:rs", 97)
("DEBUG2:rs", 116)
("DEBUG2:rs", 101)
("DEBUG:rs", "\\\"")
("DEBUG2:rs", 44)
Lookahead token is now QID (963-964)
Reducing production term -> LID
State 17:
Reducing production factor -> term
State 25:
Reducing production concatenation -> concatenation factor
State 24:
Shifting (QID) to state 10
State 10:
Lookahead token is now LID (967-969)
Reducing production term -> QID
State 17:
Reducing production factor -> term
State 25:
Reducing production concatenation -> concatenation factor
State 24:
Shifting (LID) to state 13
State 13:
("DEBUG:rs", "\\\"")
("DEBUG2:rs", 112)
("DEBUG2:rs", 97)
("DEBUG2:rs", 114)
("DEBUG2:rs", 97)
("DEBUG2:rs", 109)
("DEBUG2:rs", 115)
("DEBUG:rs", "\\\"")
("DEBUG2:rs", 58)
Lookahead token is now QID (984-985)
Reducing production term -> LID
State 17:
Reducing production factor -> term
State 25:
Reducing production concatenation -> concatenation factor
State 24:
Shifting (QID) to state 10
State 10:
Lookahead token is now LID (988-990)
Reducing production term -> QID
State 17:
Reducing production factor -> term
State 25:
Reducing production concatenation -> concatenation factor
State 24:
Shifting (LID) to state 13
State 13:
Lookahead token is now LID (993-1021)
Reducing production term -> LID
State 17:
Reducing production factor -> term
State 25:
Reducing production concatenation -> concatenation factor
State 24:
Shifting (LID) to state 13
State 13:
("DEBUG2:rs", 125)
Lookahead token is now QID (1026-1027)
Reducing production term -> LID
State 17:
Reducing production factor -> term
State 25:
Reducing production concatenation -> concatenation factor
State 24:
Shifting (QID) to state 10
State 10:
Lookahead token is now NEWLINE (1027-1028)
Reducing production term -> QID
State 17:
Reducing production factor -> term
State 25:
Reducing production concatenation -> concatenation factor
State 24:
Reducing production alternation -> concatenation
State 28:
Reducing production rhs -> alternation
State 32:
Reducing production old_rule -> LID COLONCOLONEQUAL rhs
["DEBUG:branches1"]
State 38:
Shifting (NEWLINE) to state 39
State 39:
Lookahead token is now LID (1028-1048)
Reducing production nonempty_list(NEWLINE) -> NEWLINE
State 41:
Shifting (LID) to state 4
State 4:
(1, 1053, "::=")
Lookahead token is now COLONCOLONEQUAL (1050-1053)
Shifting (COLONCOLONEQUAL) to state 5
State 5:
("DEBUG2:rs", 123)
Lookahead token is now QID (1056-1057)
Shifting (QID) to state 10
State 10:
Lookahead token is now LID (1060-1062)
Reducing production term -> QID
State 17:
Reducing production factor -> term
State 23:
Reducing production concatenation -> factor
State 24:
Shifting (LID) to state 13
State 13:
("DEBUG:rs", "\\\"")
("DEBUG2:rs", 102)
("DEBUG2:rs", 117)
("DEBUG2:rs", 110)
("DEBUG2:rs", 99)
("DEBUG2:rs", 116)
("DEBUG2:rs", 105)
("DEBUG2:rs", 111)
("DEBUG2:rs", 110)
("DEBUG:rs", "\\\"")
("DEBUG2:rs", 58)
Lookahead token is now QID (1079-1080)
Reducing production term -> LID
State 17:
Reducing production factor -> term
State 25:
Reducing production concatenation -> concatenation factor
State 24:
Shifting (QID) to state 10
State 10:
Lookahead token is now LID (1083-1085)
Reducing production term -> QID
State 17:
Reducing production factor -> term
State 25:
Reducing production concatenation -> concatenation factor
State 24:
Shifting (LID) to state 13
State 13:
("DEBUG:rs", "\\\"")
("DEBUG2:rs", 97)
("DEBUG2:rs", 114)
("DEBUG2:rs", 99)
("DEBUG2:rs", 104)
("DEBUG2:rs", 105)
("DEBUG2:rs", 118)
("DEBUG2:rs", 97)
("DEBUG2:rs", 108)
("DEBUG2:rs", 95)
("DEBUG2:rs", 109)
("DEBUG2:rs", 101)
("DEBUG2:rs", 109)
("DEBUG2:rs", 111)
("DEBUG2:rs", 114)
("DEBUG2:rs", 121)
("DEBUG2:rs", 95)
("DEBUG2:rs", 105)
("DEBUG2:rs", 110)
("DEBUG2:rs", 115)
("DEBUG2:rs", 101)
("DEBUG2:rs", 114)
("DEBUG2:rs", 116)
("DEBUG:rs", "\\\"")
("DEBUG2:rs", 44)
Lookahead token is now QID (1116-1117)
Reducing production term -> LID
State 17:
Reducing production factor -> term
State 25:
Reducing production concatenation -> concatenation factor
State 24:
Shifting (QID) to state 10
State 10:
Lookahead token is now LID (1120-1122)
Reducing production term -> QID
State 17:
Reducing production factor -> term
State 25:
Reducing production concatenation -> concatenation factor
State 24:
Shifting (LID) to state 13
State 13:
("DEBUG:rs", "\\\"")
("DEBUG2:rs", 112)
("DEBUG2:rs", 97)
("DEBUG2:rs", 114)
("DEBUG2:rs", 97)
("DEBUG2:rs", 109)
("DEBUG2:rs", 115)
("DEBUG:rs", "\\\"")
("DEBUG2:rs", 58)
Lookahead token is now QID (1137-1138)
Reducing production term -> LID
State 17:
Reducing production factor -> term
State 25:
Reducing production concatenation -> concatenation factor
State 24:
Shifting (QID) to state 10
State 10:
Lookahead token is now LID (1141-1143)
Reducing production term -> QID
State 17:
Reducing production factor -> term
State 25:
Reducing production concatenation -> concatenation factor
State 24:
Shifting (LID) to state 13
State 13:
Lookahead token is now LID (1146-1172)
Reducing production term -> LID
State 17:
Reducing production factor -> term
State 25:
Reducing production concatenation -> concatenation factor
State 24:
Shifting (LID) to state 13
State 13:
("DEBUG2:rs", 125)
Lookahead token is now QID (1177-1178)
Reducing production term -> LID
State 17:
Reducing production factor -> term
State 25:
Reducing production concatenation -> concatenation factor
State 24:
Shifting (QID) to state 10
State 10:
Lookahead token is now NEWLINE (1178-1179)
Reducing production term -> QID
State 17:
Reducing production factor -> term
State 25:
Reducing production concatenation -> concatenation factor
State 24:
Reducing production alternation -> concatenation
State 28:
Reducing production rhs -> alternation
State 32:
Reducing production old_rule -> LID COLONCOLONEQUAL rhs
["DEBUG:branches1"]
State 38:
Shifting (NEWLINE) to state 39
State 39:
Lookahead token is now LID (1179-1199)
Reducing production nonempty_list(NEWLINE) -> NEWLINE
State 41:
Shifting (LID) to state 4
State 4:
(1, 1204, "::=")
Lookahead token is now COLONCOLONEQUAL (1201-1204)
Shifting (COLONCOLONEQUAL) to state 5
State 5:
("DEBUG2:rs", 123)
Lookahead token is now QID (1207-1208)
Shifting (QID) to state 10
State 10:
Lookahead token is now LID (1211-1213)
Reducing production term -> QID
State 17:
Reducing production factor -> term
State 23:
Reducing production concatenation -> factor
State 24:
Shifting (LID) to state 13
State 13:
("DEBUG:rs", "\\\"")
("DEBUG2:rs", 102)
("DEBUG2:rs", 117)
("DEBUG2:rs", 110)
("DEBUG2:rs", 99)
("DEBUG2:rs", 116)
("DEBUG2:rs", 105)
("DEBUG2:rs", 111)
("DEBUG2:rs", 110)
("DEBUG:rs", "\\\"")
("DEBUG2:rs", 58)
Lookahead token is now QID (1230-1231)
Reducing production term -> LID
State 17:
Reducing production factor -> term
State 25:
Reducing production concatenation -> concatenation factor
State 24:
Shifting (QID) to state 10
State 10:
Lookahead token is now LID (1234-1236)
Reducing production term -> QID
State 17:
Reducing production factor -> term
State 25:
Reducing production concatenation -> concatenation factor
State 24:
Shifting (LID) to state 13
State 13:
("DEBUG:rs", "\\\"")
("DEBUG2:rs", 97)
("DEBUG2:rs", 114)
("DEBUG2:rs", 99)
("DEBUG2:rs", 104)
("DEBUG2:rs", 105)
("DEBUG2:rs", 118)
("DEBUG2:rs", 97)
("DEBUG2:rs", 108)
("DEBUG2:rs", 95)
("DEBUG2:rs", 109)
("DEBUG2:rs", 101)
("DEBUG2:rs", 109)
("DEBUG2:rs", 111)
("DEBUG2:rs", 114)
("DEBUG2:rs", 121)
("DEBUG2:rs", 95)
("DEBUG2:rs", 115)
("DEBUG2:rs", 101)
("DEBUG2:rs", 97)
("DEBUG2:rs", 114)
("DEBUG2:rs", 99)
("DEBUG2:rs", 104)
("DEBUG:rs", "\\\"")
("DEBUG2:rs", 44)
Lookahead token is now QID (1267-1268)
Reducing production term -> LID
State 17:
Reducing production factor -> term
State 25:
Reducing production concatenation -> concatenation factor
State 24:
Shifting (QID) to state 10
State 10:
Lookahead token is now LID (1271-1273)
Reducing production term -> QID
State 17:
Reducing production factor -> term
State 25:
Reducing production concatenation -> concatenation factor
State 24:
Shifting (LID) to state 13
State 13:
("DEBUG:rs", "\\\"")
("DEBUG2:rs", 112)
("DEBUG2:rs", 97)
("DEBUG2:rs", 114)
("DEBUG2:rs", 97)
("DEBUG2:rs", 109)
("DEBUG2:rs", 115)
("DEBUG:rs", "\\\"")
("DEBUG2:rs", 58)
Lookahead token is now QID (1288-1289)
Reducing production term -> LID
State 17:
Reducing production factor -> term
State 25:
Reducing production concatenation -> concatenation factor
State 24:
Shifting (QID) to state 10
State 10:
Lookahead token is now LID (1292-1294)
Reducing production term -> QID
State 17:
Reducing production factor -> term
State 25:
Reducing production concatenation -> concatenation factor
State 24:
Shifting (LID) to state 13
State 13:
Lookahead token is now LID (1297-1323)
Reducing production term -> LID
State 17:
Reducing production factor -> term
State 25:
Reducing production concatenation -> concatenation factor
State 24:
Shifting (LID) to state 13
State 13:
("DEBUG2:rs", 125)
Lookahead token is now QID (1328-1329)
Reducing production term -> LID
State 17:
Reducing production factor -> term
State 25:
Reducing production concatenation -> concatenation factor
State 24:
Shifting (QID) to state 10
State 10:
Lookahead token is now NEWLINE (1329-1330)
Reducing production term -> QID
State 17:
Reducing production factor -> term
State 25:
Reducing production concatenation -> concatenation factor
State 24:
Reducing production alternation -> concatenation
State 28:
Reducing production rhs -> alternation
State 32:
Reducing production old_rule -> LID COLONCOLONEQUAL rhs
["DEBUG:branches1"]
State 38:
Shifting (NEWLINE) to state 39
State 39:
Lookahead token is now LID (1330-1347)
Reducing production nonempty_list(NEWLINE) -> NEWLINE
State 41:
Shifting (LID) to state 4
State 4:
(1, 1351, "::=")
Lookahead token is now COLONCOLONEQUAL (1348-1351)
Shifting (COLONCOLONEQUAL) to state 5
State 5:
("DEBUG2:rs", 123)
Lookahead token is now QID (1354-1355)
Shifting (QID) to state 10
State 10:
Lookahead token is now LID (1358-1360)
Reducing production term -> QID
State 17:
Reducing production factor -> term
State 23:
Reducing production concatenation -> factor
State 24:
Shifting (LID) to state 13
State 13:
Lookahead token is now LID (1363-1381)
Reducing production term -> LID
State 17:
Reducing production factor -> term
State 25:
Reducing production concatenation -> concatenation factor
State 24:
Shifting (LID) to state 13
State 13:
("DEBUG2:rs", 44)
Lookahead token is now QID (1386-1387)
Reducing production term -> LID
State 17:
Reducing production factor -> term
State 25:
Reducing production concatenation -> concatenation factor
State 24:
Shifting (QID) to state 10
State 10:
Lookahead token is now LID (1390-1392)
Reducing production term -> QID
State 17:
Reducing production factor -> term
State 25:
Reducing production concatenation -> concatenation factor
State 24:
Shifting (LID) to state 13
State 13:
("DEBUG:rs", "\\\"")
("DEBUG2:rs", 109)
("DEBUG2:rs", 101)
("DEBUG2:rs", 115)
("DEBUG2:rs", 115)
("DEBUG2:rs", 97)
("DEBUG2:rs", 103)
("DEBUG2:rs", 101)
("DEBUG:rs", "\\\"")
("DEBUG2:rs", 58)
Lookahead token is now QID (1408-1409)
Reducing production term -> LID
State 17:
Reducing production factor -> term
State 25:
Reducing production concatenation -> concatenation factor
State 24:
Shifting (QID) to state 10
State 10:
Lookahead token is now LID (1412-1414)
Reducing production term -> QID
State 17:
Reducing production factor -> term
State 25:
Reducing production concatenation -> concatenation factor
State 24:
Shifting (LID) to state 13
State 13:
Lookahead token is now LID (1417-1423)
Reducing production term -> LID
State 17:
Reducing production factor -> term
State 25:
Reducing production concatenation -> concatenation factor
State 24:
Shifting (LID) to state 13
State 13:
Lookahead token is now LID (1426-1428)
Reducing production term -> LID
State 17:
Reducing production factor -> term
State 25:
Reducing production concatenation -> concatenation factor
State 24:
Shifting (LID) to state 13
State 13:
("DEBUG2:rs", 125)
Lookahead token is now QID (1433-1434)
Reducing production term -> LID
State 17:
Reducing production factor -> term
State 25:
Reducing production concatenation -> concatenation factor
State 24:
Shifting (QID) to state 10
State 10:
Lookahead token is now NEWLINE (1434-1435)
Reducing production term -> QID
State 17:
Reducing production factor -> term
State 25:
Reducing production concatenation -> concatenation factor
State 24:
Reducing production alternation -> concatenation
State 28:
Reducing production rhs -> alternation
State 32:
Reducing production old_rule -> LID COLONCOLONEQUAL rhs
["DEBUG:branches1"]
State 38:
Shifting (NEWLINE) to state 39
State 39:
Lookahead token is now LID (1435-1456)
Reducing production nonempty_list(NEWLINE) -> NEWLINE
State 41:
Shifting (LID) to state 4
State 4:
(1, 1460, "::=")
Lookahead token is now COLONCOLONEQUAL (1457-1460)
Shifting (COLONCOLONEQUAL) to state 5
State 5:
("DEBUG2:rs", 123)
Lookahead token is now QID (1463-1464)
Shifting (QID) to state 10
State 10:
Lookahead token is now LID (1467-1469)
Reducing production term -> QID
State 17:
Reducing production factor -> term
State 23:
Reducing production concatenation -> factor
State 24:
Shifting (LID) to state 13
State 13:
Lookahead token is now LID (1472-1490)
Reducing production term -> LID
State 17:
Reducing production factor -> term
State 25:
Reducing production concatenation -> concatenation factor
State 24:
Shifting (LID) to state 13
State 13:
("DEBUG2:rs", 44)
Lookahead token is now QID (1495-1496)
Reducing production term -> LID
State 17:
Reducing production factor -> term
State 25:
Reducing production concatenation -> concatenation factor
State 24:
Shifting (QID) to state 10
State 10:
Lookahead token is now LID (1502-1504)
Reducing production term -> QID
State 17:
Reducing production factor -> term
State 25:
Reducing production concatenation -> concatenation factor
State 24:
Shifting (LID) to state 13
State 13:
("DEBUG:rs", "\\\"")
("DEBUG2:rs", 109)
("DEBUG2:rs", 105)
("DEBUG2:rs", 110)
("DEBUG2:rs", 117)
("DEBUG2:rs", 116)
("DEBUG2:rs", 101)
("DEBUG2:rs", 115)
("DEBUG:rs", "\\\"")
("DEBUG2:rs", 58)
Lookahead token is now QID (1520-1521)
Reducing production term -> LID
State 17:
Reducing production factor -> term
State 25:
Reducing production concatenation -> concatenation factor
State 24:
Shifting (QID) to state 10
State 10:
Lookahead token is now LID (1524-1526)
Reducing production term -> QID
State 17:
Reducing production factor -> term
State 25:
Reducing production concatenation -> concatenation factor
State 24:
Shifting (LID) to state 13
State 13:
Lookahead token is now LID (1529-1535)
Reducing production term -> LID
State 17:
Reducing production factor -> term
State 25:
Reducing production concatenation -> concatenation factor
State 24:
Shifting (LID) to state 13
State 13:
Lookahead token is now LID (1538-1540)
Reducing production term -> LID
State 17:
Reducing production factor -> term
State 25:
Reducing production concatenation -> concatenation factor
State 24:
Shifting (LID) to state 13
State 13:
("DEBUG2:rs", 125)
Lookahead token is now QID (1545-1546)
Reducing production term -> LID
State 17:
Reducing production factor -> term
State 25:
Reducing production concatenation -> concatenation factor
State 24:
Shifting (QID) to state 10
State 10:
Lookahead token is now NEWLINE (1546-1547)
Reducing production term -> QID
State 17:
Reducing production factor -> term
State 25:
Reducing production concatenation -> concatenation factor
State 24:
Reducing production alternation -> concatenation
State 28:
Reducing production rhs -> alternation
State 32:
Reducing production old_rule -> LID COLONCOLONEQUAL rhs
["DEBUG:branches1"]
State 38:
Shifting (NEWLINE) to state 39
State 39:
Lookahead token is now LID (1547-1569)
Reducing production nonempty_list(NEWLINE) -> NEWLINE
State 41:
Shifting (LID) to state 4
State 4:
(1, 1573, "::=")
Lookahead token is now COLONCOLONEQUAL (1570-1573)
Shifting (COLONCOLONEQUAL) to state 5
State 5:
("DEBUG2:rs", 123)
Lookahead token is now QID (1576-1577)
Shifting (QID) to state 10
State 10:
Lookahead token is now LID (1580-1582)
Reducing production term -> QID
State 17:
Reducing production factor -> term
State 23:
Reducing production concatenation -> factor
State 24:
Shifting (LID) to state 13
State 13:
Lookahead token is now LID (1585-1603)
Reducing production term -> LID
State 17:
Reducing production factor -> term
State 25:
Reducing production concatenation -> concatenation factor
State 24:
Shifting (LID) to state 13
State 13:
("DEBUG2:rs", 44)
Lookahead token is now QID (1608-1609)
Reducing production term -> LID
State 17:
Reducing production factor -> term
State 25:
Reducing production concatenation -> concatenation factor
State 24:
Shifting (QID) to state 10
State 10:
Lookahead token is now LID (1615-1617)
Reducing production term -> QID
State 17:
Reducing production factor -> term
State 25:
Reducing production concatenation -> concatenation factor
State 24:
Shifting (LID) to state 13
State 13:
("DEBUG:rs", "\\\"")
("DEBUG2:rs", 110)
("DEBUG2:rs", 97)
("DEBUG2:rs", 109)
("DEBUG2:rs", 101)
("DEBUG:rs", "\\\"")
("DEBUG2:rs", 58)
Lookahead token is now QID (1630-1631)
Reducing production term -> LID
State 17:
Reducing production factor -> term
State 25:
Reducing production concatenation -> concatenation factor
State 24:
Shifting (QID) to state 10
State 10:
Lookahead token is now LID (1634-1636)
Reducing production term -> QID
State 17:
Reducing production factor -> term
State 25:
Reducing production concatenation -> concatenation factor
State 24:
Shifting (LID) to state 13
State 13:
Lookahead token is now LID (1639-1649)
Reducing production term -> LID
State 17:
Reducing production factor -> term
State 25:
Reducing production concatenation -> concatenation factor
State 24:
Shifting (LID) to state 13
State 13:
("DEBUG2:rs", 44)
Lookahead token is now QID (1654-1655)
Reducing production term -> LID
State 17:
Reducing production factor -> term
State 25:
Reducing production concatenation -> concatenation factor
State 24:
Shifting (QID) to state 10
State 10:
Lookahead token is now LID (1658-1660)
Reducing production term -> QID
State 17:
Reducing production factor -> term
State 25:
Reducing production concatenation -> concatenation factor
State 24:
Shifting (LID) to state 13
State 13:
("DEBUG:rs", "\\\"")
("DEBUG2:rs", 99)
("DEBUG2:rs", 111)
("DEBUG2:rs", 110)
("DEBUG2:rs", 116)
("DEBUG2:rs", 101)
("DEBUG2:rs", 110)
("DEBUG2:rs", 116)
("DEBUG:rs", "\\\"")
("DEBUG2:rs", 58)
Lookahead token is now QID (1676-1677)
Reducing production term -> LID
State 17:
Reducing production factor -> term
State 25:
Reducing production concatenation -> concatenation factor
State 24:
Shifting (QID) to state 10
State 10:
Lookahead token is now LID (1680-1682)
Reducing production term -> QID
State 17:
Reducing production factor -> term
State 25:
Reducing production concatenation -> concatenation factor
State 24:
Shifting (LID) to state 13
State 13:
Lookahead token is now LID (1685-1691)
Reducing production term -> LID
State 17:
Reducing production factor -> term
State 25:
Reducing production concatenation -> concatenation factor
State 24:
Shifting (LID) to state 13
State 13:
Lookahead token is now LID (1694-1696)
Reducing production term -> LID
State 17:
Reducing production factor -> term
State 25:
Reducing production concatenation -> concatenation factor
State 24:
Shifting (LID) to state 13
State 13:
("DEBUG2:rs", 44)
Lookahead token is now QID (1701-1702)
Reducing production term -> LID
State 17:
Reducing production factor -> term
State 25:
Reducing production concatenation -> concatenation factor
State 24:
Shifting (QID) to state 10
State 10:
Lookahead token is now LID (1705-1707)
Reducing production term -> QID
State 17:
Reducing production factor -> term
State 25:
Reducing production concatenation -> concatenation factor
State 24:
Shifting (LID) to state 13
State 13:
Lookahead token is now LID (1710-1731)
Reducing production term -> LID
State 17:
Reducing production factor -> term
State 25:
Reducing production concatenation -> concatenation factor
State 24:
Shifting (LID) to state 13
State 13:
Lookahead token is now LID (1734-1736)
Reducing production term -> LID
State 17:
Reducing production factor -> term
State 25:
Reducing production concatenation -> concatenation factor
State 24:
Shifting (LID) to state 13
State 13:
("DEBUG2:rs", 125)
Lookahead token is now QID (1741-1742)
Reducing production term -> LID
State 17:
Reducing production factor -> term
State 25:
Reducing production concatenation -> concatenation factor
State 24:
Shifting (QID) to state 10
State 10:
Lookahead token is now NEWLINE (1742-1743)
Reducing production term -> QID
State 17:
Reducing production factor -> term
State 25:
Reducing production concatenation -> concatenation factor
State 24:
Reducing production alternation -> concatenation
State 28:
Reducing production rhs -> alternation
State 32:
Reducing production old_rule -> LID COLONCOLONEQUAL rhs
["DEBUG:branches1"]
State 38:
Shifting (NEWLINE) to state 39
State 39:
Lookahead token is now LID (1743-1766)
Reducing production nonempty_list(NEWLINE) -> NEWLINE
State 41:
Shifting (LID) to state 4
State 4:
(1, 1770, "::=")
Lookahead token is now COLONCOLONEQUAL (1767-1770)
Shifting (COLONCOLONEQUAL) to state 5
State 5:
("DEBUG2:rs", 123)
Lookahead token is now QID (1773-1774)
Shifting (QID) to state 10
State 10:
Lookahead token is now LID (1777-1779)
Reducing production term -> QID
State 17:
Reducing production factor -> term
State 23:
Reducing production concatenation -> factor
State 24:
Shifting (LID) to state 13
State 13:
Lookahead token is now LID (1782-1800)
Reducing production term -> LID
State 17:
Reducing production factor -> term
State 25:
Reducing production concatenation -> concatenation factor
State 24:
Shifting (LID) to state 13
State 13:
("DEBUG2:rs", 44)
Lookahead token is now QID (1805-1806)
Reducing production term -> LID
State 17:
Reducing production factor -> term
State 25:
Reducing production concatenation -> concatenation factor
State 24:
Shifting (QID) to state 10
State 10:
Lookahead token is now LID (1812-1814)
Reducing production term -> QID
State 17:
Reducing production factor -> term
State 25:
Reducing production concatenation -> concatenation factor
State 24:
Shifting (LID) to state 13
State 13:
("DEBUG:rs", "\\\"")
("DEBUG2:rs", 110)
("DEBUG2:rs", 97)
("DEBUG2:rs", 109)
("DEBUG2:rs", 101)
("DEBUG:rs", "\\\"")
("DEBUG2:rs", 58)
Lookahead token is now QID (1827-1828)
Reducing production term -> LID
State 17:
Reducing production factor -> term
State 25:
Reducing production concatenation -> concatenation factor
State 24:
Shifting (QID) to state 10
State 10:
Lookahead token is now LID (1831-1833)
Reducing production term -> QID
State 17:
Reducing production factor -> term
State 25:
Reducing production concatenation -> concatenation factor
State 24:
Shifting (LID) to state 13
State 13:
Lookahead token is now LID (1836-1846)
Reducing production term -> LID
State 17:
Reducing production factor -> term
State 25:
Reducing production concatenation -> concatenation factor
State 24:
Shifting (LID) to state 13
State 13:
("DEBUG2:rs", 44)
Lookahead token is now QID (1851-1852)
Reducing production term -> LID
State 17:
Reducing production factor -> term
State 25:
Reducing production concatenation -> concatenation factor
State 24:
Shifting (QID) to state 10
State 10:
Lookahead token is now LID (1855-1857)
Reducing production term -> QID
State 17:
Reducing production factor -> term
State 25:
Reducing production concatenation -> concatenation factor
State 24:
Shifting (LID) to state 13
State 13:
("DEBUG:rs", "\\\"")
("DEBUG2:rs", 111)
("DEBUG2:rs", 108)
("DEBUG2:rs", 100)
("DEBUG2:rs", 95)
("DEBUG2:rs", 99)
("DEBUG2:rs", 111)
("DEBUG2:rs", 110)
("DEBUG2:rs", 116)
("DEBUG2:rs", 101)
("DEBUG2:rs", 110)
("DEBUG2:rs", 116)
("DEBUG:rs", "\\\"")
("DEBUG2:rs", 58)
Lookahead token is now QID (1877-1878)
Reducing production term -> LID
State 17:
Reducing production factor -> term
State 25:
Reducing production concatenation -> concatenation factor
State 24:
Shifting (QID) to state 10
State 10:
Lookahead token is now LID (1881-1883)
Reducing production term -> QID
State 17:
Reducing production factor -> term
State 25:
Reducing production concatenation -> concatenation factor
State 24:
Shifting (LID) to state 13
State 13:
Lookahead token is now LID (1886-1892)
Reducing production term -> LID
State 17:
Reducing production factor -> term
State 25:
Reducing production concatenation -> concatenation factor
State 24:
Shifting (LID) to state 13
State 13:
("DEBUG2:rs", 44)
Lookahead token is now QID (1897-1898)
Reducing production term -> LID
State 17:
Reducing production factor -> term
State 25:
Reducing production concatenation -> concatenation factor
State 24:
Shifting (QID) to state 10
State 10:
Lookahead token is now LID (1901-1903)
Reducing production term -> QID
State 17:
Reducing production factor -> term
State 25:
Reducing production concatenation -> concatenation factor
State 24:
Shifting (LID) to state 13
State 13:
("DEBUG:rs", "\\\"")
("DEBUG2:rs", 110)
("DEBUG2:rs", 101)
("DEBUG2:rs", 119)
("DEBUG2:rs", 95)
("DEBUG2:rs", 99)
("DEBUG2:rs", 111)
("DEBUG2:rs", 110)
("DEBUG2:rs", 116)
("DEBUG2:rs", 101)
("DEBUG2:rs", 110)
("DEBUG2:rs", 116)
("DEBUG:rs", "\\\"")
("DEBUG2:rs", 58)
Lookahead token is now QID (1923-1924)
Reducing production term -> LID
State 17:
Reducing production factor -> term
State 25:
Reducing production concatenation -> concatenation factor
State 24:
Shifting (QID) to state 10
State 10:
Lookahead token is now LID (1927-1929)
Reducing production term -> QID
State 17:
Reducing production factor -> term
State 25:
Reducing production concatenation -> concatenation factor
State 24:
Shifting (LID) to state 13
State 13:
Lookahead token is now LID (1932-1938)
Reducing production term -> LID
State 17:
Reducing production factor -> term
State 25:
Reducing production concatenation -> concatenation factor
State 24:
Shifting (LID) to state 13
State 13:
Lookahead token is now LID (1941-1943)
Reducing production term -> LID
State 17:
Reducing production factor -> term
State 25:
Reducing production concatenation -> concatenation factor
State 24:
Shifting (LID) to state 13
State 13:
("DEBUG2:rs", 44)
Lookahead token is now QID (1948-1949)
Reducing production term -> LID
State 17:
Reducing production factor -> term
State 25:
Reducing production concatenation -> concatenation factor
State 24:
Shifting (QID) to state 10
State 10:
Lookahead token is now LID (1952-1954)
Reducing production term -> QID
State 17:
Reducing production factor -> term
State 25:
Reducing production concatenation -> concatenation factor
State 24:
Shifting (LID) to state 13
State 13:
Lookahead token is now LID (1957-1978)
Reducing production term -> LID
State 17:
Reducing production factor -> term
State 25:
Reducing production concatenation -> concatenation factor
State 24:
Shifting (LID) to state 13
State 13:
Lookahead token is now LID (1981-1983)
Reducing production term -> LID
State 17:
Reducing production factor -> term
State 25:
Reducing production concatenation -> concatenation factor
State 24:
Shifting (LID) to state 13
State 13:
("DEBUG2:rs", 125)
Lookahead token is now QID (1988-1989)
Reducing production term -> LID
State 17:
Reducing production factor -> term
State 25:
Reducing production concatenation -> concatenation factor
State 24:
Shifting (QID) to state 10
State 10:
Lookahead token is now NEWLINE (1989-1990)
Reducing production term -> QID
State 17:
Reducing production factor -> term
State 25:
Reducing production concatenation -> concatenation factor
State 24:
Reducing production alternation -> concatenation
State 28:
Reducing production rhs -> alternation
State 32:
Reducing production old_rule -> LID COLONCOLONEQUAL rhs
["DEBUG:branches1"]
State 38:
Shifting (NEWLINE) to state 39
State 39:
Lookahead token is now LID (1990-2014)
Reducing production nonempty_list(NEWLINE) -> NEWLINE
State 41:
Shifting (LID) to state 4
State 4:
(1, 2018, "::=")
Lookahead token is now COLONCOLONEQUAL (2015-2018)
Shifting (COLONCOLONEQUAL) to state 5
State 5:
("DEBUG2:rs", 123)
Lookahead token is now QID (2021-2022)
Shifting (QID) to state 10
State 10:
Lookahead token is now LID (2025-2027)
Reducing production term -> QID
State 17:
Reducing production factor -> term
State 23:
Reducing production concatenation -> factor
State 24:
Shifting (LID) to state 13
State 13:
Lookahead token is now LID (2030-2048)
Reducing production term -> LID
State 17:
Reducing production factor -> term
State 25:
Reducing production concatenation -> concatenation factor
State 24:
Shifting (LID) to state 13
State 13:
("DEBUG2:rs", 44)
Lookahead token is now QID (2053-2054)
Reducing production term -> LID
State 17:
Reducing production factor -> term
State 25:
Reducing production concatenation -> concatenation factor
State 24:
Shifting (QID) to state 10
State 10:
Lookahead token is now LID (2060-2062)
Reducing production term -> QID
State 17:
Reducing production factor -> term
State 25:
Reducing production concatenation -> concatenation factor
State 24:
Shifting (LID) to state 13
State 13:
("DEBUG:rs", "\\\"")
("DEBUG2:rs", 113)
("DEBUG2:rs", 117)
("DEBUG2:rs", 101)
("DEBUG2:rs", 114)
("DEBUG2:rs", 121)
("DEBUG:rs", "\\\"")
("DEBUG2:rs", 58)
Lookahead token is now QID (2076-2077)
Reducing production term -> LID
State 17:
Reducing production factor -> term
State 25:
Reducing production concatenation -> concatenation factor
State 24:
Shifting (QID) to state 10
State 10:
Lookahead token is now LID (2080-2082)
Reducing production term -> QID
State 17:
Reducing production factor -> term
State 25:
Reducing production concatenation -> concatenation factor
State 24:
Shifting (LID) to state 13
State 13:
Lookahead token is now LID (2085-2091)
Reducing production term -> LID
State 17:
Reducing production factor -> term
State 25:
Reducing production concatenation -> concatenation factor
State 24:
Shifting (LID) to state 13
State 13:
Lookahead token is now LID (2094-2096)
Reducing production term -> LID
State 17:
Reducing production factor -> term
State 25:
Reducing production concatenation -> concatenation factor
State 24:
Shifting (LID) to state 13
State 13:
("DEBUG2:rs", 44)
Lookahead token is now QID (2101-2102)
Reducing production term -> LID
State 17:
Reducing production factor -> term
State 25:
Reducing production concatenation -> concatenation factor
State 24:
Shifting (QID) to state 10
State 10:
Lookahead token is now LID (2105-2107)
Reducing production term -> QID
State 17:
Reducing production factor -> term
State 25:
Reducing production concatenation -> concatenation factor
State 24:
Shifting (LID) to state 13
State 13:
("DEBUG:rs", "\\\"")
("DEBUG2:rs", 112)
("DEBUG2:rs", 97)
("DEBUG2:rs", 103)
("DEBUG2:rs", 101)
("DEBUG:rs", "\\\"")
("DEBUG2:rs", 58)
Lookahead token is now QID (2120-2121)
Reducing production term -> LID
State 17:
Reducing production factor -> term
State 25:
Reducing production concatenation -> concatenation factor
State 24:
Shifting (QID) to state 10
State 10:
Lookahead token is now LID (2124-2126)
Reducing production term -> QID
State 17:
Reducing production factor -> term
State 25:
Reducing production concatenation -> concatenation factor
State 24:
Shifting (LID) to state 13
State 13:
Lookahead token is now LID (2129-2135)
Reducing production term -> LID
State 17:
Reducing production factor -> term
State 25:
Reducing production concatenation -> concatenation factor
State 24:
Shifting (LID) to state 13
State 13:
Lookahead token is now LID (2138-2140)
Reducing production term -> LID
State 17:
Reducing production factor -> term
State 25:
Reducing production concatenation -> concatenation factor
State 24:
Shifting (LID) to state 13
State 13:
("DEBUG2:rs", 44)
Lookahead token is now QID (2145-2146)
Reducing production term -> LID
State 17:
Reducing production factor -> term
State 25:
Reducing production concatenation -> concatenation factor
State 24:
Shifting (QID) to state 10
State 10:
Lookahead token is now LID (2149-2151)
Reducing production term -> QID
State 17:
Reducing production factor -> term
State 25:
Reducing production concatenation -> concatenation factor
State 24:
Shifting (LID) to state 13
State 13:
Lookahead token is now LID (2154-2175)
Reducing production term -> LID
State 17:
Reducing production factor -> term
State 25:
Reducing production concatenation -> concatenation factor
State 24:
Shifting (LID) to state 13
State 13:
Lookahead token is now LID (2178-2180)
Reducing production term -> LID
State 17:
Reducing production factor -> term
State 25:
Reducing production concatenation -> concatenation factor
State 24:
Shifting (LID) to state 13
State 13:
("DEBUG2:rs", 125)
Lookahead token is now QID (2185-2186)
Reducing production term -> LID
State 17:
Reducing production factor -> term
State 25:
Reducing production concatenation -> concatenation factor
State 24:
Shifting (QID) to state 10
State 10:
Lookahead token is now NEWLINE (2186-2187)
Reducing production term -> QID
State 17:
Reducing production factor -> term
State 25:
Reducing production concatenation -> concatenation factor
State 24:
Reducing production alternation -> concatenation
State 28:
Reducing production rhs -> alternation
State 32:
Reducing production old_rule -> LID COLONCOLONEQUAL rhs
["DEBUG:branches1"]
State 38:
Shifting (NEWLINE) to state 39
State 39:
Lookahead token is now LID (2187-2215)
Reducing production nonempty_list(NEWLINE) -> NEWLINE
State 41:
Shifting (LID) to state 4
State 4:
(1, 2219, "::=")
Lookahead token is now COLONCOLONEQUAL (2216-2219)
Shifting (COLONCOLONEQUAL) to state 5
State 5:
("DEBUG2:rs", 123)
Lookahead token is now QID (2222-2223)
Shifting (QID) to state 10
State 10:
Lookahead token is now LID (2226-2228)
Reducing production term -> QID
State 17:
Reducing production factor -> term
State 23:
Reducing production concatenation -> factor
State 24:
Shifting (LID) to state 13
State 13:
Lookahead token is now LID (2231-2249)
Reducing production term -> LID
State 17:
Reducing production factor -> term
State 25:
Reducing production concatenation -> concatenation factor
State 24:
Shifting (LID) to state 13
State 13:
("DEBUG2:rs", 44)
Lookahead token is now QID (2254-2255)
Reducing production term -> LID
State 17:
Reducing production factor -> term
State 25:
Reducing production concatenation -> concatenation factor
State 24:
Shifting (QID) to state 10
State 10:
Lookahead token is now LID (2261-2263)
Reducing production term -> QID
State 17:
Reducing production factor -> term
State 25:
Reducing production concatenation -> concatenation factor
State 24:
Shifting (LID) to state 13
State 13:
("DEBUG:rs", "\\\"")
("DEBUG2:rs", 115)
("DEBUG2:rs", 116)
("DEBUG2:rs", 97)
("DEBUG2:rs", 114)
("DEBUG2:rs", 116)
("DEBUG2:rs", 95)
("DEBUG2:rs", 100)
("DEBUG2:rs", 97)
("DEBUG2:rs", 116)
("DEBUG2:rs", 101)
("DEBUG:rs", "\\\"")
("DEBUG2:rs", 58)
Lookahead token is now QID (2282-2283)
Reducing production term -> LID
State 17:
Reducing production factor -> term
State 25:
Reducing production concatenation -> concatenation factor
State 24:
Shifting (QID) to state 10
State 10:
Lookahead token is now LID (2286-2288)
Reducing production term -> QID
State 17:
Reducing production factor -> term
State 25:
Reducing production concatenation -> concatenation factor
State 24:
Shifting (LID) to state 13
State 13:
Lookahead token is now LID (2291-2297)
Reducing production term -> LID
State 17:
Reducing production factor -> term
State 25:
Reducing production concatenation -> concatenation factor
State 24:
Shifting (LID) to state 13
State 13:
Lookahead token is now LID (2300-2302)
Reducing production term -> LID
State 17:
Reducing production factor -> term
State 25:
Reducing production concatenation -> concatenation factor
State 24:
Shifting (LID) to state 13
State 13:
("DEBUG2:rs", 44)
Lookahead token is now QID (2307-2308)
Reducing production term -> LID
State 17:
Reducing production factor -> term
State 25:
Reducing production concatenation -> concatenation factor
State 24:
Shifting (QID) to state 10
State 10:
Lookahead token is now LID (2314-2316)
Reducing production term -> QID
State 17:
Reducing production factor -> term
State 25:
Reducing production concatenation -> concatenation factor
State 24:
Shifting (LID) to state 13
State 13:
("DEBUG:rs", "\\\"")
("DEBUG2:rs", 101)
("DEBUG2:rs", 110)
("DEBUG2:rs", 100)
("DEBUG2:rs", 95)
("DEBUG2:rs", 100)
("DEBUG2:rs", 97)
("DEBUG2:rs", 116)
("DEBUG2:rs", 101)
("DEBUG:rs", "\\\"")
("DEBUG2:rs", 58)
Lookahead token is now QID (2333-2334)
Reducing production term -> LID
State 17:
Reducing production factor -> term
State 25:
Reducing production concatenation -> concatenation factor
State 24:
Shifting (QID) to state 10
State 10:
Lookahead token is now LID (2337-2339)
Reducing production term -> QID
State 17:
Reducing production factor -> term
State 25:
Reducing production concatenation -> concatenation factor
State 24:
Shifting (LID) to state 13
State 13:
Lookahead token is now LID (2342-2348)
Reducing production term -> LID
State 17:
Reducing production factor -> term
State 25:
Reducing production concatenation -> concatenation factor
State 24:
Shifting (LID) to state 13
State 13:
Lookahead token is now LID (2351-2353)
Reducing production term -> LID
State 17:
Reducing production factor -> term
State 25:
Reducing production concatenation -> concatenation factor
State 24:
Shifting (LID) to state 13
State 13:
("DEBUG2:rs", 44)
Lookahead token is now QID (2358-2359)
Reducing production term -> LID
State 17:
Reducing production factor -> term
State 25:
Reducing production concatenation -> concatenation factor
State 24:
Shifting (QID) to state 10
State 10:
Lookahead token is now LID (2362-2364)
Reducing production term -> QID
State 17:
Reducing production factor -> term
State 25:
Reducing production concatenation -> concatenation factor
State 24:
Shifting (LID) to state 13
State 13:
("DEBUG:rs", "\\\"")
("DEBUG2:rs", 112)
("DEBUG2:rs", 97)
("DEBUG2:rs", 103)
("DEBUG2:rs", 101)
("DEBUG:rs", "\\\"")
("DEBUG2:rs", 58)
Lookahead token is now QID (2377-2378)
Reducing production term -> LID
State 17:
Reducing production factor -> term
State 25:
Reducing production concatenation -> concatenation factor
State 24:
Shifting (QID) to state 10
State 10:
Lookahead token is now LID (2381-2383)
Reducing production term -> QID
State 17:
Reducing production factor -> term
State 25:
Reducing production concatenation -> concatenation factor
State 24:
Shifting (LID) to state 13
State 13:
Lookahead token is now LID (2386-2392)
Reducing production term -> LID
State 17:
Reducing production factor -> term
State 25:
Reducing production concatenation -> concatenation factor
State 24:
Shifting (LID) to state 13
State 13:
Lookahead token is now LID (2395-2397)
Reducing production term -> LID
State 17:
Reducing production factor -> term
State 25:
Reducing production concatenation -> concatenation factor
State 24:
Shifting (LID) to state 13
State 13:
("DEBUG2:rs", 44)
Lookahead token is now QID (2402-2403)
Reducing production term -> LID
State 17:
Reducing production factor -> term
State 25:
Reducing production concatenation -> concatenation factor
State 24:
Shifting (QID) to state 10
State 10:
Lookahead token is now LID (2406-2408)
Reducing production term -> QID
State 17:
Reducing production factor -> term
State 25:
Reducing production concatenation -> concatenation factor
State 24:
Shifting (LID) to state 13
State 13:
Lookahead token is now LID (2411-2432)
Reducing production term -> LID
State 17:
Reducing production factor -> term
State 25:
Reducing production concatenation -> concatenation factor
State 24:
Shifting (LID) to state 13
State 13:
Lookahead token is now LID (2435-2437)
Reducing production term -> LID
State 17:
Reducing production factor -> term
State 25:
Reducing production concatenation -> concatenation factor
State 24:
Shifting (LID) to state 13
State 13:
("DEBUG2:rs", 125)
Lookahead token is now QID (2442-2443)
Reducing production term -> LID
State 17:
Reducing production factor -> term
State 25:
Reducing production concatenation -> concatenation factor
State 24:
Shifting (QID) to state 10
State 10:
Lookahead token is now NEWLINE (2443-2444)
Reducing production term -> QID
State 17:
Reducing production factor -> term
State 25:
Reducing production concatenation -> concatenation factor
State 24:
Reducing production alternation -> concatenation
State 28:
Reducing production rhs -> alternation
State 32:
Reducing production old_rule -> LID COLONCOLONEQUAL rhs
["DEBUG:branches1"]
State 38:
Shifting (NEWLINE) to state 39
State 39:
Lookahead token is now LID (2444-2470)
Reducing production nonempty_list(NEWLINE) -> NEWLINE
State 41:
Shifting (LID) to state 4
State 4:
(1, 2474, "::=")
Lookahead token is now COLONCOLONEQUAL (2471-2474)
Shifting (COLONCOLONEQUAL) to state 5
State 5:
("DEBUG2:rs", 123)
Lookahead token is now QID (2477-2478)
Shifting (QID) to state 10
State 10:
Lookahead token is now LID (2481-2483)
Reducing production term -> QID
State 17:
Reducing production factor -> term
State 23:
Reducing production concatenation -> factor
State 24:
Shifting (LID) to state 13
State 13:
Lookahead token is now LID (2486-2504)
Reducing production term -> LID
State 17:
Reducing production factor -> term
State 25:
Reducing production concatenation -> concatenation factor
State 24:
Shifting (LID) to state 13
State 13:
("DEBUG2:rs", 44)
Lookahead token is now QID (2510-2511)
Reducing production term -> LID
State 17:
Reducing production factor -> term
State 25:
Reducing production concatenation -> concatenation factor
State 24:
Shifting (QID) to state 10
State 10:
Lookahead token is now LID (2514-2516)
Reducing production term -> QID
State 17:
Reducing production factor -> term
State 25:
Reducing production concatenation -> concatenation factor
State 24:
Shifting (LID) to state 13
State 13:
("DEBUG:rs", "\\\"")
("DEBUG2:rs", 99)
("DEBUG2:rs", 111)
("DEBUG2:rs", 110)
("DEBUG2:rs", 116)
("DEBUG2:rs", 101)
("DEBUG2:rs", 110)
("DEBUG2:rs", 116)
("DEBUG:rs", "\\\"")
("DEBUG2:rs", 58)
Lookahead token is now QID (2532-2533)
Reducing production term -> LID
State 17:
Reducing production factor -> term
State 25:
Reducing production concatenation -> concatenation factor
State 24:
Shifting (QID) to state 10
State 10:
Lookahead token is now LID (2536-2538)
Reducing production term -> QID
State 17:
Reducing production factor -> term
State 25:
Reducing production concatenation -> concatenation factor
State 24:
Shifting (LID) to state 13
State 13:
Lookahead token is now LID (2541-2547)
Reducing production term -> LID
State 17:
Reducing production factor -> term
State 25:
Reducing production concatenation -> concatenation factor
State 24:
Shifting (LID) to state 13
State 13:
Lookahead token is now LID (2550-2552)
Reducing production term -> LID
State 17:
Reducing production factor -> term
State 25:
Reducing production concatenation -> concatenation factor
State 24:
Shifting (LID) to state 13
State 13:
("DEBUG2:rs", 44)
Lookahead token is now QID (2557-2558)
Reducing production term -> LID
State 17:
Reducing production factor -> term
State 25:
Reducing production concatenation -> concatenation factor
State 24:
Shifting (QID) to state 10
State 10:
Lookahead token is now LID (2561-2563)
Reducing production term -> QID
State 17:
Reducing production factor -> term
State 25:
Reducing production concatenation -> concatenation factor
State 24:
Shifting (LID) to state 13
State 13:
Lookahead token is now LID (2566-2587)
Reducing production term -> LID
State 17:
Reducing production factor -> term
State 25:
Reducing production concatenation -> concatenation factor
State 24:
Shifting (LID) to state 13
State 13:
Lookahead token is now LID (2590-2592)
Reducing production term -> LID
State 17:
Reducing production factor -> term
State 25:
Reducing production concatenation -> concatenation factor
State 24:
Shifting (LID) to state 13
State 13:
("DEBUG2:rs", 125)
Lookahead token is now QID (2597-2598)
Reducing production term -> LID
State 17:
Reducing production factor -> term
State 25:
Reducing production concatenation -> concatenation factor
State 24:
Shifting (QID) to state 10
State 10:
Lookahead token is now NEWLINE (2598-2599)
Reducing production term -> QID
State 17:
Reducing production factor -> term
State 25:
Reducing production concatenation -> concatenation factor
State 24:
Reducing production alternation -> concatenation
State 28:
Reducing production rhs -> alternation
State 32:
Reducing production old_rule -> LID COLONCOLONEQUAL rhs
["DEBUG:branches1"]
State 38:
Shifting (NEWLINE) to state 39
State 39:
Lookahead token is now LID (2599-2625)
Reducing production nonempty_list(NEWLINE) -> NEWLINE
State 41:
Shifting (LID) to state 4
State 4:
(1, 2629, "::=")
Lookahead token is now COLONCOLONEQUAL (2626-2629)
Shifting (COLONCOLONEQUAL) to state 5
State 5:
("DEBUG2:rs", 123)
Lookahead token is now QID (2632-2633)
Shifting (QID) to state 10
State 10:
Lookahead token is now LID (2636-2638)
Reducing production term -> QID
State 17:
Reducing production factor -> term
State 23:
Reducing production concatenation -> factor
State 24:
Shifting (LID) to state 13
State 13:
Lookahead token is now LID (2641-2659)
Reducing production term -> LID
State 17:
Reducing production factor -> term
State 25:
Reducing production concatenation -> concatenation factor
State 24:
Shifting (LID) to state 13
State 13:
("DEBUG2:rs", 44)
Lookahead token is now QID (2664-2665)
Reducing production term -> LID
State 17:
Reducing production factor -> term
State 25:
Reducing production concatenation -> concatenation factor
State 24:
Shifting (QID) to state 10
State 10:
Lookahead token is now LID (2667-2669)
Reducing production term -> QID
State 17:
Reducing production factor -> term
State 25:
Reducing production concatenation -> concatenation factor
State 24:
Shifting (LID) to state 13
State 13:
("DEBUG:rs", "\\\"")
("DEBUG2:rs", 113)
("DEBUG2:rs", 117)
("DEBUG2:rs", 101)
("DEBUG2:rs", 114)
("DEBUG2:rs", 121)
("DEBUG:rs", "\\\"")
("DEBUG2:rs", 58)
Lookahead token is now QID (2683-2684)
Reducing production term -> LID
State 17:
Reducing production factor -> term
State 25:
Reducing production concatenation -> concatenation factor
State 24:
Shifting (QID) to state 10
State 10:
Lookahead token is now LID (2687-2689)
Reducing production term -> QID
State 17:
Reducing production factor -> term
State 25:
Reducing production concatenation -> concatenation factor
State 24:
Shifting (LID) to state 13
State 13:
Lookahead token is now LID (2692-2698)
Reducing production term -> LID
State 17:
Reducing production factor -> term
State 25:
Reducing production concatenation -> concatenation factor
State 24:
Shifting (LID) to state 13
State 13:
Lookahead token is now LID (2701-2703)
Reducing production term -> LID
State 17:
Reducing production factor -> term
State 25:
Reducing production concatenation -> concatenation factor
State 24:
Shifting (LID) to state 13
State 13:
("DEBUG2:rs", 44)
Lookahead token is now QID (2708-2709)
Reducing production term -> LID
State 17:
Reducing production factor -> term
State 25:
Reducing production concatenation -> concatenation factor
State 24:
Shifting (QID) to state 10
State 10:
Lookahead token is now LID (2712-2714)
Reducing production term -> QID
State 17:
Reducing production factor -> term
State 25:
Reducing production concatenation -> concatenation factor
State 24:
Shifting (LID) to state 13
State 13:
("DEBUG:rs", "\\\"")
("DEBUG2:rs", 112)
("DEBUG2:rs", 97)
("DEBUG2:rs", 103)
("DEBUG2:rs", 101)
("DEBUG:rs", "\\\"")
("DEBUG2:rs", 58)
Lookahead token is now QID (2727-2728)
Reducing production term -> LID
State 17:
Reducing production factor -> term
State 25:
Reducing production concatenation -> concatenation factor
State 24:
Shifting (QID) to state 10
State 10:
Lookahead token is now LID (2731-2733)
Reducing production term -> QID
State 17:
Reducing production factor -> term
State 25:
Reducing production concatenation -> concatenation factor
State 24:
Shifting (LID) to state 13
State 13:
Lookahead token is now LID (2736-2742)
Reducing production term -> LID
State 17:
Reducing production factor -> term
State 25:
Reducing production concatenation -> concatenation factor
State 24:
Shifting (LID) to state 13
State 13:
Lookahead token is now LID (2745-2747)
Reducing production term -> LID
State 17:
Reducing production factor -> term
State 25:
Reducing production concatenation -> concatenation factor
State 24:
Shifting (LID) to state 13
State 13:
("DEBUG2:rs", 44)
Lookahead token is now QID (2752-2753)
Reducing production term -> LID
State 17:
Reducing production factor -> term
State 25:
Reducing production concatenation -> concatenation factor
State 24:
Shifting (QID) to state 10
State 10:
Lookahead token is now LID (2756-2758)
Reducing production term -> QID
State 17:
Reducing production factor -> term
State 25:
Reducing production concatenation -> concatenation factor
State 24:
Shifting (LID) to state 13
State 13:
Lookahead token is now LID (2761-2782)
Reducing production term -> LID
State 17:
Reducing production factor -> term
State 25:
Reducing production concatenation -> concatenation factor
State 24:
Shifting (LID) to state 13
State 13:
Lookahead token is now LID (2785-2787)
Reducing production term -> LID
State 17:
Reducing production factor -> term
State 25:
Reducing production concatenation -> concatenation factor
State 24:
Shifting (LID) to state 13
State 13:
("DEBUG2:rs", 125)
Lookahead token is now QID (2792-2793)
Reducing production term -> LID
State 17:
Reducing production factor -> term
State 25:
Reducing production concatenation -> concatenation factor
State 24:
Shifting (QID) to state 10
State 10:
Lookahead token is now NEWLINE (2793-2794)
Reducing production term -> QID
State 17:
Reducing production factor -> term
State 25:
Reducing production concatenation -> concatenation factor
State 24:
Reducing production alternation -> concatenation
State 28:
Reducing production rhs -> alternation
State 32:
Reducing production old_rule -> LID COLONCOLONEQUAL rhs
["DEBUG:branches1"]
State 38:
Shifting (NEWLINE) to state 39
State 39:
Lookahead token is now LID (2794-2812)
Reducing production nonempty_list(NEWLINE) -> NEWLINE
State 41:
Shifting (LID) to state 4
State 4:
(1, 2816, "::=")
Lookahead token is now COLONCOLONEQUAL (2813-2816)
Shifting (COLONCOLONEQUAL) to state 5
State 5:
("DEBUG:rs", "\\\"")
("DEBUG2:rs", 105)
("DEBUG2:rs", 110)
("DEBUG2:rs", 110)
("DEBUG2:rs", 101)
("DEBUG2:rs", 114)
("DEBUG2:rs", 95)
("DEBUG2:rs", 116)
("DEBUG2:rs", 104)
("DEBUG2:rs", 111)
("DEBUG2:rs", 117)
("DEBUG2:rs", 103)
("DEBUG2:rs", 104)
("DEBUG2:rs", 116)
("DEBUG2:rs", 115)
("DEBUG:rs", "\\\"")
("DEBUG2:rs", 58)
Lookahead token is now QID (2837-2838)
Shifting (QID) to state 10
State 10:
Lookahead token is now LID (2841-2843)
Reducing production term -> QID
State 17:
Reducing production factor -> term
State 23:
Reducing production concatenation -> factor
State 24:
Shifting (LID) to state 13
State 13:
Lookahead token is now LID (2846-2852)
Reducing production term -> LID
State 17:
Reducing production factor -> term
State 25:
Reducing production concatenation -> concatenation factor
State 24:
Shifting (LID) to state 13
State 13:
Lookahead token is now NEWLINE (2852-2853)
Reducing production term -> LID
State 17:
Reducing production factor -> term
State 25:
Reducing production concatenation -> concatenation factor
State 24:
Reducing production alternation -> concatenation
State 28:
Reducing production rhs -> alternation
State 32:
Reducing production old_rule -> LID COLONCOLONEQUAL rhs
["DEBUG:branches1"]
State 38:
Shifting (NEWLINE) to state 39
State 39:
Lookahead token is now LID (2853-2874)
Reducing production nonempty_list(NEWLINE) -> NEWLINE
State 41:
Shifting (LID) to state 4
State 4:
(1, 2878, "::=")
Lookahead token is now COLONCOLONEQUAL (2875-2878)
Shifting (COLONCOLONEQUAL) to state 5
State 5:
("DEBUG:rs", "\\\"")
("DEBUG2:rs", 114)
("DEBUG2:rs", 101)
("DEBUG2:rs", 113)
("DEBUG2:rs", 117)
("DEBUG2:rs", 101)
("DEBUG2:rs", 115)
("DEBUG2:rs", 116)
("DEBUG2:rs", 95)
("DEBUG2:rs", 104)
("DEBUG2:rs", 101)
("DEBUG2:rs", 97)
("DEBUG2:rs", 114)
("DEBUG2:rs", 116)
("DEBUG2:rs", 98)
("DEBUG2:rs", 101)
("DEBUG2:rs", 97)
("DEBUG2:rs", 116)
("DEBUG:rs", "\\\"")
("DEBUG2:rs", 58)
Lookahead token is now QID (2902-2903)
Shifting (QID) to state 10
State 10:
Lookahead token is now LID (2906-2908)
Reducing production term -> QID
State 17:
Reducing production factor -> term
State 23:
Reducing production concatenation -> factor
State 24:
Shifting (LID) to state 13
State 13:
Lookahead token is now LID (2911-2918)
Reducing production term -> LID
State 17:
Reducing production factor -> term
State 25:
Reducing production concatenation -> concatenation factor
State 24:
Shifting (LID) to state 13
State 13:
Lookahead token is now NEWLINE (2918-2919)
Reducing production term -> LID
State 17:
Reducing production factor -> term
State 25:
Reducing production concatenation -> concatenation factor
State 24:
Reducing production alternation -> concatenation
State 28:
Reducing production rhs -> alternation
State 32:
Reducing production old_rule -> LID COLONCOLONEQUAL rhs
["DEBUG:branches1"]
State 38:
Shifting (NEWLINE) to state 39
State 39:
Lookahead token is now LID (2919-2929)
Reducing production nonempty_list(NEWLINE) -> NEWLINE
State 41:
Shifting (LID) to state 4
State 4:
(1, 2933, "::=")
Lookahead token is now COLONCOLONEQUAL (2930-2933)
Shifting (COLONCOLONEQUAL) to state 5
State 5:
("DEBUG:rs", "\\\"")
("DEBUG2:rs", 104)
("DEBUG2:rs", 117)
("DEBUG2:rs", 109)
("DEBUG2:rs", 97)
("DEBUG2:rs", 110)
("DEBUG:rs", "\\\"")
Lookahead token is now QID (2944-2945)
Shifting (QID) to state 10
State 10:
Lookahead token is now BAR (2946-2947)
Reducing production term -> QID
State 17:
Reducing production factor -> term
State 23:
Reducing production concatenation -> factor
State 24:
Reducing production alternation -> concatenation
State 28:
Shifting (BAR) to state 29
State 29:
("DEBUG:rs", "\\\"")
("DEBUG2:rs", 112)
("DEBUG2:rs", 101)
("DEBUG2:rs", 114)
("DEBUG2:rs", 115)
("DEBUG2:rs", 111)
("DEBUG2:rs", 110)
("DEBUG2:rs", 97)
("DEBUG:rs", "\\\"")
Lookahead token is now QID (2960-2961)
Reducing production list(NEWLINE) ->
State 30:
Shifting (QID) to state 10
State 10:
Lookahead token is now NEWLINE (2961-2962)
Reducing production term -> QID
State 17:
Reducing production factor -> term
State 23:
Reducing production concatenation -> factor
State 31:
Reducing production alternation -> alternation BAR list(NEWLINE) concatenation
State 28:
Reducing production rhs -> alternation
State 32:
Reducing production old_rule -> LID COLONCOLONEQUAL rhs
["DEBUG:branches1"]
State 38:
Shifting (NEWLINE) to state 39
State 39:
Lookahead token is now LID (2962-2968)
Reducing production nonempty_list(NEWLINE) -> NEWLINE
State 41:
Shifting (LID) to state 4
State 4:
(1, 2972, "::=")
Lookahead token is now COLONCOLONEQUAL (2969-2972)
Shifting (COLONCOLONEQUAL) to state 5
State 5:
("DEBUG:rs", "\\\"")
Lookahead token is now QID (2976-2977)
Shifting (QID) to state 10
State 10:
"("
Lookahead token is now LPAREN (2980-2981)
Reducing production term -> QID
State 17:
Reducing production factor -> term
State 23:
Reducing production concatenation -> factor
State 24:
Shifting (LPAREN) to state 11
State 11:
"["
"^"
"\""
"\\"
"["
"\\]"
"{"
"}"
"]"
Lookahead token is now REGEX (2990-2991)
Reducing production list(NEWLINE) ->
State 12:
Shifting (REGEX) to state 9
State 9:
Lookahead token is now STAR (2991-2992)
Reducing production term -> REGEX
State 17:
Shifting (STAR) to state 18
State 18:
Lookahead token is now RPAREN (2992-2993)
Reducing production factor -> term STAR
State 23:
Reducing production concatenation -> factor
State 24:
Reducing production alternation -> concatenation
State 28:
Reducing production rhs -> alternation
State 21:
Shifting (RPAREN) to state 22
State 22:
("DEBUG:rs", "\\\"")
Lookahead token is now QID (2999-3000)
Reducing production term -> LPAREN list(NEWLINE) rhs RPAREN
State 17:
Reducing production factor -> term
State 25:
Reducing production concatenation -> concatenation factor
State 24:
Shifting (QID) to state 10
State 10:
Lookahead token is now NEWLINE (3000-3001)
Reducing production term -> QID
State 17:
Reducing production factor -> term
State 25:
Reducing production concatenation -> concatenation factor
State 24:
Reducing production alternation -> concatenation
State 28:
Reducing production rhs -> alternation
State 32:
Reducing production old_rule -> LID COLONCOLONEQUAL rhs
["DEBUG:branches1"]
State 38:
Shifting (NEWLINE) to state 39
State 39:
Lookahead token is now LID (3001-3008)
Reducing production nonempty_list(NEWLINE) -> NEWLINE
State 41:
Shifting (LID) to state 4
State 4:
(1, 3012, "::=")
Lookahead token is now COLONCOLONEQUAL (3009-3012)
Shifting (COLONCOLONEQUAL) to state 5
State 5:
("DEBUG2:rs", 116)
("DEBUG2:rs", 114)
("DEBUG2:rs", 117)
("DEBUG2:rs", 101)
Lookahead token is now QID (3018-3019)
Shifting (QID) to state 10
State 10:
Lookahead token is now BAR (3020-3021)
Reducing production term -> QID
State 17:
Reducing production factor -> term
State 23:
Reducing production concatenation -> factor
State 24:
Reducing production alternation -> concatenation
State 28:
Shifting (BAR) to state 29
State 29:
("DEBUG2:rs", 102)
("DEBUG2:rs", 97)
("DEBUG2:rs", 108)
("DEBUG2:rs", 115)
("DEBUG2:rs", 101)
Lookahead token is now QID (3028-3029)
Reducing production list(NEWLINE) ->
State 30:
Shifting (QID) to state 10
State 10:
Lookahead token is now NEWLINE (3029-3030)
Reducing production term -> QID
State 17:
Reducing production factor -> term
State 23:
Reducing production concatenation -> factor
State 31:
Reducing production alternation -> alternation BAR list(NEWLINE) concatenation
State 28:
Reducing production rhs -> alternation
State 32:
Reducing production old_rule -> LID COLONCOLONEQUAL rhs
["DEBUG:branches1"]
State 38:
Shifting (NEWLINE) to state 39
State 39:
Lookahead token is now LID (3030-3032)
Reducing production nonempty_list(NEWLINE) -> NEWLINE
State 41:
Shifting (LID) to state 4
State 4:
(1, 3036, "::=")
Lookahead token is now COLONCOLONEQUAL (3033-3036)
Shifting (COLONCOLONEQUAL) to state 5
State 5:
Lookahead token is now QID (3038-3039)
Shifting (QID) to state 10
State 10:
Lookahead token is now NEWLINE (3039-3040)
Reducing production term -> QID
State 17:
Reducing production factor -> term
State 23:
Reducing production concatenation -> factor
State 24:
Reducing production alternation -> concatenation
State 28:
Reducing production rhs -> alternation
State 32:
Reducing production old_rule -> LID COLONCOLONEQUAL rhs
["DEBUG:branches1"]
State 38:
Shifting (NEWLINE) to state 39
State 39:
Lookahead token is now LID (3040-3046)
Reducing production nonempty_list(NEWLINE) -> NEWLINE
State 41:
Shifting (LID) to state 4
State 4:
(1, 3050, "::=")
Lookahead token is now COLONCOLONEQUAL (3047-3050)
Shifting (COLONCOLONEQUAL) to state 5
State 5:
"["
"0"
"-"
"9"
"]"
Lookahead token is now REGEX (3055-3056)
Shifting (REGEX) to state 9
State 9:
Lookahead token is now PLUS (3056-3057)
Reducing production term -> REGEX
State 17:
Shifting (PLUS) to state 20
State 20:
Lookahead token is now NEWLINE (3057-3058)
Reducing production factor -> term PLUS
State 23:
Reducing production concatenation -> factor
State 24:
Reducing production alternation -> concatenation
State 28:
Reducing production rhs -> alternation
State 32:
Reducing production old_rule -> LID COLONCOLONEQUAL rhs
["DEBUG:branches1"]
State 38:
Shifting (NEWLINE) to state 39
State 39:
Lookahead token is now EOF (3058-3058)
Initiating error handling
Fatal error: exception Gbnf_parser.SentenceParser.MenhirBasics.Error
