Done: 50% (4/8, 4 left) (jobs: 0)                                 Done: 18% (72/380, 308 left) (jobs: 0)                                      Hello, World!
State 0:
Lookahead token is now LID (0-4)
Shifting (LID) to state 3
State 3:
(1, 10, "::=")
Lookahead token is now COLONCOLONEQUAL (7-10)
Shifting (COLONCOLONEQUAL) to state 4
State 4:
Lookahead token is now LID (11-17)
Shifting (LID) to state 14
State 14:
Lookahead token is now NEWLINE (17-18)
Reducing production term -> LID
("DEBUG:lid", ("object", (("", 1, 0, 11), ("", 1, 0, 17))))
("DEBUG:sterm/lid", ("object", (("", 1, 0, 11), ("", 1, 0, 17))))
("DEBUG:term/sterm", (("object", (("", 1, 0, 11), ("", 1, 0, 17)))))
State 18:
Reducing production factor -> term
("DEBUG:termfactor", Tag2 ((("object", (("", 1, 0, 11), ("", 1, 0, 17))))))
State 24:
Reducing production concatenation -> factor
("DEBUG:concat2", Tag2 (Tag2 (Tag2 ((("object", (("", 1, 0, 11), ("", 1, 0, 17))))))))
State 25:
Reducing production alternation -> concatenation
("DEBUG:alt", Tag2 (Tag2 (Tag2 (Tag2 ((("object", (("", 1, 0, 11), ("", 1, 0, 17)))))))))
State 29:
Reducing production rhs -> alternation
("DEBUG:rhs", Tag2 (Tag2 (Tag2 (Tag2 (Tag2 ((("object", (("", 1, 0, 11), ("", 1, 0, 17))))))))))
State 33:
Reducing production rule -> LID COLONCOLONEQUAL rhs
("DEBUG:rule", ("root", (("", 1, 0, 0), ("", 1, 0, 4))), Tag2 (Tag2 (Tag2 (Tag2 (Tag2 (Tag2 ((("object", (("", 1, 0, 11), ("", 1, 0, 17)))))))))))
State 41:
Reducing production rules -> rule
("DEBUG:OLDRULE", ("root", [(("", 1, 0, 0), ("", 1, 0, 4))], 0))
State 34:
Shifting (NEWLINE) to state 35
State 35:
Lookahead token is now LID (18-23)
Reducing production nonempty_list(NEWLINE) -> NEWLINE
State 37:
Shifting (LID) to state 3
State 3:
(1, 28, "::=")
Lookahead token is now COLONCOLONEQUAL (25-28)
Shifting (COLONCOLONEQUAL) to state 4
State 4:
Lookahead token is now LID (29-35)
Shifting (LID) to state 14
State 14:
Lookahead token is now BAR (36-37)
Reducing production term -> LID
("DEBUG:lid", ("object", (("", 1, 0, 29), ("", 1, 0, 35))))
("DEBUG:sterm/lid", ("object", (("", 1, 0, 29), ("", 1, 0, 35))))
("DEBUG:term/sterm", (("object", (("", 1, 0, 29), ("", 1, 0, 35)))))
State 18:
Reducing production factor -> term
("DEBUG:termfactor", Tag2 ((("object", (("", 1, 0, 29), ("", 1, 0, 35))))))
State 24:
Reducing production concatenation -> factor
("DEBUG:concat2", Tag2 (Tag2 (Tag2 ((("object", (("", 1, 0, 29), ("", 1, 0, 35))))))))
State 25:
Reducing production alternation -> concatenation
("DEBUG:alt", Tag2 (Tag2 (Tag2 (Tag2 ((("object", (("", 1, 0, 29), ("", 1, 0, 35)))))))))
State 29:
Shifting (BAR) to state 30
State 30:
Lookahead token is now LID (38-43)
Reducing production list(NEWLINE) ->
State 31:
Shifting (LID) to state 14
State 14:
Lookahead token is now BAR (44-45)
Reducing production term -> LID
("DEBUG:lid", ("array", (("", 1, 0, 38), ("", 1, 0, 43))))
("DEBUG:sterm/lid", ("array", (("", 1, 0, 38), ("", 1, 0, 43))))
("DEBUG:term/sterm", (("array", (("", 1, 0, 38), ("", 1, 0, 43)))))
State 18:
Reducing production factor -> term
("DEBUG:termfactor", Tag2 ((("array", (("", 1, 0, 38), ("", 1, 0, 43))))))
State 24:
Reducing production concatenation -> factor
("DEBUG:concat2", Tag2 (Tag2 (Tag2 ((("array", (("", 1, 0, 38), ("", 1, 0, 43))))))))
State 32:
Reducing production alternation -> alternation BAR list(NEWLINE) concatenation
State 29:
Shifting (BAR) to state 30
State 30:
Lookahead token is now LID (46-52)
Reducing production list(NEWLINE) ->
State 31:
Shifting (LID) to state 14
State 14:
Lookahead token is now BAR (53-54)
Reducing production term -> LID
("DEBUG:lid", ("string", (("", 1, 0, 46), ("", 1, 0, 52))))
("DEBUG:sterm/lid", ("string", (("", 1, 0, 46), ("", 1, 0, 52))))
("DEBUG:term/sterm", (("string", (("", 1, 0, 46), ("", 1, 0, 52)))))
State 18:
Reducing production factor -> term
("DEBUG:termfactor", Tag2 ((("string", (("", 1, 0, 46), ("", 1, 0, 52))))))
State 24:
Reducing production concatenation -> factor
("DEBUG:concat2", Tag2 (Tag2 (Tag2 ((("string", (("", 1, 0, 46), ("", 1, 0, 52))))))))
State 32:
Reducing production alternation -> alternation BAR list(NEWLINE) concatenation
State 29:
Shifting (BAR) to state 30
State 30:
Lookahead token is now LID (55-61)
Reducing production list(NEWLINE) ->
State 31:
Shifting (LID) to state 14
State 14:
Lookahead token is now BAR (62-63)
Reducing production term -> LID
("DEBUG:lid", ("number", (("", 1, 0, 55), ("", 1, 0, 61))))
("DEBUG:sterm/lid", ("number", (("", 1, 0, 55), ("", 1, 0, 61))))
("DEBUG:term/sterm", (("number", (("", 1, 0, 55), ("", 1, 0, 61)))))
State 18:
Reducing production factor -> term
("DEBUG:termfactor", Tag2 ((("number", (("", 1, 0, 55), ("", 1, 0, 61))))))
State 24:
Reducing production concatenation -> factor
("DEBUG:concat2", Tag2 (Tag2 (Tag2 ((("number", (("", 1, 0, 55), ("", 1, 0, 61))))))))
State 32:
Reducing production alternation -> alternation BAR list(NEWLINE) concatenation
State 29:
Shifting (BAR) to state 30
State 30:
"("
Lookahead token is now LPAREN (64-65)
Reducing production list(NEWLINE) ->
State 31:
Shifting (LPAREN) to state 10
State 10:
("DEBUG2:rs", 116)
("DEBUG2:rs", 114)
("DEBUG2:rs", 117)
("DEBUG2:rs", 101)
Lookahead token is now QID (70-71)
Reducing production list(NEWLINE) ->
State 13:
Shifting (QID) to state 9
State 9:
Lookahead token is now BAR (72-73)
Reducing production term -> QID
("DEBUG:quid", ("\"true\"", (("", 1, 0, 65), ("", 1, 0, 71))))
("DEBUG:sterm/quid", ("\"true\"", (("", 1, 0, 65), ("", 1, 0, 71))))
("DEBUG:term/sterm", (("\"true\"", (("", 1, 0, 65), ("", 1, 0, 71)))))
State 18:
Reducing production factor -> term
("DEBUG:termfactor", Tag2 ((("\"true\"", (("", 1, 0, 65), ("", 1, 0, 71))))))
State 24:
Reducing production concatenation -> factor
("DEBUG:concat2", Tag2 (Tag2 (Tag2 ((("\"true\"", (("", 1, 0, 65), ("", 1, 0, 71))))))))
State 25:
Reducing production alternation -> concatenation
("DEBUG:alt", Tag2 (Tag2 (Tag2 (Tag2 ((("\"true\"", (("", 1, 0, 65), ("", 1, 0, 71)))))))))
State 29:
Shifting (BAR) to state 30
State 30:
("DEBUG2:rs", 102)
("DEBUG2:rs", 97)
("DEBUG2:rs", 108)
("DEBUG2:rs", 115)
("DEBUG2:rs", 101)
Lookahead token is now QID (80-81)
Reducing production list(NEWLINE) ->
State 31:
Shifting (QID) to state 9
State 9:
Lookahead token is now BAR (82-83)
Reducing production term -> QID
("DEBUG:quid", ("\"false\"", (("", 1, 0, 74), ("", 1, 0, 81))))
("DEBUG:sterm/quid", ("\"false\"", (("", 1, 0, 74), ("", 1, 0, 81))))
("DEBUG:term/sterm", (("\"false\"", (("", 1, 0, 74), ("", 1, 0, 81)))))
State 18:
Reducing production factor -> term
("DEBUG:termfactor", Tag2 ((("\"false\"", (("", 1, 0, 74), ("", 1, 0, 81))))))
State 24:
Reducing production concatenation -> factor
("DEBUG:concat2", Tag2 (Tag2 (Tag2 ((("\"false\"", (("", 1, 0, 74), ("", 1, 0, 81))))))))
State 32:
Reducing production alternation -> alternation BAR list(NEWLINE) concatenation
State 29:
Shifting (BAR) to state 30
State 30:
("DEBUG2:rs", 110)
("DEBUG2:rs", 117)
("DEBUG2:rs", 108)
("DEBUG2:rs", 108)
Lookahead token is now QID (89-90)
Reducing production list(NEWLINE) ->
State 31:
Shifting (QID) to state 9
State 9:
Lookahead token is now RPAREN (90-91)
Reducing production term -> QID
("DEBUG:quid", ("\"null\"", (("", 1, 0, 84), ("", 1, 0, 90))))
("DEBUG:sterm/quid", ("\"null\"", (("", 1, 0, 84), ("", 1, 0, 90))))
("DEBUG:term/sterm", (("\"null\"", (("", 1, 0, 84), ("", 1, 0, 90)))))
State 18:
Reducing production factor -> term
("DEBUG:termfactor", Tag2 ((("\"null\"", (("", 1, 0, 84), ("", 1, 0, 90))))))
State 24:
Reducing production concatenation -> factor
("DEBUG:concat2", Tag2 (Tag2 (Tag2 ((("\"null\"", (("", 1, 0, 84), ("", 1, 0, 90))))))))
State 32:
Reducing production alternation -> alternation BAR list(NEWLINE) concatenation
State 29:
Reducing production rhs -> alternation
("DEBUG:rhs", Tag2 (Tag2 (Tag2 (Tag2 (Tag2 (Tag2 (Tag2 ((("\"true\"", (("", 1, 0, 65), ("", 1, 0, 71))))))))))))
State 22:
Shifting (RPAREN) to state 23
State 23:
Lookahead token is now LID (92-94)
Reducing production term -> LPAREN list(NEWLINE) rhs RPAREN
("DEBUG:rhs", Tag2 (Tag2 (Tag2 (Tag2 (Tag2 (Tag2 (Tag2 (Tag2 ((("\"true\"", (("", 1, 0, 65), ("", 1, 0, 71)))))))))))))
("DEBUG:cterm/group", Tag2 (Tag2 (Tag2 (Tag2 (Tag2 (Tag2 (Tag2 (Tag2 (Tag2 ((("\"true\"", (("", 1, 0, 65), ("", 1, 0, 71))))))))))))))
("DEBUG:term/cterms", Tag2 (Tag2 (Tag2 (Tag2 (Tag2 (Tag2 (Tag2 (Tag2 (Tag2 (Tag2 ((("\"true\"", (("", 1, 0, 65), ("", 1, 0, 71)))))))))))))))
State 18:
Reducing production factor -> term
("DEBUG:termfactor", Tag2 (Tag2 (Tag2 (Tag2 (Tag2 (Tag2 (Tag2 (Tag2 (Tag2 (Tag2 (Tag2 ((("\"true\"", (("", 1, 0, 65), ("", 1, 0, 71))))))))))))))))
State 24:
Reducing production concatenation -> factor
("DEBUG:concat2", Tag2 (Tag2 (Tag2 (Tag2 (Tag2 (Tag2 (Tag2 (Tag2 (Tag2 (Tag2 (Tag2 (Tag2 (Tag2 ((("\"true\"", (("", 1, 0, 65), ("", 1, 0, 71))))))))))))))))))
State 32:
Shifting (LID) to state 14
State 14:
Lookahead token is now NEWLINE (94-95)
Reducing production term -> LID
("DEBUG:lid", ("ws", (("", 1, 0, 92), ("", 1, 0, 94))))
("DEBUG:sterm/lid", ("ws", (("", 1, 0, 92), ("", 1, 0, 94))))
("DEBUG:term/sterm", (("ws", (("", 1, 0, 92), ("", 1, 0, 94)))))
State 18:
Reducing production factor -> term
("DEBUG:termfactor", Tag2 ((("ws", (("", 1, 0, 92), ("", 1, 0, 94))))))
State 26:
Reducing production concatenation -> concatenation factor
("DEBUG:concat1", Tag2 (Tag2 (Tag2 (Tag2 (Tag2 (Tag2 (Tag2 (Tag2 (Tag2 (Tag2 (Tag2 (Tag2 (Tag2 (Tag2 ((("\"true\"", (("", 1, 0, 65), ("", 1, 0, 71)))))))))))))))))))
State 32:
Reducing production alternation -> alternation BAR list(NEWLINE) concatenation
State 29:
Reducing production rhs -> alternation
("DEBUG:rhs", Tag2 (Tag2 (Tag2 (Tag2 (Tag2 (Tag2 (Tag2 (Tag2 (Tag2 ((("object", (("", 1, 0, 29), ("", 1, 0, 35))))))))))))))
State 33:
Reducing production rule -> LID COLONCOLONEQUAL rhs
("DEBUG:rule", ("value", (("", 1, 0, 18), ("", 1, 0, 23))), Tag2 (Tag2 (Tag2 (Tag2 (Tag2 (Tag2 (Tag2 (Tag2 (Tag2 (Tag2 ((("object", (("", 1, 0, 29), ("", 1, 0, 35)))))))))))))))
State 38:
Reducing production rules -> rules nonempty_list(NEWLINE) rule
("DEBUG:OLDRULE1", ("value", [(("", 1, 0, 18), ("", 1, 0, 23))], 0))
State 34:
Shifting (NEWLINE) to state 35
State 35:
Lookahead token is now NEWLINE (95-96)
Shifting (NEWLINE) to state 35
State 35:
Lookahead token is now LID (96-102)
Reducing production nonempty_list(NEWLINE) -> NEWLINE
State 2:
Reducing production nonempty_list(NEWLINE) -> NEWLINE nonempty_list(NEWLINE)
State 37:
Shifting (LID) to state 3
State 3:
(1, 106, "::=")
Lookahead token is now COLONCOLONEQUAL (103-106)
Shifting (COLONCOLONEQUAL) to state 4
State 4:
("DEBUG2:rs", 123)
Lookahead token is now QID (111-112)
Shifting (QID) to state 9
State 9:
Lookahead token is now LID (113-115)
Reducing production term -> QID
("DEBUG:quid", ("\"{\"", (("", 1, 0, 109), ("", 1, 0, 112))))
("DEBUG:sterm/quid", ("\"{\"", (("", 1, 0, 109), ("", 1, 0, 112))))
("DEBUG:term/sterm", (("\"{\"", (("", 1, 0, 109), ("", 1, 0, 112)))))
State 18:
Reducing production factor -> term
("DEBUG:termfactor", Tag2 ((("\"{\"", (("", 1, 0, 109), ("", 1, 0, 112))))))
State 24:
Reducing production concatenation -> factor
("DEBUG:concat2", Tag2 (Tag2 (Tag2 ((("\"{\"", (("", 1, 0, 109), ("", 1, 0, 112))))))))
State 25:
Shifting (LID) to state 14
State 14:
"("
Lookahead token is now LPAREN (116-117)
Reducing production term -> LID
("DEBUG:lid", ("ws", (("", 1, 0, 113), ("", 1, 0, 115))))
("DEBUG:sterm/lid", ("ws", (("", 1, 0, 113), ("", 1, 0, 115))))
("DEBUG:term/sterm", (("ws", (("", 1, 0, 113), ("", 1, 0, 115)))))
State 18:
Reducing production factor -> term
("DEBUG:termfactor", Tag2 ((("ws", (("", 1, 0, 113), ("", 1, 0, 115))))))
State 26:
Reducing production concatenation -> concatenation factor
("DEBUG:concat1", Tag2 (Tag2 (Tag2 (Tag2 ((("\"{\"", (("", 1, 0, 109), ("", 1, 0, 112)))))))))
State 25:
Shifting (LPAREN) to state 10
State 10:
Lookahead token is now LID (119-125)
Reducing production list(NEWLINE) ->
State 13:
Shifting (LID) to state 14
State 14:
("DEBUG2:rs", 58)
Lookahead token is now QID (128-129)
Reducing production term -> LID
("DEBUG:lid", ("string", (("", 1, 0, 119), ("", 1, 0, 125))))
("DEBUG:sterm/lid", ("string", (("", 1, 0, 119), ("", 1, 0, 125))))
("DEBUG:term/sterm", (("string", (("", 1, 0, 119), ("", 1, 0, 125)))))
State 18:
Reducing production factor -> term
("DEBUG:termfactor", Tag2 ((("string", (("", 1, 0, 119), ("", 1, 0, 125))))))
State 24:
Reducing production concatenation -> factor
("DEBUG:concat2", Tag2 (Tag2 (Tag2 ((("string", (("", 1, 0, 119), ("", 1, 0, 125))))))))
State 25:
Shifting (QID) to state 9
State 9:
Lookahead token is now LID (130-132)
Reducing production term -> QID
("DEBUG:quid", ("\":\"", (("", 1, 0, 126), ("", 1, 0, 129))))
("DEBUG:sterm/quid", ("\":\"", (("", 1, 0, 126), ("", 1, 0, 129))))
("DEBUG:term/sterm", (("\":\"", (("", 1, 0, 126), ("", 1, 0, 129)))))
State 18:
Reducing production factor -> term
("DEBUG:termfactor", Tag2 ((("\":\"", (("", 1, 0, 126), ("", 1, 0, 129))))))
State 26:
Reducing production concatenation -> concatenation factor
("DEBUG:concat1", Tag2 (Tag2 (Tag2 (Tag2 ((("string", (("", 1, 0, 119), ("", 1, 0, 125)))))))))
State 25:
Shifting (LID) to state 14
State 14:
Lookahead token is now LID (133-138)
Reducing production term -> LID
("DEBUG:lid", ("ws", (("", 1, 0, 130), ("", 1, 0, 132))))
("DEBUG:sterm/lid", ("ws", (("", 1, 0, 130), ("", 1, 0, 132))))
("DEBUG:term/sterm", (("ws", (("", 1, 0, 130), ("", 1, 0, 132)))))
State 18:
Reducing production factor -> term
("DEBUG:termfactor", Tag2 ((("ws", (("", 1, 0, 130), ("", 1, 0, 132))))))
State 26:
Reducing production concatenation -> concatenation factor
("DEBUG:concat1", Tag2 (Tag2 (Tag2 (Tag2 (Tag2 ((("string", (("", 1, 0, 119), ("", 1, 0, 125))))))))))
State 25:
Shifting (LID) to state 14
State 14:
"("
Lookahead token is now LPAREN (139-140)
Reducing production term -> LID
("DEBUG:lid", ("value", (("", 1, 0, 133), ("", 1, 0, 138))))
("DEBUG:sterm/lid", ("value", (("", 1, 0, 133), ("", 1, 0, 138))))
("DEBUG:term/sterm", (("value", (("", 1, 0, 133), ("", 1, 0, 138)))))
State 18:
Reducing production factor -> term
("DEBUG:termfactor", Tag2 ((("value", (("", 1, 0, 133), ("", 1, 0, 138))))))
State 26:
Reducing production concatenation -> concatenation factor
("DEBUG:concat1", Tag2 (Tag2 (Tag2 (Tag2 (Tag2 (Tag2 ((("string", (("", 1, 0, 119), ("", 1, 0, 125)))))))))))
State 25:
Shifting (LPAREN) to state 10
State 10:
("DEBUG2:rs", 44)
Lookahead token is now QID (143-144)
Reducing production list(NEWLINE) ->
State 13:
Shifting (QID) to state 9
State 9:
Lookahead token is now LID (145-147)
Reducing production term -> QID
("DEBUG:quid", ("\",\"", (("", 1, 0, 141), ("", 1, 0, 144))))
("DEBUG:sterm/quid", ("\",\"", (("", 1, 0, 141), ("", 1, 0, 144))))
("DEBUG:term/sterm", (("\",\"", (("", 1, 0, 141), ("", 1, 0, 144)))))
State 18:
Reducing production factor -> term
("DEBUG:termfactor", Tag2 ((("\",\"", (("", 1, 0, 141), ("", 1, 0, 144))))))
State 24:
Reducing production concatenation -> factor
("DEBUG:concat2", Tag2 (Tag2 (Tag2 ((("\",\"", (("", 1, 0, 141), ("", 1, 0, 144))))))))
State 25:
Shifting (LID) to state 14
State 14:
Lookahead token is now LID (148-154)
Reducing production term -> LID
("DEBUG:lid", ("ws", (("", 1, 0, 145), ("", 1, 0, 147))))
("DEBUG:sterm/lid", ("ws", (("", 1, 0, 145), ("", 1, 0, 147))))
("DEBUG:term/sterm", (("ws", (("", 1, 0, 145), ("", 1, 0, 147)))))
State 18:
Reducing production factor -> term
("DEBUG:termfactor", Tag2 ((("ws", (("", 1, 0, 145), ("", 1, 0, 147))))))
State 26:
Reducing production concatenation -> concatenation factor
("DEBUG:concat1", Tag2 (Tag2 (Tag2 (Tag2 ((("\",\"", (("", 1, 0, 141), ("", 1, 0, 144)))))))))
State 25:
Shifting (LID) to state 14
State 14:
("DEBUG2:rs", 58)
Lookahead token is now QID (157-158)
Reducing production term -> LID
("DEBUG:lid", ("string", (("", 1, 0, 148), ("", 1, 0, 154))))
("DEBUG:sterm/lid", ("string", (("", 1, 0, 148), ("", 1, 0, 154))))
("DEBUG:term/sterm", (("string", (("", 1, 0, 148), ("", 1, 0, 154)))))
State 18:
Reducing production factor -> term
("DEBUG:termfactor", Tag2 ((("string", (("", 1, 0, 148), ("", 1, 0, 154))))))
State 26:
Reducing production concatenation -> concatenation factor
("DEBUG:concat1", Tag2 (Tag2 (Tag2 (Tag2 (Tag2 ((("\",\"", (("", 1, 0, 141), ("", 1, 0, 144))))))))))
State 25:
Shifting (QID) to state 9
State 9:
Lookahead token is now LID (159-161)
Reducing production term -> QID
("DEBUG:quid", ("\":\"", (("", 1, 0, 155), ("", 1, 0, 158))))
("DEBUG:sterm/quid", ("\":\"", (("", 1, 0, 155), ("", 1, 0, 158))))
("DEBUG:term/sterm", (("\":\"", (("", 1, 0, 155), ("", 1, 0, 158)))))
State 18:
Reducing production factor -> term
("DEBUG:termfactor", Tag2 ((("\":\"", (("", 1, 0, 155), ("", 1, 0, 158))))))
State 26:
Reducing production concatenation -> concatenation factor
("DEBUG:concat1", Tag2 (Tag2 (Tag2 (Tag2 (Tag2 (Tag2 ((("\",\"", (("", 1, 0, 141), ("", 1, 0, 144)))))))))))
State 25:
Shifting (LID) to state 14
State 14:
Lookahead token is now LID (162-167)
Reducing production term -> LID
("DEBUG:lid", ("ws", (("", 1, 0, 159), ("", 1, 0, 161))))
("DEBUG:sterm/lid", ("ws", (("", 1, 0, 159), ("", 1, 0, 161))))
("DEBUG:term/sterm", (("ws", (("", 1, 0, 159), ("", 1, 0, 161)))))
State 18:
Reducing production factor -> term
("DEBUG:termfactor", Tag2 ((("ws", (("", 1, 0, 159), ("", 1, 0, 161))))))
State 26:
Reducing production concatenation -> concatenation factor
("DEBUG:concat1", Tag2 (Tag2 (Tag2 (Tag2 (Tag2 (Tag2 (Tag2 ((("\",\"", (("", 1, 0, 141), ("", 1, 0, 144))))))))))))
State 25:
Shifting (LID) to state 14
State 14:
Lookahead token is now RPAREN (168-169)
Reducing production term -> LID
("DEBUG:lid", ("value", (("", 1, 0, 162), ("", 1, 0, 167))))
("DEBUG:sterm/lid", ("value", (("", 1, 0, 162), ("", 1, 0, 167))))
("DEBUG:term/sterm", (("value", (("", 1, 0, 162), ("", 1, 0, 167)))))
State 18:
Reducing production factor -> term
("DEBUG:termfactor", Tag2 ((("value", (("", 1, 0, 162), ("", 1, 0, 167))))))
State 26:
Reducing production concatenation -> concatenation factor
("DEBUG:concat1", Tag2 (Tag2 (Tag2 (Tag2 (Tag2 (Tag2 (Tag2 (Tag2 ((("\",\"", (("", 1, 0, 141), ("", 1, 0, 144)))))))))))))
State 25:
Reducing production alternation -> concatenation
("DEBUG:alt", Tag2 (Tag2 (Tag2 (Tag2 (Tag2 (Tag2 (Tag2 (Tag2 (Tag2 ((("\",\"", (("", 1, 0, 141), ("", 1, 0, 144))))))))))))))
State 29:
Reducing production rhs -> alternation
("DEBUG:rhs", Tag2 (Tag2 (Tag2 (Tag2 (Tag2 (Tag2 (Tag2 (Tag2 (Tag2 (Tag2 ((("\",\"", (("", 1, 0, 141), ("", 1, 0, 144)))))))))))))))
State 22:
Shifting (RPAREN) to state 23
State 23:
Lookahead token is now STAR (169-170)
Reducing production term -> LPAREN list(NEWLINE) rhs RPAREN
("DEBUG:rhs", Tag2 (Tag2 (Tag2 (Tag2 (Tag2 (Tag2 (Tag2 (Tag2 (Tag2 (Tag2 (Tag2 ((("\",\"", (("", 1, 0, 141), ("", 1, 0, 144))))))))))))))))
("DEBUG:cterm/group", Tag2 (Tag2 (Tag2 (Tag2 (Tag2 (Tag2 (Tag2 (Tag2 (Tag2 (Tag2 (Tag2 (Tag2 ((("\",\"", (("", 1, 0, 141), ("", 1, 0, 144)))))))))))))))))
("DEBUG:term/cterms", Tag2 (Tag2 (Tag2 (Tag2 (Tag2 (Tag2 (Tag2 (Tag2 (Tag2 (Tag2 (Tag2 (Tag2 (Tag2 ((("\",\"", (("", 1, 0, 141), ("", 1, 0, 144))))))))))))))))))
State 18:
Shifting (STAR) to state 19
State 19:
Lookahead token is now RPAREN (172-173)
Reducing production factor -> term STAR
["DEBUG:star"]
("DEBUG:termfactor", Tag2 (Tag2 (Tag2 (Tag2 (Tag2 (Tag2 (Tag2 (Tag2 (Tag2 (Tag2 (Tag2 (Tag2 (Tag2 (Tag2 ((("\",\"", (("", 1, 0, 141), ("", 1, 0, 144)))))))))))))))))))
State 26:
Reducing production concatenation -> concatenation factor
("DEBUG:concat1", Tag2 (Tag2 (Tag2 (Tag2 (Tag2 (Tag2 (Tag2 ((("string", (("", 1, 0, 119), ("", 1, 0, 125))))))))))))
State 25:
Reducing production alternation -> concatenation
("DEBUG:alt", Tag2 (Tag2 (Tag2 (Tag2 (Tag2 (Tag2 (Tag2 (Tag2 ((("string", (("", 1, 0, 119), ("", 1, 0, 125)))))))))))))
State 29:
Reducing production rhs -> alternation
("DEBUG:rhs", Tag2 (Tag2 (Tag2 (Tag2 (Tag2 (Tag2 (Tag2 (Tag2 (Tag2 ((("string", (("", 1, 0, 119), ("", 1, 0, 125))))))))))))))
State 22:
Shifting (RPAREN) to state 23
State 23:
Lookahead token is now QUESTION (173-174)
Reducing production term -> LPAREN list(NEWLINE) rhs RPAREN
("DEBUG:rhs", Tag2 (Tag2 (Tag2 (Tag2 (Tag2 (Tag2 (Tag2 (Tag2 (Tag2 (Tag2 ((("string", (("", 1, 0, 119), ("", 1, 0, 125)))))))))))))))
("DEBUG:cterm/group", Tag2 (Tag2 (Tag2 (Tag2 (Tag2 (Tag2 (Tag2 (Tag2 (Tag2 (Tag2 (Tag2 ((("string", (("", 1, 0, 119), ("", 1, 0, 125))))))))))))))))
("DEBUG:term/cterms", Tag2 (Tag2 (Tag2 (Tag2 (Tag2 (Tag2 (Tag2 (Tag2 (Tag2 (Tag2 (Tag2 (Tag2 ((("string", (("", 1, 0, 119), ("", 1, 0, 125)))))))))))))))))
State 18:
Shifting (QUESTION) to state 20
State 20:
("DEBUG2:rs", 125)
Lookahead token is now QID (177-178)
Reducing production factor -> term QUESTION
["DEBUG:quest"]
("DEBUG:quest", 1)
("DEBUG:termfactor", Tag2 (Tag2 (Tag2 (Tag2 (Tag2 (Tag2 (Tag2 (Tag2 (Tag2 (Tag2 (Tag2 (Tag2 (Tag2 ((("string", (("", 1, 0, 119), ("", 1, 0, 125))))))))))))))))))
State 26:
Reducing production concatenation -> concatenation factor
("DEBUG:concat1", Tag2 (Tag2 (Tag2 (Tag2 (Tag2 ((("\"{\"", (("", 1, 0, 109), ("", 1, 0, 112))))))))))
State 25:
Shifting (QID) to state 9
State 9:
Lookahead token is now LID (179-181)
Reducing production term -> QID
("DEBUG:quid", ("\"}\"", (("", 1, 0, 175), ("", 1, 0, 178))))
("DEBUG:sterm/quid", ("\"}\"", (("", 1, 0, 175), ("", 1, 0, 178))))
("DEBUG:term/sterm", (("\"}\"", (("", 1, 0, 175), ("", 1, 0, 178)))))
State 18:
Reducing production factor -> term
("DEBUG:termfactor", Tag2 ((("\"}\"", (("", 1, 0, 175), ("", 1, 0, 178))))))
State 26:
Reducing production concatenation -> concatenation factor
("DEBUG:concat1", Tag2 (Tag2 (Tag2 (Tag2 (Tag2 (Tag2 ((("\"{\"", (("", 1, 0, 109), ("", 1, 0, 112)))))))))))
State 25:
Shifting (LID) to state 14
State 14:
Lookahead token is now NEWLINE (182-183)
Reducing production term -> LID
("DEBUG:lid", ("ws", (("", 1, 0, 179), ("", 1, 0, 181))))
("DEBUG:sterm/lid", ("ws", (("", 1, 0, 179), ("", 1, 0, 181))))
("DEBUG:term/sterm", (("ws", (("", 1, 0, 179), ("", 1, 0, 181)))))
State 18:
Reducing production factor -> term
("DEBUG:termfactor", Tag2 ((("ws", (("", 1, 0, 179), ("", 1, 0, 181))))))
State 26:
Reducing production concatenation -> concatenation factor
("DEBUG:concat1", Tag2 (Tag2 (Tag2 (Tag2 (Tag2 (Tag2 (Tag2 ((("\"{\"", (("", 1, 0, 109), ("", 1, 0, 112))))))))))))
State 25:
Reducing production alternation -> concatenation
("DEBUG:alt", Tag2 (Tag2 (Tag2 (Tag2 (Tag2 (Tag2 (Tag2 (Tag2 ((("\"{\"", (("", 1, 0, 109), ("", 1, 0, 112)))))))))))))
State 29:
Reducing production rhs -> alternation
("DEBUG:rhs", Tag2 (Tag2 (Tag2 (Tag2 (Tag2 (Tag2 (Tag2 (Tag2 (Tag2 ((("\"{\"", (("", 1, 0, 109), ("", 1, 0, 112))))))))))))))
State 33:
Reducing production rule -> LID COLONCOLONEQUAL rhs
("DEBUG:rule", ("object", (("", 1, 0, 96), ("", 1, 0, 102))), Tag2 (Tag2 (Tag2 (Tag2 (Tag2 (Tag2 (Tag2 (Tag2 (Tag2 (Tag2 ((("\"{\"", (("", 1, 0, 109), ("", 1, 0, 112)))))))))))))))
State 38:
Reducing production rules -> rules nonempty_list(NEWLINE) rule
("DEBUG:OLDRULE1", ("object", [(("", 1, 0, 96), ("", 1, 0, 102))], 0))
State 34:
Shifting (NEWLINE) to state 35
State 35:
Lookahead token is now NEWLINE (183-184)
Shifting (NEWLINE) to state 35
State 35:
Lookahead token is now LID (184-189)
Reducing production nonempty_list(NEWLINE) -> NEWLINE
State 2:
Reducing production nonempty_list(NEWLINE) -> NEWLINE nonempty_list(NEWLINE)
State 37:
Shifting (LID) to state 3
State 3:
(1, 194, "::=")
Lookahead token is now COLONCOLONEQUAL (191-194)
Shifting (COLONCOLONEQUAL) to state 4
State 4:
("DEBUG2:rs", 91)
Lookahead token is now QID (199-200)
Shifting (QID) to state 9
State 9:
Lookahead token is now LID (201-203)
Reducing production term -> QID
("DEBUG:quid", ("\"[\"", (("", 1, 0, 197), ("", 1, 0, 200))))
("DEBUG:sterm/quid", ("\"[\"", (("", 1, 0, 197), ("", 1, 0, 200))))
("DEBUG:term/sterm", (("\"[\"", (("", 1, 0, 197), ("", 1, 0, 200)))))
State 18:
Reducing production factor -> term
("DEBUG:termfactor", Tag2 ((("\"[\"", (("", 1, 0, 197), ("", 1, 0, 200))))))
State 24:
Reducing production concatenation -> factor
("DEBUG:concat2", Tag2 (Tag2 (Tag2 ((("\"[\"", (("", 1, 0, 197), ("", 1, 0, 200))))))))
State 25:
Shifting (LID) to state 14
State 14:
"("
Lookahead token is now LPAREN (204-205)
Reducing production term -> LID
("DEBUG:lid", ("ws", (("", 1, 0, 201), ("", 1, 0, 203))))
("DEBUG:sterm/lid", ("ws", (("", 1, 0, 201), ("", 1, 0, 203))))
("DEBUG:term/sterm", (("ws", (("", 1, 0, 201), ("", 1, 0, 203)))))
State 18:
Reducing production factor -> term
("DEBUG:termfactor", Tag2 ((("ws", (("", 1, 0, 201), ("", 1, 0, 203))))))
State 26:
Reducing production concatenation -> concatenation factor
("DEBUG:concat1", Tag2 (Tag2 (Tag2 (Tag2 ((("\"[\"", (("", 1, 0, 197), ("", 1, 0, 200)))))))))
State 25:
Shifting (LPAREN) to state 10
State 10:
Lookahead token is now LID (218-223)
Reducing production list(NEWLINE) ->
State 13:
Shifting (LID) to state 14
State 14:
"("
Lookahead token is now LPAREN (227-228)
Reducing production term -> LID
("DEBUG:lid", ("value", (("", 1, 0, 218), ("", 1, 0, 223))))
("DEBUG:sterm/lid", ("value", (("", 1, 0, 218), ("", 1, 0, 223))))
("DEBUG:term/sterm", (("value", (("", 1, 0, 218), ("", 1, 0, 223)))))
State 18:
Reducing production factor -> term
("DEBUG:termfactor", Tag2 ((("value", (("", 1, 0, 218), ("", 1, 0, 223))))))
State 24:
Reducing production concatenation -> factor
("DEBUG:concat2", Tag2 (Tag2 (Tag2 ((("value", (("", 1, 0, 218), ("", 1, 0, 223))))))))
State 25:
Shifting (LPAREN) to state 10
State 10:
("DEBUG2:rs", 44)
Lookahead token is now QID (230-231)
Reducing production list(NEWLINE) ->
State 13:
Shifting (QID) to state 9
State 9:
Lookahead token is now LID (232-234)
Reducing production term -> QID
("DEBUG:quid", ("\",\"", (("", 1, 0, 228), ("", 1, 0, 231))))
("DEBUG:sterm/quid", ("\",\"", (("", 1, 0, 228), ("", 1, 0, 231))))
("DEBUG:term/sterm", (("\",\"", (("", 1, 0, 228), ("", 1, 0, 231)))))
State 18:
Reducing production factor -> term
("DEBUG:termfactor", Tag2 ((("\",\"", (("", 1, 0, 228), ("", 1, 0, 231))))))
State 24:
Reducing production concatenation -> factor
("DEBUG:concat2", Tag2 (Tag2 (Tag2 ((("\",\"", (("", 1, 0, 228), ("", 1, 0, 231))))))))
State 25:
Shifting (LID) to state 14
State 14:
Lookahead token is now LID (235-240)
Reducing production term -> LID
("DEBUG:lid", ("ws", (("", 1, 0, 232), ("", 1, 0, 234))))
("DEBUG:sterm/lid", ("ws", (("", 1, 0, 232), ("", 1, 0, 234))))
("DEBUG:term/sterm", (("ws", (("", 1, 0, 232), ("", 1, 0, 234)))))
State 18:
Reducing production factor -> term
("DEBUG:termfactor", Tag2 ((("ws", (("", 1, 0, 232), ("", 1, 0, 234))))))
State 26:
Reducing production concatenation -> concatenation factor
("DEBUG:concat1", Tag2 (Tag2 (Tag2 (Tag2 ((("\",\"", (("", 1, 0, 228), ("", 1, 0, 231)))))))))
State 25:
Shifting (LID) to state 14
State 14:
Lookahead token is now RPAREN (240-241)
Reducing production term -> LID
("DEBUG:lid", ("value", (("", 1, 0, 235), ("", 1, 0, 240))))
("DEBUG:sterm/lid", ("value", (("", 1, 0, 235), ("", 1, 0, 240))))
("DEBUG:term/sterm", (("value", (("", 1, 0, 235), ("", 1, 0, 240)))))
State 18:
Reducing production factor -> term
("DEBUG:termfactor", Tag2 ((("value", (("", 1, 0, 235), ("", 1, 0, 240))))))
State 26:
Reducing production concatenation -> concatenation factor
("DEBUG:concat1", Tag2 (Tag2 (Tag2 (Tag2 (Tag2 ((("\",\"", (("", 1, 0, 228), ("", 1, 0, 231))))))))))
State 25:
Reducing production alternation -> concatenation
("DEBUG:alt", Tag2 (Tag2 (Tag2 (Tag2 (Tag2 (Tag2 ((("\",\"", (("", 1, 0, 228), ("", 1, 0, 231)))))))))))
State 29:
Reducing production rhs -> alternation
("DEBUG:rhs", Tag2 (Tag2 (Tag2 (Tag2 (Tag2 (Tag2 (Tag2 ((("\",\"", (("", 1, 0, 228), ("", 1, 0, 231))))))))))))
State 22:
Shifting (RPAREN) to state 23
State 23:
Lookahead token is now STAR (241-242)
Reducing production term -> LPAREN list(NEWLINE) rhs RPAREN
("DEBUG:rhs", Tag2 (Tag2 (Tag2 (Tag2 (Tag2 (Tag2 (Tag2 (Tag2 ((("\",\"", (("", 1, 0, 228), ("", 1, 0, 231)))))))))))))
("DEBUG:cterm/group", Tag2 (Tag2 (Tag2 (Tag2 (Tag2 (Tag2 (Tag2 (Tag2 (Tag2 ((("\",\"", (("", 1, 0, 228), ("", 1, 0, 231))))))))))))))
("DEBUG:term/cterms", Tag2 (Tag2 (Tag2 (Tag2 (Tag2 (Tag2 (Tag2 (Tag2 (Tag2 (Tag2 ((("\",\"", (("", 1, 0, 228), ("", 1, 0, 231)))))))))))))))
State 18:
Shifting (STAR) to state 19
State 19:
Lookahead token is now RPAREN (244-245)
Reducing production factor -> term STAR
["DEBUG:star"]
("DEBUG:termfactor", Tag2 (Tag2 (Tag2 (Tag2 (Tag2 (Tag2 (Tag2 (Tag2 (Tag2 (Tag2 (Tag2 ((("\",\"", (("", 1, 0, 228), ("", 1, 0, 231))))))))))))))))
State 26:
Reducing production concatenation -> concatenation factor
("DEBUG:concat1", Tag2 (Tag2 (Tag2 (Tag2 ((("value", (("", 1, 0, 218), ("", 1, 0, 223)))))))))
State 25:
Reducing production alternation -> concatenation
("DEBUG:alt", Tag2 (Tag2 (Tag2 (Tag2 (Tag2 ((("value", (("", 1, 0, 218), ("", 1, 0, 223))))))))))
State 29:
Reducing production rhs -> alternation
("DEBUG:rhs", Tag2 (Tag2 (Tag2 (Tag2 (Tag2 (Tag2 ((("value", (("", 1, 0, 218), ("", 1, 0, 223)))))))))))
State 22:
Shifting (RPAREN) to state 23
State 23:
Lookahead token is now QUESTION (245-246)
Reducing production term -> LPAREN list(NEWLINE) rhs RPAREN
("DEBUG:rhs", Tag2 (Tag2 (Tag2 (Tag2 (Tag2 (Tag2 (Tag2 ((("value", (("", 1, 0, 218), ("", 1, 0, 223))))))))))))
("DEBUG:cterm/group", Tag2 (Tag2 (Tag2 (Tag2 (Tag2 (Tag2 (Tag2 (Tag2 ((("value", (("", 1, 0, 218), ("", 1, 0, 223)))))))))))))
("DEBUG:term/cterms", Tag2 (Tag2 (Tag2 (Tag2 (Tag2 (Tag2 (Tag2 (Tag2 (Tag2 ((("value", (("", 1, 0, 218), ("", 1, 0, 223))))))))))))))
State 18:
Shifting (QUESTION) to state 20
State 20:
("DEBUG2:rs", 93)
Lookahead token is now QID (249-250)
Reducing production factor -> term QUESTION
["DEBUG:quest"]
("DEBUG:quest", 1)
("DEBUG:termfactor", Tag2 (Tag2 (Tag2 (Tag2 (Tag2 (Tag2 (Tag2 (Tag2 (Tag2 (Tag2 ((("value", (("", 1, 0, 218), ("", 1, 0, 223)))))))))))))))
State 26:
Reducing production concatenation -> concatenation factor
("DEBUG:concat1", Tag2 (Tag2 (Tag2 (Tag2 (Tag2 ((("\"[\"", (("", 1, 0, 197), ("", 1, 0, 200))))))))))
State 25:
Shifting (QID) to state 9
State 9:
Lookahead token is now LID (251-253)
Reducing production term -> QID
("DEBUG:quid", ("\"]\"", (("", 1, 0, 247), ("", 1, 0, 250))))
("DEBUG:sterm/quid", ("\"]\"", (("", 1, 0, 247), ("", 1, 0, 250))))
("DEBUG:term/sterm", (("\"]\"", (("", 1, 0, 247), ("", 1, 0, 250)))))
State 18:
Reducing production factor -> term
("DEBUG:termfactor", Tag2 ((("\"]\"", (("", 1, 0, 247), ("", 1, 0, 250))))))
State 26:
Reducing production concatenation -> concatenation factor
("DEBUG:concat1", Tag2 (Tag2 (Tag2 (Tag2 (Tag2 (Tag2 ((("\"[\"", (("", 1, 0, 197), ("", 1, 0, 200)))))))))))
State 25:
Shifting (LID) to state 14
State 14:
Lookahead token is now NEWLINE (253-254)
Reducing production term -> LID
("DEBUG:lid", ("ws", (("", 1, 0, 251), ("", 1, 0, 253))))
("DEBUG:sterm/lid", ("ws", (("", 1, 0, 251), ("", 1, 0, 253))))
("DEBUG:term/sterm", (("ws", (("", 1, 0, 251), ("", 1, 0, 253)))))
State 18:
Reducing production factor -> term
("DEBUG:termfactor", Tag2 ((("ws", (("", 1, 0, 251), ("", 1, 0, 253))))))
State 26:
Reducing production concatenation -> concatenation factor
("DEBUG:concat1", Tag2 (Tag2 (Tag2 (Tag2 (Tag2 (Tag2 (Tag2 ((("\"[\"", (("", 1, 0, 197), ("", 1, 0, 200))))))))))))
State 25:
Reducing production alternation -> concatenation
("DEBUG:alt", Tag2 (Tag2 (Tag2 (Tag2 (Tag2 (Tag2 (Tag2 (Tag2 ((("\"[\"", (("", 1, 0, 197), ("", 1, 0, 200)))))))))))))
State 29:
Reducing production rhs -> alternation
("DEBUG:rhs", Tag2 (Tag2 (Tag2 (Tag2 (Tag2 (Tag2 (Tag2 (Tag2 (Tag2 ((("\"[\"", (("", 1, 0, 197), ("", 1, 0, 200))))))))))))))
State 33:
Reducing production rule -> LID COLONCOLONEQUAL rhs
("DEBUG:rule", ("array", (("", 1, 0, 184), ("", 1, 0, 189))), Tag2 (Tag2 (Tag2 (Tag2 (Tag2 (Tag2 (Tag2 (Tag2 (Tag2 (Tag2 ((("\"[\"", (("", 1, 0, 197), ("", 1, 0, 200)))))))))))))))
State 38:
Reducing production rules -> rules nonempty_list(NEWLINE) rule
("DEBUG:OLDRULE1", ("array", [(("", 1, 0, 184), ("", 1, 0, 189))], 0))
State 34:
Shifting (NEWLINE) to state 35
State 35:
Lookahead token is now NEWLINE (254-255)
Shifting (NEWLINE) to state 35
State 35:
Lookahead token is now LID (255-261)
Reducing production nonempty_list(NEWLINE) -> NEWLINE
State 2:
Reducing production nonempty_list(NEWLINE) -> NEWLINE nonempty_list(NEWLINE)
State 37:
Shifting (LID) to state 3
State 3:
(1, 265, "::=")
Lookahead token is now COLONCOLONEQUAL (262-265)
Shifting (COLONCOLONEQUAL) to state 4
State 4:
("DEBUG:rs", "\\\"")
Lookahead token is now QID (270-271)
Shifting (QID) to state 9
State 9:
"("
Lookahead token is now LPAREN (272-273)
Reducing production term -> QID
("DEBUG:quid", ("\"\\\"\"", (("", 1, 0, 267), ("", 1, 0, 271))))
("DEBUG:sterm/quid", ("\"\\\"\"", (("", 1, 0, 267), ("", 1, 0, 271))))
("DEBUG:term/sterm", (("\"\\\"\"", (("", 1, 0, 267), ("", 1, 0, 271)))))
State 18:
Reducing production factor -> term
("DEBUG:termfactor", Tag2 ((("\"\\\"\"", (("", 1, 0, 267), ("", 1, 0, 271))))))
State 24:
Reducing production concatenation -> factor
("DEBUG:concat2", Tag2 (Tag2 (Tag2 ((("\"\\\"\"", (("", 1, 0, 267), ("", 1, 0, 271))))))))
State 25:
Shifting (LPAREN) to state 10
State 10:
"["
"^"
"\""
"\\"
"\\]"
" "
"|"
" "
" "
" "
" "
"\""
"\\"
"\\"
"\""
" "
"("
"["
"\""
"\\"
"\\"
"/"
"b"
"f"
"n"
"r"
"t"
"]"
Lookahead token is now REGEX (305-306)
Reducing production list(NEWLINE) ->
State 13:
Shifting (REGEX) to state 8
State 8:
Lookahead token is now BAR (307-308)
Reducing production term -> REGEX
("DEBUG:class", ("\"TODO\"", (("", 1, 0, 277), ("", 1, 0, 306))))
("DEBUG:cterm/class", (("\"TODO\"", (("", 1, 0, 277), ("", 1, 0, 306)))))
("DEBUG:term/cterms", Tag2 ((("\"TODO\"", (("", 1, 0, 277), ("", 1, 0, 306))))))
State 18:
Reducing production factor -> term
("DEBUG:termfactor", Tag2 (Tag2 ((("\"TODO\"", (("", 1, 0, 277), ("", 1, 0, 306)))))))
State 24:
Reducing production concatenation -> factor
("DEBUG:concat2", Tag2 (Tag2 (Tag2 (Tag2 ((("\"TODO\"", (("", 1, 0, 277), ("", 1, 0, 306)))))))))
State 25:
Reducing production alternation -> concatenation
("DEBUG:alt", Tag2 (Tag2 (Tag2 (Tag2 (Tag2 ((("\"TODO\"", (("", 1, 0, 277), ("", 1, 0, 306))))))))))
State 29:
Shifting (BAR) to state 30
State 30:
("DEBUG2:rs", 117)
Lookahead token is now QID (311-312)
Reducing production list(NEWLINE) ->
State 31:
Shifting (QID) to state 9
State 9:
"["
"0"
"-"
"9"
"a"
"-"
"f"
"A"
"-"
"F"
"]"
Lookahead token is now REGEX (323-324)
Reducing production term -> QID
("DEBUG:quid", ("\"u\"", (("", 1, 0, 309), ("", 1, 0, 312))))
("DEBUG:sterm/quid", ("\"u\"", (("", 1, 0, 309), ("", 1, 0, 312))))
("DEBUG:term/sterm", (("\"u\"", (("", 1, 0, 309), ("", 1, 0, 312)))))
State 18:
Reducing production factor -> term
("DEBUG:termfactor", Tag2 ((("\"u\"", (("", 1, 0, 309), ("", 1, 0, 312))))))
State 24:
Reducing production concatenation -> factor
("DEBUG:concat2", Tag2 (Tag2 (Tag2 ((("\"u\"", (("", 1, 0, 309), ("", 1, 0, 312))))))))
State 32:
Shifting (REGEX) to state 8
State 8:
"["
"0"
"-"
"9"
"a"
"-"
"f"
"A"
"-"
"F"
"]"
Lookahead token is now REGEX (335-336)
Reducing production term -> REGEX
("DEBUG:class", ("\"TODO\"", (("", 1, 0, 313), ("", 1, 0, 324))))
("DEBUG:cterm/class", (("\"TODO\"", (("", 1, 0, 313), ("", 1, 0, 324)))))
("DEBUG:term/cterms", Tag2 ((("\"TODO\"", (("", 1, 0, 313), ("", 1, 0, 324))))))
State 18:
Reducing production factor -> term
("DEBUG:termfactor", Tag2 (Tag2 ((("\"TODO\"", (("", 1, 0, 313), ("", 1, 0, 324)))))))
State 26:
Reducing production concatenation -> concatenation factor
("DEBUG:concat1", Tag2 (Tag2 (Tag2 (Tag2 ((("\"u\"", (("", 1, 0, 309), ("", 1, 0, 312)))))))))
State 32:
Shifting (REGEX) to state 8
State 8:
"["
"0"
"-"
"9"
"a"
"-"
"f"
"A"
"-"
"F"
"]"
Lookahead token is now REGEX (347-348)
Reducing production term -> REGEX
("DEBUG:class", ("\"TODO\"", (("", 1, 0, 325), ("", 1, 0, 336))))
("DEBUG:cterm/class", (("\"TODO\"", (("", 1, 0, 325), ("", 1, 0, 336)))))
("DEBUG:term/cterms", Tag2 ((("\"TODO\"", (("", 1, 0, 325), ("", 1, 0, 336))))))
State 18:
Reducing production factor -> term
("DEBUG:termfactor", Tag2 (Tag2 ((("\"TODO\"", (("", 1, 0, 325), ("", 1, 0, 336)))))))
State 26:
Reducing production concatenation -> concatenation factor
("DEBUG:concat1", Tag2 (Tag2 (Tag2 (Tag2 (Tag2 ((("\"u\"", (("", 1, 0, 309), ("", 1, 0, 312))))))))))
State 32:
Shifting (REGEX) to state 8
State 8:
"["
"0"
"-"
"9"
"a"
"-"
"f"
"A"
"-"
"F"
"]"
Lookahead token is now REGEX (359-360)
Reducing production term -> REGEX
("DEBUG:class", ("\"TODO\"", (("", 1, 0, 337), ("", 1, 0, 348))))
("DEBUG:cterm/class", (("\"TODO\"", (("", 1, 0, 337), ("", 1, 0, 348)))))
("DEBUG:term/cterms", Tag2 ((("\"TODO\"", (("", 1, 0, 337), ("", 1, 0, 348))))))
State 18:
Reducing production factor -> term
("DEBUG:termfactor", Tag2 (Tag2 ((("\"TODO\"", (("", 1, 0, 337), ("", 1, 0, 348)))))))
State 26:
Reducing production concatenation -> concatenation factor
("DEBUG:concat1", Tag2 (Tag2 (Tag2 (Tag2 (Tag2 (Tag2 ((("\"u\"", (("", 1, 0, 309), ("", 1, 0, 312)))))))))))
State 32:
Shifting (REGEX) to state 8
State 8:
Lookahead token is now RPAREN (360-361)
Reducing production term -> REGEX
("DEBUG:class", ("\"TODO\"", (("", 1, 0, 349), ("", 1, 0, 360))))
("DEBUG:cterm/class", (("\"TODO\"", (("", 1, 0, 349), ("", 1, 0, 360)))))
("DEBUG:term/cterms", Tag2 ((("\"TODO\"", (("", 1, 0, 349), ("", 1, 0, 360))))))
State 18:
Reducing production factor -> term
("DEBUG:termfactor", Tag2 (Tag2 ((("\"TODO\"", (("", 1, 0, 349), ("", 1, 0, 360)))))))
State 26:
Reducing production concatenation -> concatenation factor
("DEBUG:concat1", Tag2 (Tag2 (Tag2 (Tag2 (Tag2 (Tag2 (Tag2 ((("\"u\"", (("", 1, 0, 309), ("", 1, 0, 312))))))))))))
State 32:
Reducing production alternation -> alternation BAR list(NEWLINE) concatenation
State 29:
Reducing production rhs -> alternation
("DEBUG:rhs", Tag2 (Tag2 (Tag2 (Tag2 (Tag2 (Tag2 (Tag2 ((("\"TODO\"", (("", 1, 0, 277), ("", 1, 0, 306))))))))))))
State 22:
Shifting (RPAREN) to state 23
State 23:
Lookahead token is now NEWLINE (362-384)
Reducing production term -> LPAREN list(NEWLINE) rhs RPAREN
("DEBUG:rhs", Tag2 (Tag2 (Tag2 (Tag2 (Tag2 (Tag2 (Tag2 (Tag2 ((("\"TODO\"", (("", 1, 0, 277), ("", 1, 0, 306)))))))))))))
("DEBUG:cterm/group", Tag2 (Tag2 (Tag2 (Tag2 (Tag2 (Tag2 (Tag2 (Tag2 (Tag2 ((("\"TODO\"", (("", 1, 0, 277), ("", 1, 0, 306))))))))))))))
("DEBUG:term/cterms", Tag2 (Tag2 (Tag2 (Tag2 (Tag2 (Tag2 (Tag2 (Tag2 (Tag2 (Tag2 ((("\"TODO\"", (("", 1, 0, 277), ("", 1, 0, 306)))))))))))))))
State 18:
Reducing production factor -> term
("DEBUG:termfactor", Tag2 (Tag2 (Tag2 (Tag2 (Tag2 (Tag2 (Tag2 (Tag2 (Tag2 (Tag2 (Tag2 ((("\"TODO\"", (("", 1, 0, 277), ("", 1, 0, 306))))))))))))))))
State 26:
Reducing production concatenation -> concatenation factor
("DEBUG:concat1", Tag2 (Tag2 (Tag2 (Tag2 ((("\"\\\"\"", (("", 1, 0, 267), ("", 1, 0, 271)))))))))
State 25:
Reducing production alternation -> concatenation
("DEBUG:alt", Tag2 (Tag2 (Tag2 (Tag2 (Tag2 ((("\"\\\"\"", (("", 1, 0, 267), ("", 1, 0, 271))))))))))
State 29:
Reducing production rhs -> alternation
("DEBUG:rhs", Tag2 (Tag2 (Tag2 (Tag2 (Tag2 (Tag2 ((("\"\\\"\"", (("", 1, 0, 267), ("", 1, 0, 271)))))))))))
State 33:
Reducing production rule -> LID COLONCOLONEQUAL rhs
("DEBUG:rule", ("string", (("", 1, 0, 255), ("", 1, 0, 261))), Tag2 (Tag2 (Tag2 (Tag2 (Tag2 (Tag2 (Tag2 ((("\"\\\"\"", (("", 1, 0, 267), ("", 1, 0, 271))))))))))))
State 38:
Reducing production rules -> rules nonempty_list(NEWLINE) rule
("DEBUG:OLDRULE1", ("string", [(("", 1, 0, 255), ("", 1, 0, 261))], 0))
State 34:
Shifting (NEWLINE) to state 35
State 35:
Lookahead token is now NEWLINE (384-385)
Shifting (NEWLINE) to state 35
State 35:
Lookahead token is now LID (385-391)
Reducing production nonempty_list(NEWLINE) -> NEWLINE
State 2:
Reducing production nonempty_list(NEWLINE) -> NEWLINE nonempty_list(NEWLINE)
State 37:
Shifting (LID) to state 3
State 3:
(1, 395, "::=")
Lookahead token is now COLONCOLONEQUAL (392-395)
Shifting (COLONCOLONEQUAL) to state 4
State 4:
"("
Lookahead token is now LPAREN (396-397)
Shifting (LPAREN) to state 10
State 10:
("DEBUG2:rs", 45)
Lookahead token is now QID (399-400)
Reducing production list(NEWLINE) ->
State 13:
Shifting (QID) to state 9
State 9:
Lookahead token is now QUESTION (400-401)
Reducing production term -> QID
("DEBUG:quid", ("\"-\"", (("", 1, 0, 397), ("", 1, 0, 400))))
("DEBUG:sterm/quid", ("\"-\"", (("", 1, 0, 397), ("", 1, 0, 400))))
("DEBUG:term/sterm", (("\"-\"", (("", 1, 0, 397), ("", 1, 0, 400)))))
State 18:
Shifting (QUESTION) to state 20
State 20:
"("
Lookahead token is now LPAREN (402-403)
Reducing production factor -> term QUESTION
["DEBUG:quest"]
("DEBUG:quest", 1)
("DEBUG:termfactor", Tag2 ((("\"-\"", (("", 1, 0, 397), ("", 1, 0, 400))))))
State 24:
Reducing production concatenation -> factor
("DEBUG:concat2", Tag2 (Tag2 (Tag2 ((("\"-\"", (("", 1, 0, 397), ("", 1, 0, 400))))))))
State 25:
Shifting (LPAREN) to state 10
State 10:
"["
"0"
"-"
"9"
"]"
Lookahead token is now REGEX (407-408)
Reducing production list(NEWLINE) ->
State 13:
Shifting (REGEX) to state 8
State 8:
Lookahead token is now BAR (409-410)
Reducing production term -> REGEX
("DEBUG:class", ("\"TODO\"", (("", 1, 0, 403), ("", 1, 0, 408))))
("DEBUG:cterm/class", (("\"TODO\"", (("", 1, 0, 403), ("", 1, 0, 408)))))
("DEBUG:term/cterms", Tag2 ((("\"TODO\"", (("", 1, 0, 403), ("", 1, 0, 408))))))
State 18:
Reducing production factor -> term
("DEBUG:termfactor", Tag2 (Tag2 ((("\"TODO\"", (("", 1, 0, 403), ("", 1, 0, 408)))))))
State 24:
Reducing production concatenation -> factor
("DEBUG:concat2", Tag2 (Tag2 (Tag2 (Tag2 ((("\"TODO\"", (("", 1, 0, 403), ("", 1, 0, 408)))))))))
State 25:
Reducing production alternation -> concatenation
("DEBUG:alt", Tag2 (Tag2 (Tag2 (Tag2 (Tag2 ((("\"TODO\"", (("", 1, 0, 403), ("", 1, 0, 408))))))))))
State 29:
Shifting (BAR) to state 30
State 30:
"["
"1"
"-"
"9"
"]"
Lookahead token is now REGEX (415-416)
Reducing production list(NEWLINE) ->
State 31:
Shifting (REGEX) to state 8
State 8:
"["
"0"
"-"
"9"
"]"
Lookahead token is now REGEX (421-422)
Reducing production term -> REGEX
("DEBUG:class", ("\"TODO\"", (("", 1, 0, 411), ("", 1, 0, 416))))
("DEBUG:cterm/class", (("\"TODO\"", (("", 1, 0, 411), ("", 1, 0, 416)))))
("DEBUG:term/cterms", Tag2 ((("\"TODO\"", (("", 1, 0, 411), ("", 1, 0, 416))))))
State 18:
Reducing production factor -> term
("DEBUG:termfactor", Tag2 (Tag2 ((("\"TODO\"", (("", 1, 0, 411), ("", 1, 0, 416)))))))
State 24:
Reducing production concatenation -> factor
("DEBUG:concat2", Tag2 (Tag2 (Tag2 (Tag2 ((("\"TODO\"", (("", 1, 0, 411), ("", 1, 0, 416)))))))))
State 32:
Shifting (REGEX) to state 8
State 8:
Lookahead token is now STAR (422-423)
Reducing production term -> REGEX
("DEBUG:class", ("\"TODO\"", (("", 1, 0, 417), ("", 1, 0, 422))))
("DEBUG:cterm/class", (("\"TODO\"", (("", 1, 0, 417), ("", 1, 0, 422)))))
("DEBUG:term/cterms", Tag2 ((("\"TODO\"", (("", 1, 0, 417), ("", 1, 0, 422))))))
State 18:
Shifting (STAR) to state 19
State 19:
Lookahead token is now RPAREN (423-424)
Reducing production factor -> term STAR
["DEBUG:star"]
("DEBUG:termfactor", Tag2 (Tag2 ((("\"TODO\"", (("", 1, 0, 417), ("", 1, 0, 422)))))))
State 26:
Reducing production concatenation -> concatenation factor
("DEBUG:concat1", Tag2 (Tag2 (Tag2 (Tag2 (Tag2 ((("\"TODO\"", (("", 1, 0, 411), ("", 1, 0, 416))))))))))
State 32:
Reducing production alternation -> alternation BAR list(NEWLINE) concatenation
State 29:
Reducing production rhs -> alternation
("DEBUG:rhs", Tag2 (Tag2 (Tag2 (Tag2 (Tag2 (Tag2 (Tag2 ((("\"TODO\"", (("", 1, 0, 403), ("", 1, 0, 408))))))))))))
State 22:
Shifting (RPAREN) to state 23
State 23:
Lookahead token is now RPAREN (424-425)
Reducing production term -> LPAREN list(NEWLINE) rhs RPAREN
("DEBUG:rhs", Tag2 (Tag2 (Tag2 (Tag2 (Tag2 (Tag2 (Tag2 (Tag2 ((("\"TODO\"", (("", 1, 0, 403), ("", 1, 0, 408)))))))))))))
("DEBUG:cterm/group", Tag2 (Tag2 (Tag2 (Tag2 (Tag2 (Tag2 (Tag2 (Tag2 (Tag2 ((("\"TODO\"", (("", 1, 0, 403), ("", 1, 0, 408))))))))))))))
("DEBUG:term/cterms", Tag2 (Tag2 (Tag2 (Tag2 (Tag2 (Tag2 (Tag2 (Tag2 (Tag2 (Tag2 ((("\"TODO\"", (("", 1, 0, 403), ("", 1, 0, 408)))))))))))))))
State 18:
Reducing production factor -> term
("DEBUG:termfactor", Tag2 (Tag2 (Tag2 (Tag2 (Tag2 (Tag2 (Tag2 (Tag2 (Tag2 (Tag2 (Tag2 ((("\"TODO\"", (("", 1, 0, 403), ("", 1, 0, 408))))))))))))))))
State 26:
Reducing production concatenation -> concatenation factor
("DEBUG:concat1", Tag2 (Tag2 (Tag2 (Tag2 ((("\"-\"", (("", 1, 0, 397), ("", 1, 0, 400)))))))))
State 25:
Reducing production alternation -> concatenation
("DEBUG:alt", Tag2 (Tag2 (Tag2 (Tag2 (Tag2 ((("\"-\"", (("", 1, 0, 397), ("", 1, 0, 400))))))))))
State 29:
Reducing production rhs -> alternation
("DEBUG:rhs", Tag2 (Tag2 (Tag2 (Tag2 (Tag2 (Tag2 ((("\"-\"", (("", 1, 0, 397), ("", 1, 0, 400)))))))))))
State 22:
Shifting (RPAREN) to state 23
State 23:
"("
Lookahead token is now LPAREN (426-427)
Reducing production term -> LPAREN list(NEWLINE) rhs RPAREN
("DEBUG:rhs", Tag2 (Tag2 (Tag2 (Tag2 (Tag2 (Tag2 (Tag2 ((("\"-\"", (("", 1, 0, 397), ("", 1, 0, 400))))))))))))
("DEBUG:cterm/group", Tag2 (Tag2 (Tag2 (Tag2 (Tag2 (Tag2 (Tag2 (Tag2 ((("\"-\"", (("", 1, 0, 397), ("", 1, 0, 400)))))))))))))
("DEBUG:term/cterms", Tag2 (Tag2 (Tag2 (Tag2 (Tag2 (Tag2 (Tag2 (Tag2 (Tag2 ((("\"-\"", (("", 1, 0, 397), ("", 1, 0, 400))))))))))))))
State 18:
Reducing production factor -> term
("DEBUG:termfactor", Tag2 (Tag2 (Tag2 (Tag2 (Tag2 (Tag2 (Tag2 (Tag2 (Tag2 (Tag2 ((("\"-\"", (("", 1, 0, 397), ("", 1, 0, 400)))))))))))))))
State 24:
Reducing production concatenation -> factor
("DEBUG:concat2", Tag2 (Tag2 (Tag2 (Tag2 (Tag2 (Tag2 (Tag2 (Tag2 (Tag2 (Tag2 (Tag2 (Tag2 ((("\"-\"", (("", 1, 0, 397), ("", 1, 0, 400)))))))))))))))))
State 25:
Shifting (LPAREN) to state 10
State 10:
("DEBUG2:rs", 46)
Lookahead token is now QID (429-430)
Reducing production list(NEWLINE) ->
State 13:
Shifting (QID) to state 9
State 9:
"["
"0"
"-"
"9"
"]"
Lookahead token is now REGEX (435-436)
Reducing production term -> QID
("DEBUG:quid", ("\".\"", (("", 1, 0, 427), ("", 1, 0, 430))))
("DEBUG:sterm/quid", ("\".\"", (("", 1, 0, 427), ("", 1, 0, 430))))
("DEBUG:term/sterm", (("\".\"", (("", 1, 0, 427), ("", 1, 0, 430)))))
State 18:
Reducing production factor -> term
("DEBUG:termfactor", Tag2 ((("\".\"", (("", 1, 0, 427), ("", 1, 0, 430))))))
State 24:
Reducing production concatenation -> factor
("DEBUG:concat2", Tag2 (Tag2 (Tag2 ((("\".\"", (("", 1, 0, 427), ("", 1, 0, 430))))))))
State 25:
Shifting (REGEX) to state 8
State 8:
Lookahead token is now PLUS (436-437)
Reducing production term -> REGEX
("DEBUG:class", ("\"TODO\"", (("", 1, 0, 431), ("", 1, 0, 436))))
("DEBUG:cterm/class", (("\"TODO\"", (("", 1, 0, 431), ("", 1, 0, 436)))))
("DEBUG:term/cterms", Tag2 ((("\"TODO\"", (("", 1, 0, 431), ("", 1, 0, 436))))))
State 18:
Shifting (PLUS) to state 21
State 21:
Lookahead token is now RPAREN (437-438)
Reducing production factor -> term PLUS
["DEBUG:plus"]
("DEBUG:mod", 2)
("DEBUG:termfactor", Tag2 (Tag2 ((("\"TODO\"", (("", 1, 0, 431), ("", 1, 0, 436)))))))
State 26:
Reducing production concatenation -> concatenation factor
("DEBUG:concat1", Tag2 (Tag2 (Tag2 (Tag2 ((("\".\"", (("", 1, 0, 427), ("", 1, 0, 430)))))))))
State 25:
Reducing production alternation -> concatenation
("DEBUG:alt", Tag2 (Tag2 (Tag2 (Tag2 (Tag2 ((("\".\"", (("", 1, 0, 427), ("", 1, 0, 430))))))))))
State 29:
Reducing production rhs -> alternation
("DEBUG:rhs", Tag2 (Tag2 (Tag2 (Tag2 (Tag2 (Tag2 ((("\".\"", (("", 1, 0, 427), ("", 1, 0, 430)))))))))))
State 22:
Shifting (RPAREN) to state 23
State 23:
Lookahead token is now QUESTION (438-439)
Reducing production term -> LPAREN list(NEWLINE) rhs RPAREN
("DEBUG:rhs", Tag2 (Tag2 (Tag2 (Tag2 (Tag2 (Tag2 (Tag2 ((("\".\"", (("", 1, 0, 427), ("", 1, 0, 430))))))))))))
("DEBUG:cterm/group", Tag2 (Tag2 (Tag2 (Tag2 (Tag2 (Tag2 (Tag2 (Tag2 ((("\".\"", (("", 1, 0, 427), ("", 1, 0, 430)))))))))))))
("DEBUG:term/cterms", Tag2 (Tag2 (Tag2 (Tag2 (Tag2 (Tag2 (Tag2 (Tag2 (Tag2 ((("\".\"", (("", 1, 0, 427), ("", 1, 0, 430))))))))))))))
State 18:
Shifting (QUESTION) to state 20
State 20:
"("
Lookahead token is now LPAREN (440-441)
Reducing production factor -> term QUESTION
["DEBUG:quest"]
("DEBUG:quest", 1)
("DEBUG:termfactor", Tag2 (Tag2 (Tag2 (Tag2 (Tag2 (Tag2 (Tag2 (Tag2 (Tag2 (Tag2 ((("\".\"", (("", 1, 0, 427), ("", 1, 0, 430)))))))))))))))
State 26:
Reducing production concatenation -> concatenation factor
("DEBUG:concat1", Tag2 (Tag2 (Tag2 (Tag2 (Tag2 (Tag2 (Tag2 (Tag2 (Tag2 (Tag2 (Tag2 (Tag2 (Tag2 ((("\"-\"", (("", 1, 0, 397), ("", 1, 0, 400))))))))))))))))))
State 25:
Shifting (LPAREN) to state 10
State 10:
"["
"e"
"E"
"]"
Lookahead token is now REGEX (444-445)
Reducing production list(NEWLINE) ->
State 13:
Shifting (REGEX) to state 8
State 8:
"["
"-"
"+"
"]"
Lookahead token is now REGEX (449-450)
Reducing production term -> REGEX
("DEBUG:class", ("\"TODO\"", (("", 1, 0, 441), ("", 1, 0, 445))))
("DEBUG:cterm/class", (("\"TODO\"", (("", 1, 0, 441), ("", 1, 0, 445)))))
("DEBUG:term/cterms", Tag2 ((("\"TODO\"", (("", 1, 0, 441), ("", 1, 0, 445))))))
State 18:
Reducing production factor -> term
("DEBUG:termfactor", Tag2 (Tag2 ((("\"TODO\"", (("", 1, 0, 441), ("", 1, 0, 445)))))))
State 24:
Reducing production concatenation -> factor
("DEBUG:concat2", Tag2 (Tag2 (Tag2 (Tag2 ((("\"TODO\"", (("", 1, 0, 441), ("", 1, 0, 445)))))))))
State 25:
Shifting (REGEX) to state 8
State 8:
Lookahead token is now QUESTION (450-451)
Reducing production term -> REGEX
("DEBUG:class", ("\"TODO\"", (("", 1, 0, 446), ("", 1, 0, 450))))
("DEBUG:cterm/class", (("\"TODO\"", (("", 1, 0, 446), ("", 1, 0, 450)))))
("DEBUG:term/cterms", Tag2 ((("\"TODO\"", (("", 1, 0, 446), ("", 1, 0, 450))))))
State 18:
Shifting (QUESTION) to state 20
State 20:
"["
"0"
"-"
"9"
"]"
Lookahead token is now REGEX (456-457)
Reducing production factor -> term QUESTION
["DEBUG:quest"]
("DEBUG:quest", 1)
("DEBUG:termfactor", Tag2 (Tag2 ((("\"TODO\"", (("", 1, 0, 446), ("", 1, 0, 450)))))))
State 26:
Reducing production concatenation -> concatenation factor
("DEBUG:concat1", Tag2 (Tag2 (Tag2 (Tag2 (Tag2 ((("\"TODO\"", (("", 1, 0, 441), ("", 1, 0, 445))))))))))
State 25:
Shifting (REGEX) to state 8
State 8:
Lookahead token is now PLUS (457-458)
Reducing production term -> REGEX
("DEBUG:class", ("\"TODO\"", (("", 1, 0, 452), ("", 1, 0, 457))))
("DEBUG:cterm/class", (("\"TODO\"", (("", 1, 0, 452), ("", 1, 0, 457)))))
("DEBUG:term/cterms", Tag2 ((("\"TODO\"", (("", 1, 0, 452), ("", 1, 0, 457))))))
State 18:
Shifting (PLUS) to state 21
State 21:
Lookahead token is now RPAREN (458-459)
Reducing production factor -> term PLUS
["DEBUG:plus"]
("DEBUG:mod", 2)
("DEBUG:termfactor", Tag2 (Tag2 ((("\"TODO\"", (("", 1, 0, 452), ("", 1, 0, 457)))))))
State 26:
Reducing production concatenation -> concatenation factor
("DEBUG:concat1", Tag2 (Tag2 (Tag2 (Tag2 (Tag2 (Tag2 ((("\"TODO\"", (("", 1, 0, 441), ("", 1, 0, 445)))))))))))
State 25:
Reducing production alternation -> concatenation
("DEBUG:alt", Tag2 (Tag2 (Tag2 (Tag2 (Tag2 (Tag2 (Tag2 ((("\"TODO\"", (("", 1, 0, 441), ("", 1, 0, 445))))))))))))
State 29:
Reducing production rhs -> alternation
("DEBUG:rhs", Tag2 (Tag2 (Tag2 (Tag2 (Tag2 (Tag2 (Tag2 (Tag2 ((("\"TODO\"", (("", 1, 0, 441), ("", 1, 0, 445)))))))))))))
State 22:
Shifting (RPAREN) to state 23
State 23:
Lookahead token is now QUESTION (459-460)
Reducing production term -> LPAREN list(NEWLINE) rhs RPAREN
("DEBUG:rhs", Tag2 (Tag2 (Tag2 (Tag2 (Tag2 (Tag2 (Tag2 (Tag2 (Tag2 ((("\"TODO\"", (("", 1, 0, 441), ("", 1, 0, 445))))))))))))))
("DEBUG:cterm/group", Tag2 (Tag2 (Tag2 (Tag2 (Tag2 (Tag2 (Tag2 (Tag2 (Tag2 (Tag2 ((("\"TODO\"", (("", 1, 0, 441), ("", 1, 0, 445)))))))))))))))
("DEBUG:term/cterms", Tag2 (Tag2 (Tag2 (Tag2 (Tag2 (Tag2 (Tag2 (Tag2 (Tag2 (Tag2 (Tag2 ((("\"TODO\"", (("", 1, 0, 441), ("", 1, 0, 445))))))))))))))))
State 18:
Shifting (QUESTION) to state 20
State 20:
Lookahead token is now LID (461-463)
Reducing production factor -> term QUESTION
["DEBUG:quest"]
("DEBUG:quest", 1)
("DEBUG:termfactor", Tag2 (Tag2 (Tag2 (Tag2 (Tag2 (Tag2 (Tag2 (Tag2 (Tag2 (Tag2 (Tag2 (Tag2 ((("\"TODO\"", (("", 1, 0, 441), ("", 1, 0, 445)))))))))))))))))
State 26:
Reducing production concatenation -> concatenation factor
("DEBUG:concat1", Tag2 (Tag2 (Tag2 (Tag2 (Tag2 (Tag2 (Tag2 (Tag2 (Tag2 (Tag2 (Tag2 (Tag2 (Tag2 (Tag2 ((("\"-\"", (("", 1, 0, 397), ("", 1, 0, 400)))))))))))))))))))
State 25:
Shifting (LID) to state 14
State 14:
Lookahead token is now NEWLINE (463-464)
Reducing production term -> LID
("DEBUG:lid", ("ws", (("", 1, 0, 461), ("", 1, 0, 463))))
("DEBUG:sterm/lid", ("ws", (("", 1, 0, 461), ("", 1, 0, 463))))
("DEBUG:term/sterm", (("ws", (("", 1, 0, 461), ("", 1, 0, 463)))))
State 18:
Reducing production factor -> term
("DEBUG:termfactor", Tag2 ((("ws", (("", 1, 0, 461), ("", 1, 0, 463))))))
State 26:
Reducing production concatenation -> concatenation factor
("DEBUG:concat1", Tag2 (Tag2 (Tag2 (Tag2 (Tag2 (Tag2 (Tag2 (Tag2 (Tag2 (Tag2 (Tag2 (Tag2 (Tag2 (Tag2 (Tag2 ((("\"-\"", (("", 1, 0, 397), ("", 1, 0, 400))))))))))))))))))))
State 25:
Reducing production alternation -> concatenation
("DEBUG:alt", Tag2 (Tag2 (Tag2 (Tag2 (Tag2 (Tag2 (Tag2 (Tag2 (Tag2 (Tag2 (Tag2 (Tag2 (Tag2 (Tag2 (Tag2 (Tag2 ((("\"-\"", (("", 1, 0, 397), ("", 1, 0, 400)))))))))))))))))))))
State 29:
Reducing production rhs -> alternation
("DEBUG:rhs", Tag2 (Tag2 (Tag2 (Tag2 (Tag2 (Tag2 (Tag2 (Tag2 (Tag2 (Tag2 (Tag2 (Tag2 (Tag2 (Tag2 (Tag2 (Tag2 (Tag2 ((("\"-\"", (("", 1, 0, 397), ("", 1, 0, 400))))))))))))))))))))))
State 33:
Reducing production rule -> LID COLONCOLONEQUAL rhs
("DEBUG:rule", ("number", (("", 1, 0, 385), ("", 1, 0, 391))), Tag2 (Tag2 (Tag2 (Tag2 (Tag2 (Tag2 (Tag2 (Tag2 (Tag2 (Tag2 (Tag2 (Tag2 (Tag2 (Tag2 (Tag2 (Tag2 (Tag2 (Tag2 ((("\"-\"", (("", 1, 0, 397), ("", 1, 0, 400)))))))))))))))))))))))
State 38:
Reducing production rules -> rules nonempty_list(NEWLINE) rule
("DEBUG:OLDRULE1", ("number", [(("", 1, 0, 385), ("", 1, 0, 391))], 0))
State 34:
Shifting (NEWLINE) to state 35
State 35:
Lookahead token is now NEWLINE (464-465)
Shifting (NEWLINE) to state 35
State 35:
Lookahead token is now NEWLINE (465-555)
Shifting (NEWLINE) to state 35
State 35:
Lookahead token is now LID (555-557)
Reducing production nonempty_list(NEWLINE) -> NEWLINE
State 2:
Reducing production nonempty_list(NEWLINE) -> NEWLINE nonempty_list(NEWLINE)
State 2:
Reducing production nonempty_list(NEWLINE) -> NEWLINE nonempty_list(NEWLINE)
State 37:
Shifting (LID) to state 3
State 3:
(1, 561, "::=")
Lookahead token is now COLONCOLONEQUAL (558-561)
Shifting (COLONCOLONEQUAL) to state 4
State 4:
"("
Lookahead token is now LPAREN (562-563)
Shifting (LPAREN) to state 10
State 10:
"["
" "
"\\"
"t"
"\\"
"n"
"]"
Lookahead token is now REGEX (569-570)
Reducing production list(NEWLINE) ->
State 13:
Shifting (REGEX) to state 8
State 8:
Lookahead token is now LID (571-573)
Reducing production term -> REGEX
("DEBUG:class", ("\"TODO\"", (("", 1, 0, 563), ("", 1, 0, 570))))
("DEBUG:cterm/class", (("\"TODO\"", (("", 1, 0, 563), ("", 1, 0, 570)))))
("DEBUG:term/cterms", Tag2 ((("\"TODO\"", (("", 1, 0, 563), ("", 1, 0, 570))))))
State 18:
Reducing production factor -> term
("DEBUG:termfactor", Tag2 (Tag2 ((("\"TODO\"", (("", 1, 0, 563), ("", 1, 0, 570)))))))
State 24:
Reducing production concatenation -> factor
("DEBUG:concat2", Tag2 (Tag2 (Tag2 (Tag2 ((("\"TODO\"", (("", 1, 0, 563), ("", 1, 0, 570)))))))))
State 25:
Shifting (LID) to state 14
State 14:
Lookahead token is now RPAREN (573-574)
Reducing production term -> LID
("DEBUG:lid", ("ws", (("", 1, 0, 571), ("", 1, 0, 573))))
("DEBUG:sterm/lid", ("ws", (("", 1, 0, 571), ("", 1, 0, 573))))
("DEBUG:term/sterm", (("ws", (("", 1, 0, 571), ("", 1, 0, 573)))))
State 18:
Reducing production factor -> term
("DEBUG:termfactor", Tag2 ((("ws", (("", 1, 0, 571), ("", 1, 0, 573))))))
State 26:
Reducing production concatenation -> concatenation factor
("DEBUG:concat1", Tag2 (Tag2 (Tag2 (Tag2 (Tag2 ((("\"TODO\"", (("", 1, 0, 563), ("", 1, 0, 570))))))))))
State 25:
Reducing production alternation -> concatenation
("DEBUG:alt", Tag2 (Tag2 (Tag2 (Tag2 (Tag2 (Tag2 ((("\"TODO\"", (("", 1, 0, 563), ("", 1, 0, 570)))))))))))
State 29:
Reducing production rhs -> alternation
("DEBUG:rhs", Tag2 (Tag2 (Tag2 (Tag2 (Tag2 (Tag2 (Tag2 ((("\"TODO\"", (("", 1, 0, 563), ("", 1, 0, 570))))))))))))
State 22:
Shifting (RPAREN) to state 23
State 23:
Lookahead token is now QUESTION (574-575)
Reducing production term -> LPAREN list(NEWLINE) rhs RPAREN
("DEBUG:rhs", Tag2 (Tag2 (Tag2 (Tag2 (Tag2 (Tag2 (Tag2 (Tag2 ((("\"TODO\"", (("", 1, 0, 563), ("", 1, 0, 570)))))))))))))
("DEBUG:cterm/group", Tag2 (Tag2 (Tag2 (Tag2 (Tag2 (Tag2 (Tag2 (Tag2 (Tag2 ((("\"TODO\"", (("", 1, 0, 563), ("", 1, 0, 570))))))))))))))
("DEBUG:term/cterms", Tag2 (Tag2 (Tag2 (Tag2 (Tag2 (Tag2 (Tag2 (Tag2 (Tag2 (Tag2 ((("\"TODO\"", (("", 1, 0, 563), ("", 1, 0, 570)))))))))))))))
State 18:
Shifting (QUESTION) to state 20
State 20:
Lookahead token is now NEWLINE (575-576)
Reducing production factor -> term QUESTION
["DEBUG:quest"]
("DEBUG:quest", 1)
("DEBUG:termfactor", Tag2 (Tag2 (Tag2 (Tag2 (Tag2 (Tag2 (Tag2 (Tag2 (Tag2 (Tag2 (Tag2 ((("\"TODO\"", (("", 1, 0, 563), ("", 1, 0, 570))))))))))))))))
State 24:
Reducing production concatenation -> factor
("DEBUG:concat2", Tag2 (Tag2 (Tag2 (Tag2 (Tag2 (Tag2 (Tag2 (Tag2 (Tag2 (Tag2 (Tag2 (Tag2 (Tag2 ((("\"TODO\"", (("", 1, 0, 563), ("", 1, 0, 570))))))))))))))))))
State 25:
Reducing production alternation -> concatenation
("DEBUG:alt", Tag2 (Tag2 (Tag2 (Tag2 (Tag2 (Tag2 (Tag2 (Tag2 (Tag2 (Tag2 (Tag2 (Tag2 (Tag2 (Tag2 ((("\"TODO\"", (("", 1, 0, 563), ("", 1, 0, 570)))))))))))))))))))
State 29:
Reducing production rhs -> alternation
("DEBUG:rhs", Tag2 (Tag2 (Tag2 (Tag2 (Tag2 (Tag2 (Tag2 (Tag2 (Tag2 (Tag2 (Tag2 (Tag2 (Tag2 (Tag2 (Tag2 ((("\"TODO\"", (("", 1, 0, 563), ("", 1, 0, 570))))))))))))))))))))
State 33:
Reducing production rule -> LID COLONCOLONEQUAL rhs
("DEBUG:rule", ("ws", (("", 1, 0, 555), ("", 1, 0, 557))), Tag2 (Tag2 (Tag2 (Tag2 (Tag2 (Tag2 (Tag2 (Tag2 (Tag2 (Tag2 (Tag2 (Tag2 (Tag2 (Tag2 (Tag2 (Tag2 ((("\"TODO\"", (("", 1, 0, 563), ("", 1, 0, 570)))))))))))))))))))))
State 38:
Reducing production rules -> rules nonempty_list(NEWLINE) rule
("DEBUG:OLDRULE1", ("ws", [(("", 1, 0, 555), ("", 1, 0, 557))], 0))
State 34:
Shifting (NEWLINE) to state 35
State 35:
Lookahead token is now EOF (576-576)
Reducing production list(NEWLINE) ->
State 12:
Reducing production list(NEWLINE) -> NEWLINE list(NEWLINE)
State 39:
Shifting (EOF) to state 40
State 40:
Reducing production postlude -> list(NEWLINE) EOF
"DEBUG:DONE"
State 36:
Reducing production grammar -> rules postlude
("DEBUG:grammar", Tag4 (("ws", [(("", 1, 0, 555), ("", 1, 0, 557))], 0)), 0)
State 44:
Accepting
[""]
0
