Done: 2% (9/366, 357 left) (jobs: 0)                                    Done: 18% (72/380, 308 left) (jobs: 0)                                      Hello, World!
State 0:
Lookahead token is now NEWLINE (0-89)
Shifting (NEWLINE) to state 1
State 1:
Lookahead token is now NEWLINE (89-125)
Shifting (NEWLINE) to state 1
State 1:
Lookahead token is now NEWLINE (125-126)
Shifting (NEWLINE) to state 1
State 1:
Lookahead token is now LID (126-130)
Reducing production list(NEWLINE) ->
State 2:
Reducing production list(NEWLINE) -> NEWLINE list(NEWLINE)
State 2:
Reducing production list(NEWLINE) -> NEWLINE list(NEWLINE)
State 2:
Reducing production list(NEWLINE) -> NEWLINE list(NEWLINE)
State 3:
Shifting (LID) to state 4
State 4:
(1, 136, "::=")
Lookahead token is now COLONCOLONEQUAL (133-136)
Shifting (COLONCOLONEQUAL) to state 5
State 5:
Lookahead token is now LID (137-140)
Shifting (LID) to state 13
State 13:
Lookahead token is now NEWLINE (140-141)
Reducing production term -> LID
("DEBUG:lid", ("arr", (("", 1, 0, 137), ("", 1, 0, 140))))
["DEBUG:sterm/lid"]
["DEBUG:term/sterm"]
State 17:
Reducing production factor -> term
["DEBUG:termfactor"]
["DEBUG:factor"]
State 23:
Reducing production concatenation -> factor
["DEBUG:concat2"]
State 24:
Reducing production alternation -> concatenation
["DEBUG:alt"]
State 28:
Reducing production rhs -> alternation
["DEBUG:rhs"]
State 32:
Reducing production rule -> LID COLONCOLONEQUAL rhs
("DEBUG:rule", ("root", (("", 1, 0, 126), ("", 1, 0, 130))), 0)
State 38:
Shifting (NEWLINE) to state 39
State 39:
Lookahead token is now LID (141-146)
Reducing production nonempty_list(NEWLINE) -> NEWLINE
State 41:
Shifting (LID) to state 4
State 4:
(1, 151, "::=")
Lookahead token is now COLONCOLONEQUAL (148-151)
Shifting (COLONCOLONEQUAL) to state 5
State 5:
Lookahead token is now LID (152-158)
Shifting (LID) to state 13
State 13:
Lookahead token is now BAR (159-160)
Reducing production term -> LID
("DEBUG:lid", ("object", (("", 1, 0, 152), ("", 1, 0, 158))))
["DEBUG:sterm/lid"]
["DEBUG:term/sterm"]
State 17:
Reducing production factor -> term
["DEBUG:termfactor"]
["DEBUG:factor"]
State 23:
Reducing production concatenation -> factor
["DEBUG:concat2"]
State 24:
Reducing production alternation -> concatenation
["DEBUG:alt"]
State 28:
Shifting (BAR) to state 29
State 29:
Lookahead token is now LID (161-166)
Reducing production list(NEWLINE) ->
State 30:
Shifting (LID) to state 13
State 13:
Lookahead token is now BAR (167-168)
Reducing production term -> LID
("DEBUG:lid", ("array", (("", 1, 0, 161), ("", 1, 0, 166))))
["DEBUG:sterm/lid"]
["DEBUG:term/sterm"]
State 17:
Reducing production factor -> term
["DEBUG:termfactor"]
["DEBUG:factor"]
State 23:
Reducing production concatenation -> factor
["DEBUG:concat2"]
State 31:
Reducing production alternation -> alternation BAR list(NEWLINE) concatenation
["DEBUG:alt"]
State 28:
Shifting (BAR) to state 29
State 29:
Lookahead token is now LID (169-175)
Reducing production list(NEWLINE) ->
State 30:
Shifting (LID) to state 13
State 13:
Lookahead token is now BAR (176-177)
Reducing production term -> LID
("DEBUG:lid", ("string", (("", 1, 0, 169), ("", 1, 0, 175))))
["DEBUG:sterm/lid"]
["DEBUG:term/sterm"]
State 17:
Reducing production factor -> term
["DEBUG:termfactor"]
["DEBUG:factor"]
State 23:
Reducing production concatenation -> factor
["DEBUG:concat2"]
State 31:
Reducing production alternation -> alternation BAR list(NEWLINE) concatenation
["DEBUG:alt"]
State 28:
Shifting (BAR) to state 29
State 29:
Lookahead token is now LID (178-184)
Reducing production list(NEWLINE) ->
State 30:
Shifting (LID) to state 13
State 13:
Lookahead token is now BAR (185-186)
Reducing production term -> LID
("DEBUG:lid", ("number", (("", 1, 0, 178), ("", 1, 0, 184))))
["DEBUG:sterm/lid"]
["DEBUG:term/sterm"]
State 17:
Reducing production factor -> term
["DEBUG:termfactor"]
["DEBUG:factor"]
State 23:
Reducing production concatenation -> factor
["DEBUG:concat2"]
State 31:
Reducing production alternation -> alternation BAR list(NEWLINE) concatenation
["DEBUG:alt"]
State 28:
Shifting (BAR) to state 29
State 29:
"("
Lookahead token is now LPAREN (187-188)
Reducing production list(NEWLINE) ->
State 30:
Shifting (LPAREN) to state 11
State 11:
("DEBUG2:rs", 116)
("DEBUG2:rs", 114)
("DEBUG2:rs", 117)
("DEBUG2:rs", 101)
Lookahead token is now QID (193-194)
Reducing production list(NEWLINE) ->
State 12:
Shifting (QID) to state 10
State 10:
Lookahead token is now BAR (195-196)
Reducing production term -> QID
("DEBUG:quid", ("\"true\"", (("", 1, 0, 188), ("", 1, 0, 194))))
["DEBUG:sterm/quid"]
["DEBUG:term/sterm"]
State 17:
Reducing production factor -> term
["DEBUG:termfactor"]
["DEBUG:factor"]
State 23:
Reducing production concatenation -> factor
["DEBUG:concat2"]
State 24:
Reducing production alternation -> concatenation
["DEBUG:alt"]
State 28:
Shifting (BAR) to state 29
State 29:
("DEBUG2:rs", 102)
("DEBUG2:rs", 97)
("DEBUG2:rs", 108)
("DEBUG2:rs", 115)
("DEBUG2:rs", 101)
Lookahead token is now QID (203-204)
Reducing production list(NEWLINE) ->
State 30:
Shifting (QID) to state 10
State 10:
Lookahead token is now BAR (205-206)
Reducing production term -> QID
("DEBUG:quid", ("\"false\"", (("", 1, 0, 197), ("", 1, 0, 204))))
["DEBUG:sterm/quid"]
["DEBUG:term/sterm"]
State 17:
Reducing production factor -> term
["DEBUG:termfactor"]
["DEBUG:factor"]
State 23:
Reducing production concatenation -> factor
["DEBUG:concat2"]
State 31:
Reducing production alternation -> alternation BAR list(NEWLINE) concatenation
["DEBUG:alt"]
State 28:
Shifting (BAR) to state 29
State 29:
("DEBUG2:rs", 110)
("DEBUG2:rs", 117)
("DEBUG2:rs", 108)
("DEBUG2:rs", 108)
Lookahead token is now QID (212-213)
Reducing production list(NEWLINE) ->
State 30:
Shifting (QID) to state 10
State 10:
Lookahead token is now RPAREN (213-214)
Reducing production term -> QID
("DEBUG:quid", ("\"null\"", (("", 1, 0, 207), ("", 1, 0, 213))))
["DEBUG:sterm/quid"]
["DEBUG:term/sterm"]
State 17:
Reducing production factor -> term
["DEBUG:termfactor"]
["DEBUG:factor"]
State 23:
Reducing production concatenation -> factor
["DEBUG:concat2"]
State 31:
Reducing production alternation -> alternation BAR list(NEWLINE) concatenation
["DEBUG:alt"]
State 28:
Reducing production rhs -> alternation
["DEBUG:rhs"]
State 21:
Shifting (RPAREN) to state 22
State 22:
Lookahead token is now LID (215-217)
Reducing production term -> LPAREN list(NEWLINE) rhs RPAREN
["DEBUG:rhs"]
["DEBUG:cterm/group"]
["DEBUG:term/cterms"]
State 17:
Reducing production factor -> term
["DEBUG:termfactor"]
["DEBUG:factor"]
State 23:
Reducing production concatenation -> factor
["DEBUG:concat2"]
State 31:
Shifting (LID) to state 13
State 13:
Lookahead token is now NEWLINE (217-218)
Reducing production term -> LID
("DEBUG:lid", ("ws", (("", 1, 0, 215), ("", 1, 0, 217))))
["DEBUG:sterm/lid"]
["DEBUG:term/sterm"]
State 17:
Reducing production factor -> term
["DEBUG:termfactor"]
["DEBUG:factor"]
State 25:
Reducing production concatenation -> concatenation factor
["DEBUG:concat1"]
State 31:
Reducing production alternation -> alternation BAR list(NEWLINE) concatenation
["DEBUG:alt"]
State 28:
Reducing production rhs -> alternation
["DEBUG:rhs"]
State 32:
Reducing production rule -> LID COLONCOLONEQUAL rhs
("DEBUG:rule", ("value", (("", 1, 0, 141), ("", 1, 0, 146))), 0)
State 38:
Shifting (NEWLINE) to state 39
State 39:
Lookahead token is now NEWLINE (218-219)
Shifting (NEWLINE) to state 39
State 39:
Lookahead token is now LID (219-222)
Reducing production nonempty_list(NEWLINE) -> NEWLINE
State 40:
Reducing production nonempty_list(NEWLINE) -> NEWLINE nonempty_list(NEWLINE)
State 41:
Shifting (LID) to state 4
State 4:
(1, 227, "::=")
Lookahead token is now COLONCOLONEQUAL (224-227)
Shifting (COLONCOLONEQUAL) to state 5
State 5:
("DEBUG2:rs", 91)
("DEBUG2:rs", 92)
("DEBUG2:rs", 110)
Lookahead token is now QID (233-234)
Shifting (QID) to state 10
State 10:
Lookahead token is now LID (235-237)
Reducing production term -> QID
("DEBUG:quid", ("\"[\\n\"", (("", 1, 0, 229), ("", 1, 0, 234))))
["DEBUG:sterm/quid"]
["DEBUG:term/sterm"]
State 17:
Reducing production factor -> term
["DEBUG:termfactor"]
["DEBUG:factor"]
State 23:
Reducing production concatenation -> factor
["DEBUG:concat2"]
State 24:
Shifting (LID) to state 13
State 13:
"("
Lookahead token is now LPAREN (238-239)
Reducing production term -> LID
("DEBUG:lid", ("ws", (("", 1, 0, 235), ("", 1, 0, 237))))
["DEBUG:sterm/lid"]
["DEBUG:term/sterm"]
State 17:
Reducing production factor -> term
["DEBUG:termfactor"]
["DEBUG:factor"]
State 25:
Reducing production concatenation -> concatenation factor
["DEBUG:concat1"]
State 24:
Shifting (LPAREN) to state 11
State 11:
Lookahead token is now LID (251-256)
Reducing production list(NEWLINE) ->
State 12:
Shifting (LID) to state 13
State 13:
"("
Lookahead token is now LPAREN (260-261)
Reducing production term -> LID
("DEBUG:lid", ("value", (("", 1, 0, 251), ("", 1, 0, 256))))
["DEBUG:sterm/lid"]
["DEBUG:term/sterm"]
State 17:
Reducing production factor -> term
["DEBUG:termfactor"]
["DEBUG:factor"]
State 23:
Reducing production concatenation -> factor
["DEBUG:concat2"]
State 24:
Shifting (LPAREN) to state 11
State 11:
("DEBUG2:rs", 44)
("DEBUG2:rs", 92)
("DEBUG2:rs", 110)
Lookahead token is now QID (265-266)
Reducing production list(NEWLINE) ->
State 12:
Shifting (QID) to state 10
State 10:
Lookahead token is now LID (267-269)
Reducing production term -> QID
("DEBUG:quid", ("\",\\n\"", (("", 1, 0, 261), ("", 1, 0, 266))))
["DEBUG:sterm/quid"]
["DEBUG:term/sterm"]
State 17:
Reducing production factor -> term
["DEBUG:termfactor"]
["DEBUG:factor"]
State 23:
Reducing production concatenation -> factor
["DEBUG:concat2"]
State 24:
Shifting (LID) to state 13
State 13:
Lookahead token is now LID (270-275)
Reducing production term -> LID
("DEBUG:lid", ("ws", (("", 1, 0, 267), ("", 1, 0, 269))))
["DEBUG:sterm/lid"]
["DEBUG:term/sterm"]
State 17:
Reducing production factor -> term
["DEBUG:termfactor"]
["DEBUG:factor"]
State 25:
Reducing production concatenation -> concatenation factor
["DEBUG:concat1"]
State 24:
Shifting (LID) to state 13
State 13:
Lookahead token is now RPAREN (275-276)
Reducing production term -> LID
("DEBUG:lid", ("value", (("", 1, 0, 270), ("", 1, 0, 275))))
["DEBUG:sterm/lid"]
["DEBUG:term/sterm"]
State 17:
Reducing production factor -> term
["DEBUG:termfactor"]
["DEBUG:factor"]
State 25:
Reducing production concatenation -> concatenation factor
["DEBUG:concat1"]
State 24:
Reducing production alternation -> concatenation
["DEBUG:alt"]
State 28:
Reducing production rhs -> alternation
["DEBUG:rhs"]
State 21:
Shifting (RPAREN) to state 22
State 22:
Lookahead token is now STAR (276-277)
Reducing production term -> LPAREN list(NEWLINE) rhs RPAREN
["DEBUG:rhs"]
["DEBUG:cterm/group"]
["DEBUG:term/cterms"]
State 17:
Shifting (STAR) to state 18
State 18:
Lookahead token is now RPAREN (279-280)
Reducing production factor -> term STAR
["DEBUG:star"]
["DEBUG:star"]
["DEBUG:termfactor"]
["DEBUG:factormod"]
State 25:
Reducing production concatenation -> concatenation factor
["DEBUG:concat1"]
State 24:
Reducing production alternation -> concatenation
["DEBUG:alt"]
State 28:
Reducing production rhs -> alternation
["DEBUG:rhs"]
State 21:
Shifting (RPAREN) to state 22
State 22:
Lookahead token is now QUESTION (280-281)
Reducing production term -> LPAREN list(NEWLINE) rhs RPAREN
["DEBUG:rhs"]
["DEBUG:cterm/group"]
["DEBUG:term/cterms"]
State 17:
Shifting (QUESTION) to state 19
State 19:
("DEBUG2:rs", 93)
Lookahead token is now QID (284-285)
Reducing production factor -> term QUESTION
["DEBUG:quest"]
["DEBUG:quest"]
["DEBUG:termfactor"]
["DEBUG:factormod"]
State 25:
Reducing production concatenation -> concatenation factor
["DEBUG:concat1"]
State 24:
Shifting (QID) to state 10
State 10:
Lookahead token is now NEWLINE (285-286)
Reducing production term -> QID
("DEBUG:quid", ("\"]\"", (("", 1, 0, 282), ("", 1, 0, 285))))
["DEBUG:sterm/quid"]
["DEBUG:term/sterm"]
State 17:
Reducing production factor -> term
["DEBUG:termfactor"]
["DEBUG:factor"]
State 25:
Reducing production concatenation -> concatenation factor
["DEBUG:concat1"]
State 24:
Reducing production alternation -> concatenation
["DEBUG:alt"]
State 28:
Reducing production rhs -> alternation
["DEBUG:rhs"]
State 32:
Reducing production rule -> LID COLONCOLONEQUAL rhs
("DEBUG:rule", ("arr", (("", 1, 0, 219), ("", 1, 0, 222))), 0)
State 38:
Shifting (NEWLINE) to state 39
State 39:
Lookahead token is now NEWLINE (286-287)
Shifting (NEWLINE) to state 39
State 39:
Lookahead token is now LID (287-293)
Reducing production nonempty_list(NEWLINE) -> NEWLINE
State 40:
Reducing production nonempty_list(NEWLINE) -> NEWLINE nonempty_list(NEWLINE)
State 41:
Shifting (LID) to state 4
State 4:
(1, 297, "::=")
Lookahead token is now COLONCOLONEQUAL (294-297)
Shifting (COLONCOLONEQUAL) to state 5
State 5:
("DEBUG2:rs", 123)
Lookahead token is now QID (302-303)
Shifting (QID) to state 10
State 10:
Lookahead token is now LID (304-306)
Reducing production term -> QID
("DEBUG:quid", ("\"{\"", (("", 1, 0, 300), ("", 1, 0, 303))))
["DEBUG:sterm/quid"]
["DEBUG:term/sterm"]
State 17:
Reducing production factor -> term
["DEBUG:termfactor"]
["DEBUG:factor"]
State 23:
Reducing production concatenation -> factor
["DEBUG:concat2"]
State 24:
Shifting (LID) to state 13
State 13:
"("
Lookahead token is now LPAREN (307-308)
Reducing production term -> LID
("DEBUG:lid", ("ws", (("", 1, 0, 304), ("", 1, 0, 306))))
["DEBUG:sterm/lid"]
["DEBUG:term/sterm"]
State 17:
Reducing production factor -> term
["DEBUG:termfactor"]
["DEBUG:factor"]
State 25:
Reducing production concatenation -> concatenation factor
["DEBUG:concat1"]
State 24:
Shifting (LPAREN) to state 11
State 11:
Lookahead token is now LID (320-326)
Reducing production list(NEWLINE) ->
State 12:
Shifting (LID) to state 13
State 13:
("DEBUG2:rs", 58)
Lookahead token is now QID (329-330)
Reducing production term -> LID
("DEBUG:lid", ("string", (("", 1, 0, 320), ("", 1, 0, 326))))
["DEBUG:sterm/lid"]
["DEBUG:term/sterm"]
State 17:
Reducing production factor -> term
["DEBUG:termfactor"]
["DEBUG:factor"]
State 23:
Reducing production concatenation -> factor
["DEBUG:concat2"]
State 24:
Shifting (QID) to state 10
State 10:
Lookahead token is now LID (331-333)
Reducing production term -> QID
("DEBUG:quid", ("\":\"", (("", 1, 0, 327), ("", 1, 0, 330))))
["DEBUG:sterm/quid"]
["DEBUG:term/sterm"]
State 17:
Reducing production factor -> term
["DEBUG:termfactor"]
["DEBUG:factor"]
State 25:
Reducing production concatenation -> concatenation factor
["DEBUG:concat1"]
State 24:
Shifting (LID) to state 13
State 13:
Lookahead token is now LID (334-339)
Reducing production term -> LID
("DEBUG:lid", ("ws", (("", 1, 0, 331), ("", 1, 0, 333))))
["DEBUG:sterm/lid"]
["DEBUG:term/sterm"]
State 17:
Reducing production factor -> term
["DEBUG:termfactor"]
["DEBUG:factor"]
State 25:
Reducing production concatenation -> concatenation factor
["DEBUG:concat1"]
State 24:
Shifting (LID) to state 13
State 13:
"("
Lookahead token is now LPAREN (343-344)
Reducing production term -> LID
("DEBUG:lid", ("value", (("", 1, 0, 334), ("", 1, 0, 339))))
["DEBUG:sterm/lid"]
["DEBUG:term/sterm"]
State 17:
Reducing production factor -> term
["DEBUG:termfactor"]
["DEBUG:factor"]
State 25:
Reducing production concatenation -> concatenation factor
["DEBUG:concat1"]
State 24:
Shifting (LPAREN) to state 11
State 11:
("DEBUG2:rs", 44)
Lookahead token is now QID (346-347)
Reducing production list(NEWLINE) ->
State 12:
Shifting (QID) to state 10
State 10:
Lookahead token is now LID (348-350)
Reducing production term -> QID
("DEBUG:quid", ("\",\"", (("", 1, 0, 344), ("", 1, 0, 347))))
["DEBUG:sterm/quid"]
["DEBUG:term/sterm"]
State 17:
Reducing production factor -> term
["DEBUG:termfactor"]
["DEBUG:factor"]
State 23:
Reducing production concatenation -> factor
["DEBUG:concat2"]
State 24:
Shifting (LID) to state 13
State 13:
Lookahead token is now LID (351-357)
Reducing production term -> LID
("DEBUG:lid", ("ws", (("", 1, 0, 348), ("", 1, 0, 350))))
["DEBUG:sterm/lid"]
["DEBUG:term/sterm"]
State 17:
Reducing production factor -> term
["DEBUG:termfactor"]
["DEBUG:factor"]
State 25:
Reducing production concatenation -> concatenation factor
["DEBUG:concat1"]
State 24:
Shifting (LID) to state 13
State 13:
("DEBUG2:rs", 58)
Lookahead token is now QID (360-361)
Reducing production term -> LID
("DEBUG:lid", ("string", (("", 1, 0, 351), ("", 1, 0, 357))))
["DEBUG:sterm/lid"]
["DEBUG:term/sterm"]
State 17:
Reducing production factor -> term
["DEBUG:termfactor"]
["DEBUG:factor"]
State 25:
Reducing production concatenation -> concatenation factor
["DEBUG:concat1"]
State 24:
Shifting (QID) to state 10
State 10:
Lookahead token is now LID (362-364)
Reducing production term -> QID
("DEBUG:quid", ("\":\"", (("", 1, 0, 358), ("", 1, 0, 361))))
["DEBUG:sterm/quid"]
["DEBUG:term/sterm"]
State 17:
Reducing production factor -> term
["DEBUG:termfactor"]
["DEBUG:factor"]
State 25:
Reducing production concatenation -> concatenation factor
["DEBUG:concat1"]
State 24:
Shifting (LID) to state 13
State 13:
Lookahead token is now LID (365-370)
Reducing production term -> LID
("DEBUG:lid", ("ws", (("", 1, 0, 362), ("", 1, 0, 364))))
["DEBUG:sterm/lid"]
["DEBUG:term/sterm"]
State 17:
Reducing production factor -> term
["DEBUG:termfactor"]
["DEBUG:factor"]
State 25:
Reducing production concatenation -> concatenation factor
["DEBUG:concat1"]
State 24:
Shifting (LID) to state 13
State 13:
Lookahead token is now RPAREN (370-371)
Reducing production term -> LID
("DEBUG:lid", ("value", (("", 1, 0, 365), ("", 1, 0, 370))))
["DEBUG:sterm/lid"]
["DEBUG:term/sterm"]
State 17:
Reducing production factor -> term
["DEBUG:termfactor"]
["DEBUG:factor"]
State 25:
Reducing production concatenation -> concatenation factor
["DEBUG:concat1"]
State 24:
Reducing production alternation -> concatenation
["DEBUG:alt"]
State 28:
Reducing production rhs -> alternation
["DEBUG:rhs"]
State 21:
Shifting (RPAREN) to state 22
State 22:
Lookahead token is now STAR (371-372)
Reducing production term -> LPAREN list(NEWLINE) rhs RPAREN
["DEBUG:rhs"]
["DEBUG:cterm/group"]
["DEBUG:term/cterms"]
State 17:
Shifting (STAR) to state 18
State 18:
Lookahead token is now RPAREN (374-375)
Reducing production factor -> term STAR
["DEBUG:star"]
["DEBUG:star"]
["DEBUG:termfactor"]
["DEBUG:factormod"]
State 25:
Reducing production concatenation -> concatenation factor
["DEBUG:concat1"]
State 24:
Reducing production alternation -> concatenation
["DEBUG:alt"]
State 28:
Reducing production rhs -> alternation
["DEBUG:rhs"]
State 21:
Shifting (RPAREN) to state 22
State 22:
Lookahead token is now QUESTION (375-376)
Reducing production term -> LPAREN list(NEWLINE) rhs RPAREN
["DEBUG:rhs"]
["DEBUG:cterm/group"]
["DEBUG:term/cterms"]
State 17:
Shifting (QUESTION) to state 19
State 19:
("DEBUG2:rs", 125)
Lookahead token is now QID (379-380)
Reducing production factor -> term QUESTION
["DEBUG:quest"]
["DEBUG:quest"]
["DEBUG:termfactor"]
["DEBUG:factormod"]
State 25:
Reducing production concatenation -> concatenation factor
["DEBUG:concat1"]
State 24:
Shifting (QID) to state 10
State 10:
Lookahead token is now LID (381-383)
Reducing production term -> QID
("DEBUG:quid", ("\"}\"", (("", 1, 0, 377), ("", 1, 0, 380))))
["DEBUG:sterm/quid"]
["DEBUG:term/sterm"]
State 17:
Reducing production factor -> term
["DEBUG:termfactor"]
["DEBUG:factor"]
State 25:
Reducing production concatenation -> concatenation factor
["DEBUG:concat1"]
State 24:
Shifting (LID) to state 13
State 13:
Lookahead token is now NEWLINE (383-384)
Reducing production term -> LID
("DEBUG:lid", ("ws", (("", 1, 0, 381), ("", 1, 0, 383))))
["DEBUG:sterm/lid"]
["DEBUG:term/sterm"]
State 17:
Reducing production factor -> term
["DEBUG:termfactor"]
["DEBUG:factor"]
State 25:
Reducing production concatenation -> concatenation factor
["DEBUG:concat1"]
State 24:
Reducing production alternation -> concatenation
["DEBUG:alt"]
State 28:
Reducing production rhs -> alternation
["DEBUG:rhs"]
State 32:
Reducing production rule -> LID COLONCOLONEQUAL rhs
("DEBUG:rule", ("object", (("", 1, 0, 287), ("", 1, 0, 293))), 0)
State 38:
Shifting (NEWLINE) to state 39
State 39:
Lookahead token is now NEWLINE (384-385)
Shifting (NEWLINE) to state 39
State 39:
Lookahead token is now LID (385-390)
Reducing production nonempty_list(NEWLINE) -> NEWLINE
State 40:
Reducing production nonempty_list(NEWLINE) -> NEWLINE nonempty_list(NEWLINE)
State 41:
Shifting (LID) to state 4
State 4:
(1, 395, "::=")
Lookahead token is now COLONCOLONEQUAL (392-395)
Shifting (COLONCOLONEQUAL) to state 5
State 5:
("DEBUG2:rs", 91)
Lookahead token is now QID (400-401)
Shifting (QID) to state 10
State 10:
Lookahead token is now LID (402-404)
Reducing production term -> QID
("DEBUG:quid", ("\"[\"", (("", 1, 0, 398), ("", 1, 0, 401))))
["DEBUG:sterm/quid"]
["DEBUG:term/sterm"]
State 17:
Reducing production factor -> term
["DEBUG:termfactor"]
["DEBUG:factor"]
State 23:
Reducing production concatenation -> factor
["DEBUG:concat2"]
State 24:
Shifting (LID) to state 13
State 13:
"("
Lookahead token is now LPAREN (405-406)
Reducing production term -> LID
("DEBUG:lid", ("ws", (("", 1, 0, 402), ("", 1, 0, 404))))
["DEBUG:sterm/lid"]
["DEBUG:term/sterm"]
State 17:
Reducing production factor -> term
["DEBUG:termfactor"]
["DEBUG:factor"]
State 25:
Reducing production concatenation -> concatenation factor
["DEBUG:concat1"]
State 24:
Shifting (LPAREN) to state 11
State 11:
Lookahead token is now LID (418-423)
Reducing production list(NEWLINE) ->
State 12:
Shifting (LID) to state 13
State 13:
"("
Lookahead token is now LPAREN (427-428)
Reducing production term -> LID
("DEBUG:lid", ("value", (("", 1, 0, 418), ("", 1, 0, 423))))
["DEBUG:sterm/lid"]
["DEBUG:term/sterm"]
State 17:
Reducing production factor -> term
["DEBUG:termfactor"]
["DEBUG:factor"]
State 23:
Reducing production concatenation -> factor
["DEBUG:concat2"]
State 24:
Shifting (LPAREN) to state 11
State 11:
("DEBUG2:rs", 44)
Lookahead token is now QID (430-431)
Reducing production list(NEWLINE) ->
State 12:
Shifting (QID) to state 10
State 10:
Lookahead token is now LID (432-434)
Reducing production term -> QID
("DEBUG:quid", ("\",\"", (("", 1, 0, 428), ("", 1, 0, 431))))
["DEBUG:sterm/quid"]
["DEBUG:term/sterm"]
State 17:
Reducing production factor -> term
["DEBUG:termfactor"]
["DEBUG:factor"]
State 23:
Reducing production concatenation -> factor
["DEBUG:concat2"]
State 24:
Shifting (LID) to state 13
State 13:
Lookahead token is now LID (435-440)
Reducing production term -> LID
("DEBUG:lid", ("ws", (("", 1, 0, 432), ("", 1, 0, 434))))
["DEBUG:sterm/lid"]
["DEBUG:term/sterm"]
State 17:
Reducing production factor -> term
["DEBUG:termfactor"]
["DEBUG:factor"]
State 25:
Reducing production concatenation -> concatenation factor
["DEBUG:concat1"]
State 24:
Shifting (LID) to state 13
State 13:
Lookahead token is now RPAREN (440-441)
Reducing production term -> LID
("DEBUG:lid", ("value", (("", 1, 0, 435), ("", 1, 0, 440))))
["DEBUG:sterm/lid"]
["DEBUG:term/sterm"]
State 17:
Reducing production factor -> term
["DEBUG:termfactor"]
["DEBUG:factor"]
State 25:
Reducing production concatenation -> concatenation factor
["DEBUG:concat1"]
State 24:
Reducing production alternation -> concatenation
["DEBUG:alt"]
State 28:
Reducing production rhs -> alternation
["DEBUG:rhs"]
State 21:
Shifting (RPAREN) to state 22
State 22:
Lookahead token is now STAR (441-442)
Reducing production term -> LPAREN list(NEWLINE) rhs RPAREN
["DEBUG:rhs"]
["DEBUG:cterm/group"]
["DEBUG:term/cterms"]
State 17:
Shifting (STAR) to state 18
State 18:
Lookahead token is now RPAREN (444-445)
Reducing production factor -> term STAR
["DEBUG:star"]
["DEBUG:star"]
["DEBUG:termfactor"]
["DEBUG:factormod"]
State 25:
Reducing production concatenation -> concatenation factor
["DEBUG:concat1"]
State 24:
Reducing production alternation -> concatenation
["DEBUG:alt"]
State 28:
Reducing production rhs -> alternation
["DEBUG:rhs"]
State 21:
Shifting (RPAREN) to state 22
State 22:
Lookahead token is now QUESTION (445-446)
Reducing production term -> LPAREN list(NEWLINE) rhs RPAREN
["DEBUG:rhs"]
["DEBUG:cterm/group"]
["DEBUG:term/cterms"]
State 17:
Shifting (QUESTION) to state 19
State 19:
("DEBUG2:rs", 93)
Lookahead token is now QID (449-450)
Reducing production factor -> term QUESTION
["DEBUG:quest"]
["DEBUG:quest"]
["DEBUG:termfactor"]
["DEBUG:factormod"]
State 25:
Reducing production concatenation -> concatenation factor
["DEBUG:concat1"]
State 24:
Shifting (QID) to state 10
State 10:
Lookahead token is now LID (451-453)
Reducing production term -> QID
("DEBUG:quid", ("\"]\"", (("", 1, 0, 447), ("", 1, 0, 450))))
["DEBUG:sterm/quid"]
["DEBUG:term/sterm"]
State 17:
Reducing production factor -> term
["DEBUG:termfactor"]
["DEBUG:factor"]
State 25:
Reducing production concatenation -> concatenation factor
["DEBUG:concat1"]
State 24:
Shifting (LID) to state 13
State 13:
Lookahead token is now NEWLINE (453-454)
Reducing production term -> LID
("DEBUG:lid", ("ws", (("", 1, 0, 451), ("", 1, 0, 453))))
["DEBUG:sterm/lid"]
["DEBUG:term/sterm"]
State 17:
Reducing production factor -> term
["DEBUG:termfactor"]
["DEBUG:factor"]
State 25:
Reducing production concatenation -> concatenation factor
["DEBUG:concat1"]
State 24:
Reducing production alternation -> concatenation
["DEBUG:alt"]
State 28:
Reducing production rhs -> alternation
["DEBUG:rhs"]
State 32:
Reducing production rule -> LID COLONCOLONEQUAL rhs
("DEBUG:rule", ("array", (("", 1, 0, 385), ("", 1, 0, 390))), 0)
State 38:
Shifting (NEWLINE) to state 39
State 39:
Lookahead token is now NEWLINE (454-455)
Shifting (NEWLINE) to state 39
State 39:
Lookahead token is now LID (455-461)
Reducing production nonempty_list(NEWLINE) -> NEWLINE
State 40:
Reducing production nonempty_list(NEWLINE) -> NEWLINE nonempty_list(NEWLINE)
State 41:
Shifting (LID) to state 4
State 4:
(1, 465, "::=")
Lookahead token is now COLONCOLONEQUAL (462-465)
Shifting (COLONCOLONEQUAL) to state 5
State 5:
("DEBUG:rs", "\\\"")
Lookahead token is now QID (471-472)
Shifting (QID) to state 10
State 10:
"("
Lookahead token is now LPAREN (473-474)
Reducing production term -> QID
("DEBUG:quid", ("\"\\\"\"", (("", 1, 0, 468), ("", 1, 0, 472))))
["DEBUG:sterm/quid"]
["DEBUG:term/sterm"]
State 17:
Reducing production factor -> term
["DEBUG:termfactor"]
["DEBUG:factor"]
State 23:
Reducing production concatenation -> factor
["DEBUG:concat2"]
State 24:
Shifting (LPAREN) to state 11
State 11:
"["
"^"
"\""
"\\"
"\\]"
" "
"|"
" "
" "
" "
" "
"\""
"\\"
"\\"
"\""
" "
"("
"["
"\""
"\\"
"\\"
"/"
"b"
"f"
"n"
"r"
"t"
"]"
Lookahead token is now REGEX (506-507)
Reducing production list(NEWLINE) ->
State 12:
Shifting (REGEX) to state 9
State 9:
Lookahead token is now BAR (508-509)
Reducing production term -> REGEX
("DEBUG:class", ("\"TODO\"", (("", 1, 0, 478), ("", 1, 0, 507))))
["DEBUG:cterm/class"]
["DEBUG:term/cterms"]
State 17:
Reducing production factor -> term
["DEBUG:termfactor"]
["DEBUG:factor"]
State 23:
Reducing production concatenation -> factor
["DEBUG:concat2"]
State 24:
Reducing production alternation -> concatenation
["DEBUG:alt"]
State 28:
Shifting (BAR) to state 29
State 29:
("DEBUG2:rs", 117)
Lookahead token is now QID (512-513)
Reducing production list(NEWLINE) ->
State 30:
Shifting (QID) to state 10
State 10:
"["
"0"
"-"
"9"
"a"
"-"
"f"
"A"
"-"
"F"
"]"
Lookahead token is now REGEX (524-525)
Reducing production term -> QID
("DEBUG:quid", ("\"u\"", (("", 1, 0, 510), ("", 1, 0, 513))))
["DEBUG:sterm/quid"]
["DEBUG:term/sterm"]
State 17:
Reducing production factor -> term
["DEBUG:termfactor"]
["DEBUG:factor"]
State 23:
Reducing production concatenation -> factor
["DEBUG:concat2"]
State 31:
Shifting (REGEX) to state 9
State 9:
"["
"0"
"-"
"9"
"a"
"-"
"f"
"A"
"-"
"F"
"]"
Lookahead token is now REGEX (536-537)
Reducing production term -> REGEX
("DEBUG:class", ("\"TODO\"", (("", 1, 0, 514), ("", 1, 0, 525))))
["DEBUG:cterm/class"]
["DEBUG:term/cterms"]
State 17:
Reducing production factor -> term
["DEBUG:termfactor"]
["DEBUG:factor"]
State 25:
Reducing production concatenation -> concatenation factor
["DEBUG:concat1"]
State 31:
Shifting (REGEX) to state 9
State 9:
"["
"0"
"-"
"9"
"a"
"-"
"f"
"A"
"-"
"F"
"]"
Lookahead token is now REGEX (548-549)
Reducing production term -> REGEX
("DEBUG:class", ("\"TODO\"", (("", 1, 0, 526), ("", 1, 0, 537))))
["DEBUG:cterm/class"]
["DEBUG:term/cterms"]
State 17:
Reducing production factor -> term
["DEBUG:termfactor"]
["DEBUG:factor"]
State 25:
Reducing production concatenation -> concatenation factor
["DEBUG:concat1"]
State 31:
Shifting (REGEX) to state 9
State 9:
"["
"0"
"-"
"9"
"a"
"-"
"f"
"A"
"-"
"F"
"]"
Lookahead token is now REGEX (560-561)
Reducing production term -> REGEX
("DEBUG:class", ("\"TODO\"", (("", 1, 0, 538), ("", 1, 0, 549))))
["DEBUG:cterm/class"]
["DEBUG:term/cterms"]
State 17:
Reducing production factor -> term
["DEBUG:termfactor"]
["DEBUG:factor"]
State 25:
Reducing production concatenation -> concatenation factor
["DEBUG:concat1"]
State 31:
Shifting (REGEX) to state 9
State 9:
Lookahead token is now RPAREN (561-562)
Reducing production term -> REGEX
("DEBUG:class", ("\"TODO\"", (("", 1, 0, 550), ("", 1, 0, 561))))
["DEBUG:cterm/class"]
["DEBUG:term/cterms"]
State 17:
Reducing production factor -> term
["DEBUG:termfactor"]
["DEBUG:factor"]
State 25:
Reducing production concatenation -> concatenation factor
["DEBUG:concat1"]
State 31:
Reducing production alternation -> alternation BAR list(NEWLINE) concatenation
["DEBUG:alt"]
State 28:
Reducing production rhs -> alternation
["DEBUG:rhs"]
State 21:
Shifting (RPAREN) to state 22
State 22:
Lookahead token is now STAR (562-563)
Reducing production term -> LPAREN list(NEWLINE) rhs RPAREN
["DEBUG:rhs"]
["DEBUG:cterm/group"]
["DEBUG:term/cterms"]
State 17:
Shifting (STAR) to state 18
State 18:
("DEBUG:rs", "\\\"")
Lookahead token is now QID (567-568)
Reducing production factor -> term STAR
["DEBUG:star"]
["DEBUG:star"]
["DEBUG:termfactor"]
["DEBUG:factormod"]
State 25:
Reducing production concatenation -> concatenation factor
["DEBUG:concat1"]
State 24:
Shifting (QID) to state 10
State 10:
Lookahead token is now LID (569-571)
Reducing production term -> QID
("DEBUG:quid", ("\"\\\"\"", (("", 1, 0, 564), ("", 1, 0, 568))))
["DEBUG:sterm/quid"]
["DEBUG:term/sterm"]
State 17:
Reducing production factor -> term
["DEBUG:termfactor"]
["DEBUG:factor"]
State 25:
Reducing production concatenation -> concatenation factor
["DEBUG:concat1"]
State 24:
Shifting (LID) to state 13
State 13:
Lookahead token is now NEWLINE (571-572)
Reducing production term -> LID
("DEBUG:lid", ("ws", (("", 1, 0, 569), ("", 1, 0, 571))))
["DEBUG:sterm/lid"]
["DEBUG:term/sterm"]
State 17:
Reducing production factor -> term
["DEBUG:termfactor"]
["DEBUG:factor"]
State 25:
Reducing production concatenation -> concatenation factor
["DEBUG:concat1"]
State 24:
Reducing production alternation -> concatenation
["DEBUG:alt"]
State 28:
Reducing production rhs -> alternation
["DEBUG:rhs"]
State 32:
Reducing production rule -> LID COLONCOLONEQUAL rhs
("DEBUG:rule", ("string", (("", 1, 0, 455), ("", 1, 0, 461))), 0)
State 38:
Shifting (NEWLINE) to state 39
State 39:
Lookahead token is now NEWLINE (572-573)
Shifting (NEWLINE) to state 39
State 39:
Lookahead token is now LID (573-579)
Reducing production nonempty_list(NEWLINE) -> NEWLINE
State 40:
Reducing production nonempty_list(NEWLINE) -> NEWLINE nonempty_list(NEWLINE)
State 41:
Shifting (LID) to state 4
State 4:
(1, 583, "::=")
Lookahead token is now COLONCOLONEQUAL (580-583)
Shifting (COLONCOLONEQUAL) to state 5
State 5:
"("
Lookahead token is now LPAREN (584-585)
Shifting (LPAREN) to state 11
State 11:
("DEBUG2:rs", 45)
Lookahead token is now QID (587-588)
Reducing production list(NEWLINE) ->
State 12:
Shifting (QID) to state 10
State 10:
Lookahead token is now QUESTION (588-589)
Reducing production term -> QID
("DEBUG:quid", ("\"-\"", (("", 1, 0, 585), ("", 1, 0, 588))))
["DEBUG:sterm/quid"]
["DEBUG:term/sterm"]
State 17:
Shifting (QUESTION) to state 19
State 19:
"("
Lookahead token is now LPAREN (590-591)
Reducing production factor -> term QUESTION
["DEBUG:quest"]
["DEBUG:quest"]
["DEBUG:termfactor"]
["DEBUG:factormod"]
State 23:
Reducing production concatenation -> factor
["DEBUG:concat2"]
State 24:
Shifting (LPAREN) to state 11
State 11:
"["
"0"
"-"
"9"
"]"
Lookahead token is now REGEX (595-596)
Reducing production list(NEWLINE) ->
State 12:
Shifting (REGEX) to state 9
State 9:
Lookahead token is now BAR (597-598)
Reducing production term -> REGEX
("DEBUG:class", ("\"TODO\"", (("", 1, 0, 591), ("", 1, 0, 596))))
["DEBUG:cterm/class"]
["DEBUG:term/cterms"]
State 17:
Reducing production factor -> term
["DEBUG:termfactor"]
["DEBUG:factor"]
State 23:
Reducing production concatenation -> factor
["DEBUG:concat2"]
State 24:
Reducing production alternation -> concatenation
["DEBUG:alt"]
State 28:
Shifting (BAR) to state 29
State 29:
"["
"1"
"-"
"9"
"]"
Lookahead token is now REGEX (603-604)
Reducing production list(NEWLINE) ->
State 30:
Shifting (REGEX) to state 9
State 9:
"["
"0"
"-"
"9"
"]"
Lookahead token is now REGEX (609-610)
Reducing production term -> REGEX
("DEBUG:class", ("\"TODO\"", (("", 1, 0, 599), ("", 1, 0, 604))))
["DEBUG:cterm/class"]
["DEBUG:term/cterms"]
State 17:
Reducing production factor -> term
["DEBUG:termfactor"]
["DEBUG:factor"]
State 23:
Reducing production concatenation -> factor
["DEBUG:concat2"]
State 31:
Shifting (REGEX) to state 9
State 9:
Lookahead token is now STAR (610-611)
Reducing production term -> REGEX
("DEBUG:class", ("\"TODO\"", (("", 1, 0, 605), ("", 1, 0, 610))))
["DEBUG:cterm/class"]
["DEBUG:term/cterms"]
State 17:
Shifting (STAR) to state 18
State 18:
Lookahead token is now RPAREN (611-612)
Reducing production factor -> term STAR
["DEBUG:star"]
["DEBUG:star"]
["DEBUG:termfactor"]
["DEBUG:factormod"]
State 25:
Reducing production concatenation -> concatenation factor
["DEBUG:concat1"]
State 31:
Reducing production alternation -> alternation BAR list(NEWLINE) concatenation
["DEBUG:alt"]
State 28:
Reducing production rhs -> alternation
["DEBUG:rhs"]
State 21:
Shifting (RPAREN) to state 22
State 22:
Lookahead token is now RPAREN (612-613)
Reducing production term -> LPAREN list(NEWLINE) rhs RPAREN
["DEBUG:rhs"]
["DEBUG:cterm/group"]
["DEBUG:term/cterms"]
State 17:
Reducing production factor -> term
["DEBUG:termfactor"]
["DEBUG:factor"]
State 25:
Reducing production concatenation -> concatenation factor
["DEBUG:concat1"]
State 24:
Reducing production alternation -> concatenation
["DEBUG:alt"]
State 28:
Reducing production rhs -> alternation
["DEBUG:rhs"]
State 21:
Shifting (RPAREN) to state 22
State 22:
"("
Lookahead token is now LPAREN (614-615)
Reducing production term -> LPAREN list(NEWLINE) rhs RPAREN
["DEBUG:rhs"]
["DEBUG:cterm/group"]
["DEBUG:term/cterms"]
State 17:
Reducing production factor -> term
["DEBUG:termfactor"]
["DEBUG:factor"]
State 23:
Reducing production concatenation -> factor
["DEBUG:concat2"]
State 24:
Shifting (LPAREN) to state 11
State 11:
("DEBUG2:rs", 46)
Lookahead token is now QID (617-618)
Reducing production list(NEWLINE) ->
State 12:
Shifting (QID) to state 10
State 10:
"["
"0"
"-"
"9"
"]"
Lookahead token is now REGEX (623-624)
Reducing production term -> QID
("DEBUG:quid", ("\".\"", (("", 1, 0, 615), ("", 1, 0, 618))))
["DEBUG:sterm/quid"]
["DEBUG:term/sterm"]
State 17:
Reducing production factor -> term
["DEBUG:termfactor"]
["DEBUG:factor"]
State 23:
Reducing production concatenation -> factor
["DEBUG:concat2"]
State 24:
Shifting (REGEX) to state 9
State 9:
Lookahead token is now PLUS (624-625)
Reducing production term -> REGEX
("DEBUG:class", ("\"TODO\"", (("", 1, 0, 619), ("", 1, 0, 624))))
["DEBUG:cterm/class"]
["DEBUG:term/cterms"]
State 17:
Shifting (PLUS) to state 20
State 20:
Lookahead token is now RPAREN (625-626)
Reducing production factor -> term PLUS
["DEBUG:plus"]
["DEBUG:mod"]
["DEBUG:termfactor"]
["DEBUG:factormod"]
State 25:
Reducing production concatenation -> concatenation factor
["DEBUG:concat1"]
State 24:
Reducing production alternation -> concatenation
["DEBUG:alt"]
State 28:
Reducing production rhs -> alternation
["DEBUG:rhs"]
State 21:
Shifting (RPAREN) to state 22
State 22:
Lookahead token is now QUESTION (626-627)
Reducing production term -> LPAREN list(NEWLINE) rhs RPAREN
["DEBUG:rhs"]
["DEBUG:cterm/group"]
["DEBUG:term/cterms"]
State 17:
Shifting (QUESTION) to state 19
State 19:
"("
Lookahead token is now LPAREN (628-629)
Reducing production factor -> term QUESTION
["DEBUG:quest"]
["DEBUG:quest"]
["DEBUG:termfactor"]
["DEBUG:factormod"]
State 25:
Reducing production concatenation -> concatenation factor
["DEBUG:concat1"]
State 24:
Shifting (LPAREN) to state 11
State 11:
"["
"e"
"E"
"]"
Lookahead token is now REGEX (632-633)
Reducing production list(NEWLINE) ->
State 12:
Shifting (REGEX) to state 9
State 9:
"["
"-"
"+"
"]"
Lookahead token is now REGEX (637-638)
Reducing production term -> REGEX
("DEBUG:class", ("\"TODO\"", (("", 1, 0, 629), ("", 1, 0, 633))))
["DEBUG:cterm/class"]
["DEBUG:term/cterms"]
State 17:
Reducing production factor -> term
["DEBUG:termfactor"]
["DEBUG:factor"]
State 23:
Reducing production concatenation -> factor
["DEBUG:concat2"]
State 24:
Shifting (REGEX) to state 9
State 9:
Lookahead token is now QUESTION (638-639)
Reducing production term -> REGEX
("DEBUG:class", ("\"TODO\"", (("", 1, 0, 634), ("", 1, 0, 638))))
["DEBUG:cterm/class"]
["DEBUG:term/cterms"]
State 17:
Shifting (QUESTION) to state 19
State 19:
"["
"0"
"-"
"9"
"]"
Lookahead token is now REGEX (644-645)
Reducing production factor -> term QUESTION
["DEBUG:quest"]
["DEBUG:quest"]
["DEBUG:termfactor"]
["DEBUG:factormod"]
State 25:
Reducing production concatenation -> concatenation factor
["DEBUG:concat1"]
State 24:
Shifting (REGEX) to state 9
State 9:
Lookahead token is now PLUS (645-646)
Reducing production term -> REGEX
("DEBUG:class", ("\"TODO\"", (("", 1, 0, 640), ("", 1, 0, 645))))
["DEBUG:cterm/class"]
["DEBUG:term/cterms"]
State 17:
Shifting (PLUS) to state 20
State 20:
Lookahead token is now RPAREN (646-647)
Reducing production factor -> term PLUS
["DEBUG:plus"]
["DEBUG:mod"]
["DEBUG:termfactor"]
["DEBUG:factormod"]
State 25:
Reducing production concatenation -> concatenation factor
["DEBUG:concat1"]
State 24:
Reducing production alternation -> concatenation
["DEBUG:alt"]
State 28:
Reducing production rhs -> alternation
["DEBUG:rhs"]
State 21:
Shifting (RPAREN) to state 22
State 22:
Lookahead token is now QUESTION (647-648)
Reducing production term -> LPAREN list(NEWLINE) rhs RPAREN
["DEBUG:rhs"]
["DEBUG:cterm/group"]
["DEBUG:term/cterms"]
State 17:
Shifting (QUESTION) to state 19
State 19:
Lookahead token is now LID (649-651)
Reducing production factor -> term QUESTION
["DEBUG:quest"]
["DEBUG:quest"]
["DEBUG:termfactor"]
["DEBUG:factormod"]
State 25:
Reducing production concatenation -> concatenation factor
["DEBUG:concat1"]
State 24:
Shifting (LID) to state 13
State 13:
Lookahead token is now NEWLINE (651-652)
Reducing production term -> LID
("DEBUG:lid", ("ws", (("", 1, 0, 649), ("", 1, 0, 651))))
["DEBUG:sterm/lid"]
["DEBUG:term/sterm"]
State 17:
Reducing production factor -> term
["DEBUG:termfactor"]
["DEBUG:factor"]
State 25:
Reducing production concatenation -> concatenation factor
["DEBUG:concat1"]
State 24:
Reducing production alternation -> concatenation
["DEBUG:alt"]
State 28:
Reducing production rhs -> alternation
["DEBUG:rhs"]
State 32:
Reducing production rule -> LID COLONCOLONEQUAL rhs
("DEBUG:rule", ("number", (("", 1, 0, 573), ("", 1, 0, 579))), 0)
State 38:
Shifting (NEWLINE) to state 39
State 39:
Lookahead token is now NEWLINE (652-653)
Shifting (NEWLINE) to state 39
State 39:
Lookahead token is now NEWLINE (653-743)
Shifting (NEWLINE) to state 39
State 39:
Lookahead token is now LID (743-745)
Reducing production nonempty_list(NEWLINE) -> NEWLINE
State 40:
Reducing production nonempty_list(NEWLINE) -> NEWLINE nonempty_list(NEWLINE)
State 40:
Reducing production nonempty_list(NEWLINE) -> NEWLINE nonempty_list(NEWLINE)
State 41:
Shifting (LID) to state 4
State 4:
(1, 749, "::=")
Lookahead token is now COLONCOLONEQUAL (746-749)
Shifting (COLONCOLONEQUAL) to state 5
State 5:
"("
Lookahead token is now LPAREN (750-751)
Shifting (LPAREN) to state 11
State 11:
"["
" "
"\\"
"t"
"\\"
"n"
"]"
Lookahead token is now REGEX (757-758)
Reducing production list(NEWLINE) ->
State 12:
Shifting (REGEX) to state 9
State 9:
Lookahead token is now LID (759-761)
Reducing production term -> REGEX
("DEBUG:class", ("\"TODO\"", (("", 1, 0, 751), ("", 1, 0, 758))))
["DEBUG:cterm/class"]
["DEBUG:term/cterms"]
State 17:
Reducing production factor -> term
["DEBUG:termfactor"]
["DEBUG:factor"]
State 23:
Reducing production concatenation -> factor
["DEBUG:concat2"]
State 24:
Shifting (LID) to state 13
State 13:
Lookahead token is now RPAREN (761-762)
Reducing production term -> LID
("DEBUG:lid", ("ws", (("", 1, 0, 759), ("", 1, 0, 761))))
["DEBUG:sterm/lid"]
["DEBUG:term/sterm"]
State 17:
Reducing production factor -> term
["DEBUG:termfactor"]
["DEBUG:factor"]
State 25:
Reducing production concatenation -> concatenation factor
["DEBUG:concat1"]
State 24:
Reducing production alternation -> concatenation
["DEBUG:alt"]
State 28:
Reducing production rhs -> alternation
["DEBUG:rhs"]
State 21:
Shifting (RPAREN) to state 22
State 22:
Lookahead token is now QUESTION (762-763)
Reducing production term -> LPAREN list(NEWLINE) rhs RPAREN
["DEBUG:rhs"]
["DEBUG:cterm/group"]
["DEBUG:term/cterms"]
State 17:
Shifting (QUESTION) to state 19
State 19:
Lookahead token is now NEWLINE (763-764)
Reducing production factor -> term QUESTION
["DEBUG:quest"]
["DEBUG:quest"]
["DEBUG:termfactor"]
["DEBUG:factormod"]
State 23:
Reducing production concatenation -> factor
["DEBUG:concat2"]
State 24:
Reducing production alternation -> concatenation
["DEBUG:alt"]
State 28:
Reducing production rhs -> alternation
["DEBUG:rhs"]
State 32:
Reducing production rule -> LID COLONCOLONEQUAL rhs
("DEBUG:rule", ("ws", (("", 1, 0, 743), ("", 1, 0, 745))), 0)
State 38:
Shifting (NEWLINE) to state 39
State 39:
Lookahead token is now EOF (764-764)
Initiating error handling
Fatal error: exception Gbnf_parser.SentenceParser.MenhirBasics.Error
Raised at MenhirLib.Engine.Make.loop in file "lib/pack/menhirLib.ml", line 1724, characters 8-19
Called from Dune__exe__Main.grammar_from_channel in file "bin/main.ml", line 7, characters 12-49
Called from Dune__exe__Main.grammar_from_file in file "bin/main.ml", line 12, characters 10-33
Called from Dune__exe__Main in file "bin/main.ml", line 18, characters 10-36
