Done: 2% (9/366, 357 left) (jobs: 0)                                    Done: 18% (72/380, 308 left) (jobs: 0)                                      Hello, World!
State 0:
Lookahead token is now LID (0-4)
Reducing production list(NEWLINE) ->
State 3:
Shifting (LID) to state 4
State 4:
(1, 8, "::=")
Lookahead token is now COLONCOLONEQUAL (5-8)
Shifting (COLONCOLONEQUAL) to state 5
State 5:
Lookahead token is now LID (9-13)
Shifting (LID) to state 13
State 13:
Lookahead token is now PLUS (13-14)
Reducing production term -> LID
("DEBUG:lid", ("item", (("", 1, 0, 9), ("", 1, 0, 13))))
["DEBUG:sterm/lid"]
["DEBUG:term/sterm"]
State 17:
Shifting (PLUS) to state 20
State 20:
Lookahead token is now NEWLINE (14-15)
Reducing production factor -> term PLUS
["DEBUG:plus"]
["DEBUG:mod"]
["DEBUG:termfactor"]
["DEBUG:factormod"]
State 23:
Reducing production concatenation -> factor
["DEBUG:concat2"]
State 24:
Reducing production alternation -> concatenation
["DEBUG:alt"]
State 28:
Reducing production rhs -> alternation
["DEBUG:rhs"]
State 32:
Reducing production rule -> LID COLONCOLONEQUAL rhs
("DEBUG:rule", ("root", (("", 1, 0, 0), ("", 1, 0, 4))), 0)
State 38:
Shifting (NEWLINE) to state 39
State 39:
Lookahead token is now NEWLINE (15-16)
Shifting (NEWLINE) to state 39
State 39:
Lookahead token is now NEWLINE (16-57)
Shifting (NEWLINE) to state 39
State 39:
Lookahead token is now LID (57-61)
Reducing production nonempty_list(NEWLINE) -> NEWLINE
State 40:
Reducing production nonempty_list(NEWLINE) -> NEWLINE nonempty_list(NEWLINE)
State 40:
Reducing production nonempty_list(NEWLINE) -> NEWLINE nonempty_list(NEWLINE)
State 41:
Shifting (LID) to state 4
State 4:
(1, 65, "::=")
Lookahead token is now COLONCOLONEQUAL (62-65)
Shifting (COLONCOLONEQUAL) to state 5
State 5:
("DEBUG2:rs", 45)
("DEBUG2:rs", 32)
Lookahead token is now QID (69-70)
Shifting (QID) to state 10
State 10:
"["
"^"
"\\"
"r"
"\\"
"n"
"\\"
"x"
"0"
"b"
"\\"
"x"
"0"
"c"
"\\"
"x"
"8"
"5"
"\\"
"u"
"2"
"0"
"2"
"8"
"\\"
"u"
"2"
"0"
"2"
"9"
"]"
Lookahead token is now REGEX (101-102)
Reducing production term -> QID
("DEBUG:quid", ("\"- \"", (("", 1, 0, 66), ("", 1, 0, 70))))
["DEBUG:sterm/quid"]
["DEBUG:term/sterm"]
State 17:
Reducing production factor -> term
["DEBUG:termfactor"]
["DEBUG:factor"]
State 23:
Reducing production concatenation -> factor
["DEBUG:concat2"]
State 24:
Shifting (REGEX) to state 9
State 9:
Lookahead token is now PLUS (102-103)
Reducing production term -> REGEX
("DEBUG:class", ("\"TODO\"", (("", 1, 0, 71), ("", 1, 0, 102))))
["DEBUG:cterm/class"]
["DEBUG:term/cterms"]
State 17:
Shifting (PLUS) to state 20
State 20:
("DEBUG2:rs", 92)
("DEBUG2:rs", 110)
Lookahead token is now QID (107-108)
Reducing production factor -> term PLUS
["DEBUG:plus"]
["DEBUG:mod"]
["DEBUG:termfactor"]
["DEBUG:factormod"]
State 25:
Reducing production concatenation -> concatenation factor
["DEBUG:concat1"]
State 24:
Shifting (QID) to state 10
State 10:
Lookahead token is now NEWLINE (108-109)
Reducing production term -> QID
("DEBUG:quid", ("\"\\n\"", (("", 1, 0, 104), ("", 1, 0, 108))))
["DEBUG:sterm/quid"]
["DEBUG:term/sterm"]
State 17:
Reducing production factor -> term
["DEBUG:termfactor"]
["DEBUG:factor"]
State 25:
Reducing production concatenation -> concatenation factor
["DEBUG:concat1"]
State 24:
Reducing production alternation -> concatenation
["DEBUG:alt"]
State 28:
Reducing production rhs -> alternation
["DEBUG:rhs"]
State 32:
Reducing production rule -> LID COLONCOLONEQUAL rhs
("DEBUG:rule", ("item", (("", 1, 0, 57), ("", 1, 0, 61))), 0)
State 38:
Shifting (NEWLINE) to state 39
State 39:
Lookahead token is now EOF (109-109)
Initiating error handling
Fatal error: exception Gbnf_parser.SentenceParser.MenhirBasics.Error
Raised at MenhirLib.Engine.Make.loop in file "lib/pack/menhirLib.ml", line 1724, characters 8-19
Called from Dune__exe__Main.grammar_from_channel in file "bin/main.ml", line 7, characters 12-49
Called from Dune__exe__Main.grammar_from_file in file "bin/main.ml", line 12, characters 10-33
Called from Dune__exe__Main in file "bin/main.ml", line 18, characters 10-36
