Done: 2% (9/366, 357 left) (jobs: 0)                                    Done: 18% (72/380, 308 left) (jobs: 0)                                      Hello, World!
State 0:
Lookahead token is now LID (0-2)
Reducing production list(NEWLINE) ->
State 3:
Shifting (LID) to state 4
State 4:
(1, 6, "::=")
Lookahead token is now COLONCOLONEQUAL (3-6)
Shifting (COLONCOLONEQUAL) to state 5
State 5:
"("
Lookahead token is now LPAREN (7-8)
Shifting (LPAREN) to state 11
State 11:
"["
" "
"\\"
"t"
"\\"
"n"
"]"
Lookahead token is now REGEX (14-15)
Reducing production list(NEWLINE) ->
State 12:
Shifting (REGEX) to state 9
State 9:
Lookahead token is now LID (16-18)
Reducing production term -> REGEX
("DEBUG:class", ("\"TODO\"", (("", 1, 0, 8), ("", 1, 0, 15))))
["DEBUG:cterm/class"]
["DEBUG:term/cterms"]
State 17:
Reducing production factor -> term
["DEBUG:termfactor"]
["DEBUG:factor"]
State 23:
Reducing production concatenation -> factor
["DEBUG:concat2"]
State 24:
Shifting (LID) to state 13
State 13:
Lookahead token is now RPAREN (18-19)
Reducing production term -> LID
("DEBUG:lid", ("ws", (("", 1, 0, 16), ("", 1, 0, 18))))
["DEBUG:sterm/lid"]
["DEBUG:term/sterm"]
State 17:
Reducing production factor -> term
["DEBUG:termfactor"]
["DEBUG:factor"]
State 25:
Reducing production concatenation -> concatenation factor
["DEBUG:concat1"]
State 24:
Reducing production alternation -> concatenation
["DEBUG:alt"]
State 28:
Reducing production rhs -> alternation
["DEBUG:rhs"]
State 21:
Shifting (RPAREN) to state 22
State 22:
Lookahead token is now QUESTION (19-20)
Reducing production term -> LPAREN list(NEWLINE) rhs RPAREN
["DEBUG:rhs"]
["DEBUG:cterm/group"]
["DEBUG:term/cterms"]
State 17:
Shifting (QUESTION) to state 19
State 19:
Lookahead token is now NEWLINE (20-21)
Reducing production factor -> term QUESTION
["DEBUG:quest"]
["DEBUG:quest"]
["DEBUG:termfactor"]
["DEBUG:factormod"]
State 23:
Reducing production concatenation -> factor
["DEBUG:concat2"]
State 24:
Reducing production alternation -> concatenation
["DEBUG:alt"]
State 28:
Reducing production rhs -> alternation
["DEBUG:rhs"]
State 32:
Reducing production rule -> LID COLONCOLONEQUAL rhs
("DEBUG:rule", ("ws", (("", 1, 0, 0), ("", 1, 0, 2))), 0)
State 38:
Shifting (NEWLINE) to state 39
State 39:
Lookahead token is now NEWLINE (21-22)
Shifting (NEWLINE) to state 39
State 39:
Lookahead token is now LID (22-28)
Reducing production nonempty_list(NEWLINE) -> NEWLINE
State 40:
Reducing production nonempty_list(NEWLINE) -> NEWLINE nonempty_list(NEWLINE)
State 41:
Shifting (LID) to state 4
State 4:
(1, 32, "::=")
Lookahead token is now COLONCOLONEQUAL (29-32)
Shifting (COLONCOLONEQUAL) to state 5
State 5:
("DEBUG:rs", "\\\"")
Lookahead token is now QID (37-38)
Shifting (QID) to state 10
State 10:
"("
Lookahead token is now LPAREN (39-40)
Reducing production term -> QID
("DEBUG:quid", ("\"\\\"\"", (("", 1, 0, 34), ("", 1, 0, 38))))
["DEBUG:sterm/quid"]
["DEBUG:term/sterm"]
State 17:
Reducing production factor -> term
["DEBUG:termfactor"]
["DEBUG:factor"]
State 23:
Reducing production concatenation -> factor
["DEBUG:concat2"]
State 24:
Shifting (LPAREN) to state 11
State 11:
"["
"^"
"\""
"\\"
"\\]"
" "
"|"
" "
" "
" "
" "
" "
" "
" "
" "
"\""
"\\"
"\\"
"\""
" "
"("
"["
"\""
"\\"
"\\"
"/"
"b"
"f"
"n"
"r"
"t"
"]"
Lookahead token is now REGEX (80-81)
Reducing production list(NEWLINE) ->
State 12:
Shifting (REGEX) to state 9
State 9:
Lookahead token is now BAR (82-83)
Reducing production term -> REGEX
("DEBUG:class", ("\"TODO\"", (("", 1, 0, 48), ("", 1, 0, 81))))
["DEBUG:cterm/class"]
["DEBUG:term/cterms"]
State 17:
Reducing production factor -> term
["DEBUG:termfactor"]
["DEBUG:factor"]
State 23:
Reducing production concatenation -> factor
["DEBUG:concat2"]
State 24:
Reducing production alternation -> concatenation
["DEBUG:alt"]
State 28:
Shifting (BAR) to state 29
State 29:
("DEBUG2:rs", 117)
Lookahead token is now QID (86-87)
Reducing production list(NEWLINE) ->
State 30:
Shifting (QID) to state 10
State 10:
"["
"0"
"-"
"9"
"a"
"-"
"f"
"A"
"-"
"F"
"]"
Lookahead token is now REGEX (98-99)
Reducing production term -> QID
("DEBUG:quid", ("\"u\"", (("", 1, 0, 84), ("", 1, 0, 87))))
["DEBUG:sterm/quid"]
["DEBUG:term/sterm"]
State 17:
Reducing production factor -> term
["DEBUG:termfactor"]
["DEBUG:factor"]
State 23:
Reducing production concatenation -> factor
["DEBUG:concat2"]
State 31:
Shifting (REGEX) to state 9
State 9:
"["
"0"
"-"
"9"
"a"
"-"
"f"
"A"
"-"
"F"
"]"
Lookahead token is now REGEX (110-111)
Reducing production term -> REGEX
("DEBUG:class", ("\"TODO\"", (("", 1, 0, 88), ("", 1, 0, 99))))
["DEBUG:cterm/class"]
["DEBUG:term/cterms"]
State 17:
Reducing production factor -> term
["DEBUG:termfactor"]
["DEBUG:factor"]
State 25:
Reducing production concatenation -> concatenation factor
["DEBUG:concat1"]
State 31:
Shifting (REGEX) to state 9
State 9:
"["
"0"
"-"
"9"
"a"
"-"
"f"
"A"
"-"
"F"
"]"
Lookahead token is now REGEX (122-123)
Reducing production term -> REGEX
("DEBUG:class", ("\"TODO\"", (("", 1, 0, 100), ("", 1, 0, 111))))
["DEBUG:cterm/class"]
["DEBUG:term/cterms"]
State 17:
Reducing production factor -> term
["DEBUG:termfactor"]
["DEBUG:factor"]
State 25:
Reducing production concatenation -> concatenation factor
["DEBUG:concat1"]
State 31:
Shifting (REGEX) to state 9
State 9:
"["
"0"
"-"
"9"
"a"
"-"
"f"
"A"
"-"
"F"
"]"
Lookahead token is now REGEX (134-135)
Reducing production term -> REGEX
("DEBUG:class", ("\"TODO\"", (("", 1, 0, 112), ("", 1, 0, 123))))
["DEBUG:cterm/class"]
["DEBUG:term/cterms"]
State 17:
Reducing production factor -> term
["DEBUG:termfactor"]
["DEBUG:factor"]
State 25:
Reducing production concatenation -> concatenation factor
["DEBUG:concat1"]
State 31:
Shifting (REGEX) to state 9
State 9:
Lookahead token is now RPAREN (135-136)
Reducing production term -> REGEX
("DEBUG:class", ("\"TODO\"", (("", 1, 0, 124), ("", 1, 0, 135))))
["DEBUG:cterm/class"]
["DEBUG:term/cterms"]
State 17:
Reducing production factor -> term
["DEBUG:termfactor"]
["DEBUG:factor"]
State 25:
Reducing production concatenation -> concatenation factor
["DEBUG:concat1"]
State 31:
Reducing production alternation -> alternation BAR list(NEWLINE) concatenation
["DEBUG:alt"]
State 28:
Reducing production rhs -> alternation
["DEBUG:rhs"]
State 21:
Shifting (RPAREN) to state 22
State 22:
Lookahead token is now STAR (136-137)
Reducing production term -> LPAREN list(NEWLINE) rhs RPAREN
["DEBUG:rhs"]
["DEBUG:cterm/group"]
["DEBUG:term/cterms"]
State 17:
Shifting (STAR) to state 18
State 18:
("DEBUG:rs", "\\\"")
Lookahead token is now QID (141-142)
Reducing production factor -> term STAR
["DEBUG:star"]
["DEBUG:star"]
["DEBUG:termfactor"]
["DEBUG:factormod"]
State 25:
Reducing production concatenation -> concatenation factor
["DEBUG:concat1"]
State 24:
Shifting (QID) to state 10
State 10:
Lookahead token is now LID (143-145)
Reducing production term -> QID
("DEBUG:quid", ("\"\\\"\"", (("", 1, 0, 138), ("", 1, 0, 142))))
["DEBUG:sterm/quid"]
["DEBUG:term/sterm"]
State 17:
Reducing production factor -> term
["DEBUG:termfactor"]
["DEBUG:factor"]
State 25:
Reducing production concatenation -> concatenation factor
["DEBUG:concat1"]
State 24:
Shifting (LID) to state 13
State 13:
Lookahead token is now NEWLINE (145-146)
Reducing production term -> LID
("DEBUG:lid", ("ws", (("", 1, 0, 143), ("", 1, 0, 145))))
["DEBUG:sterm/lid"]
["DEBUG:term/sterm"]
State 17:
Reducing production factor -> term
["DEBUG:termfactor"]
["DEBUG:factor"]
State 25:
Reducing production concatenation -> concatenation factor
["DEBUG:concat1"]
State 24:
Reducing production alternation -> concatenation
["DEBUG:alt"]
State 28:
Reducing production rhs -> alternation
["DEBUG:rhs"]
State 32:
Reducing production rule -> LID COLONCOLONEQUAL rhs
("DEBUG:rule", ("string", (("", 1, 0, 22), ("", 1, 0, 28))), 0)
State 38:
Shifting (NEWLINE) to state 39
State 39:
Lookahead token is now NEWLINE (146-147)
Shifting (NEWLINE) to state 39
State 39:
Lookahead token is now LID (147-151)
Reducing production nonempty_list(NEWLINE) -> NEWLINE
State 40:
Reducing production nonempty_list(NEWLINE) -> NEWLINE nonempty_list(NEWLINE)
State 41:
Shifting (LID) to state 4
State 4:
(1, 155, "::=")
Lookahead token is now COLONCOLONEQUAL (152-155)
Shifting (COLONCOLONEQUAL) to state 5
State 5:
("DEBUG2:rs", 123)
Lookahead token is now QID (158-159)
Shifting (QID) to state 10
State 10:
Lookahead token is now LID (160-162)
Reducing production term -> QID
("DEBUG:quid", ("\"{\"", (("", 1, 0, 156), ("", 1, 0, 159))))
["DEBUG:sterm/quid"]
["DEBUG:term/sterm"]
State 17:
Reducing production factor -> term
["DEBUG:termfactor"]
["DEBUG:factor"]
State 23:
Reducing production concatenation -> factor
["DEBUG:concat2"]
State 24:
Shifting (LID) to state 13
State 13:
("DEBUG:rs", "\\\"")
("DEBUG2:rs", 105)
("DEBUG2:rs", 100)
("DEBUG:rs", "\\\"")
Lookahead token is now QID (170-171)
Reducing production term -> LID
("DEBUG:lid", ("ws", (("", 1, 0, 160), ("", 1, 0, 162))))
["DEBUG:sterm/lid"]
["DEBUG:term/sterm"]
State 17:
Reducing production factor -> term
["DEBUG:termfactor"]
["DEBUG:factor"]
State 25:
Reducing production concatenation -> concatenation factor
["DEBUG:concat1"]
State 24:
Shifting (QID) to state 10
State 10:
Lookahead token is now LID (172-174)
Reducing production term -> QID
("DEBUG:quid", ("\"\\\"id\\\"\"", (("", 1, 0, 163), ("", 1, 0, 171))))
["DEBUG:sterm/quid"]
["DEBUG:term/sterm"]
State 17:
Reducing production factor -> term
["DEBUG:termfactor"]
["DEBUG:factor"]
State 25:
Reducing production concatenation -> concatenation factor
["DEBUG:concat1"]
State 24:
Shifting (LID) to state 13
State 13:
("DEBUG2:rs", 58)
Lookahead token is now QID (177-178)
Reducing production term -> LID
("DEBUG:lid", ("ws", (("", 1, 0, 172), ("", 1, 0, 174))))
["DEBUG:sterm/lid"]
["DEBUG:term/sterm"]
State 17:
Reducing production factor -> term
["DEBUG:termfactor"]
["DEBUG:factor"]
State 25:
Reducing production concatenation -> concatenation factor
["DEBUG:concat1"]
State 24:
Shifting (QID) to state 10
State 10:
Lookahead token is now LID (179-181)
Reducing production term -> QID
("DEBUG:quid", ("\":\"", (("", 1, 0, 175), ("", 1, 0, 178))))
["DEBUG:sterm/quid"]
["DEBUG:term/sterm"]
State 17:
Reducing production factor -> term
["DEBUG:termfactor"]
["DEBUG:factor"]
State 25:
Reducing production concatenation -> concatenation factor
["DEBUG:concat1"]
State 24:
Shifting (LID) to state 13
State 13:
Lookahead token is now LID (182-188)
Reducing production term -> LID
("DEBUG:lid", ("ws", (("", 1, 0, 179), ("", 1, 0, 181))))
["DEBUG:sterm/lid"]
["DEBUG:term/sterm"]
State 17:
Reducing production factor -> term
["DEBUG:termfactor"]
["DEBUG:factor"]
State 25:
Reducing production concatenation -> concatenation factor
["DEBUG:concat1"]
State 24:
Shifting (LID) to state 13
State 13:
("DEBUG2:rs", 44)
Lookahead token is now QID (191-192)
Reducing production term -> LID
("DEBUG:lid", ("string", (("", 1, 0, 182), ("", 1, 0, 188))))
["DEBUG:sterm/lid"]
["DEBUG:term/sterm"]
State 17:
Reducing production factor -> term
["DEBUG:termfactor"]
["DEBUG:factor"]
State 25:
Reducing production concatenation -> concatenation factor
["DEBUG:concat1"]
State 24:
Shifting (QID) to state 10
State 10:
Lookahead token is now LID (193-195)
Reducing production term -> QID
("DEBUG:quid", ("\",\"", (("", 1, 0, 189), ("", 1, 0, 192))))
["DEBUG:sterm/quid"]
["DEBUG:term/sterm"]
State 17:
Reducing production factor -> term
["DEBUG:termfactor"]
["DEBUG:factor"]
State 25:
Reducing production concatenation -> concatenation factor
["DEBUG:concat1"]
State 24:
Shifting (LID) to state 13
State 13:
("DEBUG:rs", "\\\"")
("DEBUG2:rs", 112)
("DEBUG2:rs", 97)
("DEBUG2:rs", 114)
("DEBUG2:rs", 97)
("DEBUG2:rs", 109)
("DEBUG2:rs", 101)
("DEBUG2:rs", 116)
("DEBUG2:rs", 101)
("DEBUG2:rs", 114)
("DEBUG2:rs", 115)
("DEBUG:rs", "\\\"")
Lookahead token is now QID (211-212)
Reducing production term -> LID
("DEBUG:lid", ("ws", (("", 1, 0, 193), ("", 1, 0, 195))))
["DEBUG:sterm/lid"]
["DEBUG:term/sterm"]
State 17:
Reducing production factor -> term
["DEBUG:termfactor"]
["DEBUG:factor"]
State 25:
Reducing production concatenation -> concatenation factor
["DEBUG:concat1"]
State 24:
Shifting (QID) to state 10
State 10:
Lookahead token is now LID (213-215)
Reducing production term -> QID
("DEBUG:quid", ("\"\\\"parameters\\\"\"", (("", 1, 0, 196), ("", 1, 0, 212))))
["DEBUG:sterm/quid"]
["DEBUG:term/sterm"]
State 17:
Reducing production factor -> term
["DEBUG:termfactor"]
["DEBUG:factor"]
State 25:
Reducing production concatenation -> concatenation factor
["DEBUG:concat1"]
State 24:
Shifting (LID) to state 13
State 13:
("DEBUG2:rs", 58)
Lookahead token is now QID (218-219)
Reducing production term -> LID
("DEBUG:lid", ("ws", (("", 1, 0, 213), ("", 1, 0, 215))))
["DEBUG:sterm/lid"]
["DEBUG:term/sterm"]
State 17:
Reducing production factor -> term
["DEBUG:termfactor"]
["DEBUG:factor"]
State 25:
Reducing production concatenation -> concatenation factor
["DEBUG:concat1"]
State 24:
Shifting (QID) to state 10
State 10:
Lookahead token is now LID (220-222)
Reducing production term -> QID
("DEBUG:quid", ("\":\"", (("", 1, 0, 216), ("", 1, 0, 219))))
["DEBUG:sterm/quid"]
["DEBUG:term/sterm"]
State 17:
Reducing production factor -> term
["DEBUG:termfactor"]
["DEBUG:factor"]
State 25:
Reducing production concatenation -> concatenation factor
["DEBUG:concat1"]
State 24:
Shifting (LID) to state 13
State 13:
Lookahead token is now LID (223-238)
Reducing production term -> LID
("DEBUG:lid", ("ws", (("", 1, 0, 220), ("", 1, 0, 222))))
["DEBUG:sterm/lid"]
["DEBUG:term/sterm"]
State 17:
Reducing production factor -> term
["DEBUG:termfactor"]
["DEBUG:factor"]
State 25:
Reducing production concatenation -> concatenation factor
["DEBUG:concat1"]
State 24:
Shifting (LID) to state 13
State 13:
("DEBUG2:rs", 125)
Lookahead token is now QID (241-242)
Reducing production term -> LID
("DEBUG:lid", ("item-parameters", (("", 1, 0, 223), ("", 1, 0, 238))))
["DEBUG:sterm/lid"]
["DEBUG:term/sterm"]
State 17:
Reducing production factor -> term
["DEBUG:termfactor"]
["DEBUG:factor"]
State 25:
Reducing production concatenation -> concatenation factor
["DEBUG:concat1"]
State 24:
Shifting (QID) to state 10
State 10:
Lookahead token is now LID (243-245)
Reducing production term -> QID
("DEBUG:quid", ("\"}\"", (("", 1, 0, 239), ("", 1, 0, 242))))
["DEBUG:sterm/quid"]
["DEBUG:term/sterm"]
State 17:
Reducing production factor -> term
["DEBUG:termfactor"]
["DEBUG:factor"]
State 25:
Reducing production concatenation -> concatenation factor
["DEBUG:concat1"]
State 24:
Shifting (LID) to state 13
State 13:
Lookahead token is now NEWLINE (245-246)
Reducing production term -> LID
("DEBUG:lid", ("ws", (("", 1, 0, 243), ("", 1, 0, 245))))
["DEBUG:sterm/lid"]
["DEBUG:term/sterm"]
State 17:
Reducing production factor -> term
["DEBUG:termfactor"]
["DEBUG:factor"]
State 25:
Reducing production concatenation -> concatenation factor
["DEBUG:concat1"]
State 24:
Reducing production alternation -> concatenation
["DEBUG:alt"]
State 28:
Reducing production rhs -> alternation
["DEBUG:rhs"]
State 32:
Reducing production rule -> LID COLONCOLONEQUAL rhs
("DEBUG:rule", ("item", (("", 1, 0, 147), ("", 1, 0, 151))), 0)
State 38:
Shifting (NEWLINE) to state 39
State 39:
Lookahead token is now NEWLINE (246-247)
Shifting (NEWLINE) to state 39
State 39:
Lookahead token is now LID (247-267)
Reducing production nonempty_list(NEWLINE) -> NEWLINE
State 40:
Reducing production nonempty_list(NEWLINE) -> NEWLINE nonempty_list(NEWLINE)
State 41:
Shifting (LID) to state 4
State 4:
(1, 271, "::=")
Lookahead token is now COLONCOLONEQUAL (268-271)
Shifting (COLONCOLONEQUAL) to state 5
State 5:
("DEBUG2:rs", 123)
Lookahead token is now QID (274-275)
Shifting (QID) to state 10
State 10:
Lookahead token is now LID (276-278)
Reducing production term -> QID
("DEBUG:quid", ("\"{\"", (("", 1, 0, 272), ("", 1, 0, 275))))
["DEBUG:sterm/quid"]
["DEBUG:term/sterm"]
State 17:
Reducing production factor -> term
["DEBUG:termfactor"]
["DEBUG:factor"]
State 23:
Reducing production concatenation -> factor
["DEBUG:concat2"]
State 24:
Shifting (LID) to state 13
State 13:
("DEBUG:rs", "\\\"")
("DEBUG2:rs", 110)
("DEBUG2:rs", 97)
("DEBUG2:rs", 109)
("DEBUG2:rs", 101)
("DEBUG:rs", "\\\"")
Lookahead token is now QID (288-289)
Reducing production term -> LID
("DEBUG:lid", ("ws", (("", 1, 0, 276), ("", 1, 0, 278))))
["DEBUG:sterm/lid"]
["DEBUG:term/sterm"]
State 17:
Reducing production factor -> term
["DEBUG:termfactor"]
["DEBUG:factor"]
State 25:
Reducing production concatenation -> concatenation factor
["DEBUG:concat1"]
State 24:
Shifting (QID) to state 10
State 10:
Lookahead token is now LID (290-292)
Reducing production term -> QID
("DEBUG:quid", ("\"\\\"name\\\"\"", (("", 1, 0, 279), ("", 1, 0, 289))))
["DEBUG:sterm/quid"]
["DEBUG:term/sterm"]
State 17:
Reducing production factor -> term
["DEBUG:termfactor"]
["DEBUG:factor"]
State 25:
Reducing production concatenation -> concatenation factor
["DEBUG:concat1"]
State 24:
Shifting (LID) to state 13
State 13:
("DEBUG2:rs", 58)
Lookahead token is now QID (295-296)
Reducing production term -> LID
("DEBUG:lid", ("ws", (("", 1, 0, 290), ("", 1, 0, 292))))
["DEBUG:sterm/lid"]
["DEBUG:term/sterm"]
State 17:
Reducing production factor -> term
["DEBUG:termfactor"]
["DEBUG:factor"]
State 25:
Reducing production concatenation -> concatenation factor
["DEBUG:concat1"]
State 24:
Shifting (QID) to state 10
State 10:
Lookahead token is now LID (297-299)
Reducing production term -> QID
("DEBUG:quid", ("\":\"", (("", 1, 0, 293), ("", 1, 0, 296))))
["DEBUG:sterm/quid"]
["DEBUG:term/sterm"]
State 17:
Reducing production factor -> term
["DEBUG:termfactor"]
["DEBUG:factor"]
State 25:
Reducing production concatenation -> concatenation factor
["DEBUG:concat1"]
State 24:
Shifting (LID) to state 13
State 13:
Lookahead token is now LID (300-306)
Reducing production term -> LID
("DEBUG:lid", ("ws", (("", 1, 0, 297), ("", 1, 0, 299))))
["DEBUG:sterm/lid"]
["DEBUG:term/sterm"]
State 17:
Reducing production factor -> term
["DEBUG:termfactor"]
["DEBUG:factor"]
State 25:
Reducing production concatenation -> concatenation factor
["DEBUG:concat1"]
State 24:
Shifting (LID) to state 13
State 13:
("DEBUG2:rs", 44)
Lookahead token is now QID (309-310)
Reducing production term -> LID
("DEBUG:lid", ("string", (("", 1, 0, 300), ("", 1, 0, 306))))
["DEBUG:sterm/lid"]
["DEBUG:term/sterm"]
State 17:
Reducing production factor -> term
["DEBUG:termfactor"]
["DEBUG:factor"]
State 25:
Reducing production concatenation -> concatenation factor
["DEBUG:concat1"]
State 24:
Shifting (QID) to state 10
State 10:
Lookahead token is now LID (311-313)
Reducing production term -> QID
("DEBUG:quid", ("\",\"", (("", 1, 0, 307), ("", 1, 0, 310))))
["DEBUG:sterm/quid"]
["DEBUG:term/sterm"]
State 17:
Reducing production factor -> term
["DEBUG:termfactor"]
["DEBUG:factor"]
State 25:
Reducing production concatenation -> concatenation factor
["DEBUG:concat1"]
State 24:
Shifting (LID) to state 13
State 13:
("DEBUG:rs", "\\\"")
("DEBUG2:rs", 118)
("DEBUG2:rs", 97)
("DEBUG2:rs", 108)
("DEBUG2:rs", 117)
("DEBUG2:rs", 101)
("DEBUG:rs", "\\\"")
Lookahead token is now QID (324-325)
Reducing production term -> LID
("DEBUG:lid", ("ws", (("", 1, 0, 311), ("", 1, 0, 313))))
["DEBUG:sterm/lid"]
["DEBUG:term/sterm"]
State 17:
Reducing production factor -> term
["DEBUG:termfactor"]
["DEBUG:factor"]
State 25:
Reducing production concatenation -> concatenation factor
["DEBUG:concat1"]
State 24:
Shifting (QID) to state 10
State 10:
Lookahead token is now LID (326-328)
Reducing production term -> QID
("DEBUG:quid", ("\"\\\"value\\\"\"", (("", 1, 0, 314), ("", 1, 0, 325))))
["DEBUG:sterm/quid"]
["DEBUG:term/sterm"]
State 17:
Reducing production factor -> term
["DEBUG:termfactor"]
["DEBUG:factor"]
State 25:
Reducing production concatenation -> concatenation factor
["DEBUG:concat1"]
State 24:
Shifting (LID) to state 13
State 13:
("DEBUG2:rs", 58)
Lookahead token is now QID (331-332)
Reducing production term -> LID
("DEBUG:lid", ("ws", (("", 1, 0, 326), ("", 1, 0, 328))))
["DEBUG:sterm/lid"]
["DEBUG:term/sterm"]
State 17:
Reducing production factor -> term
["DEBUG:termfactor"]
["DEBUG:factor"]
State 25:
Reducing production concatenation -> concatenation factor
["DEBUG:concat1"]
State 24:
Shifting (QID) to state 10
State 10:
Lookahead token is now LID (333-335)
Reducing production term -> QID
("DEBUG:quid", ("\":\"", (("", 1, 0, 329), ("", 1, 0, 332))))
["DEBUG:sterm/quid"]
["DEBUG:term/sterm"]
State 17:
Reducing production factor -> term
["DEBUG:termfactor"]
["DEBUG:factor"]
State 25:
Reducing production concatenation -> concatenation factor
["DEBUG:concat1"]
State 24:
Shifting (LID) to state 13
State 13:
Lookahead token is now LID (336-342)
Reducing production term -> LID
("DEBUG:lid", ("ws", (("", 1, 0, 333), ("", 1, 0, 335))))
["DEBUG:sterm/lid"]
["DEBUG:term/sterm"]
State 17:
Reducing production factor -> term
["DEBUG:termfactor"]
["DEBUG:factor"]
State 25:
Reducing production concatenation -> concatenation factor
["DEBUG:concat1"]
State 24:
Shifting (LID) to state 13
State 13:
("DEBUG2:rs", 125)
Lookahead token is now QID (345-346)
Reducing production term -> LID
("DEBUG:lid", ("string", (("", 1, 0, 336), ("", 1, 0, 342))))
["DEBUG:sterm/lid"]
["DEBUG:term/sterm"]
State 17:
Reducing production factor -> term
["DEBUG:termfactor"]
["DEBUG:factor"]
State 25:
Reducing production concatenation -> concatenation factor
["DEBUG:concat1"]
State 24:
Shifting (QID) to state 10
State 10:
Lookahead token is now LID (347-349)
Reducing production term -> QID
("DEBUG:quid", ("\"}\"", (("", 1, 0, 343), ("", 1, 0, 346))))
["DEBUG:sterm/quid"]
["DEBUG:term/sterm"]
State 17:
Reducing production factor -> term
["DEBUG:termfactor"]
["DEBUG:factor"]
State 25:
Reducing production concatenation -> concatenation factor
["DEBUG:concat1"]
State 24:
Shifting (LID) to state 13
State 13:
Lookahead token is now NEWLINE (349-350)
Reducing production term -> LID
("DEBUG:lid", ("ws", (("", 1, 0, 347), ("", 1, 0, 349))))
["DEBUG:sterm/lid"]
["DEBUG:term/sterm"]
State 17:
Reducing production factor -> term
["DEBUG:termfactor"]
["DEBUG:factor"]
State 25:
Reducing production concatenation -> concatenation factor
["DEBUG:concat1"]
State 24:
Reducing production alternation -> concatenation
["DEBUG:alt"]
State 28:
Reducing production rhs -> alternation
["DEBUG:rhs"]
State 32:
Reducing production rule -> LID COLONCOLONEQUAL rhs
("DEBUG:rule", ("item-parameters-item", (("", 1, 0, 247), ("", 1, 0, 267))), 0)
State 38:
Shifting (NEWLINE) to state 39
State 39:
Lookahead token is now NEWLINE (350-351)
Shifting (NEWLINE) to state 39
State 39:
Lookahead token is now LID (351-366)
Reducing production nonempty_list(NEWLINE) -> NEWLINE
State 40:
Reducing production nonempty_list(NEWLINE) -> NEWLINE nonempty_list(NEWLINE)
State 41:
Shifting (LID) to state 4
State 4:
(1, 370, "::=")
Lookahead token is now COLONCOLONEQUAL (367-370)
Shifting (COLONCOLONEQUAL) to state 5
State 5:
("DEBUG2:rs", 91)
Lookahead token is now QID (373-374)
Shifting (QID) to state 10
State 10:
Lookahead token is now LID (375-377)
Reducing production term -> QID
("DEBUG:quid", ("\"[\"", (("", 1, 0, 371), ("", 1, 0, 374))))
["DEBUG:sterm/quid"]
["DEBUG:term/sterm"]
State 17:
Reducing production factor -> term
["DEBUG:termfactor"]
["DEBUG:factor"]
State 23:
Reducing production concatenation -> factor
["DEBUG:concat2"]
State 24:
Shifting (LID) to state 13
State 13:
"("
Lookahead token is now LPAREN (378-379)
Reducing production term -> LID
("DEBUG:lid", ("ws", (("", 1, 0, 375), ("", 1, 0, 377))))
["DEBUG:sterm/lid"]
["DEBUG:term/sterm"]
State 17:
Reducing production factor -> term
["DEBUG:termfactor"]
["DEBUG:factor"]
State 25:
Reducing production concatenation -> concatenation factor
["DEBUG:concat1"]
State 24:
Shifting (LPAREN) to state 11
State 11:
Lookahead token is now LID (379-399)
Reducing production list(NEWLINE) ->
State 12:
Shifting (LID) to state 13
State 13:
"("
Lookahead token is now LPAREN (400-401)
Reducing production term -> LID
("DEBUG:lid", ("item-parameters-item", (("", 1, 0, 379), ("", 1, 0, 399))))
["DEBUG:sterm/lid"]
["DEBUG:term/sterm"]
State 17:
Reducing production factor -> term
["DEBUG:termfactor"]
["DEBUG:factor"]
State 23:
Reducing production concatenation -> factor
["DEBUG:concat2"]
State 24:
Shifting (LPAREN) to state 11
State 11:
("DEBUG2:rs", 44)
Lookahead token is now QID (403-404)
Reducing production list(NEWLINE) ->
State 12:
Shifting (QID) to state 10
State 10:
Lookahead token is now LID (405-407)
Reducing production term -> QID
("DEBUG:quid", ("\",\"", (("", 1, 0, 401), ("", 1, 0, 404))))
["DEBUG:sterm/quid"]
["DEBUG:term/sterm"]
State 17:
Reducing production factor -> term
["DEBUG:termfactor"]
["DEBUG:factor"]
State 23:
Reducing production concatenation -> factor
["DEBUG:concat2"]
State 24:
Shifting (LID) to state 13
State 13:
Lookahead token is now LID (408-428)
Reducing production term -> LID
("DEBUG:lid", ("ws", (("", 1, 0, 405), ("", 1, 0, 407))))
["DEBUG:sterm/lid"]
["DEBUG:term/sterm"]
State 17:
Reducing production factor -> term
["DEBUG:termfactor"]
["DEBUG:factor"]
State 25:
Reducing production concatenation -> concatenation factor
["DEBUG:concat1"]
State 24:
Shifting (LID) to state 13
State 13:
Lookahead token is now RPAREN (428-429)
Reducing production term -> LID
("DEBUG:lid", ("item-parameters-item", (("", 1, 0, 408), ("", 1, 0, 428))))
["DEBUG:sterm/lid"]
["DEBUG:term/sterm"]
State 17:
Reducing production factor -> term
["DEBUG:termfactor"]
["DEBUG:factor"]
State 25:
Reducing production concatenation -> concatenation factor
["DEBUG:concat1"]
State 24:
Reducing production alternation -> concatenation
["DEBUG:alt"]
State 28:
Reducing production rhs -> alternation
["DEBUG:rhs"]
State 21:
Shifting (RPAREN) to state 22
State 22:
Lookahead token is now STAR (429-430)
Reducing production term -> LPAREN list(NEWLINE) rhs RPAREN
["DEBUG:rhs"]
["DEBUG:cterm/group"]
["DEBUG:term/cterms"]
State 17:
Shifting (STAR) to state 18
State 18:
Lookahead token is now RPAREN (430-431)
Reducing production factor -> term STAR
["DEBUG:star"]
["DEBUG:star"]
["DEBUG:termfactor"]
["DEBUG:factormod"]
State 25:
Reducing production concatenation -> concatenation factor
["DEBUG:concat1"]
State 24:
Reducing production alternation -> concatenation
["DEBUG:alt"]
State 28:
Reducing production rhs -> alternation
["DEBUG:rhs"]
State 21:
Shifting (RPAREN) to state 22
State 22:
Lookahead token is now QUESTION (431-432)
Reducing production term -> LPAREN list(NEWLINE) rhs RPAREN
["DEBUG:rhs"]
["DEBUG:cterm/group"]
["DEBUG:term/cterms"]
State 17:
Shifting (QUESTION) to state 19
State 19:
("DEBUG2:rs", 93)
Lookahead token is now QID (435-436)
Reducing production factor -> term QUESTION
["DEBUG:quest"]
["DEBUG:quest"]
["DEBUG:termfactor"]
["DEBUG:factormod"]
State 25:
Reducing production concatenation -> concatenation factor
["DEBUG:concat1"]
State 24:
Shifting (QID) to state 10
State 10:
Lookahead token is now LID (437-439)
Reducing production term -> QID
("DEBUG:quid", ("\"]\"", (("", 1, 0, 433), ("", 1, 0, 436))))
["DEBUG:sterm/quid"]
["DEBUG:term/sterm"]
State 17:
Reducing production factor -> term
["DEBUG:termfactor"]
["DEBUG:factor"]
State 25:
Reducing production concatenation -> concatenation factor
["DEBUG:concat1"]
State 24:
Shifting (LID) to state 13
State 13:
Lookahead token is now NEWLINE (439-440)
Reducing production term -> LID
("DEBUG:lid", ("ws", (("", 1, 0, 437), ("", 1, 0, 439))))
["DEBUG:sterm/lid"]
["DEBUG:term/sterm"]
State 17:
Reducing production factor -> term
["DEBUG:termfactor"]
["DEBUG:factor"]
State 25:
Reducing production concatenation -> concatenation factor
["DEBUG:concat1"]
State 24:
Reducing production alternation -> concatenation
["DEBUG:alt"]
State 28:
Reducing production rhs -> alternation
["DEBUG:rhs"]
State 32:
Reducing production rule -> LID COLONCOLONEQUAL rhs
("DEBUG:rule", ("item-parameters", (("", 1, 0, 351), ("", 1, 0, 366))), 0)
State 38:
Shifting (NEWLINE) to state 39
State 39:
Lookahead token is now NEWLINE (440-441)
Shifting (NEWLINE) to state 39
State 39:
Lookahead token is now NEWLINE (441-442)
Shifting (NEWLINE) to state 39
State 39:
Lookahead token is now NEWLINE (442-443)
Shifting (NEWLINE) to state 39
State 39:
Lookahead token is now LID (443-447)
Reducing production nonempty_list(NEWLINE) -> NEWLINE
State 40:
Reducing production nonempty_list(NEWLINE) -> NEWLINE nonempty_list(NEWLINE)
State 40:
Reducing production nonempty_list(NEWLINE) -> NEWLINE nonempty_list(NEWLINE)
State 40:
Reducing production nonempty_list(NEWLINE) -> NEWLINE nonempty_list(NEWLINE)
State 41:
Shifting (LID) to state 4
State 4:
(1, 451, "::=")
Lookahead token is now COLONCOLONEQUAL (448-451)
Shifting (COLONCOLONEQUAL) to state 5
State 5:
("DEBUG2:rs", 91)
Lookahead token is now QID (454-455)
Shifting (QID) to state 10
State 10:
Lookahead token is now LID (456-458)
Reducing production term -> QID
("DEBUG:quid", ("\"[\"", (("", 1, 0, 452), ("", 1, 0, 455))))
["DEBUG:sterm/quid"]
["DEBUG:term/sterm"]
State 17:
Reducing production factor -> term
["DEBUG:termfactor"]
["DEBUG:factor"]
State 23:
Reducing production concatenation -> factor
["DEBUG:concat2"]
State 24:
Shifting (LID) to state 13
State 13:
"("
Lookahead token is now LPAREN (459-460)
Reducing production term -> LID
("DEBUG:lid", ("ws", (("", 1, 0, 456), ("", 1, 0, 458))))
["DEBUG:sterm/lid"]
["DEBUG:term/sterm"]
State 17:
Reducing production factor -> term
["DEBUG:termfactor"]
["DEBUG:factor"]
State 25:
Reducing production concatenation -> concatenation factor
["DEBUG:concat1"]
State 24:
Shifting (LPAREN) to state 11
State 11:
Lookahead token is now LID (460-464)
Reducing production list(NEWLINE) ->
State 12:
Shifting (LID) to state 13
State 13:
"("
Lookahead token is now LPAREN (465-466)
Reducing production term -> LID
("DEBUG:lid", ("item", (("", 1, 0, 460), ("", 1, 0, 464))))
["DEBUG:sterm/lid"]
["DEBUG:term/sterm"]
State 17:
Reducing production factor -> term
["DEBUG:termfactor"]
["DEBUG:factor"]
State 23:
Reducing production concatenation -> factor
["DEBUG:concat2"]
State 24:
Shifting (LPAREN) to state 11
State 11:
("DEBUG2:rs", 44)
Lookahead token is now QID (468-469)
Reducing production list(NEWLINE) ->
State 12:
Shifting (QID) to state 10
State 10:
Lookahead token is now LID (470-472)
Reducing production term -> QID
("DEBUG:quid", ("\",\"", (("", 1, 0, 466), ("", 1, 0, 469))))
["DEBUG:sterm/quid"]
["DEBUG:term/sterm"]
State 17:
Reducing production factor -> term
["DEBUG:termfactor"]
["DEBUG:factor"]
State 23:
Reducing production concatenation -> factor
["DEBUG:concat2"]
State 24:
Shifting (LID) to state 13
State 13:
Lookahead token is now LID (473-477)
Reducing production term -> LID
("DEBUG:lid", ("ws", (("", 1, 0, 470), ("", 1, 0, 472))))
["DEBUG:sterm/lid"]
["DEBUG:term/sterm"]
State 17:
Reducing production factor -> term
["DEBUG:termfactor"]
["DEBUG:factor"]
State 25:
Reducing production concatenation -> concatenation factor
["DEBUG:concat1"]
State 24:
Shifting (LID) to state 13
State 13:
Lookahead token is now RPAREN (477-478)
Reducing production term -> LID
("DEBUG:lid", ("item", (("", 1, 0, 473), ("", 1, 0, 477))))
["DEBUG:sterm/lid"]
["DEBUG:term/sterm"]
State 17:
Reducing production factor -> term
["DEBUG:termfactor"]
["DEBUG:factor"]
State 25:
Reducing production concatenation -> concatenation factor
["DEBUG:concat1"]
State 24:
Reducing production alternation -> concatenation
["DEBUG:alt"]
State 28:
Reducing production rhs -> alternation
["DEBUG:rhs"]
State 21:
Shifting (RPAREN) to state 22
State 22:
Lookahead token is now STAR (478-479)
Reducing production term -> LPAREN list(NEWLINE) rhs RPAREN
["DEBUG:rhs"]
["DEBUG:cterm/group"]
["DEBUG:term/cterms"]
State 17:
Shifting (STAR) to state 18
State 18:
Lookahead token is now RPAREN (479-480)
Reducing production factor -> term STAR
["DEBUG:star"]
["DEBUG:star"]
["DEBUG:termfactor"]
["DEBUG:factormod"]
State 25:
Reducing production concatenation -> concatenation factor
["DEBUG:concat1"]
State 24:
Reducing production alternation -> concatenation
["DEBUG:alt"]
State 28:
Reducing production rhs -> alternation
["DEBUG:rhs"]
State 21:
Shifting (RPAREN) to state 22
State 22:
Lookahead token is now QUESTION (480-481)
Reducing production term -> LPAREN list(NEWLINE) rhs RPAREN
["DEBUG:rhs"]
["DEBUG:cterm/group"]
["DEBUG:term/cterms"]
State 17:
Shifting (QUESTION) to state 19
State 19:
("DEBUG2:rs", 93)
Lookahead token is now QID (484-485)
Reducing production factor -> term QUESTION
["DEBUG:quest"]
["DEBUG:quest"]
["DEBUG:termfactor"]
["DEBUG:factormod"]
State 25:
Reducing production concatenation -> concatenation factor
["DEBUG:concat1"]
State 24:
Shifting (QID) to state 10
State 10:
Lookahead token is now LID (486-488)
Reducing production term -> QID
("DEBUG:quid", ("\"]\"", (("", 1, 0, 482), ("", 1, 0, 485))))
["DEBUG:sterm/quid"]
["DEBUG:term/sterm"]
State 17:
Reducing production factor -> term
["DEBUG:termfactor"]
["DEBUG:factor"]
State 25:
Reducing production concatenation -> concatenation factor
["DEBUG:concat1"]
State 24:
Shifting (LID) to state 13
State 13:
Lookahead token is now NEWLINE (488-489)
Reducing production term -> LID
("DEBUG:lid", ("ws", (("", 1, 0, 486), ("", 1, 0, 488))))
["DEBUG:sterm/lid"]
["DEBUG:term/sterm"]
State 17:
Reducing production factor -> term
["DEBUG:termfactor"]
["DEBUG:factor"]
State 25:
Reducing production concatenation -> concatenation factor
["DEBUG:concat1"]
State 24:
Reducing production alternation -> concatenation
["DEBUG:alt"]
State 28:
Reducing production rhs -> alternation
["DEBUG:rhs"]
State 32:
Reducing production rule -> LID COLONCOLONEQUAL rhs
("DEBUG:rule", ("root", (("", 1, 0, 443), ("", 1, 0, 447))), 0)
State 38:
Shifting (NEWLINE) to state 39
State 39:
Lookahead token is now EOF (489-489)
Initiating error handling
Fatal error: exception Gbnf_parser.SentenceParser.MenhirBasics.Error
Raised at MenhirLib.Engine.Make.loop in file "lib/pack/menhirLib.ml", line 1724, characters 8-19
Called from Dune__exe__Main.grammar_from_channel in file "bin/main.ml", line 7, characters 12-49
Called from Dune__exe__Main.grammar_from_file in file "bin/main.ml", line 12, characters 10-33
Called from Dune__exe__Main in file "bin/main.ml", line 18, characters 10-36
