Done: 90% (284/315, 31 left) (jobs: 0)                                      Hello, World!
State 0:
Lookahead token is now NEWLINE (0-60)
Shifting (NEWLINE) to state 1
State 1:
Lookahead token is now LID (60-64)
Reducing production list(NEWLINE) ->
State 2:
Reducing production list(NEWLINE) -> NEWLINE list(NEWLINE)
State 3:
Shifting (LID) to state 4
State 4:
(1, 68, "::=")
Lookahead token is now COLONCOLONEQUAL (65-68)
Shifting (COLONCOLONEQUAL) to state 5
State 5:
"("
Lookahead token is now LPAREN (69-70)
Shifting (LPAREN) to state 11
State 11:
Lookahead token is now LID (72-81)
Reducing production list(NEWLINE) ->
State 12:
Shifting (LID) to state 13
State 13:
("DEBUG2:rs", 41)
("DEBUG2:rs", 58)
("DEBUG2:rs", 32)
Lookahead token is now QID (86-87)
Reducing production term -> LID
State 17:
Reducing production factor -> term
State 23:
Reducing production concatenation -> factor
State 24:
Shifting (QID) to state 10
State 10:
Lookahead token is now LID (88-95)
Reducing production term -> QID
State 17:
Reducing production factor -> term
State 25:
Reducing production concatenation -> concatenation factor
State 24:
Shifting (LID) to state 13
State 13:
("DEBUG2:rs", 92)
("DEBUG2:rs", 110)
Lookahead token is now QID (99-100)
Reducing production term -> LID
State 17:
Reducing production factor -> term
State 25:
Reducing production concatenation -> concatenation factor
State 24:
Shifting (QID) to state 10
State 10:
Lookahead token is now RPAREN (101-102)
Reducing production term -> QID
State 17:
Reducing production factor -> term
State 25:
Reducing production concatenation -> concatenation factor
State 24:
Reducing production alternation -> concatenation
State 28:
Reducing production rhs -> alternation
State 21:
Shifting (RPAREN) to state 22
State 22:
Lookahead token is now NEWLINE (102-103)
Reducing production term -> LPAREN list(NEWLINE) rhs RPAREN
State 17:
Reducing production factor -> term
State 23:
Reducing production concatenation -> factor
State 24:
Reducing production alternation -> concatenation
State 28:
Reducing production rhs -> alternation
State 32:
Reducing production old_rule -> LID COLONCOLONEQUAL rhs
["DEBUG:branches1"]
State 38:
Shifting (NEWLINE) to state 39
State 39:
Lookahead token is now NEWLINE (103-104)
Shifting (NEWLINE) to state 39
State 39:
Lookahead token is now NEWLINE (104-178)
Shifting (NEWLINE) to state 39
State 39:
Lookahead token is now LID (178-187)
Reducing production nonempty_list(NEWLINE) -> NEWLINE
State 40:
Reducing production nonempty_list(NEWLINE) -> NEWLINE nonempty_list(NEWLINE)
State 40:
Reducing production nonempty_list(NEWLINE) -> NEWLINE nonempty_list(NEWLINE)
State 41:
Shifting (LID) to state 4
State 4:
(1, 191, "::=")
Lookahead token is now COLONCOLONEQUAL (188-191)
Shifting (COLONCOLONEQUAL) to state 5
State 5:
("DEBUG2:rs", 104)
("DEBUG2:rs", 97)
("DEBUG2:rs", 112)
("DEBUG2:rs", 112)
("DEBUG2:rs", 121)
Lookahead token is now QID (198-199)
Shifting (QID) to state 10
State 10:
Lookahead token is now BAR (200-201)
Reducing production term -> QID
State 17:
Reducing production factor -> term
State 23:
Reducing production concatenation -> factor
State 24:
Reducing production alternation -> concatenation
State 28:
Shifting (BAR) to state 29
State 29:
("DEBUG2:rs", 115)
("DEBUG2:rs", 97)
("DEBUG2:rs", 100)
Lookahead token is now QID (206-207)
Reducing production list(NEWLINE) ->
State 30:
Shifting (QID) to state 10
State 10:
Lookahead token is now BAR (208-209)
Reducing production term -> QID
State 17:
Reducing production factor -> term
State 23:
Reducing production concatenation -> factor
State 31:
Reducing production alternation -> alternation BAR list(NEWLINE) concatenation
State 28:
Shifting (BAR) to state 29
State 29:
("DEBUG2:rs", 97)
("DEBUG2:rs", 110)
("DEBUG2:rs", 103)
("DEBUG2:rs", 114)
("DEBUG2:rs", 121)
Lookahead token is now QID (216-217)
Reducing production list(NEWLINE) ->
State 30:
Shifting (QID) to state 10
State 10:
Lookahead token is now BAR (218-219)
Reducing production term -> QID
State 17:
Reducing production factor -> term
State 23:
Reducing production concatenation -> factor
State 31:
Reducing production alternation -> alternation BAR list(NEWLINE) concatenation
State 28:
Shifting (BAR) to state 29
State 29:
("DEBUG2:rs", 110)
("DEBUG2:rs", 101)
("DEBUG2:rs", 117)
("DEBUG2:rs", 116)
("DEBUG2:rs", 114)
("DEBUG2:rs", 97)
("DEBUG2:rs", 108)
Lookahead token is now QID (228-229)
Reducing production list(NEWLINE) ->
State 30:
Shifting (QID) to state 10
State 10:
Lookahead token is now BAR (230-231)
Reducing production term -> QID
State 17:
Reducing production factor -> term
State 23:
Reducing production concatenation -> factor
State 31:
Reducing production alternation -> alternation BAR list(NEWLINE) concatenation
State 28:
Shifting (BAR) to state 29
State 29:
("DEBUG2:rs", 99)
("DEBUG2:rs", 111)
("DEBUG2:rs", 110)
("DEBUG2:rs", 102)
("DEBUG2:rs", 117)
("DEBUG2:rs", 115)
("DEBUG2:rs", 101)
("DEBUG2:rs", 100)
Lookahead token is now QID (241-242)
Reducing production list(NEWLINE) ->
State 30:
Shifting (QID) to state 10
State 10:
Lookahead token is now BAR (243-244)
Reducing production term -> QID
State 17:
Reducing production factor -> term
State 23:
Reducing production concatenation -> factor
State 31:
Reducing production alternation -> alternation BAR list(NEWLINE) concatenation
State 28:
Shifting (BAR) to state 29
State 29:
("DEBUG2:rs", 101)
("DEBUG2:rs", 120)
("DEBUG2:rs", 99)
("DEBUG2:rs", 105)
("DEBUG2:rs", 116)
("DEBUG2:rs", 101)
("DEBUG2:rs", 100)
Lookahead token is now QID (253-254)
Reducing production list(NEWLINE) ->
State 30:
Shifting (QID) to state 10
State 10:
Lookahead token is now BAR (255-256)
Reducing production term -> QID
State 17:
Reducing production factor -> term
State 23:
Reducing production concatenation -> factor
State 31:
Reducing production alternation -> alternation BAR list(NEWLINE) concatenation
State 28:
Shifting (BAR) to state 29
State 29:
("DEBUG2:rs", 102)
("DEBUG2:rs", 114)
("DEBUG2:rs", 117)
("DEBUG2:rs", 115)
("DEBUG2:rs", 116)
("DEBUG2:rs", 114)
("DEBUG2:rs", 97)
("DEBUG2:rs", 116)
("DEBUG2:rs", 101)
("DEBUG2:rs", 100)
Lookahead token is now QID (268-269)
Reducing production list(NEWLINE) ->
State 30:
Shifting (QID) to state 10
State 10:
Lookahead token is now BAR (270-271)
Reducing production term -> QID
State 17:
Reducing production factor -> term
State 23:
Reducing production concatenation -> factor
State 31:
Reducing production alternation -> alternation BAR list(NEWLINE) concatenation
State 28:
Shifting (BAR) to state 29
State 29:
("DEBUG2:rs", 98)
("DEBUG2:rs", 111)
("DEBUG2:rs", 114)
("DEBUG2:rs", 101)
("DEBUG2:rs", 100)
Lookahead token is now QID (278-279)
Reducing production list(NEWLINE) ->
State 30:
Shifting (QID) to state 10
State 10:
Lookahead token is now BAR (280-281)
Reducing production term -> QID
State 17:
Reducing production factor -> term
State 23:
Reducing production concatenation -> factor
State 31:
Reducing production alternation -> alternation BAR list(NEWLINE) concatenation
State 28:
Shifting (BAR) to state 29
State 29:
("DEBUG2:rs", 115)
("DEBUG2:rs", 117)
("DEBUG2:rs", 114)
("DEBUG2:rs", 112)
("DEBUG2:rs", 114)
("DEBUG2:rs", 105)
("DEBUG2:rs", 115)
("DEBUG2:rs", 101)
("DEBUG2:rs", 100)
Lookahead token is now QID (292-293)
Reducing production list(NEWLINE) ->
State 30:
Shifting (QID) to state 10
State 10:
Lookahead token is now BAR (294-295)
Reducing production term -> QID
State 17:
Reducing production factor -> term
State 23:
Reducing production concatenation -> factor
State 31:
Reducing production alternation -> alternation BAR list(NEWLINE) concatenation
State 28:
Shifting (BAR) to state 29
State 29:
("DEBUG2:rs", 100)
("DEBUG2:rs", 105)
("DEBUG2:rs", 115)
("DEBUG2:rs", 103)
("DEBUG2:rs", 117)
("DEBUG2:rs", 115)
("DEBUG2:rs", 116)
("DEBUG2:rs", 101)
("DEBUG2:rs", 100)
Lookahead token is now QID (306-307)
Reducing production list(NEWLINE) ->
State 30:
Shifting (QID) to state 10
State 10:
Lookahead token is now BAR (308-309)
Reducing production term -> QID
State 17:
Reducing production factor -> term
State 23:
Reducing production concatenation -> factor
State 31:
Reducing production alternation -> alternation BAR list(NEWLINE) concatenation
State 28:
Shifting (BAR) to state 29
State 29:
("DEBUG2:rs", 97)
("DEBUG2:rs", 102)
("DEBUG2:rs", 114)
("DEBUG2:rs", 97)
("DEBUG2:rs", 105)
("DEBUG2:rs", 100)
Lookahead token is now QID (317-318)
Reducing production list(NEWLINE) ->
State 30:
Shifting (QID) to state 10
State 10:
Lookahead token is now BAR (319-320)
Reducing production term -> QID
State 17:
Reducing production factor -> term
State 23:
Reducing production concatenation -> factor
State 31:
Reducing production alternation -> alternation BAR list(NEWLINE) concatenation
State 28:
Shifting (BAR) to state 29
State 29:
("DEBUG2:rs", 99)
("DEBUG2:rs", 97)
("DEBUG2:rs", 108)
("DEBUG2:rs", 109)
Lookahead token is now QID (326-327)
Reducing production list(NEWLINE) ->
State 30:
Shifting (QID) to state 10
State 10:
Lookahead token is now BAR (328-329)
Reducing production term -> QID
State 17:
Reducing production factor -> term
State 23:
Reducing production concatenation -> factor
State 31:
Reducing production alternation -> alternation BAR list(NEWLINE) concatenation
State 28:
Shifting (BAR) to state 29
State 29:
("DEBUG2:rs", 99)
("DEBUG2:rs", 111)
("DEBUG2:rs", 110)
("DEBUG2:rs", 116)
("DEBUG2:rs", 101)
("DEBUG2:rs", 110)
("DEBUG2:rs", 116)
Lookahead token is now QID (338-339)
Reducing production list(NEWLINE) ->
State 30:
Shifting (QID) to state 10
State 10:
Lookahead token is now BAR (340-341)
Reducing production term -> QID
State 17:
Reducing production factor -> term
State 23:
Reducing production concatenation -> factor
State 31:
Reducing production alternation -> alternation BAR list(NEWLINE) concatenation
State 28:
Shifting (BAR) to state 29
State 29:
("DEBUG2:rs", 100)
("DEBUG2:rs", 105)
("DEBUG2:rs", 115)
("DEBUG2:rs", 97)
("DEBUG2:rs", 112)
("DEBUG2:rs", 112)
("DEBUG2:rs", 111)
("DEBUG2:rs", 105)
("DEBUG2:rs", 110)
("DEBUG2:rs", 116)
("DEBUG2:rs", 101)
("DEBUG2:rs", 100)
Lookahead token is now QID (355-356)
Reducing production list(NEWLINE) ->
State 30:
Shifting (QID) to state 10
State 10:
Lookahead token is now BAR (357-358)
Reducing production term -> QID
State 17:
Reducing production factor -> term
State 23:
Reducing production concatenation -> factor
State 31:
Reducing production alternation -> alternation BAR list(NEWLINE) concatenation
State 28:
Shifting (BAR) to state 29
State 29:
("DEBUG2:rs", 101)
("DEBUG2:rs", 109)
("DEBUG2:rs", 98)
("DEBUG2:rs", 97)
("DEBUG2:rs", 114)
("DEBUG2:rs", 114)
("DEBUG2:rs", 97)
("DEBUG2:rs", 115)
("DEBUG2:rs", 115)
("DEBUG2:rs", 101)
("DEBUG2:rs", 100)
Lookahead token is now QID (371-372)
Reducing production list(NEWLINE) ->
State 30:
Shifting (QID) to state 10
State 10:
Lookahead token is now BAR (373-374)
Reducing production term -> QID
State 17:
Reducing production factor -> term
State 23:
Reducing production concatenation -> factor
State 31:
Reducing production alternation -> alternation BAR list(NEWLINE) concatenation
State 28:
Shifting (BAR) to state 29
State 29:
("DEBUG2:rs", 108)
("DEBUG2:rs", 111)
("DEBUG2:rs", 110)
("DEBUG2:rs", 101)
("DEBUG2:rs", 108)
("DEBUG2:rs", 121)
Lookahead token is now QID (382-383)
Reducing production list(NEWLINE) ->
State 30:
Shifting (QID) to state 10
State 10:
Lookahead token is now BAR (384-385)
Reducing production term -> QID
State 17:
Reducing production factor -> term
State 23:
Reducing production concatenation -> factor
State 31:
Reducing production alternation -> alternation BAR list(NEWLINE) concatenation
State 28:
Shifting (BAR) to state 29
State 29:
("DEBUG2:rs", 112)
("DEBUG2:rs", 114)
("DEBUG2:rs", 111)
("DEBUG2:rs", 117)
("DEBUG2:rs", 100)
Lookahead token is now QID (392-393)
Reducing production list(NEWLINE) ->
State 30:
Shifting (QID) to state 10
State 10:
Lookahead token is now BAR (394-395)
Reducing production term -> QID
State 17:
Reducing production factor -> term
State 23:
Reducing production concatenation -> factor
State 31:
Reducing production alternation -> alternation BAR list(NEWLINE) concatenation
State 28:
Shifting (BAR) to state 29
State 29:
("DEBUG2:rs", 114)
("DEBUG2:rs", 101)
("DEBUG2:rs", 108)
("DEBUG2:rs", 105)
("DEBUG2:rs", 101)
("DEBUG2:rs", 118)
("DEBUG2:rs", 101)
("DEBUG2:rs", 100)
Lookahead token is now QID (405-406)
Reducing production list(NEWLINE) ->
State 30:
Shifting (QID) to state 10
State 10:
Lookahead token is now BAR (407-408)
Reducing production term -> QID
State 17:
Reducing production factor -> term
State 23:
Reducing production concatenation -> factor
State 31:
Reducing production alternation -> alternation BAR list(NEWLINE) concatenation
State 28:
Shifting (BAR) to state 29
State 29:
("DEBUG2:rs", 115)
("DEBUG2:rs", 97)
("DEBUG2:rs", 116)
("DEBUG2:rs", 105)
("DEBUG2:rs", 115)
("DEBUG2:rs", 102)
("DEBUG2:rs", 105)
("DEBUG2:rs", 101)
("DEBUG2:rs", 100)
Lookahead token is now QID (419-420)
Reducing production list(NEWLINE) ->
State 30:
Shifting (QID) to state 10
State 10:
Lookahead token is now BAR (421-422)
Reducing production term -> QID
State 17:
Reducing production factor -> term
State 23:
Reducing production concatenation -> factor
State 31:
Reducing production alternation -> alternation BAR list(NEWLINE) concatenation
State 28:
Shifting (BAR) to state 29
State 29:
("DEBUG2:rs", 115)
("DEBUG2:rs", 99)
("DEBUG2:rs", 97)
("DEBUG2:rs", 114)
("DEBUG2:rs", 101)
("DEBUG2:rs", 100)
Lookahead token is now QID (430-431)
Reducing production list(NEWLINE) ->
State 30:
Shifting (QID) to state 10
State 10:
Lookahead token is now BAR (432-433)
Reducing production term -> QID
State 17:
Reducing production factor -> term
State 23:
Reducing production concatenation -> factor
State 31:
Reducing production alternation -> alternation BAR list(NEWLINE) concatenation
State 28:
Shifting (BAR) to state 29
State 29:
("DEBUG2:rs", 115)
("DEBUG2:rs", 104)
("DEBUG2:rs", 121)
Lookahead token is now QID (438-439)
Reducing production list(NEWLINE) ->
State 30:
Shifting (QID) to state 10
State 10:
Lookahead token is now BAR (440-441)
Reducing production term -> QID
State 17:
Reducing production factor -> term
State 23:
Reducing production concatenation -> factor
State 31:
Reducing production alternation -> alternation BAR list(NEWLINE) concatenation
State 28:
Shifting (BAR) to state 29
State 29:
("DEBUG2:rs", 115)
("DEBUG2:rs", 105)
("DEBUG2:rs", 99)
("DEBUG2:rs", 107)
Lookahead token is now QID (447-448)
Reducing production list(NEWLINE) ->
State 30:
Shifting (QID) to state 10
State 10:
Lookahead token is now BAR (449-450)
Reducing production term -> QID
State 17:
Reducing production factor -> term
State 23:
Reducing production concatenation -> factor
State 31:
Reducing production alternation -> alternation BAR list(NEWLINE) concatenation
State 28:
Shifting (BAR) to state 29
State 29:
("DEBUG2:rs", 116)
("DEBUG2:rs", 105)
("DEBUG2:rs", 114)
("DEBUG2:rs", 101)
("DEBUG2:rs", 100)
Lookahead token is now QID (457-458)
Reducing production list(NEWLINE) ->
State 30:
Shifting (QID) to state 10
State 10:
Lookahead token is now BAR (459-460)
Reducing production term -> QID
State 17:
Reducing production factor -> term
State 23:
Reducing production concatenation -> factor
State 31:
Reducing production alternation -> alternation BAR list(NEWLINE) concatenation
State 28:
Shifting (BAR) to state 29
State 29:
("DEBUG2:rs", 119)
("DEBUG2:rs", 111)
("DEBUG2:rs", 114)
("DEBUG2:rs", 114)
("DEBUG2:rs", 105)
("DEBUG2:rs", 101)
("DEBUG2:rs", 100)
Lookahead token is now QID (469-470)
Reducing production list(NEWLINE) ->
State 30:
Shifting (QID) to state 10
State 10:
Lookahead token is now BAR (471-472)
Reducing production term -> QID
State 17:
Reducing production factor -> term
State 23:
Reducing production concatenation -> factor
State 31:
Reducing production alternation -> alternation BAR list(NEWLINE) concatenation
State 28:
Shifting (BAR) to state 29
State 29:
("DEBUG2:rs", 97)
("DEBUG2:rs", 110)
("DEBUG2:rs", 110)
("DEBUG2:rs", 111)
("DEBUG2:rs", 121)
("DEBUG2:rs", 101)
("DEBUG2:rs", 100)
Lookahead token is now QID (481-482)
Reducing production list(NEWLINE) ->
State 30:
Shifting (QID) to state 10
State 10:
Lookahead token is now BAR (483-484)
Reducing production term -> QID
State 17:
Reducing production factor -> term
State 23:
Reducing production concatenation -> factor
State 31:
Reducing production alternation -> alternation BAR list(NEWLINE) concatenation
State 28:
Shifting (BAR) to state 29
State 29:
("DEBUG2:rs", 100)
("DEBUG2:rs", 101)
("DEBUG2:rs", 116)
("DEBUG2:rs", 101)
("DEBUG2:rs", 114)
("DEBUG2:rs", 109)
("DEBUG2:rs", 105)
("DEBUG2:rs", 110)
("DEBUG2:rs", 101)
("DEBUG2:rs", 100)
Lookahead token is now QID (496-497)
Reducing production list(NEWLINE) ->
State 30:
Shifting (QID) to state 10
State 10:
Lookahead token is now BAR (498-499)
Reducing production term -> QID
State 17:
Reducing production factor -> term
State 23:
Reducing production concatenation -> factor
State 31:
Reducing production alternation -> alternation BAR list(NEWLINE) concatenation
State 28:
Shifting (BAR) to state 29
State 29:
("DEBUG2:rs", 101)
("DEBUG2:rs", 110)
("DEBUG2:rs", 118)
("DEBUG2:rs", 105)
("DEBUG2:rs", 111)
("DEBUG2:rs", 117)
("DEBUG2:rs", 115)
Lookahead token is now QID (508-509)
Reducing production list(NEWLINE) ->
State 30:
Shifting (QID) to state 10
State 10:
Lookahead token is now BAR (510-511)
Reducing production term -> QID
State 17:
Reducing production factor -> term
State 23:
Reducing production concatenation -> factor
State 31:
Reducing production alternation -> alternation BAR list(NEWLINE) concatenation
State 28:
Shifting (BAR) to state 29
State 29:
("DEBUG2:rs", 103)
("DEBUG2:rs", 114)
("DEBUG2:rs", 97)
("DEBUG2:rs", 116)
("DEBUG2:rs", 101)
("DEBUG2:rs", 102)
("DEBUG2:rs", 117)
("DEBUG2:rs", 108)
Lookahead token is now QID (521-522)
Reducing production list(NEWLINE) ->
State 30:
Shifting (QID) to state 10
State 10:
Lookahead token is now BAR (523-524)
Reducing production term -> QID
State 17:
Reducing production factor -> term
State 23:
Reducing production concatenation -> factor
State 31:
Reducing production alternation -> alternation BAR list(NEWLINE) concatenation
State 28:
Shifting (BAR) to state 29
State 29:
("DEBUG2:rs", 104)
("DEBUG2:rs", 111)
("DEBUG2:rs", 112)
("DEBUG2:rs", 101)
("DEBUG2:rs", 102)
("DEBUG2:rs", 117)
("DEBUG2:rs", 108)
Lookahead token is now QID (533-534)
Reducing production list(NEWLINE) ->
State 30:
Shifting (QID) to state 10
State 10:
Lookahead token is now BAR (535-536)
Reducing production term -> QID
State 17:
Reducing production factor -> term
State 23:
Reducing production concatenation -> factor
State 31:
Reducing production alternation -> alternation BAR list(NEWLINE) concatenation
State 28:
Shifting (BAR) to state 29
State 29:
("DEBUG2:rs", 105)
("DEBUG2:rs", 109)
("DEBUG2:rs", 112)
("DEBUG2:rs", 114)
("DEBUG2:rs", 101)
("DEBUG2:rs", 115)
("DEBUG2:rs", 115)
("DEBUG2:rs", 101)
("DEBUG2:rs", 100)
Lookahead token is now QID (547-548)
Reducing production list(NEWLINE) ->
State 30:
Shifting (QID) to state 10
State 10:
Lookahead token is now BAR (549-550)
Reducing production term -> QID
State 17:
Reducing production factor -> term
State 23:
Reducing production concatenation -> factor
State 31:
Reducing production alternation -> alternation BAR list(NEWLINE) concatenation
State 28:
Shifting (BAR) to state 29
State 29:
("DEBUG2:rs", 106)
("DEBUG2:rs", 101)
("DEBUG2:rs", 97)
("DEBUG2:rs", 108)
("DEBUG2:rs", 111)
("DEBUG2:rs", 117)
("DEBUG2:rs", 115)
Lookahead token is now QID (559-560)
Reducing production list(NEWLINE) ->
State 30:
Shifting (QID) to state 10
State 10:
Lookahead token is now BAR (561-562)
Reducing production term -> QID
State 17:
Reducing production factor -> term
State 23:
Reducing production concatenation -> factor
State 31:
Reducing production alternation -> alternation BAR list(NEWLINE) concatenation
State 28:
Shifting (BAR) to state 29
State 29:
("DEBUG2:rs", 110)
("DEBUG2:rs", 111)
("DEBUG2:rs", 115)
("DEBUG2:rs", 116)
("DEBUG2:rs", 97)
("DEBUG2:rs", 108)
("DEBUG2:rs", 103)
("DEBUG2:rs", 105)
("DEBUG2:rs", 99)
Lookahead token is now QID (573-574)
Reducing production list(NEWLINE) ->
State 30:
Shifting (QID) to state 10
State 10:
Lookahead token is now BAR (575-576)
Reducing production term -> QID
State 17:
Reducing production factor -> term
State 23:
Reducing production concatenation -> factor
State 31:
Reducing production alternation -> alternation BAR list(NEWLINE) concatenation
State 28:
Shifting (BAR) to state 29
State 29:
("DEBUG2:rs", 112)
("DEBUG2:rs", 114)
("DEBUG2:rs", 101)
("DEBUG2:rs", 112)
("DEBUG2:rs", 97)
("DEBUG2:rs", 114)
("DEBUG2:rs", 101)
("DEBUG2:rs", 100)
Lookahead token is now QID (586-587)
Reducing production list(NEWLINE) ->
State 30:
Shifting (QID) to state 10
State 10:
Lookahead token is now BAR (588-589)
Reducing production term -> QID
State 17:
Reducing production factor -> term
State 23:
Reducing production concatenation -> factor
State 31:
Reducing production alternation -> alternation BAR list(NEWLINE) concatenation
State 28:
Shifting (BAR) to state 29
State 29:
("DEBUG2:rs", 114)
("DEBUG2:rs", 101)
("DEBUG2:rs", 97)
("DEBUG2:rs", 115)
("DEBUG2:rs", 115)
("DEBUG2:rs", 117)
("DEBUG2:rs", 114)
("DEBUG2:rs", 101)
("DEBUG2:rs", 100)
Lookahead token is now QID (600-601)
Reducing production list(NEWLINE) ->
State 30:
Shifting (QID) to state 10
State 10:
Lookahead token is now BAR (602-603)
Reducing production term -> QID
State 17:
Reducing production factor -> term
State 23:
Reducing production concatenation -> factor
State 31:
Reducing production alternation -> alternation BAR list(NEWLINE) concatenation
State 28:
Shifting (BAR) to state 29
State 29:
("DEBUG2:rs", 115)
("DEBUG2:rs", 101)
("DEBUG2:rs", 110)
("DEBUG2:rs", 116)
("DEBUG2:rs", 105)
("DEBUG2:rs", 109)
("DEBUG2:rs", 101)
("DEBUG2:rs", 110)
("DEBUG2:rs", 116)
("DEBUG2:rs", 97)
("DEBUG2:rs", 108)
Lookahead token is now QID (616-617)
Reducing production list(NEWLINE) ->
State 30:
Shifting (QID) to state 10
State 10:
Lookahead token is now BAR (618-619)
Reducing production term -> QID
State 17:
Reducing production factor -> term
State 23:
Reducing production concatenation -> factor
State 31:
Reducing production alternation -> alternation BAR list(NEWLINE) concatenation
State 28:
Shifting (BAR) to state 29
State 29:
("DEBUG2:rs", 115)
("DEBUG2:rs", 121)
("DEBUG2:rs", 109)
("DEBUG2:rs", 112)
("DEBUG2:rs", 97)
("DEBUG2:rs", 116)
("DEBUG2:rs", 104)
("DEBUG2:rs", 101)
("DEBUG2:rs", 116)
("DEBUG2:rs", 105)
("DEBUG2:rs", 99)
Lookahead token is now QID (632-633)
Reducing production list(NEWLINE) ->
State 30:
Shifting (QID) to state 10
State 10:
Lookahead token is now BAR (634-635)
Reducing production term -> QID
State 17:
Reducing production factor -> term
State 23:
Reducing production concatenation -> factor
State 31:
Reducing production alternation -> alternation BAR list(NEWLINE) concatenation
State 28:
Shifting (BAR) to state 29
State 29:
("DEBUG2:rs", 116)
("DEBUG2:rs", 114)
("DEBUG2:rs", 105)
("DEBUG2:rs", 117)
("DEBUG2:rs", 109)
("DEBUG2:rs", 112)
("DEBUG2:rs", 104)
("DEBUG2:rs", 97)
("DEBUG2:rs", 110)
("DEBUG2:rs", 116)
Lookahead token is now QID (647-648)
Reducing production list(NEWLINE) ->
State 30:
Shifting (QID) to state 10
State 10:
Lookahead token is now BAR (649-650)
Reducing production term -> QID
State 17:
Reducing production factor -> term
State 23:
Reducing production concatenation -> factor
State 31:
Reducing production alternation -> alternation BAR list(NEWLINE) concatenation
State 28:
Shifting (BAR) to state 29
State 29:
("DEBUG2:rs", 97)
("DEBUG2:rs", 115)
("DEBUG2:rs", 104)
("DEBUG2:rs", 97)
("DEBUG2:rs", 109)
("DEBUG2:rs", 101)
("DEBUG2:rs", 100)
Lookahead token is now QID (659-660)
Reducing production list(NEWLINE) ->
State 30:
Shifting (QID) to state 10
State 10:
Lookahead token is now BAR (661-662)
Reducing production term -> QID
State 17:
Reducing production factor -> term
State 23:
Reducing production concatenation -> factor
State 31:
Reducing production alternation -> alternation BAR list(NEWLINE) concatenation
State 28:
Shifting (BAR) to state 29
State 29:
("DEBUG2:rs", 97)
("DEBUG2:rs", 119)
("DEBUG2:rs", 101)
("DEBUG2:rs", 100)
Lookahead token is now QID (668-669)
Reducing production list(NEWLINE) ->
State 30:
Shifting (QID) to state 10
State 10:
Lookahead token is now BAR (670-671)
Reducing production term -> QID
State 17:
Reducing production factor -> term
State 23:
Reducing production concatenation -> factor
State 31:
Reducing production alternation -> alternation BAR list(NEWLINE) concatenation
State 28:
Shifting (BAR) to state 29
State 29:
("DEBUG2:rs", 100)
("DEBUG2:rs", 101)
("DEBUG2:rs", 118)
("DEBUG2:rs", 97)
("DEBUG2:rs", 115)
("DEBUG2:rs", 116)
("DEBUG2:rs", 97)
("DEBUG2:rs", 116)
("DEBUG2:rs", 101)
("DEBUG2:rs", 100)
Lookahead token is now QID (683-684)
Reducing production list(NEWLINE) ->
State 30:
Shifting (QID) to state 10
State 10:
Lookahead token is now BAR (685-686)
Reducing production term -> QID
State 17:
Reducing production factor -> term
State 23:
Reducing production concatenation -> factor
State 31:
Reducing production alternation -> alternation BAR list(NEWLINE) concatenation
State 28:
Shifting (BAR) to state 29
State 29:
("DEBUG2:rs", 100)
("DEBUG2:rs", 114)
("DEBUG2:rs", 97)
("DEBUG2:rs", 105)
("DEBUG2:rs", 110)
("DEBUG2:rs", 101)
("DEBUG2:rs", 100)
Lookahead token is now QID (695-696)
Reducing production list(NEWLINE) ->
State 30:
Shifting (QID) to state 10
State 10:
Lookahead token is now BAR (697-698)
Reducing production term -> QID
State 17:
Reducing production factor -> term
State 23:
Reducing production concatenation -> factor
State 31:
Reducing production alternation -> alternation BAR list(NEWLINE) concatenation
State 28:
Shifting (BAR) to state 29
State 29:
("DEBUG2:rs", 101)
("DEBUG2:rs", 120)
("DEBUG2:rs", 99)
("DEBUG2:rs", 105)
("DEBUG2:rs", 116)
("DEBUG2:rs", 101)
("DEBUG2:rs", 100)
Lookahead token is now QID (707-708)
Reducing production list(NEWLINE) ->
State 30:
Shifting (QID) to state 10
State 10:
Lookahead token is now BAR (709-710)
Reducing production term -> QID
State 17:
Reducing production factor -> term
State 23:
Reducing production concatenation -> factor
State 31:
Reducing production alternation -> alternation BAR list(NEWLINE) concatenation
State 28:
Shifting (BAR) to state 29
State 29:
("DEBUG2:rs", 101)
("DEBUG2:rs", 120)
("DEBUG2:rs", 104)
("DEBUG2:rs", 97)
("DEBUG2:rs", 117)
("DEBUG2:rs", 115)
("DEBUG2:rs", 116)
("DEBUG2:rs", 101)
("DEBUG2:rs", 100)
Lookahead token is now QID (721-722)
Reducing production list(NEWLINE) ->
State 30:
Shifting (QID) to state 10
State 10:
Lookahead token is now BAR (723-724)
Reducing production term -> QID
State 17:
Reducing production factor -> term
State 23:
Reducing production concatenation -> factor
State 31:
Reducing production alternation -> alternation BAR list(NEWLINE) concatenation
State 28:
Shifting (BAR) to state 29
State 29:
("DEBUG2:rs", 102)
("DEBUG2:rs", 117)
("DEBUG2:rs", 114)
("DEBUG2:rs", 105)
("DEBUG2:rs", 111)
("DEBUG2:rs", 117)
("DEBUG2:rs", 115)
Lookahead token is now QID (733-734)
Reducing production list(NEWLINE) ->
State 30:
Shifting (QID) to state 10
State 10:
Lookahead token is now BAR (735-736)
Reducing production term -> QID
State 17:
Reducing production factor -> term
State 23:
Reducing production concatenation -> factor
State 31:
Reducing production alternation -> alternation BAR list(NEWLINE) concatenation
State 28:
Shifting (BAR) to state 29
State 29:
("DEBUG2:rs", 103)
("DEBUG2:rs", 117)
("DEBUG2:rs", 105)
("DEBUG2:rs", 108)
("DEBUG2:rs", 116)
("DEBUG2:rs", 121)
Lookahead token is now QID (744-745)
Reducing production list(NEWLINE) ->
State 30:
Shifting (QID) to state 10
State 10:
Lookahead token is now BAR (746-747)
Reducing production term -> QID
State 17:
Reducing production factor -> term
State 23:
Reducing production concatenation -> factor
State 31:
Reducing production alternation -> alternation BAR list(NEWLINE) concatenation
State 28:
Shifting (BAR) to state 29
State 29:
("DEBUG2:rs", 105)
("DEBUG2:rs", 110)
("DEBUG2:rs", 100)
("DEBUG2:rs", 105)
("DEBUG2:rs", 103)
("DEBUG2:rs", 110)
("DEBUG2:rs", 97)
("DEBUG2:rs", 110)
("DEBUG2:rs", 116)
Lookahead token is now QID (758-759)
Reducing production list(NEWLINE) ->
State 30:
Shifting (QID) to state 10
State 10:
Lookahead token is now BAR (760-761)
Reducing production term -> QID
State 17:
Reducing production factor -> term
State 23:
Reducing production concatenation -> factor
State 31:
Reducing production alternation -> alternation BAR list(NEWLINE) concatenation
State 28:
Shifting (BAR) to state 29
State 29:
("DEBUG2:rs", 105)
("DEBUG2:rs", 110)
("DEBUG2:rs", 116)
("DEBUG2:rs", 101)
("DEBUG2:rs", 114)
("DEBUG2:rs", 101)
("DEBUG2:rs", 115)
("DEBUG2:rs", 116)
("DEBUG2:rs", 101)
("DEBUG2:rs", 100)
Lookahead token is now QID (773-774)
Reducing production list(NEWLINE) ->
State 30:
Shifting (QID) to state 10
State 10:
Lookahead token is now BAR (775-776)
Reducing production term -> QID
State 17:
Reducing production factor -> term
State 23:
Reducing production concatenation -> factor
State 31:
Reducing production alternation -> alternation BAR list(NEWLINE) concatenation
State 28:
Shifting (BAR) to state 29
State 29:
("DEBUG2:rs", 108)
("DEBUG2:rs", 111)
("DEBUG2:rs", 118)
("DEBUG2:rs", 101)
("DEBUG2:rs", 100)
Lookahead token is now QID (783-784)
Reducing production list(NEWLINE) ->
State 30:
Shifting (QID) to state 10
State 10:
Lookahead token is now BAR (785-786)
Reducing production term -> QID
State 17:
Reducing production factor -> term
State 23:
Reducing production concatenation -> factor
State 31:
Reducing production alternation -> alternation BAR list(NEWLINE) concatenation
State 28:
Shifting (BAR) to state 29
State 29:
("DEBUG2:rs", 109)
("DEBUG2:rs", 97)
("DEBUG2:rs", 100)
Lookahead token is now QID (791-792)
Reducing production list(NEWLINE) ->
State 30:
Shifting (QID) to state 10
State 10:
Lookahead token is now BAR (793-794)
Reducing production term -> QID
State 17:
Reducing production factor -> term
State 23:
Reducing production concatenation -> factor
State 31:
Reducing production alternation -> alternation BAR list(NEWLINE) concatenation
State 28:
Shifting (BAR) to state 29
State 29:
("DEBUG2:rs", 111)
("DEBUG2:rs", 112)
("DEBUG2:rs", 116)
("DEBUG2:rs", 105)
("DEBUG2:rs", 109)
("DEBUG2:rs", 105)
("DEBUG2:rs", 115)
("DEBUG2:rs", 116)
("DEBUG2:rs", 105)
("DEBUG2:rs", 99)
Lookahead token is now QID (806-807)
Reducing production list(NEWLINE) ->
State 30:
Shifting (QID) to state 10
State 10:
Lookahead token is now BAR (808-809)
Reducing production term -> QID
State 17:
Reducing production factor -> term
State 23:
Reducing production concatenation -> factor
State 31:
Reducing production alternation -> alternation BAR list(NEWLINE) concatenation
State 28:
Shifting (BAR) to state 29
State 29:
("DEBUG2:rs", 112)
("DEBUG2:rs", 101)
("DEBUG2:rs", 97)
("DEBUG2:rs", 99)
("DEBUG2:rs", 101)
("DEBUG2:rs", 102)
("DEBUG2:rs", 117)
("DEBUG2:rs", 108)
Lookahead token is now QID (819-820)
Reducing production list(NEWLINE) ->
State 30:
Shifting (QID) to state 10
State 10:
Lookahead token is now BAR (821-822)
Reducing production term -> QID
State 17:
Reducing production factor -> term
State 23:
Reducing production concatenation -> factor
State 31:
Reducing production alternation -> alternation BAR list(NEWLINE) concatenation
State 28:
Shifting (BAR) to state 29
State 29:
("DEBUG2:rs", 114)
("DEBUG2:rs", 101)
("DEBUG2:rs", 102)
("DEBUG2:rs", 114)
("DEBUG2:rs", 101)
("DEBUG2:rs", 115)
("DEBUG2:rs", 104)
("DEBUG2:rs", 101)
("DEBUG2:rs", 100)
Lookahead token is now QID (833-834)
Reducing production list(NEWLINE) ->
State 30:
Shifting (QID) to state 10
State 10:
Lookahead token is now BAR (835-836)
Reducing production term -> QID
State 17:
Reducing production factor -> term
State 23:
Reducing production concatenation -> factor
State 31:
Reducing production alternation -> alternation BAR list(NEWLINE) concatenation
State 28:
Shifting (BAR) to state 29
State 29:
("DEBUG2:rs", 114)
("DEBUG2:rs", 101)
("DEBUG2:rs", 106)
("DEBUG2:rs", 117)
("DEBUG2:rs", 118)
("DEBUG2:rs", 101)
("DEBUG2:rs", 110)
("DEBUG2:rs", 97)
("DEBUG2:rs", 116)
("DEBUG2:rs", 101)
("DEBUG2:rs", 100)
Lookahead token is now QID (849-850)
Reducing production list(NEWLINE) ->
State 30:
Shifting (QID) to state 10
State 10:
Lookahead token is now BAR (851-852)
Reducing production term -> QID
State 17:
Reducing production factor -> term
State 23:
Reducing production concatenation -> factor
State 31:
Reducing production alternation -> alternation BAR list(NEWLINE) concatenation
State 28:
Shifting (BAR) to state 29
State 29:
("DEBUG2:rs", 114)
("DEBUG2:rs", 101)
("DEBUG2:rs", 108)
("DEBUG2:rs", 97)
("DEBUG2:rs", 120)
("DEBUG2:rs", 101)
("DEBUG2:rs", 100)
Lookahead token is now QID (861-862)
Reducing production list(NEWLINE) ->
State 30:
Shifting (QID) to state 10
State 10:
Lookahead token is now BAR (863-864)
Reducing production term -> QID
State 17:
Reducing production factor -> term
State 23:
Reducing production concatenation -> factor
State 31:
Reducing production alternation -> alternation BAR list(NEWLINE) concatenation
State 28:
Shifting (BAR) to state 29
State 29:
("DEBUG2:rs", 114)
("DEBUG2:rs", 101)
("DEBUG2:rs", 110)
("DEBUG2:rs", 101)
("DEBUG2:rs", 119)
("DEBUG2:rs", 101)
("DEBUG2:rs", 100)
Lookahead token is now QID (873-874)
Reducing production list(NEWLINE) ->
State 30:
Shifting (QID) to state 10
State 10:
Lookahead token is now BAR (875-876)
Reducing production term -> QID
State 17:
Reducing production factor -> term
State 23:
Reducing production concatenation -> factor
State 31:
Reducing production alternation -> alternation BAR list(NEWLINE) concatenation
State 28:
Shifting (BAR) to state 29
State 29:
("DEBUG2:rs", 114)
("DEBUG2:rs", 101)
("DEBUG2:rs", 115)
("DEBUG2:rs", 116)
("DEBUG2:rs", 108)
("DEBUG2:rs", 101)
("DEBUG2:rs", 115)
("DEBUG2:rs", 115)
Lookahead token is now QID (886-887)
Reducing production list(NEWLINE) ->
State 30:
Shifting (QID) to state 10
State 10:
Lookahead token is now BAR (888-889)
Reducing production term -> QID
State 17:
Reducing production factor -> term
State 23:
Reducing production concatenation -> factor
State 31:
Reducing production alternation -> alternation BAR list(NEWLINE) concatenation
State 28:
Shifting (BAR) to state 29
State 29:
("DEBUG2:rs", 115)
("DEBUG2:rs", 97)
("DEBUG2:rs", 116)
("DEBUG2:rs", 105)
("DEBUG2:rs", 115)
("DEBUG2:rs", 102)
("DEBUG2:rs", 105)
("DEBUG2:rs", 101)
("DEBUG2:rs", 100)
Lookahead token is now QID (900-901)
Reducing production list(NEWLINE) ->
State 30:
Shifting (QID) to state 10
State 10:
Lookahead token is now BAR (902-903)
Reducing production term -> QID
State 17:
Reducing production factor -> term
State 23:
Reducing production concatenation -> factor
State 31:
Reducing production alternation -> alternation BAR list(NEWLINE) concatenation
State 28:
Shifting (BAR) to state 29
State 29:
("DEBUG2:rs", 115)
("DEBUG2:rs", 104)
("DEBUG2:rs", 111)
("DEBUG2:rs", 99)
("DEBUG2:rs", 107)
("DEBUG2:rs", 101)
("DEBUG2:rs", 100)
Lookahead token is now QID (912-913)
Reducing production list(NEWLINE) ->
State 30:
Shifting (QID) to state 10
State 10:
Lookahead token is now BAR (914-915)
Reducing production term -> QID
State 17:
Reducing production factor -> term
State 23:
Reducing production concatenation -> factor
State 31:
Reducing production alternation -> alternation BAR list(NEWLINE) concatenation
State 28:
Shifting (BAR) to state 29
State 29:
("DEBUG2:rs", 115)
("DEBUG2:rs", 105)
("DEBUG2:rs", 99)
("DEBUG2:rs", 107)
("DEBUG2:rs", 101)
("DEBUG2:rs", 110)
("DEBUG2:rs", 101)
("DEBUG2:rs", 100)
Lookahead token is now QID (925-926)
Reducing production list(NEWLINE) ->
State 30:
Shifting (QID) to state 10
State 10:
Lookahead token is now BAR (927-928)
Reducing production term -> QID
State 17:
Reducing production factor -> term
State 23:
Reducing production concatenation -> factor
State 31:
Reducing production alternation -> alternation BAR list(NEWLINE) concatenation
State 28:
Shifting (BAR) to state 29
State 29:
("DEBUG2:rs", 115)
("DEBUG2:rs", 108)
("DEBUG2:rs", 101)
("DEBUG2:rs", 101)
("DEBUG2:rs", 112)
("DEBUG2:rs", 121)
Lookahead token is now QID (936-937)
Reducing production list(NEWLINE) ->
State 30:
Shifting (QID) to state 10
State 10:
Lookahead token is now BAR (938-939)
Reducing production term -> QID
State 17:
Reducing production factor -> term
State 23:
Reducing production concatenation -> factor
State 31:
Reducing production alternation -> alternation BAR list(NEWLINE) concatenation
State 28:
Shifting (BAR) to state 29
State 29:
("DEBUG2:rs", 115)
("DEBUG2:rs", 116)
("DEBUG2:rs", 114)
("DEBUG2:rs", 101)
("DEBUG2:rs", 115)
("DEBUG2:rs", 115)
("DEBUG2:rs", 101)
("DEBUG2:rs", 100)
Lookahead token is now QID (949-950)
Reducing production list(NEWLINE) ->
State 30:
Shifting (QID) to state 10
State 10:
Lookahead token is now BAR (951-952)
Reducing production term -> QID
State 17:
Reducing production factor -> term
State 23:
Reducing production concatenation -> factor
State 31:
Reducing production alternation -> alternation BAR list(NEWLINE) concatenation
State 28:
Shifting (BAR) to state 29
State 29:
("DEBUG2:rs", 115)
("DEBUG2:rs", 117)
("DEBUG2:rs", 114)
("DEBUG2:rs", 112)
("DEBUG2:rs", 114)
("DEBUG2:rs", 105)
("DEBUG2:rs", 115)
("DEBUG2:rs", 101)
("DEBUG2:rs", 100)
Lookahead token is now QID (963-964)
Reducing production list(NEWLINE) ->
State 30:
Shifting (QID) to state 10
State 10:
Lookahead token is now BAR (965-966)
Reducing production term -> QID
State 17:
Reducing production factor -> term
State 23:
Reducing production concatenation -> factor
State 31:
Reducing production alternation -> alternation BAR list(NEWLINE) concatenation
State 28:
Shifting (BAR) to state 29
State 29:
("DEBUG2:rs", 116)
("DEBUG2:rs", 104)
("DEBUG2:rs", 97)
("DEBUG2:rs", 110)
("DEBUG2:rs", 107)
("DEBUG2:rs", 102)
("DEBUG2:rs", 117)
("DEBUG2:rs", 108)
Lookahead token is now QID (976-977)
Reducing production list(NEWLINE) ->
State 30:
Shifting (QID) to state 10
State 10:
Lookahead token is now BAR (978-979)
Reducing production term -> QID
State 17:
Reducing production factor -> term
State 23:
Reducing production concatenation -> factor
State 31:
Reducing production alternation -> alternation BAR list(NEWLINE) concatenation
State 28:
Shifting (BAR) to state 29
State 29:
("DEBUG2:rs", 116)
("DEBUG2:rs", 104)
("DEBUG2:rs", 111)
("DEBUG2:rs", 117)
("DEBUG2:rs", 103)
("DEBUG2:rs", 104)
("DEBUG2:rs", 116)
("DEBUG2:rs", 102)
("DEBUG2:rs", 117)
("DEBUG2:rs", 108)
Lookahead token is now QID (991-992)
Reducing production list(NEWLINE) ->
State 30:
Shifting (QID) to state 10
State 10:
Lookahead token is now BAR (993-994)
Reducing production term -> QID
State 17:
Reducing production factor -> term
State 23:
Reducing production concatenation -> factor
State 31:
Reducing production alternation -> alternation BAR list(NEWLINE) concatenation
State 28:
Shifting (BAR) to state 29
State 29:
("DEBUG2:rs", 117)
("DEBUG2:rs", 110)
("DEBUG2:rs", 99)
("DEBUG2:rs", 111)
("DEBUG2:rs", 109)
("DEBUG2:rs", 102)
("DEBUG2:rs", 111)
("DEBUG2:rs", 114)
("DEBUG2:rs", 116)
("DEBUG2:rs", 97)
("DEBUG2:rs", 98)
("DEBUG2:rs", 108)
("DEBUG2:rs", 101)
Lookahead token is now QID (1009-1010)
Reducing production list(NEWLINE) ->
State 30:
Shifting (QID) to state 10
State 10:
Lookahead token is now BAR (1011-1012)
Reducing production term -> QID
State 17:
Reducing production factor -> term
State 23:
Reducing production concatenation -> factor
State 31:
Reducing production alternation -> alternation BAR list(NEWLINE) concatenation
State 28:
Shifting (BAR) to state 29
State 29:
("DEBUG2:rs", 117)
("DEBUG2:rs", 112)
("DEBUG2:rs", 115)
("DEBUG2:rs", 101)
("DEBUG2:rs", 116)
Lookahead token is now QID (1019-1020)
Reducing production list(NEWLINE) ->
State 30:
Shifting (QID) to state 10
State 10:
Lookahead token is now BAR (1021-1022)
Reducing production term -> QID
State 17:
Reducing production factor -> term
State 23:
Reducing production concatenation -> factor
State 31:
Reducing production alternation -> alternation BAR list(NEWLINE) concatenation
State 28:
Shifting (BAR) to state 29
State 29:
("DEBUG2:rs", 119)
("DEBUG2:rs", 101)
("DEBUG2:rs", 105)
("DEBUG2:rs", 114)
("DEBUG2:rs", 100)
Lookahead token is now QID (1029-1030)
Reducing production list(NEWLINE) ->
State 30:
Shifting (QID) to state 10
State 10:
Lookahead token is now BAR (1031-1032)
Reducing production term -> QID
State 17:
Reducing production factor -> term
State 23:
Reducing production concatenation -> factor
State 31:
Reducing production alternation -> alternation BAR list(NEWLINE) concatenation
State 28:
Shifting (BAR) to state 29
State 29:
("DEBUG2:rs", 97)
("DEBUG2:rs", 99)
("DEBUG2:rs", 99)
("DEBUG2:rs", 111)
("DEBUG2:rs", 109)
("DEBUG2:rs", 112)
("DEBUG2:rs", 108)
("DEBUG2:rs", 105)
("DEBUG2:rs", 115)
("DEBUG2:rs", 104)
("DEBUG2:rs", 101)
("DEBUG2:rs", 100)
Lookahead token is now QID (1046-1047)
Reducing production list(NEWLINE) ->
State 30:
Shifting (QID) to state 10
State 10:
Lookahead token is now BAR (1048-1049)
Reducing production term -> QID
State 17:
Reducing production factor -> term
State 23:
Reducing production concatenation -> factor
State 31:
Reducing production alternation -> alternation BAR list(NEWLINE) concatenation
State 28:
Shifting (BAR) to state 29
State 29:
("DEBUG2:rs", 97)
("DEBUG2:rs", 103)
("DEBUG2:rs", 103)
("DEBUG2:rs", 114)
("DEBUG2:rs", 97)
("DEBUG2:rs", 118)
("DEBUG2:rs", 97)
("DEBUG2:rs", 116)
("DEBUG2:rs", 101)
("DEBUG2:rs", 100)
Lookahead token is now QID (1061-1062)
Reducing production list(NEWLINE) ->
State 30:
Shifting (QID) to state 10
State 10:
Lookahead token is now BAR (1063-1064)
Reducing production term -> QID
State 17:
Reducing production factor -> term
State 23:
Reducing production concatenation -> factor
State 31:
Reducing production alternation -> alternation BAR list(NEWLINE) concatenation
State 28:
Shifting (BAR) to state 29
State 29:
("DEBUG2:rs", 97)
("DEBUG2:rs", 109)
("DEBUG2:rs", 117)
("DEBUG2:rs", 115)
("DEBUG2:rs", 101)
("DEBUG2:rs", 100)
Lookahead token is now QID (1072-1073)
Reducing production list(NEWLINE) ->
State 30:
Shifting (QID) to state 10
State 10:
Lookahead token is now BAR (1074-1075)
Reducing production term -> QID
State 17:
Reducing production factor -> term
State 23:
Reducing production concatenation -> factor
State 31:
Reducing production alternation -> alternation BAR list(NEWLINE) concatenation
State 28:
Shifting (BAR) to state 29
State 29:
("DEBUG2:rs", 97)
("DEBUG2:rs", 110)
("DEBUG2:rs", 120)
("DEBUG2:rs", 105)
("DEBUG2:rs", 111)
("DEBUG2:rs", 117)
("DEBUG2:rs", 115)
Lookahead token is now QID (1084-1085)
Reducing production list(NEWLINE) ->
State 30:
Shifting (QID) to state 10
State 10:
Lookahead token is now BAR (1086-1087)
Reducing production term -> QID
State 17:
Reducing production factor -> term
State 23:
Reducing production concatenation -> factor
State 31:
Reducing production alternation -> alternation BAR list(NEWLINE) concatenation
State 28:
Shifting (BAR) to state 29
State 29:
("DEBUG2:rs", 97)
("DEBUG2:rs", 112)
("DEBUG2:rs", 97)
("DEBUG2:rs", 116)
("DEBUG2:rs", 104)
("DEBUG2:rs", 101)
("DEBUG2:rs", 116)
("DEBUG2:rs", 105)
("DEBUG2:rs", 99)
Lookahead token is now QID (1098-1099)
Reducing production list(NEWLINE) ->
State 30:
Shifting (QID) to state 10
State 10:
Lookahead token is now BAR (1100-1101)
Reducing production term -> QID
State 17:
Reducing production factor -> term
State 23:
Reducing production concatenation -> factor
State 31:
Reducing production alternation -> alternation BAR list(NEWLINE) concatenation
State 28:
Shifting (BAR) to state 29
State 29:
("DEBUG2:rs", 97)
("DEBUG2:rs", 119)
("DEBUG2:rs", 97)
("DEBUG2:rs", 107)
("DEBUG2:rs", 101)
Lookahead token is now QID (1108-1109)
Reducing production list(NEWLINE) ->
State 30:
Shifting (QID) to state 10
State 10:
Lookahead token is now BAR (1110-1111)
Reducing production term -> QID
State 17:
Reducing production factor -> term
State 23:
Reducing production concatenation -> factor
State 31:
Reducing production alternation -> alternation BAR list(NEWLINE) concatenation
State 28:
Shifting (BAR) to state 29
State 29:
("DEBUG2:rs", 98)
("DEBUG2:rs", 108)
("DEBUG2:rs", 97)
("DEBUG2:rs", 104)
Lookahead token is now QID (1117-1118)
Reducing production list(NEWLINE) ->
State 30:
Shifting (QID) to state 10
State 10:
Lookahead token is now BAR (1119-1120)
Reducing production term -> QID
State 17:
Reducing production factor -> term
State 23:
Reducing production concatenation -> factor
State 31:
Reducing production alternation -> alternation BAR list(NEWLINE) concatenation
State 28:
Shifting (BAR) to state 29
State 29:
("DEBUG2:rs", 98)
("DEBUG2:rs", 111)
("DEBUG2:rs", 117)
("DEBUG2:rs", 110)
("DEBUG2:rs", 99)
("DEBUG2:rs", 121)
Lookahead token is now QID (1128-1129)
Reducing production list(NEWLINE) ->
State 30:
Shifting (QID) to state 10
State 10:
Lookahead token is now BAR (1130-1131)
Reducing production term -> QID
State 17:
Reducing production factor -> term
State 23:
Reducing production concatenation -> factor
State 31:
Reducing production alternation -> alternation BAR list(NEWLINE) concatenation
State 28:
Shifting (BAR) to state 29
State 29:
("DEBUG2:rs", 98)
("DEBUG2:rs", 117)
("DEBUG2:rs", 115)
("DEBUG2:rs", 121)
Lookahead token is now QID (1137-1138)
Reducing production list(NEWLINE) ->
State 30:
Shifting (QID) to state 10
State 10:
Lookahead token is now BAR (1139-1140)
Reducing production term -> QID
State 17:
Reducing production factor -> term
State 23:
Reducing production concatenation -> factor
State 31:
Reducing production alternation -> alternation BAR list(NEWLINE) concatenation
State 28:
Shifting (BAR) to state 29
State 29:
("DEBUG2:rs", 99)
("DEBUG2:rs", 104)
("DEBUG2:rs", 101)
("DEBUG2:rs", 101)
("DEBUG2:rs", 114)
("DEBUG2:rs", 102)
("DEBUG2:rs", 117)
("DEBUG2:rs", 108)
Lookahead token is now QID (1150-1151)
Reducing production list(NEWLINE) ->
State 30:
Shifting (QID) to state 10
State 10:
Lookahead token is now BAR (1152-1153)
Reducing production term -> QID
State 17:
Reducing production factor -> term
State 23:
Reducing production concatenation -> factor
State 31:
Reducing production alternation -> alternation BAR list(NEWLINE) concatenation
State 28:
Shifting (BAR) to state 29
State 29:
("DEBUG2:rs", 99)
("DEBUG2:rs", 104)
("DEBUG2:rs", 105)
("DEBUG2:rs", 112)
("DEBUG2:rs", 112)
("DEBUG2:rs", 101)
("DEBUG2:rs", 114)
Lookahead token is now QID (1162-1163)
Reducing production list(NEWLINE) ->
State 30:
Shifting (QID) to state 10
State 10:
Lookahead token is now BAR (1164-1165)
Reducing production term -> QID
State 17:
Reducing production factor -> term
State 23:
Reducing production concatenation -> factor
State 31:
Reducing production alternation -> alternation BAR list(NEWLINE) concatenation
State 28:
Shifting (BAR) to state 29
State 29:
("DEBUG2:rs", 99)
("DEBUG2:rs", 111)
("DEBUG2:rs", 108)
("DEBUG2:rs", 100)
Lookahead token is now QID (1171-1172)
Reducing production list(NEWLINE) ->
State 30:
Shifting (QID) to state 10
State 10:
Lookahead token is now BAR (1173-1174)
Reducing production term -> QID
State 17:
Reducing production factor -> term
State 23:
Reducing production concatenation -> factor
State 31:
Reducing production alternation -> alternation BAR list(NEWLINE) concatenation
State 28:
Shifting (BAR) to state 29
State 29:
("DEBUG2:rs", 99)
("DEBUG2:rs", 111)
("DEBUG2:rs", 109)
("DEBUG2:rs", 112)
("DEBUG2:rs", 108)
("DEBUG2:rs", 97)
("DEBUG2:rs", 99)
("DEBUG2:rs", 101)
("DEBUG2:rs", 110)
("DEBUG2:rs", 116)
Lookahead token is now QID (1186-1187)
Reducing production list(NEWLINE) ->
State 30:
Shifting (QID) to state 10
State 10:
Lookahead token is now BAR (1188-1189)
Reducing production term -> QID
State 17:
Reducing production factor -> term
State 23:
Reducing production concatenation -> factor
State 31:
Reducing production alternation -> alternation BAR list(NEWLINE) concatenation
State 28:
Shifting (BAR) to state 29
State 29:
("DEBUG2:rs", 99)
("DEBUG2:rs", 111)
("DEBUG2:rs", 110)
("DEBUG2:rs", 102)
("DEBUG2:rs", 117)
("DEBUG2:rs", 115)
("DEBUG2:rs", 101)
("DEBUG2:rs", 100)
Lookahead token is now QID (1199-1200)
Reducing production list(NEWLINE) ->
State 30:
Shifting (QID) to state 10
State 10:
Lookahead token is now BAR (1201-1202)
Reducing production term -> QID
State 17:
Reducing production factor -> term
State 23:
Reducing production concatenation -> factor
State 31:
Reducing production alternation -> alternation BAR list(NEWLINE) concatenation
State 28:
Shifting (BAR) to state 29
State 29:
("DEBUG2:rs", 99)
("DEBUG2:rs", 111)
("DEBUG2:rs", 110)
("DEBUG2:rs", 116)
("DEBUG2:rs", 101)
("DEBUG2:rs", 109)
("DEBUG2:rs", 112)
("DEBUG2:rs", 108)
("DEBUG2:rs", 97)
("DEBUG2:rs", 116)
("DEBUG2:rs", 105)
("DEBUG2:rs", 118)
("DEBUG2:rs", 101)
Lookahead token is now QID (1217-1218)
Reducing production list(NEWLINE) ->
State 30:
Shifting (QID) to state 10
State 10:
Lookahead token is now BAR (1219-1220)
Reducing production term -> QID
State 17:
Reducing production factor -> term
State 23:
Reducing production concatenation -> factor
State 31:
Reducing production alternation -> alternation BAR list(NEWLINE) concatenation
State 28:
Shifting (BAR) to state 29
State 29:
("DEBUG2:rs", 99)
("DEBUG2:rs", 114)
("DEBUG2:rs", 97)
("DEBUG2:rs", 110)
("DEBUG2:rs", 107)
("DEBUG2:rs", 121)
Lookahead token is now QID (1228-1229)
Reducing production list(NEWLINE) ->
State 30:
Shifting (QID) to state 10
State 10:
Lookahead token is now BAR (1230-1231)
Reducing production term -> QID
State 17:
Reducing production factor -> term
State 23:
Reducing production concatenation -> factor
State 31:
Reducing production alternation -> alternation BAR list(NEWLINE) concatenation
State 28:
Shifting (BAR) to state 29
State 29:
("DEBUG2:rs", 99)
("DEBUG2:rs", 114)
("DEBUG2:rs", 97)
("DEBUG2:rs", 112)
("DEBUG2:rs", 112)
("DEBUG2:rs", 121)
Lookahead token is now QID (1239-1240)
Reducing production list(NEWLINE) ->
State 30:
Shifting (QID) to state 10
State 10:
Lookahead token is now BAR (1241-1242)
Reducing production term -> QID
State 17:
Reducing production factor -> term
State 23:
Reducing production concatenation -> factor
State 31:
Reducing production alternation -> alternation BAR list(NEWLINE) concatenation
State 28:
Shifting (BAR) to state 29
State 29:
("DEBUG2:rs", 99)
("DEBUG2:rs", 114)
("DEBUG2:rs", 97)
("DEBUG2:rs", 122)
("DEBUG2:rs", 121)
Lookahead token is now QID (1249-1250)
Reducing production list(NEWLINE) ->
State 30:
Shifting (QID) to state 10
State 10:
Lookahead token is now BAR (1251-1252)
Reducing production term -> QID
State 17:
Reducing production factor -> term
State 23:
Reducing production concatenation -> factor
State 31:
Reducing production alternation -> alternation BAR list(NEWLINE) concatenation
State 28:
Shifting (BAR) to state 29
State 29:
("DEBUG2:rs", 99)
("DEBUG2:rs", 114)
("DEBUG2:rs", 101)
("DEBUG2:rs", 97)
("DEBUG2:rs", 116)
("DEBUG2:rs", 105)
("DEBUG2:rs", 118)
("DEBUG2:rs", 101)
Lookahead token is now QID (1262-1263)
Reducing production list(NEWLINE) ->
State 30:
Shifting (QID) to state 10
State 10:
Lookahead token is now BAR (1264-1265)
Reducing production term -> QID
State 17:
Reducing production factor -> term
State 23:
Reducing production concatenation -> factor
State 31:
Reducing production alternation -> alternation BAR list(NEWLINE) concatenation
State 28:
Shifting (BAR) to state 29
State 29:
("DEBUG2:rs", 99)
("DEBUG2:rs", 114)
("DEBUG2:rs", 117)
("DEBUG2:rs", 115)
("DEBUG2:rs", 104)
("DEBUG2:rs", 101)
("DEBUG2:rs", 100)
Lookahead token is now QID (1274-1275)
Reducing production list(NEWLINE) ->
State 30:
Shifting (QID) to state 10
State 10:
Lookahead token is now BAR (1276-1277)
Reducing production term -> QID
State 17:
Reducing production factor -> term
State 23:
Reducing production concatenation -> factor
State 31:
Reducing production alternation -> alternation BAR list(NEWLINE) concatenation
State 28:
Shifting (BAR) to state 29
State 29:
("DEBUG2:rs", 99)
("DEBUG2:rs", 117)
("DEBUG2:rs", 114)
("DEBUG2:rs", 105)
("DEBUG2:rs", 111)
("DEBUG2:rs", 117)
("DEBUG2:rs", 115)
Lookahead token is now QID (1286-1287)
Reducing production list(NEWLINE) ->
State 30:
Shifting (QID) to state 10
State 10:
Lookahead token is now BAR (1288-1289)
Reducing production term -> QID
State 17:
Reducing production factor -> term
State 23:
Reducing production concatenation -> factor
State 31:
Reducing production alternation -> alternation BAR list(NEWLINE) concatenation
State 28:
Shifting (BAR) to state 29
State 29:
("DEBUG2:rs", 100)
("DEBUG2:rs", 101)
("DEBUG2:rs", 112)
("DEBUG2:rs", 114)
("DEBUG2:rs", 101)
("DEBUG2:rs", 115)
("DEBUG2:rs", 115)
("DEBUG2:rs", 101)
("DEBUG2:rs", 100)
Lookahead token is now QID (1300-1301)
Reducing production list(NEWLINE) ->
State 30:
Shifting (QID) to state 10
State 10:
Lookahead token is now BAR (1302-1303)
Reducing production term -> QID
State 17:
Reducing production factor -> term
State 23:
Reducing production concatenation -> factor
State 31:
Reducing production alternation -> alternation BAR list(NEWLINE) concatenation
State 28:
Shifting (BAR) to state 29
State 29:
("DEBUG2:rs", 100)
("DEBUG2:rs", 105)
("DEBUG2:rs", 115)
("DEBUG2:rs", 97)
("DEBUG2:rs", 112)
("DEBUG2:rs", 112)
("DEBUG2:rs", 111)
("DEBUG2:rs", 105)
("DEBUG2:rs", 110)
("DEBUG2:rs", 116)
("DEBUG2:rs", 101)
("DEBUG2:rs", 100)
Lookahead token is now QID (1317-1318)
Reducing production list(NEWLINE) ->
State 30:
Shifting (QID) to state 10
State 10:
Lookahead token is now BAR (1319-1320)
Reducing production term -> QID
State 17:
Reducing production factor -> term
State 23:
Reducing production concatenation -> factor
State 31:
Reducing production alternation -> alternation BAR list(NEWLINE) concatenation
State 28:
Shifting (BAR) to state 29
State 29:
("DEBUG2:rs", 100)
("DEBUG2:rs", 105)
("DEBUG2:rs", 115)
("DEBUG2:rs", 99)
("DEBUG2:rs", 111)
("DEBUG2:rs", 110)
("DEBUG2:rs", 116)
("DEBUG2:rs", 101)
("DEBUG2:rs", 110)
("DEBUG2:rs", 116)
Lookahead token is now QID (1332-1333)
Reducing production list(NEWLINE) ->
State 30:
Shifting (QID) to state 10
State 10:
Lookahead token is now BAR (1334-1335)
Reducing production term -> QID
State 17:
Reducing production factor -> term
State 23:
Reducing production concatenation -> factor
State 31:
Reducing production alternation -> alternation BAR list(NEWLINE) concatenation
State 28:
Shifting (BAR) to state 29
State 29:
("DEBUG2:rs", 100)
("DEBUG2:rs", 105)
("DEBUG2:rs", 116)
("DEBUG2:rs", 122)
("DEBUG2:rs", 121)
Lookahead token is now QID (1342-1343)
Reducing production list(NEWLINE) ->
State 30:
Shifting (QID) to state 10
State 10:
Lookahead token is now BAR (1344-1345)
Reducing production term -> QID
State 17:
Reducing production factor -> term
State 23:
Reducing production concatenation -> factor
State 31:
Reducing production alternation -> alternation BAR list(NEWLINE) concatenation
State 28:
Shifting (BAR) to state 29
State 29:
("DEBUG2:rs", 100)
("DEBUG2:rs", 111)
("DEBUG2:rs", 114)
("DEBUG2:rs", 107)
("DEBUG2:rs", 121)
Lookahead token is now QID (1352-1353)
Reducing production list(NEWLINE) ->
State 30:
Shifting (QID) to state 10
State 10:
Lookahead token is now BAR (1354-1355)
Reducing production term -> QID
State 17:
Reducing production factor -> term
State 23:
Reducing production concatenation -> factor
State 31:
Reducing production alternation -> alternation BAR list(NEWLINE) concatenation
State 28:
Shifting (BAR) to state 29
State 29:
("DEBUG2:rs", 100)
("DEBUG2:rs", 114)
("DEBUG2:rs", 97)
("DEBUG2:rs", 105)
("DEBUG2:rs", 110)
("DEBUG2:rs", 101)
("DEBUG2:rs", 100)
Lookahead token is now QID (1364-1365)
Reducing production list(NEWLINE) ->
State 30:
Shifting (QID) to state 10
State 10:
Lookahead token is now BAR (1366-1367)
Reducing production term -> QID
State 17:
Reducing production factor -> term
State 23:
Reducing production concatenation -> factor
State 31:
Reducing production alternation -> alternation BAR list(NEWLINE) concatenation
State 28:
Shifting (BAR) to state 29
State 29:
("DEBUG2:rs", 100)
("DEBUG2:rs", 114)
("DEBUG2:rs", 117)
("DEBUG2:rs", 110)
("DEBUG2:rs", 107)
Lookahead token is now QID (1374-1375)
Reducing production list(NEWLINE) ->
State 30:
Shifting (QID) to state 10
State 10:
Lookahead token is now BAR (1376-1377)
Reducing production term -> QID
State 17:
Reducing production factor -> term
State 23:
Reducing production concatenation -> factor
State 31:
Reducing production alternation -> alternation BAR list(NEWLINE) concatenation
State 28:
Shifting (BAR) to state 29
State 29:
("DEBUG2:rs", 101)
("DEBUG2:rs", 99)
("DEBUG2:rs", 115)
("DEBUG2:rs", 116)
("DEBUG2:rs", 97)
("DEBUG2:rs", 116)
("DEBUG2:rs", 105)
("DEBUG2:rs", 99)
Lookahead token is now QID (1387-1388)
Reducing production list(NEWLINE) ->
State 30:
Shifting (QID) to state 10
State 10:
Lookahead token is now BAR (1389-1390)
Reducing production term -> QID
State 17:
Reducing production factor -> term
State 23:
Reducing production concatenation -> factor
State 31:
Reducing production alternation -> alternation BAR list(NEWLINE) concatenation
State 28:
Shifting (BAR) to state 29
State 29:
("DEBUG2:rs", 101)
("DEBUG2:rs", 110)
("DEBUG2:rs", 101)
("DEBUG2:rs", 114)
("DEBUG2:rs", 103)
("DEBUG2:rs", 101)
("DEBUG2:rs", 116)
("DEBUG2:rs", 105)
("DEBUG2:rs", 99)
Lookahead token is now QID (1401-1402)
Reducing production list(NEWLINE) ->
State 30:
Shifting (QID) to state 10
State 10:
Lookahead token is now BAR (1403-1404)
Reducing production term -> QID
State 17:
Reducing production factor -> term
State 23:
Reducing production concatenation -> factor
State 31:
Reducing production alternation -> alternation BAR list(NEWLINE) concatenation
State 28:
Shifting (BAR) to state 29
State 29:
("DEBUG2:rs", 101)
("DEBUG2:rs", 110)
("DEBUG2:rs", 116)
("DEBUG2:rs", 104)
("DEBUG2:rs", 114)
("DEBUG2:rs", 97)
("DEBUG2:rs", 108)
("DEBUG2:rs", 108)
("DEBUG2:rs", 101)
("DEBUG2:rs", 100)
Lookahead token is now QID (1416-1417)
Reducing production list(NEWLINE) ->
State 30:
Shifting (QID) to state 10
State 10:
Lookahead token is now BAR (1418-1419)
Reducing production term -> QID
State 17:
Reducing production factor -> term
State 23:
Reducing production concatenation -> factor
State 31:
Reducing production alternation -> alternation BAR list(NEWLINE) concatenation
State 28:
Shifting (BAR) to state 29
State 29:
("DEBUG2:rs", 101)
("DEBUG2:rs", 120)
("DEBUG2:rs", 97)
("DEBUG2:rs", 110)
("DEBUG2:rs", 105)
("DEBUG2:rs", 109)
("DEBUG2:rs", 97)
("DEBUG2:rs", 116)
("DEBUG2:rs", 101)
Lookahead token is now QID (1430-1431)
Reducing production list(NEWLINE) ->
State 30:
Shifting (QID) to state 10
State 10:
Lookahead token is now BAR (1432-1433)
Reducing production term -> QID
State 17:
Reducing production factor -> term
State 23:
Reducing production concatenation -> factor
State 31:
Reducing production alternation -> alternation BAR list(NEWLINE) concatenation
State 28:
Shifting (BAR) to state 29
State 29:
("DEBUG2:rs", 101)
("DEBUG2:rs", 120)
("DEBUG2:rs", 99)
("DEBUG2:rs", 105)
("DEBUG2:rs", 116)
("DEBUG2:rs", 101)
("DEBUG2:rs", 100)
Lookahead token is now QID (1442-1443)
Reducing production list(NEWLINE) ->
State 30:
Shifting (QID) to state 10
State 10:
Lookahead token is now BAR (1444-1445)
Reducing production term -> QID
State 17:
Reducing production factor -> term
State 23:
Reducing production concatenation -> factor
State 31:
Reducing production alternation -> alternation BAR list(NEWLINE) concatenation
State 28:
Shifting (BAR) to state 29
State 29:
("DEBUG2:rs", 101)
("DEBUG2:rs", 120)
("DEBUG2:rs", 104)
("DEBUG2:rs", 97)
("DEBUG2:rs", 117)
("DEBUG2:rs", 115)
("DEBUG2:rs", 116)
("DEBUG2:rs", 101)
("DEBUG2:rs", 100)
Lookahead token is now QID (1456-1457)
Reducing production list(NEWLINE) ->
State 30:
Shifting (QID) to state 10
State 10:
Lookahead token is now BAR (1458-1459)
Reducing production term -> QID
State 17:
Reducing production factor -> term
State 23:
Reducing production concatenation -> factor
State 31:
Reducing production alternation -> alternation BAR list(NEWLINE) concatenation
State 28:
Shifting (BAR) to state 29
State 29:
("DEBUG2:rs", 102)
("DEBUG2:rs", 108)
("DEBUG2:rs", 105)
("DEBUG2:rs", 114)
("DEBUG2:rs", 116)
("DEBUG2:rs", 121)
Lookahead token is now QID (1467-1468)
Reducing production list(NEWLINE) ->
State 30:
Shifting (QID) to state 10
State 10:
Lookahead token is now BAR (1469-1470)
Reducing production term -> QID
State 17:
Reducing production factor -> term
State 23:
Reducing production concatenation -> factor
State 31:
Reducing production alternation -> alternation BAR list(NEWLINE) concatenation
State 28:
Shifting (BAR) to state 29
State 29:
("DEBUG2:rs", 102)
("DEBUG2:rs", 114)
("DEBUG2:rs", 117)
("DEBUG2:rs", 115)
("DEBUG2:rs", 116)
("DEBUG2:rs", 114)
("DEBUG2:rs", 97)
("DEBUG2:rs", 116)
("DEBUG2:rs", 101)
("DEBUG2:rs", 100)
Lookahead token is now QID (1482-1483)
Reducing production list(NEWLINE) ->
State 30:
Shifting (QID) to state 10
State 10:
Lookahead token is now BAR (1484-1485)
Reducing production term -> QID
State 17:
Reducing production factor -> term
State 23:
Reducing production concatenation -> factor
State 31:
Reducing production alternation -> alternation BAR list(NEWLINE) concatenation
State 28:
Shifting (BAR) to state 29
State 29:
("DEBUG2:rs", 102)
("DEBUG2:rs", 117)
("DEBUG2:rs", 108)
("DEBUG2:rs", 108)
Lookahead token is now QID (1491-1492)
Reducing production list(NEWLINE) ->
State 30:
Shifting (QID) to state 10
State 10:
Lookahead token is now BAR (1493-1494)
Reducing production term -> QID
State 17:
Reducing production factor -> term
State 23:
Reducing production concatenation -> factor
State 31:
Reducing production alternation -> alternation BAR list(NEWLINE) concatenation
State 28:
Shifting (BAR) to state 29
State 29:
("DEBUG2:rs", 103)
("DEBUG2:rs", 101)
("DEBUG2:rs", 101)
("DEBUG2:rs", 107)
("DEBUG2:rs", 121)
Lookahead token is now QID (1501-1502)
Reducing production list(NEWLINE) ->
State 30:
Shifting (QID) to state 10
State 10:
Lookahead token is now NEWLINE (1502-1503)
Reducing production term -> QID
State 17:
Reducing production factor -> term
State 23:
Reducing production concatenation -> factor
State 31:
Reducing production alternation -> alternation BAR list(NEWLINE) concatenation
State 28:
Reducing production rhs -> alternation
State 32:
Reducing production old_rule -> LID COLONCOLONEQUAL rhs
["DEBUG:branches1"]
State 38:
Shifting (NEWLINE) to state 39
State 39:
Lookahead token is now NEWLINE (1503-1504)
Shifting (NEWLINE) to state 39
State 39:
Lookahead token is now NEWLINE (1504-1573)
Shifting (NEWLINE) to state 39
State 39:
Lookahead token is now LID (1573-1580)
Reducing production nonempty_list(NEWLINE) -> NEWLINE
State 40:
Reducing production nonempty_list(NEWLINE) -> NEWLINE nonempty_list(NEWLINE)
State 40:
Reducing production nonempty_list(NEWLINE) -> NEWLINE nonempty_list(NEWLINE)
State 41:
Shifting (LID) to state 4
State 4:
(1, 1584, "::=")
Lookahead token is now COLONCOLONEQUAL (1581-1584)
Shifting (COLONCOLONEQUAL) to state 5
State 5:
Lookahead token is now LID (1585-1594)
Shifting (LID) to state 13
State 13:
Lookahead token is now LID (1595-1603)
Reducing production term -> LID
State 17:
Reducing production factor -> term
State 23:
Reducing production concatenation -> factor
State 24:
Shifting (LID) to state 13
State 13:
Lookahead token is now QUESTION (1603-1604)
Reducing production term -> LID
State 17:
Shifting (QUESTION) to state 19
State 19:
Lookahead token is now LID (1605-1613)
Reducing production factor -> term QUESTION
State 25:
Reducing production concatenation -> concatenation factor
State 24:
Shifting (LID) to state 13
State 13:
Lookahead token is now QUESTION (1613-1614)
Reducing production term -> LID
State 17:
Shifting (QUESTION) to state 19
State 19:
Lookahead token is now LID (1615-1620)
Reducing production factor -> term QUESTION
State 25:
Reducing production concatenation -> concatenation factor
State 24:
Shifting (LID) to state 13
State 13:
Lookahead token is now QUESTION (1620-1621)
Reducing production term -> LID
State 17:
Shifting (QUESTION) to state 19
State 19:
Lookahead token is now LID (1622-1630)
Reducing production factor -> term QUESTION
State 25:
Reducing production concatenation -> concatenation factor
State 24:
Shifting (LID) to state 13
State 13:
Lookahead token is now QUESTION (1630-1631)
Reducing production term -> LID
State 17:
Shifting (QUESTION) to state 19
State 19:
Lookahead token is now NEWLINE (1631-1632)
Reducing production factor -> term QUESTION
State 25:
Reducing production concatenation -> concatenation factor
State 24:
Reducing production alternation -> concatenation
State 28:
Reducing production rhs -> alternation
State 32:
Reducing production old_rule -> LID COLONCOLONEQUAL rhs
["DEBUG:branches1"]
State 38:
Shifting (NEWLINE) to state 39
State 39:
Lookahead token is now NEWLINE (1632-1633)
Shifting (NEWLINE) to state 39
State 39:
Lookahead token is now NEWLINE (1633-1682)
Shifting (NEWLINE) to state 39
State 39:
Lookahead token is now LID (1682-1690)
Reducing production nonempty_list(NEWLINE) -> NEWLINE
State 40:
Reducing production nonempty_list(NEWLINE) -> NEWLINE nonempty_list(NEWLINE)
State 40:
Reducing production nonempty_list(NEWLINE) -> NEWLINE nonempty_list(NEWLINE)
State 41:
Shifting (LID) to state 4
State 4:
(1, 1694, "::=")
Lookahead token is now COLONCOLONEQUAL (1691-1694)
Shifting (COLONCOLONEQUAL) to state 5
State 5:
Lookahead token is now LID (1695-1697)
Shifting (LID) to state 13
State 13:
"("
Lookahead token is now LPAREN (1698-1699)
Reducing production term -> LID
State 17:
Reducing production factor -> term
State 23:
Reducing production concatenation -> factor
State 24:
Shifting (LPAREN) to state 11
State 11:
Lookahead token is now LID (1699-1708)
Reducing production list(NEWLINE) ->
State 12:
Shifting (LID) to state 13
State 13:
Lookahead token is now BAR (1709-1710)
Reducing production term -> LID
State 17:
Reducing production factor -> term
State 23:
Reducing production concatenation -> factor
State 24:
Reducing production alternation -> concatenation
State 28:
Shifting (BAR) to state 29
State 29:
Lookahead token is now LID (1711-1719)
Reducing production list(NEWLINE) ->
State 30:
Shifting (LID) to state 13
State 13:
Lookahead token is now RPAREN (1719-1720)
Reducing production term -> LID
State 17:
Reducing production factor -> term
State 23:
Reducing production concatenation -> factor
State 31:
Reducing production alternation -> alternation BAR list(NEWLINE) concatenation
State 28:
Reducing production rhs -> alternation
State 21:
Shifting (RPAREN) to state 22
State 22:
Lookahead token is now NEWLINE (1720-1721)
Reducing production term -> LPAREN list(NEWLINE) rhs RPAREN
State 17:
Reducing production factor -> term
State 25:
Reducing production concatenation -> concatenation factor
State 24:
Reducing production alternation -> concatenation
State 28:
Reducing production rhs -> alternation
State 32:
Reducing production old_rule -> LID COLONCOLONEQUAL rhs
["DEBUG:branches1"]
State 38:
Shifting (NEWLINE) to state 39
State 39:
Lookahead token is now LID (1721-1730)
Reducing production nonempty_list(NEWLINE) -> NEWLINE
State 41:
Shifting (LID) to state 4
State 4:
(1, 1734, "::=")
Lookahead token is now COLONCOLONEQUAL (1731-1734)
Shifting (COLONCOLONEQUAL) to state 5
State 5:
Lookahead token is now LID (1735-1739)
Shifting (LID) to state 13
State 13:
"("
Lookahead token is now LPAREN (1740-1741)
Reducing production term -> LID
State 17:
Reducing production factor -> term
State 23:
Reducing production concatenation -> factor
State 24:
Shifting (LPAREN) to state 11
State 11:
Lookahead token is now LID (1741-1743)
Reducing production list(NEWLINE) ->
State 12:
Shifting (LID) to state 13
State 13:
Lookahead token is now LID (1744-1748)
Reducing production term -> LID
State 17:
Reducing production factor -> term
State 23:
Reducing production concatenation -> factor
State 24:
Shifting (LID) to state 13
State 13:
Lookahead token is now RPAREN (1748-1749)
Reducing production term -> LID
State 17:
Reducing production factor -> term
State 25:
Reducing production concatenation -> concatenation factor
State 24:
Reducing production alternation -> concatenation
State 28:
Reducing production rhs -> alternation
State 21:
Shifting (RPAREN) to state 22
State 22:
Lookahead token is now PLUS (1749-1750)
Reducing production term -> LPAREN list(NEWLINE) rhs RPAREN
State 17:
Shifting (PLUS) to state 20
State 20:
("DEBUG2:rs", 46)
Lookahead token is now QID (1753-1754)
Reducing production factor -> term PLUS
State 25:
Reducing production concatenation -> concatenation factor
State 24:
Shifting (QID) to state 10
State 10:
Lookahead token is now NEWLINE (1754-1755)
Reducing production term -> QID
State 17:
Reducing production factor -> term
State 25:
Reducing production concatenation -> concatenation factor
State 24:
Reducing production alternation -> concatenation
State 28:
Reducing production rhs -> alternation
State 32:
Reducing production old_rule -> LID COLONCOLONEQUAL rhs
["DEBUG:branches1"]
State 38:
Shifting (NEWLINE) to state 39
State 39:
Lookahead token is now LID (1755-1763)
Reducing production nonempty_list(NEWLINE) -> NEWLINE
State 41:
Shifting (LID) to state 4
State 4:
(1, 1767, "::=")
Lookahead token is now COLONCOLONEQUAL (1764-1767)
Shifting (COLONCOLONEQUAL) to state 5
State 5:
Lookahead token is now LID (1768-1772)
Shifting (LID) to state 13
State 13:
"("
Lookahead token is now LPAREN (1773-1774)
Reducing production term -> LID
State 17:
Reducing production factor -> term
State 23:
Reducing production concatenation -> factor
State 24:
Shifting (LPAREN) to state 11
State 11:
Lookahead token is now LID (1774-1776)
Reducing production list(NEWLINE) ->
State 12:
Shifting (LID) to state 13
State 13:
Lookahead token is now LID (1777-1781)
Reducing production term -> LID
State 17:
Reducing production factor -> term
State 23:
Reducing production concatenation -> factor
State 24:
Shifting (LID) to state 13
State 13:
Lookahead token is now RPAREN (1781-1782)
Reducing production term -> LID
State 17:
Reducing production factor -> term
State 25:
Reducing production concatenation -> concatenation factor
State 24:
Reducing production alternation -> concatenation
State 28:
Reducing production rhs -> alternation
State 21:
Shifting (RPAREN) to state 22
State 22:
Lookahead token is now PLUS (1782-1783)
Reducing production term -> LPAREN list(NEWLINE) rhs RPAREN
State 17:
Shifting (PLUS) to state 20
State 20:
("DEBUG2:rs", 63)
Lookahead token is now QID (1786-1787)
Reducing production factor -> term PLUS
State 25:
Reducing production concatenation -> concatenation factor
State 24:
Shifting (QID) to state 10
State 10:
Lookahead token is now NEWLINE (1787-1788)
Reducing production term -> QID
State 17:
Reducing production factor -> term
State 25:
Reducing production concatenation -> concatenation factor
State 24:
Reducing production alternation -> concatenation
State 28:
Reducing production rhs -> alternation
State 32:
Reducing production old_rule -> LID COLONCOLONEQUAL rhs
["DEBUG:branches1"]
State 38:
Shifting (NEWLINE) to state 39
State 39:
Lookahead token is now LID (1788-1793)
Reducing production nonempty_list(NEWLINE) -> NEWLINE
State 41:
Shifting (LID) to state 4
State 4:
(1, 1797, "::=")
Lookahead token is now COLONCOLONEQUAL (1794-1797)
Shifting (COLONCOLONEQUAL) to state 5
State 5:
("DEBUG2:rs", 42)
Lookahead token is now QID (1800-1801)
Shifting (QID) to state 10
State 10:
Lookahead token is now LID (1802-1806)
Reducing production term -> QID
State 17:
Reducing production factor -> term
State 23:
Reducing production concatenation -> factor
State 24:
Shifting (LID) to state 13
State 13:
"("
Lookahead token is now LPAREN (1807-1808)
Reducing production term -> LID
State 17:
Reducing production factor -> term
State 25:
Reducing production concatenation -> concatenation factor
State 24:
Shifting (LPAREN) to state 11
State 11:
Lookahead token is now LID (1808-1810)
Reducing production list(NEWLINE) ->
State 12:
Shifting (LID) to state 13
State 13:
Lookahead token is now LID (1811-1815)
Reducing production term -> LID
State 17:
Reducing production factor -> term
State 23:
Reducing production concatenation -> factor
State 24:
Shifting (LID) to state 13
State 13:
Lookahead token is now RPAREN (1815-1816)
Reducing production term -> LID
State 17:
Reducing production factor -> term
State 25:
Reducing production concatenation -> concatenation factor
State 24:
Reducing production alternation -> concatenation
State 28:
Reducing production rhs -> alternation
State 21:
Shifting (RPAREN) to state 22
State 22:
Lookahead token is now PLUS (1816-1817)
Reducing production term -> LPAREN list(NEWLINE) rhs RPAREN
State 17:
Shifting (PLUS) to state 20
State 20:
("DEBUG2:rs", 42)
Lookahead token is now QID (1820-1821)
Reducing production factor -> term PLUS
State 25:
Reducing production concatenation -> concatenation factor
State 24:
Shifting (QID) to state 10
State 10:
Lookahead token is now NEWLINE (1821-1822)
Reducing production term -> QID
State 17:
Reducing production factor -> term
State 25:
Reducing production concatenation -> concatenation factor
State 24:
Reducing production alternation -> concatenation
State 28:
Reducing production rhs -> alternation
State 32:
Reducing production old_rule -> LID COLONCOLONEQUAL rhs
["DEBUG:branches1"]
State 38:
Shifting (NEWLINE) to state 39
State 39:
Lookahead token is now NEWLINE (1822-1823)
Shifting (NEWLINE) to state 39
State 39:
Lookahead token is now NEWLINE (1823-1840)
Shifting (NEWLINE) to state 39
State 39:
Lookahead token is now LID (1840-1844)
Reducing production nonempty_list(NEWLINE) -> NEWLINE
State 40:
Reducing production nonempty_list(NEWLINE) -> NEWLINE nonempty_list(NEWLINE)
State 40:
Reducing production nonempty_list(NEWLINE) -> NEWLINE nonempty_list(NEWLINE)
State 41:
Shifting (LID) to state 4
State 4:
(1, 1848, "::=")
Lookahead token is now COLONCOLONEQUAL (1845-1848)
Shifting (COLONCOLONEQUAL) to state 5
State 5:
"["
"A"
"-"
"Z"
"a"
"-"
"z"
"]"
Lookahead token is now REGEX (1856-1857)
Shifting (REGEX) to state 9
State 9:
Lookahead token is now PLUS (1857-1858)
Reducing production term -> REGEX
State 17:
Shifting (PLUS) to state 20
State 20:
Lookahead token is now NEWLINE (1858-1859)
Reducing production factor -> term PLUS
State 23:
Reducing production concatenation -> factor
State 24:
Reducing production alternation -> concatenation
State 28:
Reducing production rhs -> alternation
State 32:
Reducing production old_rule -> LID COLONCOLONEQUAL rhs
["DEBUG:branches1"]
State 38:
Shifting (NEWLINE) to state 39
State 39:
Lookahead token is now LID (1859-1861)
Reducing production nonempty_list(NEWLINE) -> NEWLINE
State 41:
Shifting (LID) to state 4
State 4:
(1, 1865, "::=")
Lookahead token is now COLONCOLONEQUAL (1862-1865)
Shifting (COLONCOLONEQUAL) to state 5
State 5:
"["
" "
","
"]"
Lookahead token is now REGEX (1869-1870)
Shifting (REGEX) to state 9
State 9:
Lookahead token is now PLUS (1870-1871)
Reducing production term -> REGEX
State 17:
Shifting (PLUS) to state 20
State 20:
Lookahead token is now NEWLINE (1871-1872)
Reducing production factor -> term PLUS
State 23:
Reducing production concatenation -> factor
State 24:
Reducing production alternation -> concatenation
State 28:
Reducing production rhs -> alternation
State 32:
Reducing production old_rule -> LID COLONCOLONEQUAL rhs
["DEBUG:branches1"]
State 38:
Shifting (NEWLINE) to state 39
State 39:
Lookahead token is now EOF (1872-1872)
Initiating error handling
Fatal error: exception Gbnf_parser.SentenceParser.MenhirBasics.Error
