Done: 94% (298/315, 17 left) (jobs: 0)                                      Hello, World!
State 0:
Lookahead token is now LID (0-6)
Reducing production list(NEWLINE) ->
State 3:
Shifting (LID) to state 4
State 4:
DEBUG
(1, 10, "::=")
Lookahead token is now COLONCOLONEQUAL (7-10)
Shifting (COLONCOLONEQUAL) to state 5
State 5:
Lookahead token is now QID (14-15)
Shifting (QID) to state 10
State 10:
"("
Lookahead token is now LPAREN (18-19)
Reducing production term -> QID
State 17:
Reducing production factor -> term
State 23:
Reducing production concatenation -> factor
State 24:
Shifting (LPAREN) to state 11
State 11:
"["
"^"
"\""
"\\"
"["
"\\"
"]"
Lookahead token is now REGEX (25-26)
Reducing production list(NEWLINE) ->
State 12:
Shifting (REGEX) to state 9
State 9:
File "", line 1, characters 26-27:
Error: unexpected character(s).
