Done: 94% (298/315, 17 left) (jobs: 0)                                      Hello, World!
State 0:
Lookahead token is now LID (0-6)
Reducing production list(NEWLINE) ->
State 3:
Shifting (LID) to state 4
State 4:
DEBUG
(1, 10, "::=")
Lookahead token is now COLONCOLONEQUAL (7-10)
Shifting (COLONCOLONEQUAL) to state 5
State 5:
Lookahead token is now QID (15-16)
Shifting (QID) to state 10
State 10:
"("
Lookahead token is now LPAREN (17-18)
Reducing production term -> QID
State 17:
Reducing production factor -> term
State 23:
Reducing production concatenation -> factor
State 24:
Shifting (LPAREN) to state 11
State 11:
Lookahead token is now NEWLINE (18-19)
Shifting (NEWLINE) to state 1
State 1:
"["
"^"
"\""
"\\"
"\\"
"]"
Lookahead token is now REGEX (32-33)
Reducing production list(NEWLINE) ->
State 2:
Reducing production list(NEWLINE) -> NEWLINE list(NEWLINE)
State 12:
Shifting (REGEX) to state 9
State 9:
Lookahead token is now BAR (34-35)
Reducing production term -> REGEX
State 17:
Reducing production factor -> term
State 23:
Reducing production concatenation -> factor
State 24:
Reducing production alternation -> concatenation
State 28:
Shifting (BAR) to state 29
State 29:
Lookahead token is now NEWLINE (35-36)
Initiating error handling
Fatal error: exception Gbnf_parser.SentenceParser.MenhirBasics.Error
