Done: 2% (9/366, 357 left) (jobs: 0)                                    Done: 18% (72/380, 308 left) (jobs: 0)                                      Hello, World!
State 0:
Lookahead token is now LID (0-4)
Reducing production list(NEWLINE) ->
State 3:
Shifting (LID) to state 4
State 4:
(1, 8, "::=")
Lookahead token is now COLONCOLONEQUAL (5-8)
Shifting (COLONCOLONEQUAL) to state 5
State 5:
Lookahead token is now LID (9-13)
Shifting (LID) to state 13
State 13:
Lookahead token is now NEWLINE (13-14)
Reducing production term -> LID
("DEBUG:lid", ("char", (("", 1, 0, 9), ("", 1, 0, 13))))
["DEBUG:sterm/lid"]
["DEBUG:term/sterm"]
State 17:
Reducing production factor -> term
["DEBUG:termfactor"]
["DEBUG:factor"]
State 23:
Reducing production concatenation -> factor
["DEBUG:concat2"]
State 24:
Reducing production alternation -> concatenation
["DEBUG:alt"]
State 28:
Reducing production rhs -> alternation
["DEBUG:rhs"]
State 32:
Reducing production rule -> LID COLONCOLONEQUAL rhs
("DEBUG:rule", ("root", (("", 1, 0, 0), ("", 1, 0, 4))), 0)
State 38:
Shifting (NEWLINE) to state 39
State 39:
Lookahead token is now NEWLINE (14-15)
Shifting (NEWLINE) to state 39
State 39:
Lookahead token is now LID (15-19)
Reducing production nonempty_list(NEWLINE) -> NEWLINE
State 40:
Reducing production nonempty_list(NEWLINE) -> NEWLINE nonempty_list(NEWLINE)
State 41:
Shifting (LID) to state 4
State 4:
(1, 23, "::=")
Lookahead token is now COLONCOLONEQUAL (20-23)
Shifting (COLONCOLONEQUAL) to state 5
State 5:
("DEBUG2:rs", 91)
("DEBUG2:rs", 99)
("DEBUG2:rs", 104)
("DEBUG2:rs", 97)
("DEBUG2:rs", 114)
("DEBUG2:rs", 97)
("DEBUG2:rs", 99)
("DEBUG2:rs", 116)
("DEBUG2:rs", 101)
("DEBUG2:rs", 114)
("DEBUG2:rs", 40)
Lookahead token is now QID (36-37)
Shifting (QID) to state 10
State 10:
Lookahead token is now LID (38-44)
Reducing production term -> QID
("DEBUG:quid", ("\"[character(\"", (("", 1, 0, 24), ("", 1, 0, 37))))
["DEBUG:sterm/quid"]
["DEBUG:term/sterm"]
State 17:
Reducing production factor -> term
["DEBUG:termfactor"]
["DEBUG:factor"]
State 23:
Reducing production concatenation -> factor
["DEBUG:concat2"]
State 24:
Shifting (LID) to state 13
State 13:
("DEBUG2:rs", 41)
Lookahead token is now QID (47-48)
Reducing production term -> LID
("DEBUG:lid", ("string", (("", 1, 0, 38), ("", 1, 0, 44))))
["DEBUG:sterm/lid"]
["DEBUG:term/sterm"]
State 17:
Reducing production factor -> term
["DEBUG:termfactor"]
["DEBUG:factor"]
State 25:
Reducing production concatenation -> concatenation factor
["DEBUG:concat1"]
State 24:
Shifting (QID) to state 10
State 10:
Lookahead token is now LID (49-51)
Reducing production term -> QID
("DEBUG:quid", ("\")\"", (("", 1, 0, 45), ("", 1, 0, 48))))
["DEBUG:sterm/quid"]
["DEBUG:term/sterm"]
State 17:
Reducing production factor -> term
["DEBUG:termfactor"]
["DEBUG:factor"]
State 25:
Reducing production concatenation -> concatenation factor
["DEBUG:concat1"]
State 24:
Shifting (LID) to state 13
State 13:
"("
Lookahead token is now LPAREN (52-53)
Reducing production term -> LID
("DEBUG:lid", ("ws", (("", 1, 0, 49), ("", 1, 0, 51))))
["DEBUG:sterm/lid"]
["DEBUG:term/sterm"]
State 17:
Reducing production factor -> term
["DEBUG:termfactor"]
["DEBUG:factor"]
State 25:
Reducing production concatenation -> concatenation factor
["DEBUG:concat1"]
State 24:
Shifting (LPAREN) to state 11
State 11:
("DEBUG2:rs", 123)
Lookahead token is now QID (56-57)
Reducing production list(NEWLINE) ->
State 12:
Shifting (QID) to state 10
State 10:
("DEBUG2:rs", 78)
("DEBUG2:rs", 105)
("DEBUG2:rs", 99)
("DEBUG2:rs", 107)
("DEBUG2:rs", 110)
("DEBUG2:rs", 97)
("DEBUG2:rs", 109)
("DEBUG2:rs", 101)
("DEBUG2:rs", 40)
Lookahead token is now QID (67-68)
Reducing production term -> QID
("DEBUG:quid", ("\"{\"", (("", 1, 0, 54), ("", 1, 0, 57))))
["DEBUG:sterm/quid"]
["DEBUG:term/sterm"]
State 17:
Reducing production factor -> term
["DEBUG:termfactor"]
["DEBUG:factor"]
State 23:
Reducing production concatenation -> factor
["DEBUG:concat2"]
State 24:
Shifting (QID) to state 10
State 10:
Lookahead token is now LID (69-75)
Reducing production term -> QID
("DEBUG:quid", ("\"Nickname(\"", (("", 1, 0, 57), ("", 1, 0, 68))))
["DEBUG:sterm/quid"]
["DEBUG:term/sterm"]
State 17:
Reducing production factor -> term
["DEBUG:termfactor"]
["DEBUG:factor"]
State 25:
Reducing production concatenation -> concatenation factor
["DEBUG:concat1"]
State 24:
Shifting (LID) to state 13
State 13:
("DEBUG2:rs", 41)
Lookahead token is now QID (78-79)
Reducing production term -> LID
("DEBUG:lid", ("string", (("", 1, 0, 69), ("", 1, 0, 75))))
["DEBUG:sterm/lid"]
["DEBUG:term/sterm"]
State 17:
Reducing production factor -> term
["DEBUG:termfactor"]
["DEBUG:factor"]
State 25:
Reducing production concatenation -> concatenation factor
["DEBUG:concat1"]
State 24:
Shifting (QID) to state 10
State 10:
Lookahead token is now LID (80-82)
Reducing production term -> QID
("DEBUG:quid", ("\")\"", (("", 1, 0, 76), ("", 1, 0, 79))))
["DEBUG:sterm/quid"]
["DEBUG:term/sterm"]
State 17:
Reducing production factor -> term
["DEBUG:termfactor"]
["DEBUG:factor"]
State 25:
Reducing production concatenation -> concatenation factor
["DEBUG:concat1"]
State 24:
Shifting (LID) to state 13
State 13:
("DEBUG2:rs", 83)
("DEBUG2:rs", 112)
("DEBUG2:rs", 101)
("DEBUG2:rs", 99)
("DEBUG2:rs", 105)
("DEBUG2:rs", 101)
("DEBUG2:rs", 115)
("DEBUG2:rs", 40)
Lookahead token is now QID (92-93)
Reducing production term -> LID
("DEBUG:lid", ("ws", (("", 1, 0, 80), ("", 1, 0, 82))))
["DEBUG:sterm/lid"]
["DEBUG:term/sterm"]
State 17:
Reducing production factor -> term
["DEBUG:termfactor"]
["DEBUG:factor"]
State 25:
Reducing production concatenation -> concatenation factor
["DEBUG:concat1"]
State 24:
Shifting (QID) to state 10
State 10:
Lookahead token is now LID (94-100)
Reducing production term -> QID
("DEBUG:quid", ("\"Species(\"", (("", 1, 0, 83), ("", 1, 0, 93))))
["DEBUG:sterm/quid"]
["DEBUG:term/sterm"]
State 17:
Reducing production factor -> term
["DEBUG:termfactor"]
["DEBUG:factor"]
State 25:
Reducing production concatenation -> concatenation factor
["DEBUG:concat1"]
State 24:
Shifting (LID) to state 13
State 13:
("DEBUG2:rs", 41)
Lookahead token is now QID (103-104)
Reducing production term -> LID
("DEBUG:lid", ("string", (("", 1, 0, 94), ("", 1, 0, 100))))
["DEBUG:sterm/lid"]
["DEBUG:term/sterm"]
State 17:
Reducing production factor -> term
["DEBUG:termfactor"]
["DEBUG:factor"]
State 25:
Reducing production concatenation -> concatenation factor
["DEBUG:concat1"]
State 24:
Shifting (QID) to state 10
State 10:
Lookahead token is now LID (105-107)
Reducing production term -> QID
("DEBUG:quid", ("\")\"", (("", 1, 0, 101), ("", 1, 0, 104))))
["DEBUG:sterm/quid"]
["DEBUG:term/sterm"]
State 17:
Reducing production factor -> term
["DEBUG:termfactor"]
["DEBUG:factor"]
State 25:
Reducing production concatenation -> concatenation factor
["DEBUG:concat1"]
State 24:
Shifting (LID) to state 13
State 13:
("DEBUG2:rs", 65)
("DEBUG2:rs", 103)
("DEBUG2:rs", 101)
("DEBUG2:rs", 40)
Lookahead token is now QID (113-114)
Reducing production term -> LID
("DEBUG:lid", ("ws", (("", 1, 0, 105), ("", 1, 0, 107))))
["DEBUG:sterm/lid"]
["DEBUG:term/sterm"]
State 17:
Reducing production factor -> term
["DEBUG:termfactor"]
["DEBUG:factor"]
State 25:
Reducing production concatenation -> concatenation factor
["DEBUG:concat1"]
State 24:
Shifting (QID) to state 10
State 10:
Lookahead token is now LID (115-119)
Reducing production term -> QID
("DEBUG:quid", ("\"Age(\"", (("", 1, 0, 108), ("", 1, 0, 114))))
["DEBUG:sterm/quid"]
["DEBUG:term/sterm"]
State 17:
Reducing production factor -> term
["DEBUG:termfactor"]
["DEBUG:factor"]
State 25:
Reducing production concatenation -> concatenation factor
["DEBUG:concat1"]
State 24:
Shifting (LID) to state 13
State 13:
("DEBUG2:rs", 41)
Lookahead token is now QID (122-123)
Reducing production term -> LID
("DEBUG:lid", ("list", (("", 1, 0, 115), ("", 1, 0, 119))))
["DEBUG:sterm/lid"]
["DEBUG:term/sterm"]
State 17:
Reducing production factor -> term
["DEBUG:termfactor"]
["DEBUG:factor"]
State 25:
Reducing production concatenation -> concatenation factor
["DEBUG:concat1"]
State 24:
Shifting (QID) to state 10
State 10:
Lookahead token is now LID (124-126)
Reducing production term -> QID
("DEBUG:quid", ("\")\"", (("", 1, 0, 120), ("", 1, 0, 123))))
["DEBUG:sterm/quid"]
["DEBUG:term/sterm"]
State 17:
Reducing production factor -> term
["DEBUG:termfactor"]
["DEBUG:factor"]
State 25:
Reducing production concatenation -> concatenation factor
["DEBUG:concat1"]
State 24:
Shifting (LID) to state 13
State 13:
("DEBUG2:rs", 70)
("DEBUG2:rs", 101)
("DEBUG2:rs", 97)
("DEBUG2:rs", 116)
("DEBUG2:rs", 117)
("DEBUG2:rs", 114)
("DEBUG2:rs", 101)
("DEBUG2:rs", 115)
("DEBUG2:rs", 40)
Lookahead token is now QID (137-138)
Reducing production term -> LID
("DEBUG:lid", ("ws", (("", 1, 0, 124), ("", 1, 0, 126))))
["DEBUG:sterm/lid"]
["DEBUG:term/sterm"]
State 17:
Reducing production factor -> term
["DEBUG:termfactor"]
["DEBUG:factor"]
State 25:
Reducing production concatenation -> concatenation factor
["DEBUG:concat1"]
State 24:
Shifting (QID) to state 10
State 10:
Lookahead token is now LID (139-143)
Reducing production term -> QID
("DEBUG:quid", ("\"Features(\"", (("", 1, 0, 127), ("", 1, 0, 138))))
["DEBUG:sterm/quid"]
["DEBUG:term/sterm"]
State 17:
Reducing production factor -> term
["DEBUG:termfactor"]
["DEBUG:factor"]
State 25:
Reducing production concatenation -> concatenation factor
["DEBUG:concat1"]
State 24:
Shifting (LID) to state 13
State 13:
("DEBUG2:rs", 41)
Lookahead token is now QID (146-147)
Reducing production term -> LID
("DEBUG:lid", ("list", (("", 1, 0, 139), ("", 1, 0, 143))))
["DEBUG:sterm/lid"]
["DEBUG:term/sterm"]
State 17:
Reducing production factor -> term
["DEBUG:termfactor"]
["DEBUG:factor"]
State 25:
Reducing production concatenation -> concatenation factor
["DEBUG:concat1"]
State 24:
Shifting (QID) to state 10
State 10:
Lookahead token is now LID (148-150)
Reducing production term -> QID
("DEBUG:quid", ("\")\"", (("", 1, 0, 144), ("", 1, 0, 147))))
["DEBUG:sterm/quid"]
["DEBUG:term/sterm"]
State 17:
Reducing production factor -> term
["DEBUG:termfactor"]
["DEBUG:factor"]
State 25:
Reducing production concatenation -> concatenation factor
["DEBUG:concat1"]
State 24:
Shifting (LID) to state 13
State 13:
("DEBUG2:rs", 66)
("DEBUG2:rs", 111)
("DEBUG2:rs", 100)
("DEBUG2:rs", 121)
("DEBUG2:rs", 40)
Lookahead token is now QID (157-158)
Reducing production term -> LID
("DEBUG:lid", ("ws", (("", 1, 0, 148), ("", 1, 0, 150))))
["DEBUG:sterm/lid"]
["DEBUG:term/sterm"]
State 17:
Reducing production factor -> term
["DEBUG:termfactor"]
["DEBUG:factor"]
State 25:
Reducing production concatenation -> concatenation factor
["DEBUG:concat1"]
State 24:
Shifting (QID) to state 10
State 10:
Lookahead token is now LID (159-163)
Reducing production term -> QID
("DEBUG:quid", ("\"Body(\"", (("", 1, 0, 151), ("", 1, 0, 158))))
["DEBUG:sterm/quid"]
["DEBUG:term/sterm"]
State 17:
Reducing production factor -> term
["DEBUG:termfactor"]
["DEBUG:factor"]
State 25:
Reducing production concatenation -> concatenation factor
["DEBUG:concat1"]
State 24:
Shifting (LID) to state 13
State 13:
("DEBUG2:rs", 41)
Lookahead token is now QID (166-167)
Reducing production term -> LID
("DEBUG:lid", ("list", (("", 1, 0, 159), ("", 1, 0, 163))))
["DEBUG:sterm/lid"]
["DEBUG:term/sterm"]
State 17:
Reducing production factor -> term
["DEBUG:termfactor"]
["DEBUG:factor"]
State 25:
Reducing production concatenation -> concatenation factor
["DEBUG:concat1"]
State 24:
Shifting (QID) to state 10
State 10:
Lookahead token is now LID (168-170)
Reducing production term -> QID
("DEBUG:quid", ("\")\"", (("", 1, 0, 164), ("", 1, 0, 167))))
["DEBUG:sterm/quid"]
["DEBUG:term/sterm"]
State 17:
Reducing production factor -> term
["DEBUG:termfactor"]
["DEBUG:factor"]
State 25:
Reducing production concatenation -> concatenation factor
["DEBUG:concat1"]
State 24:
Shifting (LID) to state 13
State 13:
("DEBUG2:rs", 77)
("DEBUG2:rs", 105)
("DEBUG2:rs", 110)
("DEBUG2:rs", 100)
("DEBUG2:rs", 40)
Lookahead token is now QID (177-178)
Reducing production term -> LID
("DEBUG:lid", ("ws", (("", 1, 0, 168), ("", 1, 0, 170))))
["DEBUG:sterm/lid"]
["DEBUG:term/sterm"]
State 17:
Reducing production factor -> term
["DEBUG:termfactor"]
["DEBUG:factor"]
State 25:
Reducing production concatenation -> concatenation factor
["DEBUG:concat1"]
State 24:
Shifting (QID) to state 10
State 10:
Lookahead token is now LID (179-183)
Reducing production term -> QID
("DEBUG:quid", ("\"Mind(\"", (("", 1, 0, 171), ("", 1, 0, 178))))
["DEBUG:sterm/quid"]
["DEBUG:term/sterm"]
State 17:
Reducing production factor -> term
["DEBUG:termfactor"]
["DEBUG:factor"]
State 25:
Reducing production concatenation -> concatenation factor
["DEBUG:concat1"]
State 24:
Shifting (LID) to state 13
State 13:
("DEBUG2:rs", 41)
Lookahead token is now QID (186-187)
Reducing production term -> LID
("DEBUG:lid", ("list", (("", 1, 0, 179), ("", 1, 0, 183))))
["DEBUG:sterm/lid"]
["DEBUG:term/sterm"]
State 17:
Reducing production factor -> term
["DEBUG:termfactor"]
["DEBUG:factor"]
State 25:
Reducing production concatenation -> concatenation factor
["DEBUG:concat1"]
State 24:
Shifting (QID) to state 10
State 10:
Lookahead token is now LID (188-190)
Reducing production term -> QID
("DEBUG:quid", ("\")\"", (("", 1, 0, 184), ("", 1, 0, 187))))
["DEBUG:sterm/quid"]
["DEBUG:term/sterm"]
State 17:
Reducing production factor -> term
["DEBUG:termfactor"]
["DEBUG:factor"]
State 25:
Reducing production concatenation -> concatenation factor
["DEBUG:concat1"]
State 24:
Shifting (LID) to state 13
State 13:
("DEBUG2:rs", 80)
("DEBUG2:rs", 101)
("DEBUG2:rs", 114)
("DEBUG2:rs", 115)
("DEBUG2:rs", 111)
("DEBUG2:rs", 110)
("DEBUG2:rs", 97)
("DEBUG2:rs", 108)
("DEBUG2:rs", 105)
("DEBUG2:rs", 116)
("DEBUG2:rs", 121)
("DEBUG2:rs", 40)
Lookahead token is now QID (204-205)
Reducing production term -> LID
("DEBUG:lid", ("ws", (("", 1, 0, 188), ("", 1, 0, 190))))
["DEBUG:sterm/lid"]
["DEBUG:term/sterm"]
State 17:
Reducing production factor -> term
["DEBUG:termfactor"]
["DEBUG:factor"]
State 25:
Reducing production concatenation -> concatenation factor
["DEBUG:concat1"]
State 24:
Shifting (QID) to state 10
State 10:
Lookahead token is now LID (206-210)
Reducing production term -> QID
("DEBUG:quid", ("\"Personality(\"", (("", 1, 0, 191), ("", 1, 0, 205))))
["DEBUG:sterm/quid"]
["DEBUG:term/sterm"]
State 17:
Reducing production factor -> term
["DEBUG:termfactor"]
["DEBUG:factor"]
State 25:
Reducing production concatenation -> concatenation factor
["DEBUG:concat1"]
State 24:
Shifting (LID) to state 13
State 13:
("DEBUG2:rs", 41)
Lookahead token is now QID (213-214)
Reducing production term -> LID
("DEBUG:lid", ("list", (("", 1, 0, 206), ("", 1, 0, 210))))
["DEBUG:sterm/lid"]
["DEBUG:term/sterm"]
State 17:
Reducing production factor -> term
["DEBUG:termfactor"]
["DEBUG:factor"]
State 25:
Reducing production concatenation -> concatenation factor
["DEBUG:concat1"]
State 24:
Shifting (QID) to state 10
State 10:
Lookahead token is now LID (215-217)
Reducing production term -> QID
("DEBUG:quid", ("\")\"", (("", 1, 0, 211), ("", 1, 0, 214))))
["DEBUG:sterm/quid"]
["DEBUG:term/sterm"]
State 17:
Reducing production factor -> term
["DEBUG:termfactor"]
["DEBUG:factor"]
State 25:
Reducing production concatenation -> concatenation factor
["DEBUG:concat1"]
State 24:
Shifting (LID) to state 13
State 13:
("DEBUG2:rs", 76)
("DEBUG2:rs", 111)
("DEBUG2:rs", 118)
("DEBUG2:rs", 101)
("DEBUG2:rs", 115)
("DEBUG2:rs", 40)
Lookahead token is now QID (225-226)
Reducing production term -> LID
("DEBUG:lid", ("ws", (("", 1, 0, 215), ("", 1, 0, 217))))
["DEBUG:sterm/lid"]
["DEBUG:term/sterm"]
State 17:
Reducing production factor -> term
["DEBUG:termfactor"]
["DEBUG:factor"]
State 25:
Reducing production concatenation -> concatenation factor
["DEBUG:concat1"]
State 24:
Shifting (QID) to state 10
State 10:
Lookahead token is now LID (227-231)
Reducing production term -> QID
("DEBUG:quid", ("\"Loves(\"", (("", 1, 0, 218), ("", 1, 0, 226))))
["DEBUG:sterm/quid"]
["DEBUG:term/sterm"]
State 17:
Reducing production factor -> term
["DEBUG:termfactor"]
["DEBUG:factor"]
State 25:
Reducing production concatenation -> concatenation factor
["DEBUG:concat1"]
State 24:
Shifting (LID) to state 13
State 13:
("DEBUG2:rs", 41)
Lookahead token is now QID (234-235)
Reducing production term -> LID
("DEBUG:lid", ("list", (("", 1, 0, 227), ("", 1, 0, 231))))
["DEBUG:sterm/lid"]
["DEBUG:term/sterm"]
State 17:
Reducing production factor -> term
["DEBUG:termfactor"]
["DEBUG:factor"]
State 25:
Reducing production concatenation -> concatenation factor
["DEBUG:concat1"]
State 24:
Shifting (QID) to state 10
State 10:
Lookahead token is now LID (236-238)
Reducing production term -> QID
("DEBUG:quid", ("\")\"", (("", 1, 0, 232), ("", 1, 0, 235))))
["DEBUG:sterm/quid"]
["DEBUG:term/sterm"]
State 17:
Reducing production factor -> term
["DEBUG:termfactor"]
["DEBUG:factor"]
State 25:
Reducing production concatenation -> concatenation factor
["DEBUG:concat1"]
State 24:
Shifting (LID) to state 13
State 13:
("DEBUG2:rs", 72)
("DEBUG2:rs", 97)
("DEBUG2:rs", 116)
("DEBUG2:rs", 101)
("DEBUG2:rs", 115)
("DEBUG2:rs", 40)
Lookahead token is now QID (246-247)
Reducing production term -> LID
("DEBUG:lid", ("ws", (("", 1, 0, 236), ("", 1, 0, 238))))
["DEBUG:sterm/lid"]
["DEBUG:term/sterm"]
State 17:
Reducing production factor -> term
["DEBUG:termfactor"]
["DEBUG:factor"]
State 25:
Reducing production concatenation -> concatenation factor
["DEBUG:concat1"]
State 24:
Shifting (QID) to state 10
State 10:
Lookahead token is now LID (248-252)
Reducing production term -> QID
("DEBUG:quid", ("\"Hates(\"", (("", 1, 0, 239), ("", 1, 0, 247))))
["DEBUG:sterm/quid"]
["DEBUG:term/sterm"]
State 17:
Reducing production factor -> term
["DEBUG:termfactor"]
["DEBUG:factor"]
State 25:
Reducing production concatenation -> concatenation factor
["DEBUG:concat1"]
State 24:
Shifting (LID) to state 13
State 13:
("DEBUG2:rs", 41)
Lookahead token is now QID (255-256)
Reducing production term -> LID
("DEBUG:lid", ("list", (("", 1, 0, 248), ("", 1, 0, 252))))
["DEBUG:sterm/lid"]
["DEBUG:term/sterm"]
State 17:
Reducing production factor -> term
["DEBUG:termfactor"]
["DEBUG:factor"]
State 25:
Reducing production concatenation -> concatenation factor
["DEBUG:concat1"]
State 24:
Shifting (QID) to state 10
State 10:
Lookahead token is now LID (257-259)
Reducing production term -> QID
("DEBUG:quid", ("\")\"", (("", 1, 0, 253), ("", 1, 0, 256))))
["DEBUG:sterm/quid"]
["DEBUG:term/sterm"]
State 17:
Reducing production factor -> term
["DEBUG:termfactor"]
["DEBUG:factor"]
State 25:
Reducing production concatenation -> concatenation factor
["DEBUG:concat1"]
State 24:
Shifting (LID) to state 13
State 13:
("DEBUG2:rs", 68)
("DEBUG2:rs", 101)
("DEBUG2:rs", 115)
("DEBUG2:rs", 99)
("DEBUG2:rs", 114)
("DEBUG2:rs", 105)
("DEBUG2:rs", 112)
("DEBUG2:rs", 116)
("DEBUG2:rs", 105)
("DEBUG2:rs", 111)
("DEBUG2:rs", 110)
("DEBUG2:rs", 40)
Lookahead token is now QID (273-274)
Reducing production term -> LID
("DEBUG:lid", ("ws", (("", 1, 0, 257), ("", 1, 0, 259))))
["DEBUG:sterm/lid"]
["DEBUG:term/sterm"]
State 17:
Reducing production factor -> term
["DEBUG:termfactor"]
["DEBUG:factor"]
State 25:
Reducing production concatenation -> concatenation factor
["DEBUG:concat1"]
State 24:
Shifting (QID) to state 10
State 10:
Lookahead token is now LID (275-279)
Reducing production term -> QID
("DEBUG:quid", ("\"Description(\"", (("", 1, 0, 260), ("", 1, 0, 274))))
["DEBUG:sterm/quid"]
["DEBUG:term/sterm"]
State 17:
Reducing production factor -> term
["DEBUG:termfactor"]
["DEBUG:factor"]
State 25:
Reducing production concatenation -> concatenation factor
["DEBUG:concat1"]
State 24:
Shifting (LID) to state 13
State 13:
("DEBUG2:rs", 41)
Lookahead token is now QID (282-283)
Reducing production term -> LID
("DEBUG:lid", ("list", (("", 1, 0, 275), ("", 1, 0, 279))))
["DEBUG:sterm/lid"]
["DEBUG:term/sterm"]
State 17:
Reducing production factor -> term
["DEBUG:termfactor"]
["DEBUG:factor"]
State 25:
Reducing production concatenation -> concatenation factor
["DEBUG:concat1"]
State 24:
Shifting (QID) to state 10
State 10:
Lookahead token is now LID (284-286)
Reducing production term -> QID
("DEBUG:quid", ("\")\"", (("", 1, 0, 280), ("", 1, 0, 283))))
["DEBUG:sterm/quid"]
["DEBUG:term/sterm"]
State 17:
Reducing production factor -> term
["DEBUG:termfactor"]
["DEBUG:factor"]
State 25:
Reducing production concatenation -> concatenation factor
["DEBUG:concat1"]
State 24:
Shifting (LID) to state 13
State 13:
("DEBUG2:rs", 125)
("DEBUG2:rs", 93)
Lookahead token is now QID (290-291)
Reducing production term -> LID
("DEBUG:lid", ("ws", (("", 1, 0, 284), ("", 1, 0, 286))))
["DEBUG:sterm/lid"]
["DEBUG:term/sterm"]
State 17:
Reducing production factor -> term
["DEBUG:termfactor"]
["DEBUG:factor"]
State 25:
Reducing production concatenation -> concatenation factor
["DEBUG:concat1"]
State 24:
Shifting (QID) to state 10
State 10:
Lookahead token is now RPAREN (292-293)
Reducing production term -> QID
("DEBUG:quid", ("\"}]\"", (("", 1, 0, 287), ("", 1, 0, 291))))
["DEBUG:sterm/quid"]
["DEBUG:term/sterm"]
State 17:
Reducing production factor -> term
["DEBUG:termfactor"]
["DEBUG:factor"]
State 25:
Reducing production concatenation -> concatenation factor
["DEBUG:concat1"]
State 24:
Reducing production alternation -> concatenation
["DEBUG:alt"]
State 28:
Reducing production rhs -> alternation
["DEBUG:rhs"]
State 21:
Shifting (RPAREN) to state 22
State 22:
Lookahead token is now NEWLINE (293-294)
Reducing production term -> LPAREN list(NEWLINE) rhs RPAREN
["DEBUG:rhs"]
["DEBUG:cterm/group"]
["DEBUG:term/cterms"]
State 17:
Reducing production factor -> term
["DEBUG:termfactor"]
["DEBUG:factor"]
State 25:
Reducing production concatenation -> concatenation factor
["DEBUG:concat1"]
State 24:
Reducing production alternation -> concatenation
["DEBUG:alt"]
State 28:
Reducing production rhs -> alternation
["DEBUG:rhs"]
State 32:
Reducing production rule -> LID COLONCOLONEQUAL rhs
("DEBUG:rule", ("char", (("", 1, 0, 15), ("", 1, 0, 19))), 0)
State 38:
Shifting (NEWLINE) to state 39
State 39:
Lookahead token is now NEWLINE (294-295)
Shifting (NEWLINE) to state 39
State 39:
Lookahead token is now LID (295-299)
Reducing production nonempty_list(NEWLINE) -> NEWLINE
State 40:
Reducing production nonempty_list(NEWLINE) -> NEWLINE nonempty_list(NEWLINE)
State 41:
Shifting (LID) to state 4
State 4:
(1, 303, "::=")
Lookahead token is now COLONCOLONEQUAL (300-303)
Shifting (COLONCOLONEQUAL) to state 5
State 5:
Lookahead token is now LID (304-310)
Shifting (LID) to state 13
State 13:
"("
Lookahead token is now LPAREN (311-312)
Reducing production term -> LID
("DEBUG:lid", ("string", (("", 1, 0, 304), ("", 1, 0, 310))))
["DEBUG:sterm/lid"]
["DEBUG:term/sterm"]
State 17:
Reducing production factor -> term
["DEBUG:termfactor"]
["DEBUG:factor"]
State 23:
Reducing production concatenation -> factor
["DEBUG:concat2"]
State 24:
Shifting (LPAREN) to state 11
State 11:
("DEBUG2:rs", 32)
("DEBUG2:rs", 43)
("DEBUG2:rs", 32)
Lookahead token is now QID (316-317)
Reducing production list(NEWLINE) ->
State 12:
Shifting (QID) to state 10
State 10:
Lookahead token is now LID (318-324)
Reducing production term -> QID
("DEBUG:quid", ("\" + \"", (("", 1, 0, 312), ("", 1, 0, 317))))
["DEBUG:sterm/quid"]
["DEBUG:term/sterm"]
State 17:
Reducing production factor -> term
["DEBUG:termfactor"]
["DEBUG:factor"]
State 23:
Reducing production concatenation -> factor
["DEBUG:concat2"]
State 24:
Shifting (LID) to state 13
State 13:
Lookahead token is now RPAREN (324-325)
Reducing production term -> LID
("DEBUG:lid", ("string", (("", 1, 0, 318), ("", 1, 0, 324))))
["DEBUG:sterm/lid"]
["DEBUG:term/sterm"]
State 17:
Reducing production factor -> term
["DEBUG:termfactor"]
["DEBUG:factor"]
State 25:
Reducing production concatenation -> concatenation factor
["DEBUG:concat1"]
State 24:
Reducing production alternation -> concatenation
["DEBUG:alt"]
State 28:
Reducing production rhs -> alternation
["DEBUG:rhs"]
State 21:
Shifting (RPAREN) to state 22
State 22:
Lookahead token is now STAR (325-326)
Reducing production term -> LPAREN list(NEWLINE) rhs RPAREN
["DEBUG:rhs"]
["DEBUG:cterm/group"]
["DEBUG:term/cterms"]
State 17:
Shifting (STAR) to state 18
State 18:
Lookahead token is now NEWLINE (326-327)
Reducing production factor -> term STAR
["DEBUG:star"]
["DEBUG:star"]
["DEBUG:termfactor"]
["DEBUG:factormod"]
State 25:
Reducing production concatenation -> concatenation factor
["DEBUG:concat1"]
State 24:
Reducing production alternation -> concatenation
["DEBUG:alt"]
State 28:
Reducing production rhs -> alternation
["DEBUG:rhs"]
State 32:
Reducing production rule -> LID COLONCOLONEQUAL rhs
("DEBUG:rule", ("list", (("", 1, 0, 295), ("", 1, 0, 299))), 0)
State 38:
Shifting (NEWLINE) to state 39
State 39:
Lookahead token is now NEWLINE (327-328)
Shifting (NEWLINE) to state 39
State 39:
Lookahead token is now NEWLINE (328-429)
Shifting (NEWLINE) to state 39
State 39:
Lookahead token is now LID (429-435)
Reducing production nonempty_list(NEWLINE) -> NEWLINE
State 40:
Reducing production nonempty_list(NEWLINE) -> NEWLINE nonempty_list(NEWLINE)
State 40:
Reducing production nonempty_list(NEWLINE) -> NEWLINE nonempty_list(NEWLINE)
State 41:
Shifting (LID) to state 4
State 4:
(1, 439, "::=")
Lookahead token is now COLONCOLONEQUAL (436-439)
Shifting (COLONCOLONEQUAL) to state 5
State 5:
("DEBUG:rs", "\\\"")
Lookahead token is now QID (443-444)
Shifting (QID) to state 10
State 10:
"["
" "
"0"
"-"
"9"
"a"
"-"
"z"
"A"
"-"
"Z"
"]"
Lookahead token is now REGEX (456-457)
Reducing production term -> QID
("DEBUG:quid", ("\"\\\"\"", (("", 1, 0, 440), ("", 1, 0, 444))))
["DEBUG:sterm/quid"]
["DEBUG:term/sterm"]
State 17:
Reducing production factor -> term
["DEBUG:termfactor"]
["DEBUG:factor"]
State 23:
Reducing production concatenation -> factor
["DEBUG:concat2"]
State 24:
Shifting (REGEX) to state 9
State 9:
Lookahead token is now PLUS (457-458)
Reducing production term -> REGEX
("DEBUG:class", ("\"TODO\"", (("", 1, 0, 445), ("", 1, 0, 457))))
["DEBUG:cterm/class"]
["DEBUG:term/cterms"]
State 17:
Shifting (PLUS) to state 20
State 20:
("DEBUG:rs", "\\\"")
Lookahead token is now QID (462-463)
Reducing production factor -> term PLUS
["DEBUG:plus"]
["DEBUG:mod"]
["DEBUG:termfactor"]
["DEBUG:factormod"]
State 25:
Reducing production concatenation -> concatenation factor
["DEBUG:concat1"]
State 24:
Shifting (QID) to state 10
State 10:
Lookahead token is now NEWLINE (463-464)
Reducing production term -> QID
("DEBUG:quid", ("\"\\\"\"", (("", 1, 0, 459), ("", 1, 0, 463))))
["DEBUG:sterm/quid"]
["DEBUG:term/sterm"]
State 17:
Reducing production factor -> term
["DEBUG:termfactor"]
["DEBUG:factor"]
State 25:
Reducing production concatenation -> concatenation factor
["DEBUG:concat1"]
State 24:
Reducing production alternation -> concatenation
["DEBUG:alt"]
State 28:
Reducing production rhs -> alternation
["DEBUG:rhs"]
State 32:
Reducing production rule -> LID COLONCOLONEQUAL rhs
("DEBUG:rule", ("string", (("", 1, 0, 429), ("", 1, 0, 435))), 0)
State 38:
Shifting (NEWLINE) to state 39
State 39:
Lookahead token is now NEWLINE (464-465)
Shifting (NEWLINE) to state 39
State 39:
Lookahead token is now LID (465-467)
Reducing production nonempty_list(NEWLINE) -> NEWLINE
State 40:
Reducing production nonempty_list(NEWLINE) -> NEWLINE nonempty_list(NEWLINE)
State 41:
Shifting (LID) to state 4
State 4:
(1, 471, "::=")
Lookahead token is now COLONCOLONEQUAL (468-471)
Shifting (COLONCOLONEQUAL) to state 5
State 5:
"("
Lookahead token is now LPAREN (472-473)
Shifting (LPAREN) to state 11
State 11:
"["
" "
"\\"
"t"
"\\"
"n"
"]"
Lookahead token is now REGEX (479-480)
Reducing production list(NEWLINE) ->
State 12:
Shifting (REGEX) to state 9
State 9:
Lookahead token is now LID (481-483)
Reducing production term -> REGEX
("DEBUG:class", ("\"TODO\"", (("", 1, 0, 473), ("", 1, 0, 480))))
["DEBUG:cterm/class"]
["DEBUG:term/cterms"]
State 17:
Reducing production factor -> term
["DEBUG:termfactor"]
["DEBUG:factor"]
State 23:
Reducing production concatenation -> factor
["DEBUG:concat2"]
State 24:
Shifting (LID) to state 13
State 13:
Lookahead token is now RPAREN (483-484)
Reducing production term -> LID
("DEBUG:lid", ("ws", (("", 1, 0, 481), ("", 1, 0, 483))))
["DEBUG:sterm/lid"]
["DEBUG:term/sterm"]
State 17:
Reducing production factor -> term
["DEBUG:termfactor"]
["DEBUG:factor"]
State 25:
Reducing production concatenation -> concatenation factor
["DEBUG:concat1"]
State 24:
Reducing production alternation -> concatenation
["DEBUG:alt"]
State 28:
Reducing production rhs -> alternation
["DEBUG:rhs"]
State 21:
Shifting (RPAREN) to state 22
State 22:
Lookahead token is now QUESTION (484-485)
Reducing production term -> LPAREN list(NEWLINE) rhs RPAREN
["DEBUG:rhs"]
["DEBUG:cterm/group"]
["DEBUG:term/cterms"]
State 17:
Shifting (QUESTION) to state 19
State 19:
Lookahead token is now NEWLINE (485-486)
Reducing production factor -> term QUESTION
["DEBUG:quest"]
["DEBUG:quest"]
["DEBUG:termfactor"]
["DEBUG:factormod"]
State 23:
Reducing production concatenation -> factor
["DEBUG:concat2"]
State 24:
Reducing production alternation -> concatenation
["DEBUG:alt"]
State 28:
Reducing production rhs -> alternation
["DEBUG:rhs"]
State 32:
Reducing production rule -> LID COLONCOLONEQUAL rhs
("DEBUG:rule", ("ws", (("", 1, 0, 465), ("", 1, 0, 467))), 0)
State 38:
Shifting (NEWLINE) to state 39
State 39:
Lookahead token is now EOF (486-486)
Initiating error handling
Fatal error: exception Gbnf_parser.SentenceParser.MenhirBasics.Error
Raised at MenhirLib.Engine.Make.loop in file "lib/pack/menhirLib.ml", line 1724, characters 8-19
Called from Dune__exe__Main.grammar_from_channel in file "bin/main.ml", line 7, characters 12-49
Called from Dune__exe__Main.grammar_from_file in file "bin/main.ml", line 12, characters 10-33
Called from Dune__exe__Main in file "bin/main.ml", line 18, characters 10-36
